TN:
SF:srv/fetch_srv.js
FN:6,(anonymous_0)
FN:22,update_changelog
FN:65,aqid_mapping_data
FN:117,(anonymous_3)
FN:122,(anonymous_4)
FN:131,(anonymous_5)
FN:143,get_cmsite
FN:145,(anonymous_7)
FN:147,(anonymous_8)
FN:157,fetchdata
FN:167,(anonymous_10)
FN:168,(anonymous_11)
FN:186,filter_data
FN:189,(anonymous_13)
FN:202,getDropDownArray
FN:256,getuuid
FN:260,getFile
FN:306,moveFileToArchive
FN:369,pushToDB
FN:418,handlePrimeAqidFound
FN:460,handleGroupFound
FN:501,handleGroupFoundWithoutR
FN:531,getStackItem
FN:543,getMakeAQID
FN:555,getEmptyGrpPriorityMappedAqid
FN:567,getEmptyGrpPriorityRecoType
FN:579,isGroupEnderFound
FN:584,sortHelper
FN:602,adjacentDuplicateFilter
FN:613,doAqidMapping
FN:709,(anonymous_30)
FN:710,(anonymous_31)
FN:716,handleAQIDCase
FN:731,(anonymous_33)
FN:754,(anonymous_34)
FN:755,(anonymous_35)
FN:761,handleBOMCase
FN:777,(anonymous_37)
FN:807,(anonymous_38)
FN:808,(anonymous_39)
FN:813,handleStationCase
FN:828,(anonymous_41)
FN:844,(anonymous_42)
FN:845,(anonymous_43)
FN:850,handleLineBringUpCase
FN:865,(anonymous_45)
FN:885,(anonymous_46)
FN:886,(anonymous_47)
FN:891,handleLineSummaryCase
FN:908,(anonymous_49)
FN:937,(anonymous_50)
FN:938,(anonymous_51)
FN:944,getDMSResponse
FN:1057,(anonymous_53)
FN:1073,(anonymous_54)
FN:1074,(anonymous_55)
FN:1077,(anonymous_56)
FN:1107,(anonymous_57)
FN:1168,compareCMSite
FN:1181,(anonymous_59)
FN:1192,(anonymous_60)
FN:1232,(anonymous_61)
FN:1257,(anonymous_62)
FN:1268,(anonymous_63)
FN:1269,(anonymous_64)
FN:1281,(anonymous_65)
FN:1304,(anonymous_66)
FN:1307,(anonymous_67)
FN:1350,collect_data
FN:1401,(anonymous_69)
FN:1406,(anonymous_70)
FN:1458,(anonymous_71)
FN:1460,(anonymous_72)
FN:1460,(anonymous_73)
FN:1471,waitFor
FN:1472,(anonymous_75)
FN:1474,(anonymous_76)
FN:1479,pushToChangelogQueues
FN:1485,(anonymous_78)
FN:1534,(anonymous_79)
FN:1578,(anonymous_80)
FN:1605,(anonymous_81)
FNF:82
FNH:80
FNDA:1,(anonymous_0)
FNDA:3,update_changelog
FNDA:8,aqid_mapping_data
FNDA:8,(anonymous_3)
FNDA:104,(anonymous_4)
FNDA:8,(anonymous_5)
FNDA:8,get_cmsite
FNDA:29,(anonymous_7)
FNDA:28,(anonymous_8)
FNDA:8,fetchdata
FNDA:1,(anonymous_10)
FNDA:1,(anonymous_11)
FNDA:8,filter_data
FNDA:2,(anonymous_13)
FNDA:8,getDropDownArray
FNDA:9,getuuid
FNDA:5,getFile
FNDA:5,moveFileToArchive
FNDA:5,pushToDB
FNDA:5,handlePrimeAqidFound
FNDA:2,handleGroupFound
FNDA:4,handleGroupFoundWithoutR
FNDA:1,getStackItem
FNDA:1,getMakeAQID
FNDA:1,getEmptyGrpPriorityMappedAqid
FNDA:1,getEmptyGrpPriorityRecoType
FNDA:9,isGroupEnderFound
FNDA:737758,sortHelper
FNDA:118748,adjacentDuplicateFilter
FNDA:1,doAqidMapping
FNDA:0,(anonymous_30)
FNDA:0,(anonymous_31)
FNDA:1,handleAQIDCase
FNDA:34405,(anonymous_33)
FNDA:347309,(anonymous_34)
FNDA:34405,(anonymous_35)
FNDA:1,handleBOMCase
FNDA:64592,(anonymous_37)
FNDA:269652,(anonymous_38)
FNDA:64592,(anonymous_39)
FNDA:1,handleStationCase
FNDA:6004,(anonymous_41)
FNDA:37835,(anonymous_42)
FNDA:6004,(anonymous_43)
FNDA:1,handleLineBringUpCase
FNDA:6873,(anonymous_45)
FNDA:41485,(anonymous_46)
FNDA:6873,(anonymous_47)
FNDA:1,handleLineSummaryCase
FNDA:6873,(anonymous_49)
FNDA:41477,(anonymous_50)
FNDA:6874,(anonymous_51)
FNDA:1,getDMSResponse
FNDA:1,(anonymous_53)
FNDA:16,(anonymous_54)
FNDA:136,(anonymous_55)
FNDA:9,(anonymous_56)
FNDA:4,(anonymous_57)
FNDA:18,compareCMSite
FNDA:2,(anonymous_59)
FNDA:2,(anonymous_60)
FNDA:2,(anonymous_61)
FNDA:1,(anonymous_62)
FNDA:2,(anonymous_63)
FNDA:8,(anonymous_64)
FNDA:1,(anonymous_65)
FNDA:1,(anonymous_66)
FNDA:1,(anonymous_67)
FNDA:1,collect_data
FNDA:1,(anonymous_69)
FNDA:1,(anonymous_70)
FNDA:1,(anonymous_71)
FNDA:2,(anonymous_72)
FNDA:1,(anonymous_73)
FNDA:1,waitFor
FNDA:2,(anonymous_75)
FNDA:1,(anonymous_76)
FNDA:1,pushToChangelogQueues
FNDA:4,(anonymous_78)
FNDA:7,(anonymous_79)
FNDA:1,(anonymous_80)
FNDA:4,(anonymous_81)
DA:1,1
DA:2,1
DA:3,1
DA:4,1
DA:6,1
DA:14,1
DA:18,1
DA:19,1
DA:20,1
DA:24,3
DA:25,3
DA:26,3
DA:27,3
DA:28,3
DA:29,3
DA:30,3
DA:32,3
DA:33,3
DA:34,3
DA:35,3
DA:36,3
DA:37,3
DA:38,3
DA:40,3
DA:42,0
DA:43,0
DA:44,0
DA:45,0
DA:46,0
DA:47,0
DA:48,0
DA:50,3
DA:51,3
DA:53,0
DA:67,8
DA:68,8
DA:69,4
DA:70,4
DA:71,4
DA:72,4
DA:73,4
DA:74,4
DA:75,4
DA:76,4
DA:77,4
DA:78,4
DA:79,4
DA:80,4
DA:81,4
DA:82,4
DA:83,4
DA:84,4
DA:85,4
DA:86,4
DA:87,4
DA:88,4
DA:89,4
DA:92,4
DA:93,4
DA:94,4
DA:95,4
DA:96,4
DA:97,4
DA:98,4
DA:99,4
DA:100,4
DA:101,4
DA:102,4
DA:103,4
DA:104,4
DA:105,4
DA:106,4
DA:107,4
DA:108,4
DA:109,4
DA:110,4
DA:111,4
DA:112,4
DA:114,8
DA:117,1
DA:119,8
DA:120,8
DA:121,8
DA:122,104
DA:123,8
DA:124,0
DA:125,0
DA:127,8
DA:131,1
DA:132,8
DA:133,8
DA:134,8
DA:135,8
DA:136,8
DA:138,0
DA:139,0
DA:144,8
DA:145,29
DA:146,8
DA:147,28
DA:148,7
DA:149,7
DA:150,28
DA:154,8
DA:158,8
DA:159,8
DA:160,8
DA:161,8
DA:162,8
DA:163,7
DA:167,1
DA:168,1
DA:169,1
DA:170,0
DA:173,1
DA:174,0
DA:177,1
DA:178,1
DA:182,8
DA:183,8
DA:187,8
DA:188,8
DA:189,8
DA:190,2
DA:191,2
DA:192,1
DA:197,0
DA:199,8
DA:204,8
DA:205,8
DA:207,8
DA:208,8
DA:209,8
DA:210,8
DA:211,8
DA:214,1
DA:215,1
DA:217,2
DA:218,2
DA:220,1
DA:221,1
DA:223,1
DA:224,1
DA:226,1
DA:227,1
DA:229,1
DA:230,1
DA:232,1
DA:233,1
DA:235,0
DA:236,0
DA:238,0
DA:239,0
DA:241,0
DA:242,0
DA:244,0
DA:245,0
DA:247,0
DA:248,0
DA:250,0
DA:251,0
DA:253,8
DA:257,9
DA:262,5
DA:263,5
DA:264,5
DA:265,5
DA:266,5
DA:268,5
DA:270,0
DA:280,5
DA:282,5
DA:283,5
DA:285,5
DA:287,5
DA:289,5
DA:291,5
DA:292,5
DA:293,5
DA:294,5
DA:295,5
DA:300,5
DA:301,5
DA:302,5
DA:303,5
DA:308,5
DA:309,5
DA:310,5
DA:311,5
DA:312,5
DA:313,5
DA:314,5
DA:315,5
DA:317,5
DA:327,5
DA:329,0
DA:335,5
DA:336,5
DA:337,5
DA:338,5
DA:339,5
DA:340,5
DA:341,5
DA:342,5
DA:343,5
DA:344,5
DA:345,5
DA:346,5
DA:348,5
DA:358,5
DA:360,0
DA:371,5
DA:372,5
DA:374,5
DA:375,5
DA:376,5
DA:378,5
DA:379,5
DA:381,5
DA:383,0
DA:391,5
DA:392,5
DA:394,5
DA:395,5
DA:399,0
DA:400,0
DA:401,0
DA:403,0
DA:408,0
DA:412,0
DA:420,5
DA:422,5
DA:423,5
DA:424,5
DA:426,1
DA:430,4
DA:433,0
DA:435,0
DA:436,0
DA:438,0
DA:439,0
DA:441,0
DA:443,0
DA:444,0
DA:448,0
DA:449,0
DA:452,0
DA:454,0
DA:455,0
DA:457,5
DA:462,2
DA:464,5
DA:465,5
DA:485,5
DA:486,5
DA:487,5
DA:489,0
DA:491,0
DA:495,0
DA:503,4
DA:505,3
DA:506,3
DA:526,3
DA:527,3
DA:533,1
DA:535,1
DA:539,0
DA:545,1
DA:547,0
DA:551,1
DA:557,1
DA:559,0
DA:563,1
DA:569,1
DA:571,0
DA:575,1
DA:581,9
DA:586,737758
DA:587,737758
DA:589,2774983
DA:591,293994
DA:593,2480989
DA:595,423743
DA:597,2057246
DA:599,20021
DA:604,118748
DA:605,118743
DA:607,577966
DA:608,99005
DA:610,19738
DA:615,1
DA:616,1
DA:618,0
DA:619,0
DA:622,1
DA:623,1
DA:624,1
DA:625,1
DA:626,1
DA:627,1
DA:628,1
DA:636,9
DA:638,1
DA:639,1
DA:659,1
DA:660,1
DA:661,1
DA:663,8
DA:666,5
DA:667,5
DA:668,5
DA:669,5
DA:670,5
DA:672,3
DA:674,3
DA:677,9
DA:680,6
DA:682,2
DA:686,4
DA:688,6
DA:689,6
DA:690,6
DA:691,6
DA:692,6
DA:693,6
DA:696,1
DA:698,1
DA:700,0
DA:703,0
DA:704,0
DA:706,0
DA:708,0
DA:709,0
DA:710,0
DA:711,0
DA:719,1
DA:721,0
DA:722,0
DA:723,0
DA:725,1
DA:726,1
DA:727,1
DA:728,1
DA:729,1
DA:730,1
DA:731,1
DA:732,34405
DA:733,34405
DA:754,347309
DA:755,34405
DA:757,1
DA:758,1
DA:764,1
DA:766,0
DA:767,0
DA:768,0
DA:770,1
DA:771,1
DA:772,1
DA:773,1
DA:774,1
DA:775,1
DA:776,1
DA:777,1
DA:778,64592
DA:779,64592
DA:781,18995
DA:783,64592
DA:800,64592
DA:802,7957
DA:804,64592
DA:807,269652
DA:808,64592
DA:809,1
DA:810,1
DA:816,1
DA:818,0
DA:819,0
DA:820,0
DA:822,1
DA:823,1
DA:824,1
DA:825,1
DA:826,1
DA:827,1
DA:828,1
DA:829,6004
DA:830,6004
DA:831,6004
DA:844,37835
DA:845,6004
DA:846,1
DA:847,1
DA:853,1
DA:855,0
DA:856,0
DA:857,0
DA:859,1
DA:860,1
DA:861,1
DA:862,1
DA:863,1
DA:864,1
DA:865,1
DA:866,6873
DA:867,6873
DA:885,41485
DA:886,6873
DA:887,1
DA:888,1
DA:894,1
DA:896,0
DA:897,0
DA:898,0
DA:900,1
DA:901,1
DA:902,1
DA:903,1
DA:904,1
DA:906,1
DA:907,1
DA:908,1
DA:909,6873
DA:910,6873
DA:924,1
DA:937,41477
DA:938,6874
DA:940,1
DA:941,1
DA:947,1
DA:949,1
DA:950,1
DA:951,1
DA:952,1
DA:954,0
DA:967,1
DA:968,1
DA:1048,1
DA:1052,0
DA:1053,0
DA:1057,1
DA:1059,1
DA:1060,1
DA:1061,1
DA:1062,1
DA:1063,1
DA:1064,1
DA:1065,1
DA:1066,1
DA:1067,1
DA:1068,1
DA:1069,1
DA:1070,1
DA:1071,0
DA:1072,1
DA:1073,1
DA:1074,136
DA:1075,16
DA:1077,9
DA:1079,0
DA:1080,0
DA:1082,1
DA:1083,1
DA:1084,1
DA:1085,1
DA:1086,1
DA:1090,1
DA:1091,1
DA:1093,1
DA:1094,1
DA:1095,1
DA:1099,0
DA:1100,0
DA:1104,1
DA:1106,1
DA:1107,1
DA:1108,4
DA:1109,4
DA:1110,4
DA:1112,0
DA:1116,4
DA:1119,1
DA:1120,1
DA:1122,5
DA:1123,5
DA:1124,5
DA:1126,5
DA:1127,0
DA:1128,5
DA:1130,5
DA:1132,1
DA:1133,1
DA:1134,1
DA:1136,4
DA:1138,1
DA:1139,1
DA:1140,1
DA:1142,3
DA:1144,1
DA:1145,1
DA:1146,1
DA:1148,2
DA:1150,1
DA:1151,1
DA:1152,1
DA:1154,1
DA:1156,1
DA:1157,1
DA:1158,1
DA:1162,1
DA:1163,1
DA:1170,18
DA:1172,10
DA:1174,8
DA:1176,2
DA:1178,6
DA:1181,1
DA:1183,2
DA:1184,2
DA:1185,2
DA:1186,2
DA:1187,2
DA:1188,2
DA:1190,8
DA:1192,2
DA:1194,0
DA:1195,0
DA:1197,2
DA:1199,0
DA:1201,2
DA:1203,0
DA:1204,0
DA:1206,2
DA:1208,0
DA:1210,2
DA:1212,2
DA:1214,2
DA:1216,2
DA:1218,2
DA:1227,2
DA:1228,2
DA:1229,2
DA:1232,1
DA:1234,2
DA:1235,2
DA:1237,2
DA:1245,0
DA:1246,0
DA:1248,2
DA:1249,2
DA:1250,2
DA:1251,2
DA:1252,2
DA:1253,2
DA:1254,2
DA:1257,1
DA:1259,1
DA:1260,1
DA:1261,1
DA:1262,1
DA:1263,1
DA:1264,1
DA:1266,4
DA:1268,1
DA:1269,8
DA:1271,2
DA:1275,0
DA:1278,1
DA:1281,1
DA:1282,1
DA:1283,1
DA:1286,1
DA:1288,1
DA:1289,1
DA:1290,1
DA:1291,1
DA:1292,1
DA:1293,1
DA:1294,1
DA:1295,1
DA:1296,1
DA:1297,0
DA:1299,1
DA:1300,1
DA:1302,1
DA:1305,1
DA:1309,1
DA:1310,1
DA:1312,1
DA:1313,1
DA:1314,1
DA:1315,1
DA:1316,1
DA:1317,1
DA:1318,1
DA:1319,1
DA:1321,1
DA:1322,1
DA:1323,0
DA:1324,0
DA:1325,0
DA:1326,0
DA:1328,1
DA:1330,1
DA:1331,1
DA:1335,0
DA:1339,1
DA:1343,0
DA:1344,0
DA:1351,1
DA:1352,1
DA:1353,1
DA:1354,1
DA:1355,1
DA:1356,1
DA:1358,2
DA:1360,1
DA:1361,1
DA:1362,1
DA:1363,1
DA:1364,1
DA:1365,1
DA:1366,1
DA:1367,1
DA:1368,1
DA:1370,1
DA:1371,1
DA:1372,1
DA:1373,1
DA:1374,1
DA:1375,1
DA:1376,1
DA:1377,1
DA:1379,1
DA:1389,1
DA:1390,1
DA:1392,1
DA:1393,1
DA:1394,1
DA:1395,1
DA:1396,1
DA:1397,1
DA:1398,1
DA:1399,1
DA:1400,1
DA:1401,1
DA:1403,0
DA:1406,1
DA:1407,1
DA:1408,1
DA:1409,1
DA:1411,7
DA:1413,0
DA:1416,1
DA:1418,1
DA:1419,1
DA:1421,0
DA:1426,1
DA:1427,1
DA:1428,1
DA:1429,1
DA:1430,1
DA:1431,1
DA:1432,1
DA:1433,1
DA:1434,1
DA:1435,1
DA:1436,1
DA:1437,1
DA:1439,0
DA:1442,1
DA:1444,1
DA:1445,1
DA:1446,1
DA:1447,1
DA:1448,1
DA:1449,1
DA:1450,1
DA:1451,1
DA:1452,1
DA:1453,1
DA:1454,1
DA:1455,1
DA:1458,1
DA:1459,1
DA:1460,2
DA:1461,1
DA:1462,1
DA:1463,0
DA:1465,1
DA:1472,1
DA:1473,2
DA:1474,1
DA:1476,1
DA:1481,1
DA:1482,1
DA:1485,1
DA:1487,4
DA:1488,4
DA:1489,4
DA:1490,4
DA:1491,4
DA:1492,4
DA:1494,10
DA:1496,4
DA:1497,4
DA:1498,4
DA:1499,4
DA:1500,4
DA:1501,4
DA:1502,4
DA:1503,4
DA:1504,4
DA:1505,4
DA:1507,4
DA:1508,4
DA:1509,4
DA:1510,4
DA:1511,4
DA:1512,4
DA:1513,4
DA:1514,4
DA:1516,4
DA:1525,4
DA:1529,4
DA:1531,4
DA:1532,4
DA:1533,4
DA:1534,7
DA:1536,1
DA:1537,1
DA:1538,1
DA:1539,1
DA:1540,1
DA:1541,1
DA:1543,3
DA:1545,3
DA:1547,3
DA:1549,1
DA:1550,1
DA:1551,1
DA:1552,1
DA:1553,1
DA:1554,1
DA:1556,2
DA:1558,2
DA:1560,2
DA:1562,2
DA:1564,2
DA:1566,2
DA:1568,2
DA:1578,2
DA:1579,1
DA:1580,1
DA:1581,1
DA:1583,7
DA:1585,0
DA:1588,1
DA:1590,2
DA:1592,1
DA:1593,1
DA:1594,1
DA:1595,1
DA:1596,1
DA:1597,1
DA:1599,1
DA:1600,1
DA:1601,1
DA:1605,1
DA:1606,4
DA:1607,4
DA:1609,4
DA:1611,3
DA:1612,3
DA:1613,3
DA:1615,1
DA:1616,1
DA:1617,1
DA:1619,1
DA:1627,0
DA:1628,0
DA:1629,0
DA:1632,1
DA:1633,1
DA:1634,1
DA:1635,1
DA:1636,1
DA:1637,1
DA:1638,1
DA:1639,1
LF:790
LH:672
BRDA:30,0,0,3
BRDA:30,0,1,0
BRDA:40,1,0,0
BRDA:40,1,1,3
BRDA:51,2,0,0
BRDA:51,2,1,3
BRDA:68,3,0,4
BRDA:68,3,1,4
BRDA:123,4,0,0
BRDA:123,4,1,8
BRDA:123,5,0,8
BRDA:123,5,1,0
BRDA:146,6,0,7
BRDA:146,6,1,1
BRDA:148,7,0,7
BRDA:148,7,1,0
BRDA:149,8,0,35
BRDA:149,8,1,28
BRDA:162,9,0,7
BRDA:162,9,1,1
BRDA:169,10,0,0
BRDA:169,10,1,1
BRDA:173,11,0,0
BRDA:173,11,1,1
BRDA:177,12,0,1
BRDA:177,12,1,0
BRDA:177,13,0,1
BRDA:177,13,1,1
BRDA:188,14,0,8
BRDA:188,14,1,0
BRDA:190,15,0,2
BRDA:190,15,1,0
BRDA:191,16,0,1
BRDA:191,16,1,1
BRDA:204,17,0,8
BRDA:204,17,1,0
BRDA:211,18,0,1
BRDA:211,18,1,2
BRDA:211,18,2,1
BRDA:211,18,3,1
BRDA:211,18,4,1
BRDA:211,18,5,1
BRDA:211,18,6,1
BRDA:211,18,7,0
BRDA:211,18,8,0
BRDA:211,18,9,0
BRDA:211,18,10,0
BRDA:211,18,11,0
BRDA:211,18,12,0
BRDA:268,19,0,0
BRDA:268,19,1,5
BRDA:327,20,0,0
BRDA:327,20,1,5
BRDA:358,21,0,0
BRDA:358,21,1,5
BRDA:381,22,0,0
BRDA:381,22,1,5
BRDA:420,23,0,5
BRDA:420,23,1,0
BRDA:424,24,0,1
BRDA:424,24,1,4
BRDA:433,25,0,0
BRDA:433,25,1,0
BRDA:433,26,0,0
BRDA:433,26,1,0
BRDA:433,27,0,0
BRDA:433,27,1,0
BRDA:436,28,0,0
BRDA:436,28,1,0
BRDA:436,29,0,0
BRDA:436,29,1,0
BRDA:441,30,0,0
BRDA:441,30,1,0
BRDA:441,31,0,0
BRDA:441,31,1,0
BRDA:452,32,0,0
BRDA:452,32,1,0
BRDA:452,33,0,0
BRDA:452,33,1,0
BRDA:474,34,0,5
BRDA:474,34,1,0
BRDA:475,35,0,3
BRDA:475,35,1,2
BRDA:487,36,0,0
BRDA:487,36,1,5
BRDA:489,37,0,0
BRDA:489,37,1,0
BRDA:515,38,0,3
BRDA:515,38,1,0
BRDA:516,39,0,0
BRDA:516,39,1,3
BRDA:533,40,0,1
BRDA:533,40,1,0
BRDA:545,41,0,0
BRDA:545,41,1,1
BRDA:557,42,0,0
BRDA:557,42,1,1
BRDA:569,43,0,0
BRDA:569,43,1,1
BRDA:581,44,0,9
BRDA:581,44,1,9
BRDA:581,44,2,8
BRDA:581,44,3,3
BRDA:581,44,4,3
BRDA:581,44,5,3
BRDA:581,44,6,3
BRDA:581,44,7,3
BRDA:589,45,0,293994
BRDA:589,45,1,2480989
BRDA:593,46,0,423743
BRDA:593,46,1,2057246
BRDA:604,47,0,5
BRDA:604,47,1,118743
BRDA:607,48,0,99005
BRDA:607,48,1,478961
BRDA:616,49,0,0
BRDA:616,49,1,1
BRDA:636,50,0,1
BRDA:636,50,1,8
BRDA:663,51,0,5
BRDA:663,51,1,3
BRDA:663,52,0,8
BRDA:663,52,1,5
BRDA:672,53,0,3
BRDA:672,53,1,0
BRDA:677,54,0,6
BRDA:677,54,1,3
BRDA:680,55,0,2
BRDA:680,55,1,4
BRDA:696,56,0,1
BRDA:696,56,1,0
BRDA:719,57,0,0
BRDA:719,57,1,1
BRDA:744,58,0,3673
BRDA:744,58,1,30732
BRDA:745,59,0,2631
BRDA:745,59,1,31774
BRDA:747,60,0,34405
BRDA:747,60,1,0
BRDA:748,61,0,34405
BRDA:748,61,1,0
BRDA:764,62,0,0
BRDA:764,62,1,1
BRDA:779,63,0,18995
BRDA:779,63,1,45597
BRDA:779,64,0,64592
BRDA:779,64,1,18995
BRDA:779,64,2,18995
BRDA:779,64,3,18995
BRDA:793,65,0,64542
BRDA:793,65,1,50
BRDA:800,66,0,7957
BRDA:800,66,1,56635
BRDA:800,67,0,64592
BRDA:800,67,1,45597
BRDA:800,67,2,11745
BRDA:816,68,0,0
BRDA:816,68,1,1
BRDA:830,69,0,2030
BRDA:830,69,1,3974
BRDA:836,70,0,2069
BRDA:836,70,1,3935
BRDA:853,71,0,0
BRDA:853,71,1,1
BRDA:871,72,0,6873
BRDA:871,72,1,0
BRDA:875,73,0,6593
BRDA:875,73,1,280
BRDA:876,74,0,3316
BRDA:876,74,1,3557
BRDA:877,75,0,3316
BRDA:877,75,1,3557
BRDA:878,76,0,6873
BRDA:878,76,1,0
BRDA:894,77,0,0
BRDA:894,77,1,1
BRDA:913,78,0,6873
BRDA:913,78,1,0
BRDA:915,79,0,6650
BRDA:915,79,1,223
BRDA:952,80,0,0
BRDA:952,80,1,1
BRDA:1070,81,0,0
BRDA:1070,81,1,1
BRDA:1077,82,0,0
BRDA:1077,82,1,1
BRDA:1110,83,0,0
BRDA:1110,83,1,4
BRDA:1126,84,0,0
BRDA:1126,84,1,5
BRDA:1130,85,0,1
BRDA:1130,85,1,4
BRDA:1136,86,0,1
BRDA:1136,86,1,3
BRDA:1142,87,0,1
BRDA:1142,87,1,2
BRDA:1148,88,0,1
BRDA:1148,88,1,1
BRDA:1154,89,0,1
BRDA:1154,89,1,0
BRDA:1170,90,0,10
BRDA:1170,90,1,8
BRDA:1170,91,0,18
BRDA:1170,91,1,14
BRDA:1174,92,0,2
BRDA:1174,92,1,6
BRDA:1174,93,0,8
BRDA:1174,93,1,4
BRDA:1188,94,0,10
BRDA:1188,94,1,8
BRDA:1192,95,0,0
BRDA:1192,95,1,2
BRDA:1197,96,0,0
BRDA:1197,96,1,2
BRDA:1197,97,0,2
BRDA:1197,97,1,2
BRDA:1201,98,0,0
BRDA:1201,98,1,2
BRDA:1201,99,0,2
BRDA:1201,99,1,2
BRDA:1206,100,0,0
BRDA:1206,100,1,2
BRDA:1210,101,0,2
BRDA:1210,101,1,0
BRDA:1214,102,0,2
BRDA:1214,102,1,0
BRDA:1264,103,0,5
BRDA:1264,103,1,4
BRDA:1269,104,0,2
BRDA:1269,104,1,0
BRDA:1296,105,0,0
BRDA:1296,105,1,1
BRDA:1319,106,0,1
BRDA:1319,106,1,0
BRDA:1322,107,0,0
BRDA:1322,107,1,1
BRDA:1330,108,0,1
BRDA:1330,108,1,0
BRDA:1356,109,0,3
BRDA:1356,109,1,2
BRDA:1401,110,0,0
BRDA:1401,110,1,1
BRDA:1411,111,0,0
BRDA:1411,111,1,7
BRDA:1419,112,0,0
BRDA:1419,112,1,1
BRDA:1428,113,0,1
BRDA:1428,113,1,0
BRDA:1428,114,0,1
BRDA:1428,114,1,1
BRDA:1462,115,0,0
BRDA:1462,115,1,1
BRDA:1473,116,0,1
BRDA:1473,116,1,1
BRDA:1492,117,0,14
BRDA:1492,117,1,10
BRDA:1534,118,0,1
BRDA:1534,118,1,3
BRDA:1543,119,0,3
BRDA:1543,119,1,0
BRDA:1543,120,0,3
BRDA:1543,120,1,3
BRDA:1547,121,0,1
BRDA:1547,121,1,2
BRDA:1547,122,0,3
BRDA:1547,122,1,3
BRDA:1556,123,0,2
BRDA:1556,123,1,0
BRDA:1560,124,0,2
BRDA:1560,124,1,0
BRDA:1564,125,0,2
BRDA:1564,125,1,0
BRDA:1583,126,0,0
BRDA:1583,126,1,7
BRDA:1590,127,0,1
BRDA:1590,127,1,1
BRDA:1609,128,0,3
BRDA:1609,128,1,1
BRF:278
BRH:187
end_of_record
TN:
SF:srv/server.js
FN:3,(anonymous_0)
FNF:1
FNH:1
FNDA:1,(anonymous_0)
DA:1,1
DA:2,1
DA:3,1
DA:4,1
LF:4
LH:4
BRF:0
BRH:0
end_of_record
