TN:
SF:srv/rfid_tt_service.js
FN:4,(anonymous_0)
FN:14,update_changelog
FN:107,rfid_tt_data
FN:169,output_data
FN:225,updateChanges
FN:256,updateChangesOutput
FN:290,(anonymous_6)
FN:295,(anonymous_7)
FN:304,(anonymous_8)
FN:318,fetchdata
FN:321,(anonymous_10)
FN:330,(anonymous_11)
FN:343,getDropDownArray
FN:401,getuuid
FN:405,getToDel
FN:415,getToAdd
FN:468,validate
FN:483,(anonymous_17)
FN:483,(anonymous_18)
FN:489,(anonymous_19)
FN:489,(anonymous_20)
FN:499,pushToDB
FN:509,(anonymous_22)
FN:522,(anonymous_23)
FN:557,getApprovalStatus
FN:611,(anonymous_25)
FN:611,(anonymous_26)
FN:643,getOldQ
FN:651,getToAddOutput
FN:688,getToAddOutputReduce
FN:725,capitalizeEditableFields
FN:750,findIndexInToAddOutput
FN:752,(anonymous_32)
FN:755,findIndexInChangeArray
FN:757,(anonymous_34)
FN:760,doCOAOutputReductionChange
FN:794,doCOAOutputIncrementChange
FN:824,(anonymous_37)
FN:833,(anonymous_38)
FN:834,(anonymous_39)
FN:837,(anonymous_40)
FN:838,(anonymous_41)
FN:907,(anonymous_42)
FN:918,(anonymous_43)
FN:919,(anonymous_44)
FN:919,(anonymous_45)
FN:930,compareCMSite
FNF:47
FNH:39
FNDA:1,(anonymous_0)
FNDA:9,update_changelog
FNDA:12,rfid_tt_data
FNDA:6,output_data
FNDA:6,updateChanges
FNDA:2,updateChangesOutput
FNDA:11,(anonymous_6)
FNDA:11,(anonymous_7)
FNDA:11,(anonymous_8)
FNDA:11,fetchdata
FNDA:11,(anonymous_10)
FNDA:22756,(anonymous_11)
FNDA:11,getDropDownArray
FNDA:11,getuuid
FNDA:20,getToDel
FNDA:20,getToAdd
FNDA:7,validate
FNDA:3,(anonymous_17)
FNDA:3,(anonymous_18)
FNDA:3,(anonymous_19)
FNDA:3,(anonymous_20)
FNDA:10,pushToDB
FNDA:6,(anonymous_22)
FNDA:2,(anonymous_23)
FNDA:10,getApprovalStatus
FNDA:9,(anonymous_25)
FNDA:0,(anonymous_26)
FNDA:2,getOldQ
FNDA:1,getToAddOutput
FNDA:1,getToAddOutputReduce
FNDA:10,capitalizeEditableFields
FNDA:2,findIndexInToAddOutput
FNDA:0,(anonymous_32)
FNDA:0,findIndexInChangeArray
FNDA:0,(anonymous_34)
FNDA:4,doCOAOutputReductionChange
FNDA:1,doCOAOutputIncrementChange
FNDA:10,(anonymous_37)
FNDA:20,(anonymous_38)
FNDA:20,(anonymous_39)
FNDA:20,(anonymous_40)
FNDA:20,(anonymous_41)
FNDA:0,(anonymous_42)
FNDA:0,(anonymous_43)
FNDA:0,(anonymous_44)
FNDA:0,(anonymous_45)
FNDA:9,compareCMSite
DA:1,1
DA:2,1
DA:4,1
DA:11,1
DA:12,1
DA:16,9
DA:17,9
DA:18,9
DA:19,9
DA:20,9
DA:21,9
DA:22,9
DA:23,9
DA:24,9
DA:25,9
DA:26,9
DA:27,9
DA:28,9
DA:29,9
DA:30,9
DA:31,9
DA:32,9
DA:34,7
DA:36,1
DA:37,1
DA:39,6
DA:41,4
DA:42,4
DA:44,2
DA:46,0
DA:47,0
DA:49,2
DA:51,2
DA:52,2
DA:55,9
DA:57,1
DA:58,1
DA:59,1
DA:60,1
DA:61,1
DA:62,1
DA:63,1
DA:65,9
DA:67,4
DA:68,4
DA:69,4
DA:70,4
DA:71,4
DA:72,4
DA:73,4
DA:75,9
DA:77,0
DA:78,0
DA:79,0
DA:80,0
DA:81,0
DA:82,0
DA:83,0
DA:85,9
DA:87,2
DA:88,2
DA:89,2
DA:90,2
DA:91,2
DA:92,2
DA:93,2
DA:95,9
DA:96,9
DA:109,12
DA:110,12
DA:111,10
DA:112,10
DA:113,10
DA:114,10
DA:115,10
DA:116,10
DA:117,10
DA:118,10
DA:119,10
DA:120,10
DA:121,10
DA:122,10
DA:123,10
DA:124,10
DA:125,10
DA:126,10
DA:127,10
DA:128,10
DA:129,10
DA:130,10
DA:131,10
DA:132,10
DA:133,10
DA:134,10
DA:135,10
DA:136,10
DA:139,2
DA:140,2
DA:141,2
DA:142,2
DA:143,2
DA:144,2
DA:145,2
DA:146,2
DA:147,2
DA:148,2
DA:149,2
DA:150,2
DA:151,2
DA:152,2
DA:153,2
DA:154,2
DA:155,2
DA:156,2
DA:157,2
DA:158,2
DA:159,2
DA:160,2
DA:161,2
DA:162,2
DA:163,2
DA:164,2
DA:166,12
DA:171,6
DA:172,6
DA:173,4
DA:174,4
DA:175,4
DA:176,4
DA:177,4
DA:178,4
DA:179,4
DA:180,4
DA:181,4
DA:182,4
DA:183,4
DA:184,4
DA:185,4
DA:186,4
DA:187,4
DA:188,4
DA:189,4
DA:190,4
DA:191,4
DA:192,4
DA:193,4
DA:194,4
DA:195,4
DA:198,2
DA:199,2
DA:200,2
DA:201,2
DA:202,2
DA:203,2
DA:204,2
DA:205,2
DA:206,2
DA:207,2
DA:208,2
DA:209,2
DA:210,2
DA:211,2
DA:212,2
DA:213,2
DA:214,2
DA:215,2
DA:216,2
DA:217,2
DA:218,2
DA:219,2
DA:220,2
DA:222,6
DA:227,6
DA:229,6
DA:231,2
DA:232,2
DA:243,4
DA:244,4
DA:258,2
DA:260,2
DA:262,0
DA:263,0
DA:274,2
DA:275,2
DA:277,2
DA:278,2
DA:290,1
DA:292,11
DA:293,11
DA:294,11
DA:295,11
DA:296,11
DA:297,0
DA:298,0
DA:300,11
DA:304,1
DA:305,11
DA:306,11
DA:307,11
DA:308,11
DA:309,11
DA:311,0
DA:312,0
DA:319,11
DA:320,11
DA:321,11
DA:323,11
DA:327,0
DA:329,11
DA:330,11
DA:331,22756
DA:332,169
DA:338,0
DA:340,11
DA:345,11
DA:346,11
DA:347,11
DA:349,11
DA:350,11
DA:351,11
DA:352,11
DA:353,11
DA:354,11
DA:357,22
DA:359,11
DA:360,11
DA:361,11
DA:363,1
DA:364,1
DA:366,1
DA:367,1
DA:369,1
DA:370,1
DA:372,1
DA:373,1
DA:375,1
DA:376,1
DA:378,1
DA:379,1
DA:381,1
DA:382,1
DA:384,1
DA:385,1
DA:387,1
DA:388,1
DA:390,1
DA:391,1
DA:393,1
DA:394,1
DA:396,0
DA:398,11
DA:402,11
DA:407,20
DA:417,20
DA:428,20
DA:457,20
DA:459,4
DA:460,4
DA:461,4
DA:462,4
DA:465,20
DA:471,7
DA:472,7
DA:474,3
DA:475,3
DA:477,4
DA:479,1
DA:480,1
DA:481,1
DA:483,3
DA:485,0
DA:486,0
DA:487,0
DA:489,3
DA:491,0
DA:492,0
DA:493,0
DA:495,3
DA:496,3
DA:501,10
DA:502,10
DA:503,10
DA:504,10
DA:506,10
DA:507,10
DA:509,6
DA:510,6
DA:512,6
DA:513,6
DA:515,10
DA:517,6
DA:518,6
DA:520,9
DA:522,2
DA:523,2
DA:525,2
DA:527,9
DA:529,2
DA:531,9
DA:532,9
DA:534,9
DA:538,0
DA:540,9
DA:544,1
DA:545,1
DA:546,1
DA:547,1
DA:549,1
DA:551,1
DA:560,10
DA:561,10
DA:562,10
DA:563,10
DA:567,10
DA:569,0
DA:570,0
DA:571,0
DA:573,10
DA:577,10
DA:579,1
DA:580,1
DA:581,1
DA:583,9
DA:586,9
DA:588,0
DA:589,0
DA:590,0
DA:592,9
DA:593,9
DA:595,0
DA:596,0
DA:597,0
DA:599,9
DA:601,0
DA:602,0
DA:603,0
DA:605,9
DA:606,9
DA:607,9
DA:609,9
DA:611,9
DA:613,0
DA:614,0
DA:615,0
DA:617,9
DA:620,4
DA:622,0
DA:624,4
DA:626,2
DA:628,1
DA:630,1
DA:632,1
DA:634,0
DA:636,1
DA:638,2
DA:639,2
DA:645,2
DA:653,1
DA:654,1
DA:656,1
DA:658,1
DA:659,1
DA:660,1
DA:661,1
DA:662,1
DA:690,1
DA:691,1
DA:693,1
DA:695,1
DA:696,1
DA:697,1
DA:698,1
DA:699,1
DA:727,10
DA:729,10
DA:731,10
DA:733,10
DA:735,10
DA:737,10
DA:739,10
DA:741,10
DA:743,10
DA:745,0
DA:747,10
DA:752,2
DA:757,0
DA:762,4
DA:764,1
DA:773,1
DA:774,1
DA:776,1
DA:777,1
DA:779,0
DA:781,0
DA:782,0
DA:786,1
DA:787,1
DA:788,1
DA:796,1
DA:805,1
DA:806,1
DA:807,1
DA:808,1
DA:810,0
DA:812,0
DA:813,0
DA:817,1
DA:818,1
DA:819,1
DA:824,1
DA:825,10
DA:826,10
DA:827,10
DA:828,10
DA:829,10
DA:830,10
DA:831,10
DA:832,10
DA:833,10
DA:834,20
DA:836,10
DA:837,10
DA:838,20
DA:840,10
DA:841,10
DA:842,10
DA:843,10
DA:844,10
DA:845,10
DA:846,10
DA:848,10
DA:849,10
DA:851,10
DA:852,10
DA:853,10
DA:854,10
DA:855,10
DA:858,4
DA:859,4
DA:861,4
DA:863,4
DA:864,4
DA:865,4
DA:867,4
DA:868,4
DA:870,1
DA:871,1
DA:872,1
DA:873,1
DA:875,1
DA:876,1
DA:878,1
DA:880,1
DA:881,1
DA:882,1
DA:883,1
DA:885,6
DA:887,10
DA:888,10
DA:889,10
DA:890,10
DA:891,10
DA:892,10
DA:893,10
DA:895,10
DA:896,10
DA:898,5
DA:901,10
DA:902,5
DA:904,5
DA:907,1
DA:909,0
DA:910,0
DA:911,0
DA:912,0
DA:913,0
DA:914,0
DA:916,0
DA:918,0
DA:919,0
DA:921,0
DA:925,0
DA:932,9
DA:934,0
DA:936,9
DA:938,0
DA:940,9
LF:487
LH:424
BRDA:34,0,0,1
BRDA:34,0,1,6
BRDA:34,1,0,7
BRDA:34,1,1,5
BRDA:39,2,0,4
BRDA:39,2,1,2
BRDA:39,3,0,6
BRDA:39,3,1,4
BRDA:44,4,0,0
BRDA:44,4,1,2
BRDA:44,5,0,2
BRDA:44,5,1,2
BRDA:49,6,0,2
BRDA:49,6,1,0
BRDA:49,7,0,2
BRDA:49,7,1,2
BRDA:55,8,0,1
BRDA:55,8,1,8
BRDA:65,9,0,4
BRDA:65,9,1,5
BRDA:75,10,0,0
BRDA:75,10,1,9
BRDA:85,11,0,2
BRDA:85,11,1,7
BRDA:110,12,0,10
BRDA:110,12,1,2
BRDA:172,13,0,4
BRDA:172,13,1,2
BRDA:229,14,0,2
BRDA:229,14,1,4
BRDA:260,15,0,0
BRDA:260,15,1,2
BRDA:274,16,0,2
BRDA:274,16,1,0
BRDA:296,17,0,0
BRDA:296,17,1,11
BRDA:321,18,0,11
BRDA:321,18,1,0
BRDA:329,19,0,11
BRDA:329,19,1,0
BRDA:331,20,0,169
BRDA:331,20,1,22587
BRDA:331,21,0,22756
BRDA:331,21,1,22744
BRDA:346,22,0,11
BRDA:346,22,1,0
BRDA:354,23,0,33
BRDA:354,23,1,22
BRDA:361,24,0,1
BRDA:361,24,1,1
BRDA:361,24,2,1
BRDA:361,24,3,1
BRDA:361,24,4,1
BRDA:361,24,5,1
BRDA:361,24,6,1
BRDA:361,24,7,1
BRDA:361,24,8,1
BRDA:361,24,9,1
BRDA:361,24,10,1
BRDA:361,24,11,0
BRDA:432,25,0,8
BRDA:432,25,1,12
BRDA:435,26,0,20
BRDA:435,26,1,0
BRDA:446,27,0,8
BRDA:446,27,1,12
BRDA:447,28,0,8
BRDA:447,28,1,12
BRDA:448,29,0,12
BRDA:448,29,1,8
BRDA:449,30,0,12
BRDA:449,30,1,8
BRDA:450,31,0,8
BRDA:450,31,1,12
BRDA:451,32,0,8
BRDA:451,32,1,12
BRDA:457,33,0,4
BRDA:457,33,1,16
BRDA:457,34,0,20
BRDA:457,34,1,8
BRDA:471,35,0,4
BRDA:471,35,1,3
BRDA:472,36,0,3
BRDA:472,36,1,4
BRDA:472,37,0,7
BRDA:472,37,1,4
BRDA:472,37,2,5
BRDA:472,37,3,2
BRDA:472,37,4,2
BRDA:477,38,0,1
BRDA:477,38,1,3
BRDA:477,39,0,4
BRDA:477,39,1,3
BRDA:477,39,2,3
BRDA:483,40,0,0
BRDA:483,40,1,3
BRDA:483,41,0,3
BRDA:483,41,1,3
BRDA:489,42,0,0
BRDA:489,42,1,3
BRDA:489,43,0,3
BRDA:489,43,1,3
BRDA:507,44,0,6
BRDA:507,44,1,4
BRDA:515,45,0,6
BRDA:515,45,1,4
BRDA:520,46,0,2
BRDA:520,46,1,7
BRDA:527,47,0,2
BRDA:527,47,1,7
BRDA:549,48,0,1
BRDA:549,48,1,0
BRDA:567,49,0,0
BRDA:567,49,1,10
BRDA:577,50,0,1
BRDA:577,50,1,9
BRDA:586,51,0,0
BRDA:586,51,1,9
BRDA:593,52,0,0
BRDA:593,52,1,9
BRDA:593,53,0,9
BRDA:593,53,1,9
BRDA:593,53,2,9
BRDA:593,53,3,9
BRDA:599,54,0,0
BRDA:599,54,1,9
BRDA:599,55,0,9
BRDA:599,55,1,9
BRDA:607,56,0,18
BRDA:607,56,1,9
BRDA:611,57,0,0
BRDA:611,57,1,9
BRDA:611,58,0,9
BRDA:611,58,1,0
BRDA:617,59,0,4
BRDA:617,59,1,2
BRDA:617,59,2,1
BRDA:617,59,3,2
BRDA:620,60,0,0
BRDA:620,60,1,4
BRDA:626,61,0,1
BRDA:626,61,1,1
BRDA:632,62,0,0
BRDA:632,62,1,1
BRDA:645,63,0,2
BRDA:645,63,1,0
BRDA:654,64,0,1
BRDA:654,64,1,0
BRDA:676,65,0,1
BRDA:676,65,1,0
BRDA:677,66,0,1
BRDA:677,66,1,0
BRDA:691,67,0,1
BRDA:691,67,1,0
BRDA:713,68,0,1
BRDA:713,68,1,0
BRDA:714,69,0,1
BRDA:714,69,1,0
BRDA:727,70,0,10
BRDA:727,70,1,0
BRDA:731,71,0,10
BRDA:731,71,1,0
BRDA:735,72,0,10
BRDA:735,72,1,0
BRDA:739,73,0,10
BRDA:739,73,1,0
BRDA:743,74,0,0
BRDA:743,74,1,10
BRDA:752,75,0,0
BRDA:752,75,1,0
BRDA:752,75,2,0
BRDA:752,75,3,0
BRDA:752,75,4,0
BRDA:752,75,5,0
BRDA:752,75,6,0
BRDA:757,76,0,0
BRDA:757,76,1,0
BRDA:757,76,2,0
BRDA:757,76,3,0
BRDA:757,76,4,0
BRDA:757,76,5,0
BRDA:757,76,6,0
BRDA:757,76,7,0
BRDA:762,77,0,1
BRDA:762,77,1,3
BRDA:762,78,0,4
BRDA:762,78,1,2
BRDA:777,79,0,0
BRDA:777,79,1,1
BRDA:808,80,0,0
BRDA:808,80,1,1
BRDA:855,81,0,4
BRDA:855,81,1,4
BRDA:855,81,2,1
BRDA:855,81,3,1
BRDA:896,82,0,5
BRDA:896,82,1,5
BRDA:901,83,0,5
BRDA:901,83,1,5
BRDA:914,84,0,0
BRDA:914,84,1,0
BRDA:919,85,0,0
BRDA:919,85,1,0
BRDA:919,86,0,0
BRDA:919,86,1,0
BRDA:932,87,0,0
BRDA:932,87,1,9
BRDA:932,88,0,9
BRDA:932,88,1,0
BRDA:936,89,0,0
BRDA:936,89,1,9
BRDA:936,90,0,9
BRDA:936,90,1,0
BRF:213
BRH:152
end_of_record
TN:
SF:srv/server.js
FN:3,(anonymous_0)
FNF:1
FNH:1
FNDA:1,(anonymous_0)
DA:1,1
DA:2,1
DA:3,1
DA:4,1
LF:4
LH:4
BRF:0
BRH:0
end_of_record
