{"/home/user/projects/220914-coa-platform-api/coa-nonrfid-tt/srv/server.js":{"path":"/home/user/projects/220914-coa-platform-api/coa-nonrfid-tt/srv/server.js","statementMap":{"0":{"start":{"line":1,"column":12},"end":{"line":1,"column":31}},"1":{"start":{"line":2,"column":14},"end":{"line":2,"column":56}},"2":{"start":{"line":3,"column":0},"end":{"line":3,"column":45}},"3":{"start":{"line":3,"column":27},"end":{"line":3,"column":43}},"4":{"start":{"line":4,"column":0},"end":{"line":4,"column":28}}},"fnMap":{"0":{"name":"(anonymous_0)","decl":{"start":{"line":3,"column":20},"end":{"line":3,"column":21}},"loc":{"start":{"line":3,"column":27},"end":{"line":3,"column":43}},"line":3}},"branchMap":{},"s":{"0":1,"1":1,"2":1,"3":1,"4":1},"f":{"0":1},"b":{},"_coverageSchema":"1a1c01bbd47fc00a2c39e90264f33305004495a9","hash":"3cfe03114c56f09c65190de6dddbcfc627e4bd8b","contentHash":"34cbdb8b887b331bea7a65decc53a6551ee48607493b76be699829c7dace184a"},"/home/user/projects/220914-coa-platform-api/coa-nonrfid-tt/srv/nonRfid_service.js":{"path":"/home/user/projects/220914-coa-platform-api/coa-nonrfid-tt/srv/nonRfid_service.js","statementMap":{"0":{"start":{"line":1,"column":12},"end":{"line":1,"column":31}},"1":{"start":{"line":2,"column":30},"end":{"line":2,"column":135}},"2":{"start":{"line":3,"column":18},"end":{"line":3,"column":39}},"3":{"start":{"line":4,"column":16},"end":{"line":4,"column":46}},"4":{"start":{"line":6,"column":0},"end":{"line":2624,"column":2}},"5":{"start":{"line":11,"column":12},"end":{"line":11,"column":24}},"6":{"start":{"line":12,"column":22},"end":{"line":15,"column":5}},"7":{"start":{"line":17,"column":14},"end":{"line":17,"column":40}},"8":{"start":{"line":18,"column":4},"end":{"line":135,"column":7}},"9":{"start":{"line":19,"column":21},"end":{"line":19,"column":30}},"10":{"start":{"line":20,"column":19},"end":{"line":20,"column":27}},"11":{"start":{"line":21,"column":28},"end":{"line":21,"column":85}},"12":{"start":{"line":22,"column":31},"end":{"line":22,"column":69}},"13":{"start":{"line":23,"column":8},"end":{"line":134,"column":9}},"14":{"start":{"line":24,"column":12},"end":{"line":24,"column":77}},"15":{"start":{"line":27,"column":12},"end":{"line":27,"column":80}},"16":{"start":{"line":28,"column":12},"end":{"line":28,"column":76}},"17":{"start":{"line":29,"column":31},"end":{"line":29,"column":33}},"18":{"start":{"line":31,"column":28},"end":{"line":31,"column":36}},"19":{"start":{"line":32,"column":30},"end":{"line":32,"column":32}},"20":{"start":{"line":33,"column":12},"end":{"line":56,"column":13}},"21":{"start":{"line":35,"column":16},"end":{"line":42,"column":17}},"22":{"start":{"line":36,"column":20},"end":{"line":36,"column":113}},"23":{"start":{"line":39,"column":20},"end":{"line":41,"column":24}},"24":{"start":{"line":44,"column":16},"end":{"line":55,"column":17}},"25":{"start":{"line":45,"column":20},"end":{"line":48,"column":24}},"26":{"start":{"line":51,"column":20},"end":{"line":54,"column":24}},"27":{"start":{"line":57,"column":26},"end":{"line":57,"column":28}},"28":{"start":{"line":60,"column":28},"end":{"line":60,"column":30}},"29":{"start":{"line":61,"column":12},"end":{"line":133,"column":13}},"30":{"start":{"line":62,"column":16},"end":{"line":77,"column":17}},"31":{"start":{"line":63,"column":35},"end":{"line":63,"column":37}},"32":{"start":{"line":64,"column":32},"end":{"line":64,"column":82}},"33":{"start":{"line":64,"column":55},"end":{"line":64,"column":81}},"34":{"start":{"line":65,"column":20},"end":{"line":76,"column":21}},"35":{"start":{"line":66,"column":24},"end":{"line":66,"column":43}},"36":{"start":{"line":67,"column":24},"end":{"line":67,"column":70}},"37":{"start":{"line":68,"column":24},"end":{"line":68,"column":61}},"38":{"start":{"line":69,"column":24},"end":{"line":69,"column":111}},"39":{"start":{"line":70,"column":24},"end":{"line":70,"column":75}},"40":{"start":{"line":71,"column":24},"end":{"line":71,"column":55}},"41":{"start":{"line":72,"column":24},"end":{"line":72,"column":51}},"42":{"start":{"line":73,"column":24},"end":{"line":73,"column":56}},"43":{"start":{"line":74,"column":24},"end":{"line":74,"column":51}},"44":{"start":{"line":75,"column":24},"end":{"line":75,"column":50}},"45":{"start":{"line":78,"column":16},"end":{"line":96,"column":17}},"46":{"start":{"line":79,"column":20},"end":{"line":79,"column":75}},"47":{"start":{"line":80,"column":38},"end":{"line":83,"column":23}},"48":{"start":{"line":85,"column":37},"end":{"line":85,"column":88}},"49":{"start":{"line":85,"column":60},"end":{"line":85,"column":87}},"50":{"start":{"line":86,"column":20},"end":{"line":89,"column":21}},"51":{"start":{"line":87,"column":24},"end":{"line":87,"column":119}},"52":{"start":{"line":88,"column":24},"end":{"line":88,"column":31}},"53":{"start":{"line":90,"column":20},"end":{"line":93,"column":24}},"54":{"start":{"line":98,"column":16},"end":{"line":98,"column":85}},"55":{"start":{"line":99,"column":16},"end":{"line":102,"column":17}},"56":{"start":{"line":100,"column":20},"end":{"line":100,"column":107}},"57":{"start":{"line":101,"column":20},"end":{"line":101,"column":37}},"58":{"start":{"line":104,"column":16},"end":{"line":121,"column":17}},"59":{"start":{"line":105,"column":20},"end":{"line":119,"column":21}},"60":{"start":{"line":106,"column":24},"end":{"line":117,"column":25}},"61":{"start":{"line":107,"column":28},"end":{"line":114,"column":35}},"62":{"start":{"line":109,"column":36},"end":{"line":113,"column":37}},"63":{"start":{"line":110,"column":40},"end":{"line":110,"column":49}},"64":{"start":{"line":112,"column":40},"end":{"line":112,"column":46}},"65":{"start":{"line":116,"column":28},"end":{"line":116,"column":44}},"66":{"start":{"line":122,"column":16},"end":{"line":130,"column":19}},"67":{"start":{"line":123,"column":20},"end":{"line":123,"column":32}},"68":{"start":{"line":124,"column":20},"end":{"line":124,"column":59}},"69":{"start":{"line":125,"column":20},"end":{"line":125,"column":57}},"70":{"start":{"line":127,"column":20},"end":{"line":127,"column":80}},"71":{"start":{"line":128,"column":20},"end":{"line":128,"column":34}},"72":{"start":{"line":129,"column":20},"end":{"line":129,"column":90}},"73":{"start":{"line":132,"column":16},"end":{"line":132,"column":80}},"74":{"start":{"line":138,"column":23},"end":{"line":138,"column":25}},"75":{"start":{"line":139,"column":8},"end":{"line":144,"column":9}},"76":{"start":{"line":140,"column":27},"end":{"line":140,"column":46}},"77":{"start":{"line":141,"column":12},"end":{"line":143,"column":13}},"78":{"start":{"line":142,"column":16},"end":{"line":142,"column":40}},"79":{"start":{"line":142,"column":41},"end":{"line":142,"column":47}},"80":{"start":{"line":145,"column":26},"end":{"line":145,"column":60}},"81":{"start":{"line":146,"column":32},"end":{"line":146,"column":44}},"82":{"start":{"line":147,"column":8},"end":{"line":189,"column":9}},"83":{"start":{"line":148,"column":26},"end":{"line":148,"column":28}},"84":{"start":{"line":149,"column":12},"end":{"line":175,"column":13}},"85":{"start":{"line":150,"column":16},"end":{"line":150,"column":35}},"86":{"start":{"line":152,"column":30},"end":{"line":152,"column":51}},"87":{"start":{"line":153,"column":16},"end":{"line":153,"column":32}},"88":{"start":{"line":155,"column":31},"end":{"line":155,"column":33}},"89":{"start":{"line":157,"column":30},"end":{"line":157,"column":34}},"90":{"start":{"line":157,"column":42},"end":{"line":157,"column":43}},"91":{"start":{"line":158,"column":16},"end":{"line":166,"column":43}},"92":{"start":{"line":159,"column":34},"end":{"line":159,"column":51}},"93":{"start":{"line":160,"column":20},"end":{"line":165,"column":21}},"94":{"start":{"line":161,"column":24},"end":{"line":161,"column":67}},"95":{"start":{"line":162,"column":24},"end":{"line":162,"column":30}},"96":{"start":{"line":164,"column":24},"end":{"line":164,"column":40}},"97":{"start":{"line":169,"column":28},"end":{"line":169,"column":33}},"98":{"start":{"line":170,"column":16},"end":{"line":170,"column":55}},"99":{"start":{"line":171,"column":16},"end":{"line":171,"column":29}},"100":{"start":{"line":172,"column":16},"end":{"line":172,"column":55}},"101":{"start":{"line":173,"column":16},"end":{"line":173,"column":47}},"102":{"start":{"line":174,"column":16},"end":{"line":174,"column":35}},"103":{"start":{"line":178,"column":12},"end":{"line":184,"column":13}},"104":{"start":{"line":179,"column":16},"end":{"line":183,"column":17}},"105":{"start":{"line":180,"column":20},"end":{"line":182,"column":21}},"106":{"start":{"line":181,"column":24},"end":{"line":181,"column":120}},"107":{"start":{"line":186,"column":12},"end":{"line":186,"column":57}},"108":{"start":{"line":187,"column":12},"end":{"line":187,"column":85}},"109":{"start":{"line":191,"column":8},"end":{"line":191,"column":38}},"110":{"start":{"line":196,"column":8},"end":{"line":201,"column":9}},"111":{"start":{"line":197,"column":12},"end":{"line":197,"column":70}},"112":{"start":{"line":197,"column":58},"end":{"line":197,"column":68}},"113":{"start":{"line":198,"column":12},"end":{"line":200,"column":13}},"114":{"start":{"line":199,"column":16},"end":{"line":199,"column":50}},"115":{"start":{"line":202,"column":8},"end":{"line":202,"column":33}},"116":{"start":{"line":205,"column":26},"end":{"line":205,"column":34}},"117":{"start":{"line":206,"column":8},"end":{"line":218,"column":9}},"118":{"start":{"line":207,"column":12},"end":{"line":214,"column":20}},"119":{"start":{"line":215,"column":12},"end":{"line":215,"column":31}},"120":{"start":{"line":217,"column":12},"end":{"line":217,"column":33}},"121":{"start":{"line":222,"column":21},"end":{"line":222,"column":23}},"122":{"start":{"line":222,"column":42},"end":{"line":222,"column":44}},"123":{"start":{"line":222,"column":60},"end":{"line":222,"column":62}},"124":{"start":{"line":222,"column":81},"end":{"line":222,"column":83}},"125":{"start":{"line":222,"column":106},"end":{"line":222,"column":108}},"126":{"start":{"line":223,"column":24},"end":{"line":223,"column":160}},"127":{"start":{"line":224,"column":24},"end":{"line":224,"column":76}},"128":{"start":{"line":226,"column":8},"end":{"line":234,"column":11}},"129":{"start":{"line":235,"column":8},"end":{"line":237,"column":9}},"130":{"start":{"line":236,"column":12},"end":{"line":236,"column":73}},"131":{"start":{"line":239,"column":8},"end":{"line":247,"column":12}},"132":{"start":{"line":248,"column":8},"end":{"line":250,"column":24}},"133":{"start":{"line":251,"column":8},"end":{"line":262,"column":12}},"134":{"start":{"line":264,"column":8},"end":{"line":273,"column":12}},"135":{"start":{"line":274,"column":8},"end":{"line":274,"column":79}},"136":{"start":{"line":274,"column":57},"end":{"line":274,"column":77}},"137":{"start":{"line":275,"column":29},"end":{"line":275,"column":31}},"138":{"start":{"line":276,"column":8},"end":{"line":378,"column":9}},"139":{"start":{"line":277,"column":12},"end":{"line":279,"column":13}},"140":{"start":{"line":278,"column":16},"end":{"line":278,"column":33}},"141":{"start":{"line":281,"column":28},"end":{"line":284,"column":104}},"142":{"start":{"line":281,"column":60},"end":{"line":284,"column":103}},"143":{"start":{"line":286,"column":24},"end":{"line":286,"column":34}},"144":{"start":{"line":287,"column":12},"end":{"line":301,"column":13}},"145":{"start":{"line":287,"column":53},"end":{"line":299,"column":35}},"146":{"start":{"line":300,"column":16},"end":{"line":300,"column":25}},"147":{"start":{"line":302,"column":12},"end":{"line":314,"column":13}},"148":{"start":{"line":303,"column":33},"end":{"line":310,"column":40}},"149":{"start":{"line":303,"column":51},"end":{"line":310,"column":39}},"150":{"start":{"line":311,"column":16},"end":{"line":313,"column":17}},"151":{"start":{"line":312,"column":20},"end":{"line":312,"column":45}},"152":{"start":{"line":315,"column":12},"end":{"line":326,"column":38}},"153":{"start":{"line":315,"column":61},"end":{"line":326,"column":36}},"154":{"start":{"line":328,"column":12},"end":{"line":372,"column":13}},"155":{"start":{"line":329,"column":29},"end":{"line":329,"column":30}},"156":{"start":{"line":331,"column":33},"end":{"line":333,"column":63}},"157":{"start":{"line":331,"column":60},"end":{"line":333,"column":62}},"158":{"start":{"line":335,"column":16},"end":{"line":371,"column":17}},"159":{"start":{"line":336,"column":20},"end":{"line":336,"column":36}},"160":{"start":{"line":337,"column":20},"end":{"line":337,"column":44}},"161":{"start":{"line":338,"column":20},"end":{"line":338,"column":48}},"162":{"start":{"line":339,"column":20},"end":{"line":339,"column":54}},"163":{"start":{"line":340,"column":20},"end":{"line":340,"column":46}},"164":{"start":{"line":341,"column":20},"end":{"line":341,"column":46}},"165":{"start":{"line":342,"column":20},"end":{"line":344,"column":21}},"166":{"start":{"line":343,"column":24},"end":{"line":343,"column":61}},"167":{"start":{"line":345,"column":20},"end":{"line":345,"column":38}},"168":{"start":{"line":346,"column":20},"end":{"line":346,"column":48}},"169":{"start":{"line":347,"column":20},"end":{"line":347,"column":54}},"170":{"start":{"line":348,"column":20},"end":{"line":348,"column":54}},"171":{"start":{"line":349,"column":20},"end":{"line":349,"column":50}},"172":{"start":{"line":350,"column":20},"end":{"line":350,"column":53}},"173":{"start":{"line":351,"column":20},"end":{"line":351,"column":46}},"174":{"start":{"line":352,"column":20},"end":{"line":352,"column":68}},"175":{"start":{"line":353,"column":20},"end":{"line":353,"column":46}},"176":{"start":{"line":354,"column":20},"end":{"line":357,"column":21}},"177":{"start":{"line":355,"column":24},"end":{"line":355,"column":44}},"178":{"start":{"line":356,"column":24},"end":{"line":356,"column":42}},"179":{"start":{"line":358,"column":20},"end":{"line":358,"column":54}},"180":{"start":{"line":359,"column":20},"end":{"line":359,"column":52}},"181":{"start":{"line":362,"column":20},"end":{"line":364,"column":21}},"182":{"start":{"line":363,"column":24},"end":{"line":363,"column":61}},"183":{"start":{"line":365,"column":20},"end":{"line":365,"column":65}},"184":{"start":{"line":367,"column":20},"end":{"line":369,"column":21}},"185":{"start":{"line":368,"column":24},"end":{"line":368,"column":71}},"186":{"start":{"line":370,"column":20},"end":{"line":370,"column":83}},"187":{"start":{"line":374,"column":27},"end":{"line":374,"column":84}},"188":{"start":{"line":376,"column":12},"end":{"line":376,"column":136}},"189":{"start":{"line":377,"column":12},"end":{"line":377,"column":114}},"190":{"start":{"line":381,"column":8},"end":{"line":381,"column":91}},"191":{"start":{"line":384,"column":18},"end":{"line":384,"column":72}},"192":{"start":{"line":385,"column":8},"end":{"line":385,"column":19}},"193":{"start":{"line":388,"column":8},"end":{"line":420,"column":9}},"194":{"start":{"line":389,"column":25},"end":{"line":389,"column":26}},"195":{"start":{"line":390,"column":32},"end":{"line":398,"column":58}},"196":{"start":{"line":390,"column":58},"end":{"line":398,"column":57}},"197":{"start":{"line":399,"column":12},"end":{"line":399,"column":51}},"198":{"start":{"line":400,"column":12},"end":{"line":400,"column":43}},"199":{"start":{"line":400,"column":30},"end":{"line":400,"column":41}},"200":{"start":{"line":402,"column":12},"end":{"line":418,"column":13}},"201":{"start":{"line":403,"column":26},"end":{"line":411,"column":62}},"202":{"start":{"line":403,"column":70},"end":{"line":411,"column":61}},"203":{"start":{"line":413,"column":16},"end":{"line":417,"column":17}},"204":{"start":{"line":414,"column":20},"end":{"line":414,"column":55}},"205":{"start":{"line":415,"column":20},"end":{"line":415,"column":68}},"206":{"start":{"line":416,"column":20},"end":{"line":416,"column":71}},"207":{"start":{"line":421,"column":8},"end":{"line":421,"column":25}},"208":{"start":{"line":424,"column":23},"end":{"line":424,"column":24}},"209":{"start":{"line":425,"column":8},"end":{"line":427,"column":9}},"210":{"start":{"line":426,"column":12},"end":{"line":426,"column":57}},"211":{"start":{"line":428,"column":8},"end":{"line":430,"column":9}},"212":{"start":{"line":429,"column":12},"end":{"line":429,"column":58}},"213":{"start":{"line":432,"column":8},"end":{"line":432,"column":24}},"214":{"start":{"line":436,"column":8},"end":{"line":451,"column":9}},"215":{"start":{"line":437,"column":12},"end":{"line":437,"column":66}},"216":{"start":{"line":438,"column":12},"end":{"line":440,"column":13}},"217":{"start":{"line":439,"column":16},"end":{"line":439,"column":36}},"218":{"start":{"line":441,"column":12},"end":{"line":441,"column":90}},"219":{"start":{"line":442,"column":12},"end":{"line":442,"column":54}},"220":{"start":{"line":443,"column":12},"end":{"line":443,"column":38}},"221":{"start":{"line":444,"column":12},"end":{"line":444,"column":37}},"222":{"start":{"line":444,"column":38},"end":{"line":444,"column":63}},"223":{"start":{"line":445,"column":12},"end":{"line":445,"column":46}},"224":{"start":{"line":446,"column":12},"end":{"line":446,"column":52}},"225":{"start":{"line":447,"column":12},"end":{"line":450,"column":15}},"226":{"start":{"line":452,"column":8},"end":{"line":452,"column":25}},"227":{"start":{"line":455,"column":8},"end":{"line":461,"column":9}},"228":{"start":{"line":456,"column":12},"end":{"line":456,"column":34}},"229":{"start":{"line":457,"column":12},"end":{"line":457,"column":72}},"230":{"start":{"line":458,"column":15},"end":{"line":461,"column":9}},"231":{"start":{"line":459,"column":12},"end":{"line":459,"column":36}},"232":{"start":{"line":460,"column":12},"end":{"line":460,"column":73}},"233":{"start":{"line":462,"column":8},"end":{"line":462,"column":20}},"234":{"start":{"line":465,"column":8},"end":{"line":469,"column":9}},"235":{"start":{"line":466,"column":12},"end":{"line":468,"column":13}},"236":{"start":{"line":467,"column":16},"end":{"line":467,"column":118}},"237":{"start":{"line":470,"column":8},"end":{"line":470,"column":25}},"238":{"start":{"line":473,"column":20},"end":{"line":506,"column":9}},"239":{"start":{"line":508,"column":8},"end":{"line":556,"column":9}},"240":{"start":{"line":509,"column":12},"end":{"line":509,"column":53}},"241":{"start":{"line":510,"column":12},"end":{"line":510,"column":49}},"242":{"start":{"line":511,"column":12},"end":{"line":511,"column":49}},"243":{"start":{"line":512,"column":12},"end":{"line":512,"column":59}},"244":{"start":{"line":513,"column":12},"end":{"line":513,"column":59}},"245":{"start":{"line":514,"column":12},"end":{"line":514,"column":59}},"246":{"start":{"line":515,"column":12},"end":{"line":515,"column":49}},"247":{"start":{"line":516,"column":12},"end":{"line":516,"column":55}},"248":{"start":{"line":517,"column":12},"end":{"line":517,"column":37}},"249":{"start":{"line":518,"column":12},"end":{"line":518,"column":53}},"250":{"start":{"line":519,"column":12},"end":{"line":519,"column":53}},"251":{"start":{"line":520,"column":12},"end":{"line":520,"column":59}},"252":{"start":{"line":521,"column":12},"end":{"line":521,"column":39}},"253":{"start":{"line":522,"column":12},"end":{"line":522,"column":51}},"254":{"start":{"line":523,"column":12},"end":{"line":523,"column":47}},"255":{"start":{"line":524,"column":12},"end":{"line":524,"column":57}},"256":{"start":{"line":525,"column":12},"end":{"line":525,"column":59}},"257":{"start":{"line":526,"column":12},"end":{"line":526,"column":41}},"258":{"start":{"line":527,"column":12},"end":{"line":527,"column":45}},"259":{"start":{"line":528,"column":12},"end":{"line":528,"column":51}},"260":{"start":{"line":529,"column":12},"end":{"line":529,"column":61}},"261":{"start":{"line":530,"column":12},"end":{"line":530,"column":49}},"262":{"start":{"line":531,"column":12},"end":{"line":531,"column":57}},"263":{"start":{"line":532,"column":12},"end":{"line":532,"column":47}},"264":{"start":{"line":533,"column":12},"end":{"line":533,"column":43}},"265":{"start":{"line":534,"column":12},"end":{"line":534,"column":53}},"266":{"start":{"line":535,"column":12},"end":{"line":535,"column":49}},"267":{"start":{"line":536,"column":12},"end":{"line":536,"column":53}},"268":{"start":{"line":537,"column":12},"end":{"line":537,"column":53}},"269":{"start":{"line":538,"column":12},"end":{"line":538,"column":59}},"270":{"start":{"line":539,"column":12},"end":{"line":539,"column":59}},"271":{"start":{"line":540,"column":12},"end":{"line":540,"column":63}},"272":{"start":{"line":541,"column":12},"end":{"line":541,"column":63}},"273":{"start":{"line":542,"column":12},"end":{"line":546,"column":13}},"274":{"start":{"line":543,"column":29},"end":{"line":544,"column":112}},"275":{"start":{"line":543,"column":50},"end":{"line":544,"column":111}},"276":{"start":{"line":545,"column":16},"end":{"line":545,"column":89}},"277":{"start":{"line":547,"column":12},"end":{"line":549,"column":13}},"278":{"start":{"line":548,"column":16},"end":{"line":548,"column":68}},"279":{"start":{"line":550,"column":12},"end":{"line":555,"column":13}},"280":{"start":{"line":551,"column":26},"end":{"line":551,"column":93}},"281":{"start":{"line":551,"column":71},"end":{"line":551,"column":92}},"282":{"start":{"line":552,"column":16},"end":{"line":554,"column":17}},"283":{"start":{"line":553,"column":20},"end":{"line":553,"column":64}},"284":{"start":{"line":557,"column":8},"end":{"line":557,"column":41}},"285":{"start":{"line":558,"column":8},"end":{"line":558,"column":25}},"286":{"start":{"line":562,"column":8},"end":{"line":562,"column":56}},"287":{"start":{"line":563,"column":22},"end":{"line":563,"column":24}},"288":{"start":{"line":563,"column":37},"end":{"line":563,"column":39}},"289":{"start":{"line":564,"column":8},"end":{"line":611,"column":9}},"290":{"start":{"line":565,"column":12},"end":{"line":571,"column":13}},"291":{"start":{"line":567,"column":16},"end":{"line":567,"column":112}},"292":{"start":{"line":568,"column":16},"end":{"line":570,"column":17}},"293":{"start":{"line":569,"column":20},"end":{"line":569,"column":42}},"294":{"start":{"line":573,"column":12},"end":{"line":575,"column":13}},"295":{"start":{"line":574,"column":16},"end":{"line":574,"column":106}},"296":{"start":{"line":576,"column":12},"end":{"line":583,"column":13}},"297":{"start":{"line":577,"column":16},"end":{"line":577,"column":29}},"298":{"start":{"line":578,"column":16},"end":{"line":578,"column":120}},"299":{"start":{"line":579,"column":16},"end":{"line":579,"column":38}},"300":{"start":{"line":585,"column":12},"end":{"line":589,"column":13}},"301":{"start":{"line":587,"column":16},"end":{"line":587,"column":121}},"302":{"start":{"line":591,"column":12},"end":{"line":597,"column":13}},"303":{"start":{"line":594,"column":16},"end":{"line":594,"column":98}},"304":{"start":{"line":598,"column":12},"end":{"line":603,"column":13}},"305":{"start":{"line":599,"column":16},"end":{"line":599,"column":113}},"306":{"start":{"line":600,"column":16},"end":{"line":602,"column":17}},"307":{"start":{"line":601,"column":20},"end":{"line":601,"column":43}},"308":{"start":{"line":604,"column":12},"end":{"line":604,"column":24}},"309":{"start":{"line":608,"column":12},"end":{"line":608,"column":37}},"310":{"start":{"line":609,"column":12},"end":{"line":609,"column":23}},"311":{"start":{"line":616,"column":16},"end":{"line":616,"column":17}},"312":{"start":{"line":617,"column":23},"end":{"line":617,"column":27}},"313":{"start":{"line":618,"column":8},"end":{"line":628,"column":9}},"314":{"start":{"line":619,"column":12},"end":{"line":627,"column":13}},"315":{"start":{"line":620,"column":16},"end":{"line":622,"column":17}},"316":{"start":{"line":621,"column":20},"end":{"line":621,"column":42}},"317":{"start":{"line":623,"column":16},"end":{"line":623,"column":44}},"318":{"start":{"line":626,"column":16},"end":{"line":626,"column":39}},"319":{"start":{"line":632,"column":16},"end":{"line":632,"column":17}},"320":{"start":{"line":633,"column":23},"end":{"line":633,"column":27}},"321":{"start":{"line":634,"column":8},"end":{"line":639,"column":9}},"322":{"start":{"line":635,"column":12},"end":{"line":637,"column":13}},"323":{"start":{"line":636,"column":16},"end":{"line":636,"column":39}},"324":{"start":{"line":638,"column":12},"end":{"line":638,"column":39}},"325":{"start":{"line":640,"column":8},"end":{"line":640,"column":24}},"326":{"start":{"line":644,"column":18},"end":{"line":644,"column":19}},"327":{"start":{"line":645,"column":8},"end":{"line":647,"column":9}},"328":{"start":{"line":646,"column":12},"end":{"line":646,"column":411}},"329":{"start":{"line":651,"column":4},"end":{"line":681,"column":7}},"330":{"start":{"line":652,"column":8},"end":{"line":680,"column":9}},"331":{"start":{"line":653,"column":30},"end":{"line":656,"column":13}},"332":{"start":{"line":657,"column":32},"end":{"line":657,"column":89}},"333":{"start":{"line":658,"column":12},"end":{"line":661,"column":13}},"334":{"start":{"line":659,"column":29},"end":{"line":659,"column":38}},"335":{"start":{"line":660,"column":16},"end":{"line":660,"column":177}},"336":{"start":{"line":663,"column":12},"end":{"line":676,"column":13}},"337":{"start":{"line":664,"column":16},"end":{"line":666,"column":17}},"338":{"start":{"line":665,"column":20},"end":{"line":665,"column":104}},"339":{"start":{"line":667,"column":16},"end":{"line":669,"column":17}},"340":{"start":{"line":668,"column":20},"end":{"line":668,"column":100}},"341":{"start":{"line":670,"column":16},"end":{"line":672,"column":17}},"342":{"start":{"line":671,"column":20},"end":{"line":671,"column":117}},"343":{"start":{"line":673,"column":16},"end":{"line":675,"column":17}},"344":{"start":{"line":674,"column":20},"end":{"line":674,"column":58}},"345":{"start":{"line":678,"column":12},"end":{"line":678,"column":104}},"346":{"start":{"line":679,"column":12},"end":{"line":679,"column":54}},"347":{"start":{"line":684,"column":32},"end":{"line":684,"column":79}},"348":{"start":{"line":685,"column":29},"end":{"line":685,"column":65}},"349":{"start":{"line":686,"column":20},"end":{"line":686,"column":88}},"350":{"start":{"line":687,"column":8},"end":{"line":689,"column":9}},"351":{"start":{"line":688,"column":12},"end":{"line":688,"column":44}},"352":{"start":{"line":692,"column":4},"end":{"line":717,"column":7}},"353":{"start":{"line":693,"column":19},"end":{"line":693,"column":27}},"354":{"start":{"line":695,"column":8},"end":{"line":714,"column":9}},"355":{"start":{"line":696,"column":12},"end":{"line":696,"column":97}},"356":{"start":{"line":697,"column":12},"end":{"line":699,"column":13}},"357":{"start":{"line":698,"column":16},"end":{"line":698,"column":61}},"358":{"start":{"line":700,"column":12},"end":{"line":702,"column":13}},"359":{"start":{"line":701,"column":16},"end":{"line":701,"column":68}},"360":{"start":{"line":703,"column":12},"end":{"line":705,"column":13}},"361":{"start":{"line":704,"column":16},"end":{"line":704,"column":63}},"362":{"start":{"line":706,"column":12},"end":{"line":709,"column":13}},"363":{"start":{"line":707,"column":16},"end":{"line":707,"column":67}},"364":{"start":{"line":708,"column":16},"end":{"line":708,"column":63}},"365":{"start":{"line":712,"column":12},"end":{"line":712,"column":105}},"366":{"start":{"line":713,"column":12},"end":{"line":713,"column":54}},"367":{"start":{"line":715,"column":8},"end":{"line":715,"column":87}},"368":{"start":{"line":719,"column":4},"end":{"line":738,"column":7}},"369":{"start":{"line":720,"column":28},"end":{"line":720,"column":85}},"370":{"start":{"line":721,"column":32},"end":{"line":721,"column":79}},"371":{"start":{"line":722,"column":8},"end":{"line":722,"column":175}},"372":{"start":{"line":723,"column":27},"end":{"line":723,"column":86}},"373":{"start":{"line":724,"column":8},"end":{"line":737,"column":9}},"374":{"start":{"line":725,"column":12},"end":{"line":736,"column":13}},"375":{"start":{"line":726,"column":32},"end":{"line":726,"column":86}},"376":{"start":{"line":727,"column":16},"end":{"line":727,"column":91}},"377":{"start":{"line":727,"column":52},"end":{"line":727,"column":91}},"378":{"start":{"line":728,"column":16},"end":{"line":728,"column":48}},"379":{"start":{"line":729,"column":16},"end":{"line":729,"column":51}},"380":{"start":{"line":730,"column":16},"end":{"line":730,"column":105}},"381":{"start":{"line":733,"column":16},"end":{"line":733,"column":48}},"382":{"start":{"line":734,"column":16},"end":{"line":734,"column":51}},"383":{"start":{"line":735,"column":16},"end":{"line":735,"column":84}},"384":{"start":{"line":740,"column":4},"end":{"line":754,"column":7}},"385":{"start":{"line":741,"column":28},"end":{"line":741,"column":85}},"386":{"start":{"line":742,"column":32},"end":{"line":742,"column":79}},"387":{"start":{"line":743,"column":29},"end":{"line":743,"column":31}},"388":{"start":{"line":744,"column":8},"end":{"line":744,"column":62}},"389":{"start":{"line":745,"column":8},"end":{"line":753,"column":11}},"390":{"start":{"line":746,"column":12},"end":{"line":748,"column":13}},"391":{"start":{"line":747,"column":16},"end":{"line":747,"column":36}},"392":{"start":{"line":749,"column":12},"end":{"line":751,"column":203}},"393":{"start":{"line":756,"column":4},"end":{"line":765,"column":7}},"394":{"start":{"line":757,"column":8},"end":{"line":764,"column":9}},"395":{"start":{"line":758,"column":32},"end":{"line":758,"column":89}},"396":{"start":{"line":759,"column":25},"end":{"line":759,"column":34}},"397":{"start":{"line":760,"column":12},"end":{"line":760,"column":173}},"398":{"start":{"line":762,"column":12},"end":{"line":762,"column":124}},"399":{"start":{"line":763,"column":12},"end":{"line":763,"column":54}},"400":{"start":{"line":767,"column":4},"end":{"line":771,"column":7}},"401":{"start":{"line":768,"column":20},"end":{"line":768,"column":28}},"402":{"start":{"line":769,"column":8},"end":{"line":769,"column":37}},"403":{"start":{"line":770,"column":8},"end":{"line":770,"column":45}},"404":{"start":{"line":774,"column":18},"end":{"line":774,"column":23}},"405":{"start":{"line":775,"column":8},"end":{"line":799,"column":9}},"406":{"start":{"line":776,"column":25},"end":{"line":776,"column":26}},"407":{"start":{"line":776,"column":40},"end":{"line":776,"column":41}},"408":{"start":{"line":777,"column":26},"end":{"line":777,"column":48}},"409":{"start":{"line":778,"column":26},"end":{"line":778,"column":53}},"410":{"start":{"line":779,"column":12},"end":{"line":795,"column":15}},"411":{"start":{"line":780,"column":16},"end":{"line":794,"column":17}},"412":{"start":{"line":783,"column":40},"end":{"line":784,"column":175}},"413":{"start":{"line":783,"column":65},"end":{"line":784,"column":174}},"414":{"start":{"line":785,"column":20},"end":{"line":793,"column":21}},"415":{"start":{"line":786,"column":24},"end":{"line":786,"column":50}},"416":{"start":{"line":787,"column":24},"end":{"line":787,"column":99}},"417":{"start":{"line":788,"column":24},"end":{"line":788,"column":57}},"418":{"start":{"line":791,"column":24},"end":{"line":791,"column":50}},"419":{"start":{"line":792,"column":24},"end":{"line":792,"column":64}},"420":{"start":{"line":796,"column":23},"end":{"line":796,"column":60}},"421":{"start":{"line":797,"column":12},"end":{"line":797,"column":38}},"422":{"start":{"line":798,"column":12},"end":{"line":798,"column":27}},"423":{"start":{"line":800,"column":8},"end":{"line":800,"column":55}},"424":{"start":{"line":804,"column":8},"end":{"line":810,"column":11}},"425":{"start":{"line":805,"column":12},"end":{"line":809,"column":13}},"426":{"start":{"line":808,"column":16},"end":{"line":808,"column":26}},"427":{"start":{"line":814,"column":8},"end":{"line":818,"column":9}},"428":{"start":{"line":815,"column":12},"end":{"line":815,"column":49}},"429":{"start":{"line":817,"column":12},"end":{"line":817,"column":82}},"430":{"start":{"line":819,"column":8},"end":{"line":819,"column":25}},"431":{"start":{"line":823,"column":21},"end":{"line":823,"column":23}},"432":{"start":{"line":824,"column":8},"end":{"line":824,"column":26}},"433":{"start":{"line":825,"column":8},"end":{"line":828,"column":9}},"434":{"start":{"line":826,"column":12},"end":{"line":826,"column":73}},"435":{"start":{"line":827,"column":12},"end":{"line":827,"column":30}},"436":{"start":{"line":829,"column":8},"end":{"line":829,"column":22}},"437":{"start":{"line":833,"column":8},"end":{"line":849,"column":9}},"438":{"start":{"line":834,"column":26},"end":{"line":835,"column":141}},"439":{"start":{"line":834,"column":55},"end":{"line":835,"column":140}},"440":{"start":{"line":836,"column":12},"end":{"line":848,"column":13}},"441":{"start":{"line":837,"column":33},"end":{"line":837,"column":35}},"442":{"start":{"line":838,"column":16},"end":{"line":838,"column":42}},"443":{"start":{"line":839,"column":16},"end":{"line":839,"column":46}},"444":{"start":{"line":840,"column":16},"end":{"line":840,"column":46}},"445":{"start":{"line":841,"column":16},"end":{"line":841,"column":52}},"446":{"start":{"line":842,"column":16},"end":{"line":842,"column":52}},"447":{"start":{"line":843,"column":16},"end":{"line":843,"column":56}},"448":{"start":{"line":844,"column":16},"end":{"line":844,"column":44}},"449":{"start":{"line":845,"column":16},"end":{"line":845,"column":52}},"450":{"start":{"line":846,"column":16},"end":{"line":846,"column":82}},"451":{"start":{"line":847,"column":16},"end":{"line":847,"column":46}},"452":{"start":{"line":850,"column":8},"end":{"line":850,"column":28}},"453":{"start":{"line":854,"column":25},"end":{"line":854,"column":27}},"454":{"start":{"line":855,"column":25},"end":{"line":855,"column":27}},"455":{"start":{"line":856,"column":8},"end":{"line":891,"column":9}},"456":{"start":{"line":857,"column":33},"end":{"line":857,"column":184}},"457":{"start":{"line":858,"column":12},"end":{"line":890,"column":13}},"458":{"start":{"line":859,"column":16},"end":{"line":859,"column":58}},"459":{"start":{"line":860,"column":16},"end":{"line":860,"column":60}},"460":{"start":{"line":861,"column":16},"end":{"line":861,"column":40}},"461":{"start":{"line":862,"column":16},"end":{"line":862,"column":38}},"462":{"start":{"line":863,"column":16},"end":{"line":863,"column":43}},"463":{"start":{"line":864,"column":16},"end":{"line":864,"column":43}},"464":{"start":{"line":865,"column":16},"end":{"line":865,"column":59}},"465":{"start":{"line":866,"column":16},"end":{"line":866,"column":50}},"466":{"start":{"line":867,"column":16},"end":{"line":867,"column":68}},"467":{"start":{"line":868,"column":16},"end":{"line":868,"column":68}},"468":{"start":{"line":869,"column":16},"end":{"line":874,"column":17}},"469":{"start":{"line":870,"column":20},"end":{"line":870,"column":53}},"470":{"start":{"line":871,"column":20},"end":{"line":871,"column":71}},"471":{"start":{"line":872,"column":20},"end":{"line":872,"column":71}},"472":{"start":{"line":873,"column":20},"end":{"line":873,"column":64}},"473":{"start":{"line":875,"column":16},"end":{"line":889,"column":17}},"474":{"start":{"line":876,"column":20},"end":{"line":876,"column":84}},"475":{"start":{"line":877,"column":20},"end":{"line":882,"column":21}},"476":{"start":{"line":878,"column":38},"end":{"line":878,"column":181}},"477":{"start":{"line":879,"column":24},"end":{"line":879,"column":74}},"478":{"start":{"line":880,"column":24},"end":{"line":880,"column":83}},"479":{"start":{"line":881,"column":24},"end":{"line":881,"column":71}},"480":{"start":{"line":883,"column":20},"end":{"line":883,"column":44}},"481":{"start":{"line":884,"column":20},"end":{"line":884,"column":38}},"482":{"start":{"line":885,"column":20},"end":{"line":885,"column":58}},"483":{"start":{"line":886,"column":20},"end":{"line":886,"column":52}},"484":{"start":{"line":887,"column":20},"end":{"line":887,"column":84}},"485":{"start":{"line":888,"column":20},"end":{"line":888,"column":58}},"486":{"start":{"line":892,"column":8},"end":{"line":892,"column":65}},"487":{"start":{"line":896,"column":8},"end":{"line":906,"column":9}},"488":{"start":{"line":897,"column":12},"end":{"line":899,"column":13}},"489":{"start":{"line":898,"column":16},"end":{"line":898,"column":37}},"490":{"start":{"line":900,"column":12},"end":{"line":900,"column":27}},"491":{"start":{"line":902,"column":12},"end":{"line":904,"column":13}},"492":{"start":{"line":903,"column":16},"end":{"line":903,"column":37}},"493":{"start":{"line":905,"column":12},"end":{"line":905,"column":27}},"494":{"start":{"line":910,"column":8},"end":{"line":918,"column":9}},"495":{"start":{"line":911,"column":28},"end":{"line":911,"column":32}},"496":{"start":{"line":912,"column":20},"end":{"line":912,"column":21}},"497":{"start":{"line":913,"column":12},"end":{"line":917,"column":13}},"498":{"start":{"line":914,"column":34},"end":{"line":914,"column":66}},"499":{"start":{"line":915,"column":27},"end":{"line":915,"column":61}},"500":{"start":{"line":916,"column":16},"end":{"line":916,"column":61}},"501":{"start":{"line":919,"column":8},"end":{"line":919,"column":23}},"502":{"start":{"line":922,"column":8},"end":{"line":924,"column":9}},"503":{"start":{"line":923,"column":12},"end":{"line":923,"column":53}},"504":{"start":{"line":925,"column":8},"end":{"line":932,"column":9}},"505":{"start":{"line":926,"column":28},"end":{"line":926,"column":32}},"506":{"start":{"line":928,"column":12},"end":{"line":931,"column":13}},"507":{"start":{"line":929,"column":38},"end":{"line":929,"column":74}},"508":{"start":{"line":930,"column":16},"end":{"line":930,"column":88}},"509":{"start":{"line":933,"column":8},"end":{"line":933,"column":23}},"510":{"start":{"line":937,"column":16},"end":{"line":937,"column":17}},"511":{"start":{"line":938,"column":24},"end":{"line":938,"column":26}},"512":{"start":{"line":939,"column":8},"end":{"line":959,"column":9}},"513":{"start":{"line":940,"column":26},"end":{"line":940,"column":32}},"514":{"start":{"line":941,"column":30},"end":{"line":941,"column":50}},"515":{"start":{"line":942,"column":20},"end":{"line":942,"column":21}},"516":{"start":{"line":943,"column":28},"end":{"line":943,"column":30}},"517":{"start":{"line":944,"column":12},"end":{"line":951,"column":13}},"518":{"start":{"line":945,"column":16},"end":{"line":950,"column":17}},"519":{"start":{"line":946,"column":20},"end":{"line":946,"column":80}},"520":{"start":{"line":949,"column":20},"end":{"line":949,"column":97}},"521":{"start":{"line":952,"column":12},"end":{"line":952,"column":41}},"522":{"start":{"line":953,"column":12},"end":{"line":958,"column":13}},"523":{"start":{"line":954,"column":16},"end":{"line":954,"column":38}},"524":{"start":{"line":957,"column":16},"end":{"line":957,"column":59}},"525":{"start":{"line":960,"column":8},"end":{"line":960,"column":25}},"526":{"start":{"line":964,"column":8},"end":{"line":964,"column":121}},"527":{"start":{"line":965,"column":21},"end":{"line":965,"column":51}},"528":{"start":{"line":966,"column":22},"end":{"line":966,"column":43}},"529":{"start":{"line":967,"column":8},"end":{"line":967,"column":24}},"530":{"start":{"line":968,"column":33},"end":{"line":968,"column":46}},"531":{"start":{"line":969,"column":23},"end":{"line":969,"column":25}},"532":{"start":{"line":970,"column":8},"end":{"line":983,"column":11}},"533":{"start":{"line":971,"column":25},"end":{"line":971,"column":27}},"534":{"start":{"line":972,"column":12},"end":{"line":972,"column":45}},"535":{"start":{"line":973,"column":12},"end":{"line":973,"column":36}},"536":{"start":{"line":974,"column":12},"end":{"line":974,"column":36}},"537":{"start":{"line":975,"column":12},"end":{"line":975,"column":53}},"538":{"start":{"line":976,"column":12},"end":{"line":976,"column":53}},"539":{"start":{"line":977,"column":12},"end":{"line":977,"column":47}},"540":{"start":{"line":978,"column":12},"end":{"line":978,"column":34}},"541":{"start":{"line":979,"column":12},"end":{"line":979,"column":60}},"542":{"start":{"line":980,"column":12},"end":{"line":980,"column":65}},"543":{"start":{"line":981,"column":12},"end":{"line":981,"column":66}},"544":{"start":{"line":982,"column":12},"end":{"line":982,"column":34}},"545":{"start":{"line":984,"column":26},"end":{"line":984,"column":62}},"546":{"start":{"line":985,"column":8},"end":{"line":1001,"column":9}},"547":{"start":{"line":986,"column":12},"end":{"line":995,"column":14}},"548":{"start":{"line":996,"column":12},"end":{"line":996,"column":68}},"549":{"start":{"line":999,"column":12},"end":{"line":999,"column":104}},"550":{"start":{"line":1000,"column":12},"end":{"line":1000,"column":54}},"551":{"start":{"line":1004,"column":4},"end":{"line":1015,"column":7}},"552":{"start":{"line":1005,"column":8},"end":{"line":1014,"column":9}},"553":{"start":{"line":1006,"column":12},"end":{"line":1009,"column":13}},"554":{"start":{"line":1007,"column":29},"end":{"line":1007,"column":38}},"555":{"start":{"line":1008,"column":16},"end":{"line":1008,"column":79}},"556":{"start":{"line":1010,"column":12},"end":{"line":1010,"column":127}},"557":{"start":{"line":1012,"column":12},"end":{"line":1012,"column":104}},"558":{"start":{"line":1013,"column":12},"end":{"line":1013,"column":54}},"559":{"start":{"line":1018,"column":8},"end":{"line":1018,"column":32}},"560":{"start":{"line":1021,"column":4},"end":{"line":1030,"column":7}},"561":{"start":{"line":1022,"column":8},"end":{"line":1022,"column":95}},"562":{"start":{"line":1023,"column":8},"end":{"line":1029,"column":9}},"563":{"start":{"line":1024,"column":35},"end":{"line":1024,"column":106}},"564":{"start":{"line":1025,"column":12},"end":{"line":1025,"column":45}},"565":{"start":{"line":1027,"column":12},"end":{"line":1027,"column":78}},"566":{"start":{"line":1028,"column":12},"end":{"line":1028,"column":54}},"567":{"start":{"line":1034,"column":27},"end":{"line":1034,"column":29}},"568":{"start":{"line":1035,"column":8},"end":{"line":1037,"column":9}},"569":{"start":{"line":1036,"column":12},"end":{"line":1036,"column":62}},"570":{"start":{"line":1038,"column":23},"end":{"line":1038,"column":61}},"571":{"start":{"line":1039,"column":28},"end":{"line":1039,"column":85}},"572":{"start":{"line":1040,"column":32},"end":{"line":1040,"column":79}},"573":{"start":{"line":1041,"column":8},"end":{"line":1041,"column":174}},"574":{"start":{"line":1044,"column":8},"end":{"line":1044,"column":41}},"575":{"start":{"line":1045,"column":8},"end":{"line":1045,"column":43}},"576":{"start":{"line":1046,"column":8},"end":{"line":1048,"column":9}},"577":{"start":{"line":1047,"column":12},"end":{"line":1047,"column":56}},"578":{"start":{"line":1049,"column":8},"end":{"line":1056,"column":9}},"579":{"start":{"line":1050,"column":26},"end":{"line":1050,"column":55}},"580":{"start":{"line":1051,"column":12},"end":{"line":1051,"column":156}},"581":{"start":{"line":1052,"column":15},"end":{"line":1056,"column":9}},"582":{"start":{"line":1053,"column":12},"end":{"line":1053,"column":158}},"583":{"start":{"line":1055,"column":12},"end":{"line":1055,"column":129}},"584":{"start":{"line":1057,"column":8},"end":{"line":1057,"column":28}},"585":{"start":{"line":1061,"column":29},"end":{"line":1061,"column":31}},"586":{"start":{"line":1062,"column":17},"end":{"line":1062,"column":105}},"587":{"start":{"line":1063,"column":26},"end":{"line":1063,"column":64}},"588":{"start":{"line":1064,"column":8},"end":{"line":1070,"column":9}},"589":{"start":{"line":1065,"column":24},"end":{"line":1065,"column":30}},"590":{"start":{"line":1066,"column":12},"end":{"line":1066,"column":48}},"591":{"start":{"line":1067,"column":12},"end":{"line":1067,"column":24}},"592":{"start":{"line":1068,"column":12},"end":{"line":1068,"column":50}},"593":{"start":{"line":1069,"column":12},"end":{"line":1069,"column":155}},"594":{"start":{"line":1071,"column":8},"end":{"line":1078,"column":9}},"595":{"start":{"line":1072,"column":32},"end":{"line":1072,"column":66}},"596":{"start":{"line":1073,"column":12},"end":{"line":1074,"column":14}},"597":{"start":{"line":1076,"column":12},"end":{"line":1077,"column":14}},"598":{"start":{"line":1079,"column":8},"end":{"line":1079,"column":30}},"599":{"start":{"line":1083,"column":8},"end":{"line":1087,"column":9}},"600":{"start":{"line":1084,"column":12},"end":{"line":1084,"column":31}},"601":{"start":{"line":1086,"column":12},"end":{"line":1086,"column":65}},"602":{"start":{"line":1091,"column":33},"end":{"line":1091,"column":60}},"603":{"start":{"line":1092,"column":8},"end":{"line":1141,"column":9}},"604":{"start":{"line":1094,"column":12},"end":{"line":1094,"column":143}},"605":{"start":{"line":1095,"column":25},"end":{"line":1103,"column":13}},"606":{"start":{"line":1104,"column":27},"end":{"line":1104,"column":137}},"607":{"start":{"line":1105,"column":12},"end":{"line":1105,"column":58}},"608":{"start":{"line":1106,"column":12},"end":{"line":1106,"column":43}},"609":{"start":{"line":1107,"column":12},"end":{"line":1134,"column":13}},"610":{"start":{"line":1108,"column":16},"end":{"line":1129,"column":17}},"611":{"start":{"line":1109,"column":20},"end":{"line":1109,"column":99}},"612":{"start":{"line":1112,"column":20},"end":{"line":1112,"column":47}},"613":{"start":{"line":1113,"column":20},"end":{"line":1113,"column":74}},"614":{"start":{"line":1114,"column":20},"end":{"line":1117,"column":113}},"615":{"start":{"line":1118,"column":20},"end":{"line":1118,"column":79}},"616":{"start":{"line":1119,"column":20},"end":{"line":1119,"column":79}},"617":{"start":{"line":1120,"column":20},"end":{"line":1120,"column":61}},"618":{"start":{"line":1121,"column":20},"end":{"line":1121,"column":50}},"619":{"start":{"line":1122,"column":20},"end":{"line":1122,"column":78}},"620":{"start":{"line":1123,"column":20},"end":{"line":1123,"column":78}},"621":{"start":{"line":1124,"column":20},"end":{"line":1124,"column":60}},"622":{"start":{"line":1125,"column":20},"end":{"line":1125,"column":49}},"623":{"start":{"line":1126,"column":20},"end":{"line":1126,"column":101}},"624":{"start":{"line":1127,"column":20},"end":{"line":1127,"column":38}},"625":{"start":{"line":1128,"column":20},"end":{"line":1128,"column":67}},"626":{"start":{"line":1132,"column":16},"end":{"line":1132,"column":116}},"627":{"start":{"line":1133,"column":16},"end":{"line":1133,"column":70}},"628":{"start":{"line":1135,"column":12},"end":{"line":1135,"column":27}},"629":{"start":{"line":1138,"column":12},"end":{"line":1138,"column":32}},"630":{"start":{"line":1139,"column":12},"end":{"line":1139,"column":108}},"631":{"start":{"line":1140,"column":12},"end":{"line":1140,"column":52}},"632":{"start":{"line":1145,"column":8},"end":{"line":1218,"column":9}},"633":{"start":{"line":1146,"column":23},"end":{"line":1146,"column":25}},"634":{"start":{"line":1147,"column":33},"end":{"line":1147,"column":35}},"635":{"start":{"line":1148,"column":30},"end":{"line":1148,"column":32}},"636":{"start":{"line":1149,"column":12},"end":{"line":1149,"column":44}},"637":{"start":{"line":1150,"column":12},"end":{"line":1150,"column":44}},"638":{"start":{"line":1151,"column":30},"end":{"line":1151,"column":32}},"639":{"start":{"line":1152,"column":26},"end":{"line":1152,"column":28}},"640":{"start":{"line":1153,"column":26},"end":{"line":1153,"column":28}},"641":{"start":{"line":1154,"column":12},"end":{"line":1154,"column":33}},"642":{"start":{"line":1155,"column":12},"end":{"line":1155,"column":32}},"643":{"start":{"line":1156,"column":12},"end":{"line":1156,"column":122}},"644":{"start":{"line":1157,"column":12},"end":{"line":1157,"column":30}},"645":{"start":{"line":1158,"column":32},"end":{"line":1158,"column":89}},"646":{"start":{"line":1159,"column":36},"end":{"line":1159,"column":83}},"647":{"start":{"line":1160,"column":33},"end":{"line":1160,"column":69}},"648":{"start":{"line":1162,"column":12},"end":{"line":1179,"column":15}},"649":{"start":{"line":1163,"column":27},"end":{"line":1163,"column":29}},"650":{"start":{"line":1164,"column":16},"end":{"line":1164,"column":36}},"651":{"start":{"line":1165,"column":16},"end":{"line":1165,"column":52}},"652":{"start":{"line":1166,"column":16},"end":{"line":1166,"column":31}},"653":{"start":{"line":1167,"column":16},"end":{"line":1167,"column":35}},"654":{"start":{"line":1168,"column":16},"end":{"line":1168,"column":41}},"655":{"start":{"line":1169,"column":16},"end":{"line":1169,"column":45}},"656":{"start":{"line":1170,"column":16},"end":{"line":1170,"column":47}},"657":{"start":{"line":1171,"column":16},"end":{"line":1171,"column":41}},"658":{"start":{"line":1172,"column":16},"end":{"line":1172,"column":35}},"659":{"start":{"line":1173,"column":16},"end":{"line":1173,"column":41}},"660":{"start":{"line":1174,"column":16},"end":{"line":1174,"column":45}},"661":{"start":{"line":1175,"column":16},"end":{"line":1175,"column":32}},"662":{"start":{"line":1176,"column":16},"end":{"line":1176,"column":41}},"663":{"start":{"line":1177,"column":16},"end":{"line":1177,"column":49}},"664":{"start":{"line":1178,"column":16},"end":{"line":1178,"column":32}},"665":{"start":{"line":1180,"column":12},"end":{"line":1180,"column":39}},"666":{"start":{"line":1181,"column":12},"end":{"line":1181,"column":76}},"667":{"start":{"line":1182,"column":12},"end":{"line":1182,"column":74}},"668":{"start":{"line":1183,"column":12},"end":{"line":1183,"column":60}},"669":{"start":{"line":1185,"column":12},"end":{"line":1206,"column":15}},"670":{"start":{"line":1186,"column":37},"end":{"line":1186,"column":215}},"671":{"start":{"line":1187,"column":16},"end":{"line":1204,"column":17}},"672":{"start":{"line":1188,"column":20},"end":{"line":1199,"column":21}},"673":{"start":{"line":1189,"column":24},"end":{"line":1189,"column":73}},"674":{"start":{"line":1190,"column":24},"end":{"line":1190,"column":87}},"675":{"start":{"line":1191,"column":27},"end":{"line":1199,"column":21}},"676":{"start":{"line":1192,"column":24},"end":{"line":1192,"column":90}},"677":{"start":{"line":1193,"column":24},"end":{"line":1193,"column":50}},"678":{"start":{"line":1194,"column":27},"end":{"line":1199,"column":21}},"679":{"start":{"line":1195,"column":24},"end":{"line":1195,"column":103}},"680":{"start":{"line":1196,"column":24},"end":{"line":1196,"column":50}},"681":{"start":{"line":1198,"column":24},"end":{"line":1198,"column":60}},"682":{"start":{"line":1202,"column":20},"end":{"line":1202,"column":67}},"683":{"start":{"line":1203,"column":20},"end":{"line":1203,"column":83}},"684":{"start":{"line":1207,"column":12},"end":{"line":1209,"column":13}},"685":{"start":{"line":1208,"column":16},"end":{"line":1208,"column":62}},"686":{"start":{"line":1210,"column":12},"end":{"line":1212,"column":13}},"687":{"start":{"line":1211,"column":16},"end":{"line":1211,"column":38}},"688":{"start":{"line":1213,"column":12},"end":{"line":1213,"column":119}},"689":{"start":{"line":1216,"column":12},"end":{"line":1216,"column":130}},"690":{"start":{"line":1217,"column":12},"end":{"line":1217,"column":54}},"691":{"start":{"line":1222,"column":8},"end":{"line":1251,"column":9}},"692":{"start":{"line":1223,"column":29},"end":{"line":1223,"column":31}},"693":{"start":{"line":1225,"column":32},"end":{"line":1225,"column":89}},"694":{"start":{"line":1226,"column":36},"end":{"line":1226,"column":83}},"695":{"start":{"line":1227,"column":12},"end":{"line":1246,"column":13}},"696":{"start":{"line":1228,"column":16},"end":{"line":1230,"column":17}},"697":{"start":{"line":1229,"column":20},"end":{"line":1229,"column":64}},"698":{"start":{"line":1231,"column":30},"end":{"line":1231,"column":46}},"699":{"start":{"line":1232,"column":16},"end":{"line":1232,"column":181}},"700":{"start":{"line":1233,"column":28},"end":{"line":1233,"column":56}},"701":{"start":{"line":1234,"column":16},"end":{"line":1234,"column":69}},"702":{"start":{"line":1235,"column":35},"end":{"line":1235,"column":193}},"703":{"start":{"line":1236,"column":16},"end":{"line":1236,"column":86}},"704":{"start":{"line":1237,"column":29},"end":{"line":1237,"column":101}},"705":{"start":{"line":1238,"column":16},"end":{"line":1238,"column":61}},"706":{"start":{"line":1239,"column":16},"end":{"line":1239,"column":50}},"707":{"start":{"line":1240,"column":16},"end":{"line":1240,"column":73}},"708":{"start":{"line":1241,"column":16},"end":{"line":1241,"column":52}},"709":{"start":{"line":1243,"column":16},"end":{"line":1243,"column":68}},"710":{"start":{"line":1244,"column":16},"end":{"line":1244,"column":85}},"711":{"start":{"line":1245,"column":16},"end":{"line":1245,"column":105}},"712":{"start":{"line":1247,"column":12},"end":{"line":1247,"column":33}},"713":{"start":{"line":1249,"column":12},"end":{"line":1249,"column":127}},"714":{"start":{"line":1250,"column":12},"end":{"line":1250,"column":54}},"715":{"start":{"line":1255,"column":8},"end":{"line":1260,"column":9}},"716":{"start":{"line":1256,"column":12},"end":{"line":1256,"column":149}},"717":{"start":{"line":1258,"column":13},"end":{"line":1260,"column":9}},"718":{"start":{"line":1259,"column":12},"end":{"line":1259,"column":104}},"719":{"start":{"line":1264,"column":8},"end":{"line":1407,"column":9}},"720":{"start":{"line":1265,"column":30},"end":{"line":1265,"column":32}},"721":{"start":{"line":1266,"column":30},"end":{"line":1266,"column":32}},"722":{"start":{"line":1267,"column":12},"end":{"line":1267,"column":43}},"723":{"start":{"line":1268,"column":12},"end":{"line":1268,"column":44}},"724":{"start":{"line":1269,"column":26},"end":{"line":1269,"column":28}},"725":{"start":{"line":1270,"column":35},"end":{"line":1270,"column":37}},"726":{"start":{"line":1271,"column":33},"end":{"line":1271,"column":35}},"727":{"start":{"line":1272,"column":12},"end":{"line":1272,"column":52}},"728":{"start":{"line":1273,"column":12},"end":{"line":1273,"column":51}},"729":{"start":{"line":1274,"column":12},"end":{"line":1274,"column":51}},"730":{"start":{"line":1275,"column":12},"end":{"line":1275,"column":64}},"731":{"start":{"line":1276,"column":12},"end":{"line":1276,"column":64}},"732":{"start":{"line":1277,"column":12},"end":{"line":1277,"column":63}},"733":{"start":{"line":1278,"column":12},"end":{"line":1278,"column":63}},"734":{"start":{"line":1279,"column":12},"end":{"line":1279,"column":63}},"735":{"start":{"line":1280,"column":12},"end":{"line":1280,"column":63}},"736":{"start":{"line":1281,"column":29},"end":{"line":1281,"column":31}},"737":{"start":{"line":1282,"column":12},"end":{"line":1282,"column":41}},"738":{"start":{"line":1283,"column":12},"end":{"line":1283,"column":41}},"739":{"start":{"line":1284,"column":26},"end":{"line":1284,"column":28}},"740":{"start":{"line":1285,"column":12},"end":{"line":1285,"column":33}},"741":{"start":{"line":1286,"column":12},"end":{"line":1286,"column":33}},"742":{"start":{"line":1287,"column":12},"end":{"line":1287,"column":33}},"743":{"start":{"line":1288,"column":12},"end":{"line":1288,"column":32}},"744":{"start":{"line":1289,"column":12},"end":{"line":1289,"column":122}},"745":{"start":{"line":1290,"column":12},"end":{"line":1290,"column":30}},"746":{"start":{"line":1291,"column":24},"end":{"line":1291,"column":26}},"747":{"start":{"line":1292,"column":12},"end":{"line":1292,"column":31}},"748":{"start":{"line":1293,"column":12},"end":{"line":1293,"column":31}},"749":{"start":{"line":1294,"column":12},"end":{"line":1294,"column":38}},"750":{"start":{"line":1295,"column":12},"end":{"line":1295,"column":30}},"751":{"start":{"line":1296,"column":12},"end":{"line":1296,"column":28}},"752":{"start":{"line":1297,"column":31},"end":{"line":1297,"column":33}},"753":{"start":{"line":1298,"column":26},"end":{"line":1298,"column":28}},"754":{"start":{"line":1299,"column":30},"end":{"line":1299,"column":32}},"755":{"start":{"line":1300,"column":12},"end":{"line":1300,"column":74}},"756":{"start":{"line":1301,"column":12},"end":{"line":1301,"column":68}},"757":{"start":{"line":1302,"column":33},"end":{"line":1302,"column":148}},"758":{"start":{"line":1303,"column":12},"end":{"line":1383,"column":13}},"759":{"start":{"line":1305,"column":20},"end":{"line":1317,"column":23}},"760":{"start":{"line":1306,"column":24},"end":{"line":1306,"column":37}},"761":{"start":{"line":1307,"column":24},"end":{"line":1307,"column":41}},"762":{"start":{"line":1308,"column":24},"end":{"line":1308,"column":37}},"763":{"start":{"line":1309,"column":24},"end":{"line":1309,"column":76}},"764":{"start":{"line":1310,"column":24},"end":{"line":1310,"column":58}},"765":{"start":{"line":1311,"column":24},"end":{"line":1311,"column":128}},"766":{"start":{"line":1312,"column":24},"end":{"line":1312,"column":122}},"767":{"start":{"line":1313,"column":24},"end":{"line":1313,"column":60}},"768":{"start":{"line":1314,"column":24},"end":{"line":1314,"column":68}},"769":{"start":{"line":1315,"column":24},"end":{"line":1315,"column":62}},"770":{"start":{"line":1316,"column":24},"end":{"line":1316,"column":62}},"771":{"start":{"line":1318,"column":20},"end":{"line":1318,"column":26}},"772":{"start":{"line":1320,"column":20},"end":{"line":1330,"column":23}},"773":{"start":{"line":1321,"column":24},"end":{"line":1321,"column":37}},"774":{"start":{"line":1322,"column":24},"end":{"line":1322,"column":41}},"775":{"start":{"line":1323,"column":24},"end":{"line":1323,"column":37}},"776":{"start":{"line":1324,"column":24},"end":{"line":1324,"column":76}},"777":{"start":{"line":1325,"column":24},"end":{"line":1325,"column":111}},"778":{"start":{"line":1326,"column":24},"end":{"line":1326,"column":122}},"779":{"start":{"line":1327,"column":24},"end":{"line":1327,"column":60}},"780":{"start":{"line":1328,"column":24},"end":{"line":1328,"column":68}},"781":{"start":{"line":1329,"column":24},"end":{"line":1329,"column":62}},"782":{"start":{"line":1331,"column":20},"end":{"line":1331,"column":26}},"783":{"start":{"line":1333,"column":20},"end":{"line":1344,"column":23}},"784":{"start":{"line":1334,"column":24},"end":{"line":1334,"column":37}},"785":{"start":{"line":1335,"column":24},"end":{"line":1335,"column":41}},"786":{"start":{"line":1336,"column":24},"end":{"line":1336,"column":37}},"787":{"start":{"line":1337,"column":24},"end":{"line":1337,"column":76}},"788":{"start":{"line":1338,"column":24},"end":{"line":1338,"column":127}},"789":{"start":{"line":1339,"column":24},"end":{"line":1339,"column":122}},"790":{"start":{"line":1340,"column":24},"end":{"line":1340,"column":60}},"791":{"start":{"line":1341,"column":24},"end":{"line":1341,"column":68}},"792":{"start":{"line":1342,"column":24},"end":{"line":1342,"column":62}},"793":{"start":{"line":1343,"column":24},"end":{"line":1343,"column":62}},"794":{"start":{"line":1345,"column":20},"end":{"line":1345,"column":26}},"795":{"start":{"line":1347,"column":20},"end":{"line":1358,"column":23}},"796":{"start":{"line":1348,"column":24},"end":{"line":1348,"column":37}},"797":{"start":{"line":1349,"column":24},"end":{"line":1349,"column":41}},"798":{"start":{"line":1350,"column":24},"end":{"line":1350,"column":37}},"799":{"start":{"line":1351,"column":24},"end":{"line":1351,"column":76}},"800":{"start":{"line":1352,"column":24},"end":{"line":1352,"column":126}},"801":{"start":{"line":1353,"column":24},"end":{"line":1353,"column":122}},"802":{"start":{"line":1354,"column":24},"end":{"line":1354,"column":60}},"803":{"start":{"line":1355,"column":24},"end":{"line":1355,"column":68}},"804":{"start":{"line":1356,"column":24},"end":{"line":1356,"column":62}},"805":{"start":{"line":1357,"column":24},"end":{"line":1357,"column":62}},"806":{"start":{"line":1359,"column":20},"end":{"line":1359,"column":26}},"807":{"start":{"line":1361,"column":20},"end":{"line":1381,"column":23}},"808":{"start":{"line":1362,"column":24},"end":{"line":1362,"column":37}},"809":{"start":{"line":1363,"column":24},"end":{"line":1363,"column":41}},"810":{"start":{"line":1364,"column":24},"end":{"line":1364,"column":37}},"811":{"start":{"line":1365,"column":24},"end":{"line":1365,"column":55}},"812":{"start":{"line":1366,"column":24},"end":{"line":1366,"column":54}},"813":{"start":{"line":1367,"column":24},"end":{"line":1367,"column":76}},"814":{"start":{"line":1368,"column":36},"end":{"line":1368,"column":101}},"815":{"start":{"line":1369,"column":24},"end":{"line":1369,"column":46}},"816":{"start":{"line":1370,"column":24},"end":{"line":1370,"column":74}},"817":{"start":{"line":1371,"column":24},"end":{"line":1380,"column":25}},"818":{"start":{"line":1372,"column":28},"end":{"line":1372,"column":113}},"819":{"start":{"line":1373,"column":28},"end":{"line":1373,"column":126}},"820":{"start":{"line":1374,"column":28},"end":{"line":1374,"column":64}},"821":{"start":{"line":1375,"column":28},"end":{"line":1375,"column":72}},"822":{"start":{"line":1376,"column":28},"end":{"line":1376,"column":66}},"823":{"start":{"line":1377,"column":28},"end":{"line":1377,"column":66}},"824":{"start":{"line":1379,"column":28},"end":{"line":1379,"column":48}},"825":{"start":{"line":1382,"column":20},"end":{"line":1382,"column":26}},"826":{"start":{"line":1384,"column":12},"end":{"line":1384,"column":70}},"827":{"start":{"line":1385,"column":12},"end":{"line":1385,"column":100}},"828":{"start":{"line":1386,"column":12},"end":{"line":1388,"column":13}},"829":{"start":{"line":1387,"column":16},"end":{"line":1387,"column":38}},"830":{"start":{"line":1389,"column":12},"end":{"line":1391,"column":13}},"831":{"start":{"line":1390,"column":16},"end":{"line":1390,"column":107}},"832":{"start":{"line":1392,"column":12},"end":{"line":1394,"column":13}},"833":{"start":{"line":1393,"column":16},"end":{"line":1393,"column":112}},"834":{"start":{"line":1395,"column":12},"end":{"line":1395,"column":30}},"835":{"start":{"line":1396,"column":12},"end":{"line":1396,"column":125}},"836":{"start":{"line":1397,"column":12},"end":{"line":1397,"column":125}},"837":{"start":{"line":1398,"column":12},"end":{"line":1398,"column":130}},"838":{"start":{"line":1399,"column":12},"end":{"line":1401,"column":13}},"839":{"start":{"line":1400,"column":16},"end":{"line":1400,"column":60}},"840":{"start":{"line":1402,"column":12},"end":{"line":1402,"column":31}},"841":{"start":{"line":1404,"column":12},"end":{"line":1404,"column":32}},"842":{"start":{"line":1405,"column":12},"end":{"line":1405,"column":127}},"843":{"start":{"line":1406,"column":12},"end":{"line":1406,"column":54}},"844":{"start":{"line":1411,"column":8},"end":{"line":1415,"column":9}},"845":{"start":{"line":1414,"column":12},"end":{"line":1414,"column":72}},"846":{"start":{"line":1416,"column":8},"end":{"line":1416,"column":26}},"847":{"start":{"line":1420,"column":8},"end":{"line":1431,"column":9}},"848":{"start":{"line":1421,"column":12},"end":{"line":1421,"column":55}},"849":{"start":{"line":1422,"column":12},"end":{"line":1422,"column":55}},"850":{"start":{"line":1423,"column":12},"end":{"line":1423,"column":49}},"851":{"start":{"line":1425,"column":12},"end":{"line":1427,"column":13}},"852":{"start":{"line":1426,"column":16},"end":{"line":1426,"column":185}},"853":{"start":{"line":1428,"column":12},"end":{"line":1430,"column":13}},"854":{"start":{"line":1429,"column":16},"end":{"line":1429,"column":131}},"855":{"start":{"line":1432,"column":8},"end":{"line":1432,"column":22}},"856":{"start":{"line":1436,"column":22},"end":{"line":1436,"column":86}},"857":{"start":{"line":1436,"column":54},"end":{"line":1436,"column":85}},"858":{"start":{"line":1437,"column":8},"end":{"line":1443,"column":9}},"859":{"start":{"line":1438,"column":12},"end":{"line":1438,"column":133}},"860":{"start":{"line":1440,"column":12},"end":{"line":1440,"column":53}},"861":{"start":{"line":1441,"column":12},"end":{"line":1441,"column":57}},"862":{"start":{"line":1442,"column":12},"end":{"line":1442,"column":72}},"863":{"start":{"line":1444,"column":8},"end":{"line":1444,"column":22}},"864":{"start":{"line":1448,"column":22},"end":{"line":1448,"column":87}},"865":{"start":{"line":1448,"column":54},"end":{"line":1448,"column":86}},"866":{"start":{"line":1449,"column":8},"end":{"line":1451,"column":9}},"867":{"start":{"line":1450,"column":12},"end":{"line":1450,"column":113}},"868":{"start":{"line":1452,"column":8},"end":{"line":1452,"column":22}},"869":{"start":{"line":1456,"column":8},"end":{"line":1458,"column":9}},"870":{"start":{"line":1457,"column":12},"end":{"line":1457,"column":129}},"871":{"start":{"line":1459,"column":8},"end":{"line":1459,"column":22}},"872":{"start":{"line":1463,"column":8},"end":{"line":1474,"column":9}},"873":{"start":{"line":1464,"column":12},"end":{"line":1473,"column":13}},"874":{"start":{"line":1465,"column":16},"end":{"line":1467,"column":279}},"875":{"start":{"line":1468,"column":19},"end":{"line":1473,"column":13}},"876":{"start":{"line":1469,"column":16},"end":{"line":1472,"column":151}},"877":{"start":{"line":1475,"column":8},"end":{"line":1475,"column":28}},"878":{"start":{"line":1479,"column":8},"end":{"line":1498,"column":11}},"879":{"start":{"line":1480,"column":12},"end":{"line":1480,"column":72}},"880":{"start":{"line":1481,"column":12},"end":{"line":1481,"column":73}},"881":{"start":{"line":1482,"column":23},"end":{"line":1482,"column":25}},"882":{"start":{"line":1483,"column":12},"end":{"line":1483,"column":32}},"883":{"start":{"line":1484,"column":12},"end":{"line":1484,"column":48}},"884":{"start":{"line":1485,"column":12},"end":{"line":1485,"column":27}},"885":{"start":{"line":1486,"column":12},"end":{"line":1486,"column":37}},"886":{"start":{"line":1487,"column":12},"end":{"line":1487,"column":31}},"887":{"start":{"line":1488,"column":12},"end":{"line":1488,"column":41}},"888":{"start":{"line":1489,"column":12},"end":{"line":1489,"column":43}},"889":{"start":{"line":1490,"column":12},"end":{"line":1490,"column":37}},"890":{"start":{"line":1491,"column":12},"end":{"line":1491,"column":31}},"891":{"start":{"line":1492,"column":12},"end":{"line":1492,"column":37}},"892":{"start":{"line":1493,"column":12},"end":{"line":1493,"column":41}},"893":{"start":{"line":1494,"column":12},"end":{"line":1494,"column":28}},"894":{"start":{"line":1495,"column":12},"end":{"line":1495,"column":37}},"895":{"start":{"line":1496,"column":12},"end":{"line":1496,"column":45}},"896":{"start":{"line":1497,"column":12},"end":{"line":1497,"column":34}},"897":{"start":{"line":1499,"column":8},"end":{"line":1499,"column":21}},"898":{"start":{"line":1503,"column":22},"end":{"line":1503,"column":56}},"899":{"start":{"line":1503,"column":44},"end":{"line":1503,"column":55}},"900":{"start":{"line":1504,"column":8},"end":{"line":1506,"column":9}},"901":{"start":{"line":1505,"column":12},"end":{"line":1505,"column":31}},"902":{"start":{"line":1507,"column":8},"end":{"line":1507,"column":22}},"903":{"start":{"line":1511,"column":8},"end":{"line":1511,"column":61}},"904":{"start":{"line":1512,"column":8},"end":{"line":1516,"column":9}},"905":{"start":{"line":1513,"column":12},"end":{"line":1515,"column":16}},"906":{"start":{"line":1517,"column":8},"end":{"line":1517,"column":42}},"907":{"start":{"line":1518,"column":8},"end":{"line":1518,"column":72}},"908":{"start":{"line":1519,"column":8},"end":{"line":1519,"column":70}},"909":{"start":{"line":1520,"column":8},"end":{"line":1520,"column":56}},"910":{"start":{"line":1521,"column":8},"end":{"line":1521,"column":23}},"911":{"start":{"line":1525,"column":8},"end":{"line":1537,"column":99}},"912":{"start":{"line":1539,"column":8},"end":{"line":1539,"column":68}},"913":{"start":{"line":1541,"column":8},"end":{"line":1550,"column":99}},"914":{"start":{"line":1552,"column":8},"end":{"line":1552,"column":65}},"915":{"start":{"line":1554,"column":8},"end":{"line":1554,"column":23}},"916":{"start":{"line":1559,"column":24},"end":{"line":1607,"column":9}},"917":{"start":{"line":1561,"column":16},"end":{"line":1605,"column":17}},"918":{"start":{"line":1608,"column":8},"end":{"line":1608,"column":25}},"919":{"start":{"line":1612,"column":24},"end":{"line":1627,"column":9}},"920":{"start":{"line":1614,"column":16},"end":{"line":1625,"column":17}},"921":{"start":{"line":1628,"column":8},"end":{"line":1628,"column":25}},"922":{"start":{"line":1631,"column":8},"end":{"line":1635,"column":9}},"923":{"start":{"line":1632,"column":12},"end":{"line":1634,"column":16}},"924":{"start":{"line":1636,"column":8},"end":{"line":1636,"column":23}},"925":{"start":{"line":1640,"column":25},"end":{"line":1640,"column":27}},"926":{"start":{"line":1641,"column":25},"end":{"line":1641,"column":27}},"927":{"start":{"line":1642,"column":8},"end":{"line":1676,"column":9}},"928":{"start":{"line":1643,"column":33},"end":{"line":1643,"column":184}},"929":{"start":{"line":1644,"column":12},"end":{"line":1675,"column":13}},"930":{"start":{"line":1645,"column":16},"end":{"line":1671,"column":17}},"931":{"start":{"line":1646,"column":20},"end":{"line":1646,"column":62}},"932":{"start":{"line":1647,"column":20},"end":{"line":1647,"column":84}},"933":{"start":{"line":1648,"column":20},"end":{"line":1648,"column":64}},"934":{"start":{"line":1649,"column":20},"end":{"line":1649,"column":65}},"935":{"start":{"line":1650,"column":20},"end":{"line":1650,"column":64}},"936":{"start":{"line":1651,"column":20},"end":{"line":1651,"column":55}},"937":{"start":{"line":1652,"column":20},"end":{"line":1652,"column":73}},"938":{"start":{"line":1653,"column":20},"end":{"line":1653,"column":73}},"939":{"start":{"line":1654,"column":20},"end":{"line":1654,"column":63}},"940":{"start":{"line":1655,"column":20},"end":{"line":1655,"column":54}},"941":{"start":{"line":1656,"column":20},"end":{"line":1656,"column":72}},"942":{"start":{"line":1657,"column":20},"end":{"line":1657,"column":72}},"943":{"start":{"line":1658,"column":20},"end":{"line":1658,"column":38}},"944":{"start":{"line":1659,"column":20},"end":{"line":1659,"column":58}},"945":{"start":{"line":1660,"column":20},"end":{"line":1660,"column":66}},"946":{"start":{"line":1661,"column":20},"end":{"line":1661,"column":62}},"947":{"start":{"line":1662,"column":20},"end":{"line":1662,"column":84}},"948":{"start":{"line":1663,"column":20},"end":{"line":1663,"column":58}},"949":{"start":{"line":1664,"column":34},"end":{"line":1664,"column":148}},"950":{"start":{"line":1665,"column":20},"end":{"line":1665,"column":44}},"951":{"start":{"line":1666,"column":20},"end":{"line":1666,"column":70}},"952":{"start":{"line":1667,"column":20},"end":{"line":1667,"column":60}},"953":{"start":{"line":1668,"column":20},"end":{"line":1668,"column":67}},"954":{"start":{"line":1670,"column":20},"end":{"line":1670,"column":72}},"955":{"start":{"line":1674,"column":16},"end":{"line":1674,"column":60}},"956":{"start":{"line":1677,"column":8},"end":{"line":1677,"column":65}},"957":{"start":{"line":1681,"column":21},"end":{"line":1681,"column":23}},"958":{"start":{"line":1682,"column":8},"end":{"line":1792,"column":9}},"959":{"start":{"line":1683,"column":12},"end":{"line":1683,"column":28}},"960":{"start":{"line":1684,"column":12},"end":{"line":1684,"column":28}},"961":{"start":{"line":1685,"column":12},"end":{"line":1685,"column":28}},"962":{"start":{"line":1686,"column":12},"end":{"line":1686,"column":28}},"963":{"start":{"line":1687,"column":12},"end":{"line":1687,"column":36}},"964":{"start":{"line":1688,"column":12},"end":{"line":1688,"column":41}},"965":{"start":{"line":1689,"column":12},"end":{"line":1689,"column":36}},"966":{"start":{"line":1690,"column":12},"end":{"line":1690,"column":38}},"967":{"start":{"line":1691,"column":12},"end":{"line":1691,"column":41}},"968":{"start":{"line":1692,"column":12},"end":{"line":1692,"column":43}},"969":{"start":{"line":1693,"column":12},"end":{"line":1693,"column":37}},"970":{"start":{"line":1694,"column":12},"end":{"line":1694,"column":38}},"971":{"start":{"line":1695,"column":12},"end":{"line":1695,"column":41}},"972":{"start":{"line":1696,"column":12},"end":{"line":1696,"column":39}},"973":{"start":{"line":1697,"column":12},"end":{"line":1697,"column":41}},"974":{"start":{"line":1698,"column":12},"end":{"line":1698,"column":45}},"975":{"start":{"line":1699,"column":12},"end":{"line":1699,"column":45}},"976":{"start":{"line":1700,"column":12},"end":{"line":1700,"column":48}},"977":{"start":{"line":1701,"column":12},"end":{"line":1701,"column":45}},"978":{"start":{"line":1702,"column":12},"end":{"line":1702,"column":28}},"979":{"start":{"line":1703,"column":12},"end":{"line":1703,"column":48}},"980":{"start":{"line":1704,"column":12},"end":{"line":1704,"column":43}},"981":{"start":{"line":1705,"column":12},"end":{"line":1705,"column":47}},"982":{"start":{"line":1706,"column":12},"end":{"line":1706,"column":46}},"983":{"start":{"line":1707,"column":12},"end":{"line":1707,"column":37}},"984":{"start":{"line":1708,"column":12},"end":{"line":1708,"column":45}},"985":{"start":{"line":1709,"column":12},"end":{"line":1709,"column":45}},"986":{"start":{"line":1710,"column":12},"end":{"line":1710,"column":48}},"987":{"start":{"line":1711,"column":12},"end":{"line":1711,"column":38}},"988":{"start":{"line":1712,"column":12},"end":{"line":1712,"column":44}},"989":{"start":{"line":1713,"column":12},"end":{"line":1713,"column":42}},"990":{"start":{"line":1714,"column":12},"end":{"line":1714,"column":47}},"991":{"start":{"line":1715,"column":12},"end":{"line":1715,"column":48}},"992":{"start":{"line":1716,"column":12},"end":{"line":1716,"column":39}},"993":{"start":{"line":1717,"column":12},"end":{"line":1717,"column":41}},"994":{"start":{"line":1718,"column":12},"end":{"line":1718,"column":44}},"995":{"start":{"line":1719,"column":12},"end":{"line":1719,"column":49}},"996":{"start":{"line":1720,"column":12},"end":{"line":1720,"column":43}},"997":{"start":{"line":1721,"column":12},"end":{"line":1721,"column":47}},"998":{"start":{"line":1722,"column":12},"end":{"line":1722,"column":42}},"999":{"start":{"line":1723,"column":12},"end":{"line":1723,"column":40}},"1000":{"start":{"line":1724,"column":12},"end":{"line":1724,"column":45}},"1001":{"start":{"line":1725,"column":12},"end":{"line":1725,"column":43}},"1002":{"start":{"line":1726,"column":12},"end":{"line":1726,"column":45}},"1003":{"start":{"line":1727,"column":12},"end":{"line":1727,"column":45}},"1004":{"start":{"line":1728,"column":12},"end":{"line":1728,"column":28}},"1005":{"start":{"line":1729,"column":12},"end":{"line":1729,"column":28}},"1006":{"start":{"line":1730,"column":12},"end":{"line":1730,"column":28}},"1007":{"start":{"line":1731,"column":12},"end":{"line":1731,"column":28}},"1008":{"start":{"line":1732,"column":12},"end":{"line":1732,"column":48}},"1009":{"start":{"line":1733,"column":12},"end":{"line":1733,"column":48}},"1010":{"start":{"line":1734,"column":12},"end":{"line":1734,"column":50}},"1011":{"start":{"line":1735,"column":12},"end":{"line":1735,"column":50}},"1012":{"start":{"line":1736,"column":12},"end":{"line":1736,"column":28}},"1013":{"start":{"line":1793,"column":8},"end":{"line":1793,"column":22}},"1014":{"start":{"line":1797,"column":21},"end":{"line":1797,"column":23}},"1015":{"start":{"line":1798,"column":8},"end":{"line":1858,"column":9}},"1016":{"start":{"line":1799,"column":12},"end":{"line":1799,"column":28}},"1017":{"start":{"line":1800,"column":12},"end":{"line":1800,"column":28}},"1018":{"start":{"line":1801,"column":12},"end":{"line":1801,"column":28}},"1019":{"start":{"line":1802,"column":12},"end":{"line":1802,"column":28}},"1020":{"start":{"line":1803,"column":12},"end":{"line":1803,"column":41}},"1021":{"start":{"line":1804,"column":12},"end":{"line":1804,"column":43}},"1022":{"start":{"line":1805,"column":12},"end":{"line":1805,"column":46}},"1023":{"start":{"line":1806,"column":12},"end":{"line":1806,"column":38}},"1024":{"start":{"line":1807,"column":12},"end":{"line":1807,"column":39}},"1025":{"start":{"line":1808,"column":12},"end":{"line":1808,"column":41}},"1026":{"start":{"line":1809,"column":12},"end":{"line":1809,"column":44}},"1027":{"start":{"line":1810,"column":12},"end":{"line":1810,"column":45}},"1028":{"start":{"line":1811,"column":12},"end":{"line":1811,"column":43}},"1029":{"start":{"line":1812,"column":12},"end":{"line":1812,"column":51}},"1030":{"start":{"line":1813,"column":12},"end":{"line":1813,"column":49}},"1031":{"start":{"line":1814,"column":12},"end":{"line":1814,"column":41}},"1032":{"start":{"line":1815,"column":12},"end":{"line":1815,"column":37}},"1033":{"start":{"line":1816,"column":12},"end":{"line":1816,"column":42}},"1034":{"start":{"line":1817,"column":12},"end":{"line":1817,"column":48}},"1035":{"start":{"line":1818,"column":12},"end":{"line":1818,"column":45}},"1036":{"start":{"line":1819,"column":12},"end":{"line":1819,"column":45}},"1037":{"start":{"line":1820,"column":12},"end":{"line":1820,"column":40}},"1038":{"start":{"line":1821,"column":12},"end":{"line":1821,"column":41}},"1039":{"start":{"line":1822,"column":12},"end":{"line":1822,"column":45}},"1040":{"start":{"line":1823,"column":12},"end":{"line":1823,"column":48}},"1041":{"start":{"line":1824,"column":12},"end":{"line":1824,"column":28}},"1042":{"start":{"line":1825,"column":12},"end":{"line":1825,"column":28}},"1043":{"start":{"line":1826,"column":12},"end":{"line":1826,"column":50}},"1044":{"start":{"line":1827,"column":12},"end":{"line":1827,"column":50}},"1045":{"start":{"line":1859,"column":8},"end":{"line":1859,"column":22}},"1046":{"start":{"line":1863,"column":8},"end":{"line":1865,"column":9}},"1047":{"start":{"line":1864,"column":12},"end":{"line":1864,"column":168}},"1048":{"start":{"line":1866,"column":8},"end":{"line":1868,"column":9}},"1049":{"start":{"line":1867,"column":12},"end":{"line":1867,"column":112}},"1050":{"start":{"line":1869,"column":8},"end":{"line":1871,"column":9}},"1051":{"start":{"line":1870,"column":12},"end":{"line":1870,"column":114}},"1052":{"start":{"line":1872,"column":8},"end":{"line":1872,"column":17}},"1053":{"start":{"line":1876,"column":8},"end":{"line":1876,"column":33}},"1054":{"start":{"line":1880,"column":25},"end":{"line":1880,"column":27}},"1055":{"start":{"line":1881,"column":25},"end":{"line":1881,"column":27}},"1056":{"start":{"line":1882,"column":29},"end":{"line":1882,"column":180}},"1057":{"start":{"line":1883,"column":8},"end":{"line":1905,"column":9}},"1058":{"start":{"line":1884,"column":12},"end":{"line":1904,"column":13}},"1059":{"start":{"line":1885,"column":16},"end":{"line":1885,"column":58}},"1060":{"start":{"line":1886,"column":16},"end":{"line":1886,"column":80}},"1061":{"start":{"line":1887,"column":16},"end":{"line":1887,"column":60}},"1062":{"start":{"line":1888,"column":16},"end":{"line":1888,"column":61}},"1063":{"start":{"line":1889,"column":16},"end":{"line":1889,"column":60}},"1064":{"start":{"line":1890,"column":16},"end":{"line":1890,"column":51}},"1065":{"start":{"line":1891,"column":16},"end":{"line":1891,"column":69}},"1066":{"start":{"line":1892,"column":16},"end":{"line":1892,"column":69}},"1067":{"start":{"line":1893,"column":16},"end":{"line":1893,"column":59}},"1068":{"start":{"line":1894,"column":16},"end":{"line":1894,"column":50}},"1069":{"start":{"line":1895,"column":16},"end":{"line":1895,"column":68}},"1070":{"start":{"line":1896,"column":16},"end":{"line":1896,"column":68}},"1071":{"start":{"line":1897,"column":16},"end":{"line":1897,"column":34}},"1072":{"start":{"line":1898,"column":16},"end":{"line":1898,"column":54}},"1073":{"start":{"line":1899,"column":16},"end":{"line":1899,"column":58}},"1074":{"start":{"line":1900,"column":16},"end":{"line":1900,"column":80}},"1075":{"start":{"line":1901,"column":16},"end":{"line":1901,"column":54}},"1076":{"start":{"line":1903,"column":16},"end":{"line":1903,"column":68}},"1077":{"start":{"line":1906,"column":8},"end":{"line":1906,"column":65}},"1078":{"start":{"line":1910,"column":25},"end":{"line":1910,"column":27}},"1079":{"start":{"line":1911,"column":25},"end":{"line":1911,"column":27}},"1080":{"start":{"line":1912,"column":8},"end":{"line":1951,"column":9}},"1081":{"start":{"line":1913,"column":33},"end":{"line":1913,"column":184}},"1082":{"start":{"line":1914,"column":12},"end":{"line":1950,"column":13}},"1083":{"start":{"line":1915,"column":16},"end":{"line":1949,"column":17}},"1084":
[...]
"62":1,"63":1,"64":0,"65":0,"66":1,"67":1,"68":1,"69":1,"70":0,"71":0,"72":0,"73":0,"74":1,"75":1,"76":2,"77":2,"78":1,"79":1,"80":1,"81":1,"82":1,"83":1,"84":1,"85":1,"86":0,"87":0,"88":0,"89":0,"90":0,"91":0,"92":0,"93":0,"94":0,"95":0,"96":0,"97":0,"98":0,"99":0,"100":0,"101":0,"102":0,"103":1,"104":23,"105":2,"106":1,"107":0,"108":0,"109":1,"110":1,"111":1,"112":0,"113":1,"114":1,"115":1,"116":1,"117":1,"118":1,"119":1,"120":0,"121":1,"122":1,"123":1,"124":1,"125":1,"126":1,"127":1,"128":1,"129":1,"130":0,"131":1,"132":1,"133":1,"134":1,"135":1,"136":20802,"137":1,"138":1,"139":20802,"140":16694,"141":20802,"142":432723204,"143":20802,"144":20802,"145":216351201,"146":0,"147":20802,"148":7502,"149":76674156,"150":7502,"151":7430,"152":20802,"153":216372003,"154":20802,"155":19413,"156":19413,"157":172229251,"158":19413,"159":17726,"160":17726,"161":17726,"162":17726,"163":17726,"164":17726,"165":17726,"166":870,"167":17726,"168":17726,"169":17726,"170":17726,"171":17726,"172":17726,"173":17726,"174":17726,"175":17726,"176":17726,"177":57,"178":57,"179":17726,"180":17726,"181":1687,"182":333,"183":1687,"184":1687,"185":4,"186":1687,"187":20802,"188":20802,"189":20802,"190":1,"191":1,"192":1,"193":1,"194":17726,"195":17726,"196":258751606,"197":17726,"198":17726,"199":0,"200":17726,"201":17726,"202":532759,"203":17726,"204":49,"205":49,"206":49,"207":1,"208":20802,"209":20802,"210":0,"211":20802,"212":20802,"213":20802,"214":0,"215":0,"216":0,"217":0,"218":0,"219":0,"220":0,"221":0,"222":0,"223":0,"224":0,"225":0,"226":0,"227":655,"228":0,"229":0,"230":655,"231":655,"232":655,"233":655,"234":20802,"235":20802,"236":0,"237":20802,"238":20802,"239":20802,"240":20802,"241":20802,"242":20802,"243":20802,"244":20802,"245":20802,"246":20802,"247":20802,"248":20802,"249":20802,"250":20802,"251":20802,"252":20802,"253":20802,"254":20802,"255":20802,"256":20802,"257":20802,"258":20802,"259":20802,"260":20802,"261":20802,"262":20802,"263":20802,"264":20802,"265":20802,"266":20802,"267":20802,"268":20802,"269":20802,"270":20802,"271":20802,"272":20802,"273":20802,"274":0,"275":0,"276":0,"277":20802,"278":655,"279":20802,"280":20802,"281":216351201,"282":20802,"283":20802,"284":20802,"285":20802,"286":1,"287":1,"288":1,"289":1,"290":1,"291":1,"292":1,"293":1,"294":1,"295":1,"296":1,"297":1,"298":1,"299":1,"300":1,"301":1,"302":1,"303":0,"304":1,"305":0,"306":0,"307":0,"308":1,"309":0,"310":0,"311":885,"312":885,"313":885,"314":7965,"315":7080,"316":3672,"317":7080,"318":885,"319":738,"320":738,"321":738,"322":6642,"323":0,"324":6642,"325":738,"326":15,"327":15,"328":885,"329":1,"330":16,"331":16,"332":16,"333":16,"334":16,"335":16,"336":16,"337":2,"338":0,"339":2,"340":0,"341":2,"342":0,"343":2,"344":2,"345":0,"346":0,"347":2,"348":2,"349":2,"350":2,"351":0,"352":1,"353":16,"354":16,"355":16,"356":16,"357":2,"358":16,"359":1,"360":16,"361":8,"362":16,"363":5,"364":5,"365":0,"366":0,"367":15,"368":1,"369":1,"370":1,"371":1,"372":1,"373":1,"374":0,"375":0,"376":0,"377":0,"378":0,"379":0,"380":0,"381":0,"382":0,"383":0,"384":1,"385":1,"386":1,"387":1,"388":1,"389":1,"390":5000,"391":5000,"392":5000,"393":1,"394":1,"395":1,"396":1,"397":1,"398":0,"399":0,"400":1,"401":1,"402":1,"403":1,"404":149,"405":149,"406":84,"407":84,"408":84,"409":84,"410":84,"411":140,"412":140,"413":252,"414":140,"415":140,"416":140,"417":140,"418":0,"419":0,"420":84,"421":84,"422":84,"423":149,"424":168,"425":23658,"426":280,"427":140,"428":137,"429":3,"430":140,"431":84,"432":84,"433":84,"434":10,"435":10,"436":84,"437":149,"438":10,"439":45,"440":10,"441":10,"442":10,"443":10,"444":10,"445":10,"446":10,"447":10,"448":10,"449":10,"450":10,"451":10,"452":149,"453":3,"454":3,"455":3,"456":3,"457":3,"458":3,"459":3,"460":3,"461":3,"462":3,"463":3,"464":3,"465":3,"466":3,"467":3,"468":3,"469":2,"470":2,"471":2,"472":2,"473":3,"474":3,"475":3,"476":0,"477":0,"478":0,"479":0,"480":3,"481":3,"482":3,"483":3,"484":3,"485":3,"486":3,"487":581,"488":581,"489":581,"490":581,"491":0,"492":0,"493":0,"494":13,"495":6,"496":6,"497":6,"498":6,"499":6,"500":6,"501":13,"502":17,"503":15,"504":17,"505":16,"506":16,"507":24,"508":24,"509":17,"510":6,"511":6,"512":6,"513":6,"514":6,"515":6,"516":6,"517":6,"518":48,"519":6,"520":42,"521":6,"522":6,"523":6,"524":0,"525":6,"526":12,"527":12,"528":12,"529":12,"530":12,"531":12,"532":12,"533":36,"534":36,"535":36,"536":36,"537":36,"538":36,"539":36,"540":36,"541":36,"542":36,"543":36,"544":36,"545":12,"546":12,"547":12,"548":12,"549":0,"550":0,"551":1,"552":3,"553":3,"554":3,"555":3,"556":3,"557":0,"558":0,"559":907,"560":1,"561":3,"562":3,"563":3,"564":3,"565":0,"566":0,"567":3,"568":3,"569":0,"570":3,"571":3,"572":3,"573":3,"574":3,"575":3,"576":3,"577":3,"578":3,"579":0,"580":0,"581":3,"582":1,"583":2,"584":3,"585":3,"586":3,"587":3,"588":3,"589":0,"590":0,"591":0,"592":0,"593":0,"594":3,"595":0,"596":0,"597":3,"598":3,"599":14,"600":4,"601":10,"602":2,"603":2,"604":2,"605":2,"606":2,"607":2,"608":2,"609":1,"610":1,"611":0,"612":1,"613":1,"614":1,"615":1,"616":1,"617":1,"618":1,"619":1,"620":1,"621":1,"622":1,"623":1,"624":1,"625":1,"626":0,"627":0,"628":1,"629":1,"630":1,"631":1,"632":1,"633":1,"634":1,"635":1,"636":1,"637":1,"638":1,"639":1,"640":1,"641":1,"642":1,"643":1,"644":1,"645":1,"646":1,"647":1,"648":1,"649":1,"650":1,"651":1,"652":1,"653":1,"654":1,"655":1,"656":1,"657":1,"658":1,"659":1,"660":1,"661":1,"662":1,"663":1,"664":1,"665":1,"666":1,"667":1,"668":1,"669":1,"670":1,"671":1,"672":1,"673":0,"674":0,"675":1,"676":0,"677":0,"678":1,"679":0,"680":0,"681":1,"682":0,"683":0,"684":1,"685":1,"686":1,"687":1,"688":1,"689":0,"690":0,"691":14,"692":14,"693":14,"694":14,"695":14,"696":6,"697":0,"698":6,"699":6,"700":6,"701":6,"702":6,"703":6,"704":6,"705":6,"706":6,"707":6,"708":4,"709":8,"710":8,"711":8,"712":12,"713":0,"714":0,"715":14,"716":0,"717":14,"718":0,"719":8,"720":8,"721":8,"722":8,"723":8,"724":8,"725":8,"726":8,"727":8,"728":8,"729":8,"730":8,"731":8,"732":8,"733":8,"734":8,"735":8,"736":8,"737":8,"738":8,"739":8,"740":8,"741":8,"742":8,"743":8,"744":8,"745":8,"746":8,"747":8,"748":8,"749":8,"750":8,"751":8,"752":8,"753":8,"754":8,"755":8,"756":8,"757":8,"758":8,"759":2,"760":2,"761":2,"762":2,"763":2,"764":2,"765":2,"766":2,"767":2,"768":2,"769":2,"770":2,"771":2,"772":1,"773":1,"774":1,"775":1,"776":1,"777":1,"778":1,"779":1,"780":1,"781":1,"782":1,"783":1,"784":1,"785":1,"786":1,"787":1,"788":1,"789":1,"790":1,"791":1,"792":1,"793":1,"794":1,"795":1,"796":1,"797":1,"798":1,"799":1,"800":1,"801":1,"802":1,"803":1,"804":1,"805":1,"806":1,"807":3,"808":3,"809":3,"810":3,"811":3,"812":3,"813":3,"814":3,"815":3,"816":3,"817":3,"818":3,"819":3,"820":3,"821":3,"822":3,"823":3,"824":0,"825":3,"826":8,"827":8,"828":8,"829":8,"830":8,"831":4,"832":8,"833":8,"834":8,"835":8,"836":8,"837":8,"838":8,"839":8,"840":8,"841":0,"842":0,"843":0,"844":74,"845":0,"846":74,"847":149,"848":149,"849":149,"850":149,"851":149,"852":0,"853":149,"854":0,"855":149,"856":149,"857":149,"858":149,"859":0,"860":149,"861":149,"862":149,"863":149,"864":149,"865":149,"866":149,"867":0,"868":149,"869":149,"870":65,"871":149,"872":11,"873":11,"874":9,"875":2,"876":1,"877":11,"878":8,"879":8,"880":8,"881":8,"882":8,"883":8,"884":8,"885":8,"886":8,"887":8,"888":8,"889":8,"890":8,"891":8,"892":8,"893":8,"894":8,"895":8,"896":8,"897":8,"898":28,"899":0,"900":28,"901":28,"902":28,"903":14,"904":14,"905":14,"906":14,"907":14,"908":14,"909":14,"910":14,"911":15,"912":15,"913":15,"914":15,"915":15,"916":17,"917":892,"918":17,"919":15,"920":13,"921":15,"922":14,"923":14,"924":14,"925":148,"926":148,"927":148,"928":76,"929":76,"930":76,"931":3,"932":3,"933":3,"934":3,"935":3,"936":3,"937":3,"938":3,"939":3,"940":3,"941":3,"942":3,"943":3,"944":3,"945":3,"946":3,"947":3,"948":3,"949":3,"950":3,"951":3,"952":3,"953":3,"954":73,"955":0,"956":148,"957":164,"958":164,"959":164,"960":164,"961":164,"962":164,"963":164,"964":164,"965":164,"966":164,"967":164,"968":164,"969":164,"970":164,"971":164,"972":164,"973":164,"974":164,"975":164,"976":164,"977":164,"978":164,"979":164,"980":164,"981":164,"982":164,"983":164,"984":164,"985":164,"986":164,"987":164,"988":164,"989":164,"990":164,"991":164,"992":164,"993":164,"994":164,"995":164,"996":164,"997":164,"998":164,"999":164,"1000":164,"1001":164,"1002":164,"1003":164,"1004":164,"1005":164,"1006":164,"1007":164,"1008":164,"1009":164,"1010":164,"1011":164,"1012":164,"1013":164,"1014":12,"1015":12,"1016":12,"1017":12,"1018":12,"1019":12,"1020":12,"1021":12,"1022":12,"1023":12,"1024":12,"1025":12,"1026":12,"1027":12,"1028":12,"1029":12,"1030":12,"1031":12,"1032":12,"1033":12,"1034":12,"1035":12,"1036":12,"1037":12,"1038":12,"1039":12,"1040":12,"1041":12,"1042":12,"1043":12,"1044":12,"1045":12,"1046":148,"1047":7,"1048":148,"1049":0,"1050":148,"1051":65,"1052":148,"1053":153,"1054":147,"1055":147,"1056":147,"1057":147,"1058":147,"1059":1,"1060":1,"1061":1,"1062":1,"1063":1,"1064":1,"1065":1,"1066":1,"1067":1,"1068":1,"1069":1,"1070":1,"1071":1,"1072":1,"1073":1,"1074":1,"1075":1,"1076":146,"1077":147,"1078":147,"1079":147,"1080":147,"1081":147,"1082":147,"1083":147,"1084":2,"1085":2,"1086":2,"1087":2,"1088":2,"1089":2,"1090":2,"1091":2,"1092":2,"1093":2,"1094":2,"1095":2,"1096":2,"1097":2,"1098":2,"1099":2,"1100":2,"1101":2,"1102":2,"1103":2,"1104":2,"1105":2,"1106":2,"1107":2,"1108":2,"1109":2,"1110":1,"1111":1,"1112":1,"1113":1,"1114":145,"1115":147,"1116":36,"1117":36,"1118":36,"1119":36,"1120":36,"1121":147,"1122":147,"1123":147,"1124":147,"1125":147,"1126":147,"1127":2,"1128":2,"1129":2,"1130":2,"1131":2,"1132":2,"1133":2,"1134":2,"1135":2,"1136":2,"1137":2,"1138":2,"1139":2,"1140":2,"1141":2,"1142":2,"1143":2,"1144":2,"1145":2,"1146":2,"1147":2,"1148":145,"1149":147,"1150":6,"1151":6,"1152":6,"1153":6,"1154":6,"1155":6,"1156":6,"1157":6,"1158":6,"1159":6,"1160":6,"1161":6,"1162":6,"1163":6,"1164":6,"1165":6,"1166":6,"1167":6,"1168":6,"1169":6,"1170":6,"1171":6,"1172":6,"1173":6,"1174":6,"1175":6,"1176":6,"1177":6,"1178":6,"1179":6,"1180":6,"1181":6,"1182":6,"1183":6,"1184":6,"1185":6,"1186":6,"1187":6,"1188":6,"1189":6,"1190":1,"1191":6,"1192":1,"1193":146,"1194":146,"1195":146,"1196":146,"1197":146,"1198":146,"1199":146,"1200":146,"1201":146,"1202":146,"1203":1,"1204":1,"1205":146,"1206":146,"1207":146,"1208":146,"1209":146,"1210":146,"1211":146,"1212":146,"1213":1,"1214":1,"1215":146,"1216":146,"1217":146,"1218":146,"1219":146,"1220":146,"1221":146,"1222":146,"1223":146,"1224":1,"1225":1,"1226":146,"1227":146,"1228":146,"1229":146,"1230":146,"1231":146,"1232":146,"1233":146,"1234":146,"1235":1,"1236":1,"1237":146,"1238":146,"1239":146,"1240":146,"1241":146,"1242":146,"1243":146,"1244":146,"1245":146,"1246":146,"1247":146,"1248":146,"1249":146,"1250":146,"1251":71,"1252":71,"1253":71,"1254":71,"1255":71,"1256":71,"1257":75,"1258":1,"1259":1,"1260":5,"1261":5,"1262":5,"1263":4,"1264":4,"1265":2,"1266":4,"1267":3,"1268":4,"1269":4,"1270":4,"1271":4,"1272":4,"1273":4,"1274":4,"1275":0,"1276":0,"1277":0,"1278":663,"1279":82,"1280":82,"1281":82,"1282":82,"1283":581,"1284":663,"1285":71,"1286":71,"1287":71,"1288":71,"1289":71,"1290":71,"1291":71,"1292":71,"1293":71,"1294":71,"1295":71,"1296":71,"1297":71,"1298":71,"1299":71,"1300":71,"1301":71,"1302":71,"1303":71,"1304":71,"1305":71,"1306":71,"1307":71,"1308":71,"1309":71,"1310":0,"1311":0,"1312":0,"1313":0,"1314":71,"1315":71,"1316":71,"1317":71,"1318":71,"1319":71,"1320":71,"1321":6,"1322":6,"1323":6,"1324":876,"1325":876,"1326":876,"1327":876,"1328":876,"1329":876,"1330":876,"1331":876,"1332":876,"1333":876,"1334":876,"1335":876,"1336":876,"1337":876,"1338":876,"1339":876,"1340":6,"1341":1,"1342":1,"1343":1,"1344":0,"1345":1,"1346":0,"1347":1,"1348":15,"1349":15,"1350":15,"1351":15,"1352":15,"1353":0,"1354":15,"1355":15,"1356":15,"1357":15,"1358":15,"1359":0,"1360":82,"1361":82,"1362":82,"1363":82,"1364":82,"1365":82,"1366":82,"1367":82,"1368":82,"1369":82,"1370":82,"1371":82,"1372":82,"1373":82,"1374":82,"1375":82,"1376":82,"1377":82,"1378":82,"1379":82,"1380":82,"1381":82,"1382":82,"1383":82,"1384":82,"1385":82,"1386":82,"1387":82,"1388":82,"1389":82,"1390":82,"1391":82,"1392":82,"1393":82,"1394":82,"1395":82,"1396":82,"1397":82,"1398":82,"1399":82,"1400":82,"1401":82,"1402":82,"1403":0,"1404":0,"1405":0,"1406":82,"1407":82,"1408":82,"1409":82,"1410":82,"1411":82,"1412":82,"1413":82,"1414":82,"1415":82,"1416":82,"1417":82,"1418":82,"1419":1,"1420":1,"1421":1,"1422":1,"1423":1,"1424":1,"1425":1,"1426":146,"1427":146,"1428":146,"1429":139,"1430":139,"1431":7,"1432":0,"1433":0,"1434":7,"1435":0,"1436":0,"1437":1,"1438":1,"1439":1,"1440":1,"1441":0,"1442":0,"1443":0,"1444":3,"1445":0,"1446":3,"1447":3,"1448":0,"1449":3,"1450":3,"1451":3,"1452":3,"1453":3,"1454":6,"1455":6,"1456":6,"1457":6,"1458":6,"1459":0,"1460":6,"1461":6,"1462":6,"1463":6,"1464":6,"1465":6,"1466":6,"1467":6,"1468":6,"1469":6,"1470":6,"1471":6,"1472":6,"1473":6,"1474":6,"1475":6,"1476":6,"1477":6,"1478":6,"1479":6,"1480":6,"1481":6,"1482":6,"1483":6,"1484":6,"1485":6,"1486":6,"1487":6,"1488":6,"1489":6,"1490":0,"1491":0,"1492":0,"1493":6,"1494":6,"1495":6,"1496":6,"1497":1,"1498":5,"1499":6,"1500":0,"1501":0,"1502":0,"1503":0,"1504":0,"1505":0,"1506":0,"1507":0,"1508":0,"1509":0,"1510":6,"1511":6,"1512":3,"1513":3,"1514":6,"1515":3,"1516":0,"1517":3,"1518":3,"1519":0,"1520":3,"1521":3,"1522":3,"1523":3,"1524":3,"1525":6,"1526":6,"1527":6,"1528":22,"1529":22,"1530":22,"1531":22,"1532":66,"1533":66,"1534":22,"1535":22,"1536":21,"1537":1,"1538":1,"1539":1,"1540":1,"1541":1,"1542":1,"1543":2,"1544":2,"1545":1,"1546":1,"1547":1,"1548":1,"1549":1,"1550":1,"1551":1,"1552":1,"1553":1,"1554":22,"1555":485,"1556":42,"1557":126,"1558":63,"1559":22,"1560":0,"1561":0,"1562":10,"1563":10,"1564":10,"1565":0,"1566":0,"1567":0,"1568":0,"1569":0,"1570":0,"1571":0,"1572":0,"1573":0,"1574":0,"1575":0,"1576":0,"1577":0,"1578":0,"1579":0,"1580":0,"1581":0,"1582":63,"1583":63,"1584":63,"1585":63,"1586":63,"1587":4,"1588":0,"1589":0,"1590":0,"1591":0,"1592":0,"1593":0,"1594":0,"1595":0},"f":{"0":1,"1":1,"2":0,"3":1,"4":1,"5":1,"6":1,"7":0,"8":1,"9":1,"10":0,"11":1,"12":1,"13":20802,"14":432723204,"15":216351201,"16":76674156,"17":216372003,"18":172229251,"19":1,"20":258751606,"21":532759,"22":20802,"23":0,"24":655,"25":20802,"26":20802,"27":0,"28":216351201,"29":1,"30":885,"31":738,"32":15,"33":16,"34":2,"35":16,"36":1,"37":1,"38":5000,"39":1,"40":1,"41":149,"42":140,"43":252,"44":168,"45":23658,"46":140,"47":84,"48":149,"49":45,"50":3,"51":581,"52":13,"53":17,"54":6,"55":12,"56":36,"57":3,"58":907,"59":3,"60":3,"61":3,"62":14,"63":2,"64":1,"65":1,"66":1,"67":14,"68":14,"69":8,"70":2,"71":1,"72":1,"73":1,"74":3,"75":74,"76":149,"77":149,"78":149,"79":149,"80":149,"81":149,"82":11,"83":8,"84":8,"85":28,"86":0,"87":14,"88":15,"89":17,"90":892,"91":15,"92":13,"93":14,"94":148,"95":164,"96":12,"97":148,"98":153,"99":147,"100":147,"101":36,"102":147,"103":6,"104":146,"105":146,"106":146,"107":146,"108":146,"109":663,"110":71,"111":6,"112":876,"113":1,"114":15,"115":15,"116":82,"117":1,"118":146,"119":3,"120":0,"121":6,"122":0,"123":6,"124":6,"125":6,"126":6,"127":0,"128":6,"129":3,"130":0,"131":6,"132":6,"133":22,"134":66,"135":126,"136":10,"137":0,"138":63,"139":63,"140":4,"141":0},"b":{"0":[0,1],"1":[0,1],"2":[0,0],"3":[1,0],"4":[1,0],"5":[1,0],"6":[1,0],"7":[0,1],"8":[1,0],"9":[1,0],"10":[1,1],"11":[1,0],"12":[0,0],"13":[2,21],"14":[23,23],"15":[1,1],"16":[2,1],"17":[1,0],"18":[0,1],"19":[16694,4108],"20":[432723204,0,0,0,0,0,0,0,0,0,0,0],"21":[0,20802],"22":[216351201,216351201,216351201,216351201,4072988,44249,44175,44175,0,0,0,0,0],"23":[7502,13300],"24":[76674156,76674156,76674156,76674156,1190767,25353,25353,9848],"25":[7430,72],"26":[216372003,216372003,216372003,216372003,4093790,65051,65051,64977,30467,24081,20932,20802],"27":[19413,1389],"28":[20802,4194,4194,4194,3624],"29":[172229251,501886,501886,36100,36026,6539,1809],"30":[17726,1687],"31":[870,16856],"32":[17726,17726,17726],"33":[57,17669],"34":[333,1354],"35":[1687,1687,1687],"36":[4,1683],"37":[258751606,258751606,258751606,258751606,4081907,50626,22354,17993,17993],"38":[0,17726],"39":[17726,0],"40":[532759,0,0,0,0,0,0,0,0],"41":[49,17677],"42":[17726,49],"43":[20802,0],"44":[0,0],"45":[0,0],"46":[0,0,0],"47":[0,655],"48":[655,0],"49":[20802,0],"50":[20802,0],"51":[0,20802],"52":[20802,20802],"53":[0,20802],"54":[20802,20802],"55":[20802,0],"56":[20802,20802],"57":[20802,0],"58":[0,20802],"59":[0,0,0,0,0,0],"60":[655,20147],"61":[20802,0],"62":[20802,0],"63":[20802,0],"64":[1,0],"65":[1,0],"66":[1,0],"67":[1,0],"68":[1,0],"69":[0,1],"70":[0,1],"71":[0,0],"72":[7080,885],"73":[3672,3408],"74":[0,6642],"75":[16,0],"76":[2,14],"77":[16,14],"78":[0,2],"79":[2,0],"80":[0,2],"81":[0,2],"82":[2,0],"83":[0,2],"84":[2,14],"85":[1,15],"86":[8,8],"87":[16,13,11,10,9],"88":[5,11],"89":[16,15,14,13,12],"90":[0,1],"91":[0,0],"92":[0,0],"93":[5000,0],"94":[5000,0],"95":[5000,5000,5000,5000,5000,5000,5000],"96":[84,65],"97":[140,0],"98":[140,140,140,140,140,140,140,140],"99":[252,252,252,252,252,252,252,252,252],"100":[140,0],"101":[280,23378],"102":[23658,23658,23658,23658,424,424,424,280],"103":[137,3],"104":[10,74],"105":[10,139],"106":[45,45,45,45,5,5,5,0],"107":[10,0],"108":[3,0],"109":[3,0],"110":[2,1],"111":[3,1],"112":[3,0],"113":[0,3],"114":[581,0],"115":[581,0],"116":[0,0],"117":[0,0,0],"118":[6,7],"119":[15,2],"120":[16,1],"121":[6,42],"122":[6,0],"123":[3,0],"124":[0,3],"125":[3,0],"126":[0,3],"127":[0,3],"128":[3,3],"129":[1,2],"130":[1,2],"131":[3,2,2],"132":[0,3],"133":[0,0],"134":[0,3],"135":[4,10],"136":[2,8],"137":[1,0],"138":[0,1],"139":[1,0],"140":[0,1],"141":[0,1],"142":[1,0,0],"143":[0,1],"144":[1,0],"145":[1,0],"146":[0,1],"147":[6,8],"148":[0,6],"149":[6,1],"150":[1,5],"151":[0,6],"152":[8,0],"153":[0,14],"154":[0,14],"155":[2,6],"156":[2,1,1,1,3],"157":[3,0],"158":[8,0],"159":[4,4],"160":[8,0],"161":[8,0],"162":[0,74],"163":[74,74,74,74,74,74,74,74,74,74,74,74],"164":[149,0],"165":[149,0],"166":[0,149],"167":[149,7],"168":[0,0],"169":[0,149],"170":[149,149],"171":[0,0],"172":[0,149],"173":[0,0],"174":[0,149],"175":[0,0],"176":[65,84],"177":[149,84,84],"178":[65,0],"179":[11,0],"180":[11,3],"181":[9,2],"182":[11,10],"183":[9,0],"184":[9,9,9,9,9,9,9],"185":[1,1],"186":[1,0],"187":[1,1,1,1],"188":[28,0],"189":[14,0],"190":[14,0],"191":[76,72],"192":[76,0],"193":[3,73],"194":[164,0],"195":[12,0],"196":[7,141],"197":[148,7],"198":[7,0],"199":[0,148],"200":[148,3],"201":[0,0],"202":[65,83],"203":[148,83,83],"204":[65,0],"205":[147,0],"206":[1,146],"207":[147,0],"208":[147,0],"209":[2,145],"210":[147,146,145],"211":[1,1],"212":[36,0],"213":[36,0],"214":[147,0],"215":[147,0],"216":[2,145],"217":[1,5],"218":[1,1,1,1,1,1],"219":[71,75],"220":[4,1],"221":[2,2],"222":[3,1],"223":[4,0],"224":[82,581],"225":[71,0],"226":[71,0],"227":[71,0],"228":[71,0],"229":[0,71],"230":[1,0],"231":[0,1],"232":[15,0],"233":[15,0],"234":[82,0],"235":[0,82],"236":[7,75],"237":[82,0],"238":[77,5],"239":[77,5],"240":[82,0],"241":[82,0],"242":[82,0],"243":[82,0],"244":[82,0],"245":[0,0],"246":[146,0],"247":[139,7],"248":[0,7],"249":[7,0,0],"250":[1,0],"251":[1,0],"252":[0,0],"253":[0,0,0,0,0,0],"254":[3,0],"255":[0,3],"256":[6,0],"257":[0,0,0],"258":[6,0],"259":[0,6],"260":[3,3],"261":[6,6,6,6,6,6],"262":[0,6],"263":[6,0],"264":[3,3],"265":[1,5],"266":[6,5],"267":[1,0],"268":[0,5],"269":[5,5],"270":[0,0],"271":[6,0],"272":[6,6,6,6,6,6],"273":[3,3],"274":[0,3],"275":[0,0,0,0,0,0],"276":[3,0],"277":[0,3],"278":[0,0],"279":[6,0],"280":[6,6,6],"281":[66,0],"282":[21,1],"283":[1,1],"284":[42,443],"285":[485,485],"286":[63,63],"287":[0,0,0],"288":[10,0],"289":[10,0],"290":[0,0],"291":[0,0],"292":[0,0],"293":[0,0],"294":[0,0],"295":[0,0],"296":[63,0],"297":[0,0],"298":[0,0],"299":[0,0]},"_coverageSchema":"1a1c01bbd47fc00a2c39e90264f33305004495a9","hash":"17f5966b3920e5f5a863be61560e30c1e0d25a6c","contentHash":"c5c52226f14a30f6f4c6b93d7392d42095ddb5aa4d833e9c081b4662634aaf02"}}