TN:
SF:srv/lineplan_service.js
FN:8,(anonymous_0)
FN:23,(anonymous_1)
FN:31,(anonymous_2)
FN:32,(anonymous_3)
FN:40,(anonymous_4)
FN:49,(anonymous_5)
FN:57,(anonymous_6)
FN:58,(anonymous_7)
FN:66,(anonymous_8)
FN:75,(anonymous_9)
FN:83,(anonymous_10)
FN:84,(anonymous_11)
FN:92,(anonymous_12)
FN:101,(anonymous_13)
FN:117,(anonymous_14)
FN:118,(anonymous_15)
FN:126,(anonymous_16)
FN:127,(anonymous_17)
FN:147,(anonymous_18)
FN:161,(anonymous_19)
FN:178,(anonymous_20)
FN:179,(anonymous_21)
FN:187,(anonymous_22)
FN:188,(anonymous_23)
FN:213,(anonymous_24)
FN:227,(anonymous_25)
FN:237,(anonymous_26)
FN:265,(anonymous_27)
FN:273,(anonymous_28)
FN:277,(anonymous_29)
FN:303,(anonymous_30)
FN:313,(anonymous_31)
FN:341,(anonymous_32)
FN:349,(anonymous_33)
FN:353,(anonymous_34)
FN:382,(anonymous_35)
FN:391,(anonymous_36)
FN:398,(anonymous_37)
FN:405,(anonymous_38)
FN:417,(anonymous_39)
FN:428,fetchdata
FN:438,(anonymous_41)
FN:439,(anonymous_42)
FN:454,(anonymous_43)
FN:467,getDropDownArray
FN:516,waitFor
FN:517,(anonymous_46)
FN:519,(anonymous_47)
FN:524,getuuid
FN:528,collect_sublinedata
FN:547,(anonymous_50)
FN:557,Validate_Mainlinerecord
FN:558,(anonymous_52)
FN:559,(anonymous_53)
FN:565,(anonymous_54)
FN:566,(anonymous_55)
FN:583,(anonymous_56)
FN:593,collect_mainlinedata
FN:611,(anonymous_58)
FN:621,Validate_Sublinerecord
FN:622,(anonymous_60)
FN:623,(anonymous_61)
FN:629,(anonymous_62)
FN:630,(anonymous_63)
FN:648,(anonymous_64)
FN:661,validate_data
FN:666,(anonymous_66)
FN:673,(anonymous_67)
FN:686,validate_sublinename
FN:689,(anonymous_69)
FN:701,get_errormsg
FN:703,(anonymous_71)
FN:703,(anonymous_72)
FN:712,(anonymous_73)
FN:730,(anonymous_74)
FN:739,(anonymous_75)
FN:745,(anonymous_76)
FN:767,(anonymous_77)
FN:792,(anonymous_78)
FN:816,(anonymous_79)
FN:839,(anonymous_80)
FN:852,(anonymous_81)
FN:860,(anonymous_82)
FN:866,(anonymous_83)
FN:888,(anonymous_84)
FN:909,(anonymous_85)
FN:922,(anonymous_86)
FN:940,update_changelog
FN:971,insert_data
FN:978,(anonymous_89)
FN:988,(anonymous_90)
FN:1005,mainline_data
FN:1040,subline_data
FN:1078,authcheck
FN:1081,(anonymous_94)
FN:1089,get_cmsite
FN:1091,(anonymous_96)
FN:1093,(anonymous_97)
FN:1103,AuthorizationCheck
FN:1114,(anonymous_99)
FN:1115,(anonymous_100)
FN:1130,checkifexists
FN:1131,(anonymous_102)
FNF:103
FNH:98
FNDA:1,(anonymous_0)
FNDA:3,(anonymous_1)
FNDA:12,(anonymous_2)
FNDA:48,(anonymous_3)
FNDA:0,(anonymous_4)
FNDA:3,(anonymous_5)
FNDA:31,(anonymous_6)
FNDA:124,(anonymous_7)
FNDA:0,(anonymous_8)
FNDA:1,(anonymous_9)
FNDA:3,(anonymous_10)
FNDA:12,(anonymous_11)
FNDA:0,(anonymous_12)
FNDA:1,(anonymous_13)
FNDA:2,(anonymous_14)
FNDA:1,(anonymous_15)
FNDA:2,(anonymous_16)
FNDA:1,(anonymous_17)
FNDA:1,(anonymous_18)
FNDA:4,(anonymous_19)
FNDA:8,(anonymous_20)
FNDA:4,(anonymous_21)
FNDA:8,(anonymous_22)
FNDA:4,(anonymous_23)
FNDA:1,(anonymous_24)
FNDA:3,(anonymous_25)
FNDA:3,(anonymous_26)
FNDA:6,(anonymous_27)
FNDA:3,(anonymous_28)
FNDA:6,(anonymous_29)
FNDA:3,(anonymous_30)
FNDA:3,(anonymous_31)
FNDA:3,(anonymous_32)
FNDA:3,(anonymous_33)
FNDA:3,(anonymous_34)
FNDA:11,(anonymous_35)
FNDA:36,(anonymous_36)
FNDA:60,(anonymous_37)
FNDA:20,(anonymous_38)
FNDA:11,(anonymous_39)
FNDA:11,fetchdata
FNDA:11,(anonymous_41)
FNDA:11,(anonymous_42)
FNDA:0,(anonymous_43)
FNDA:11,getDropDownArray
FNDA:6,waitFor
FNDA:7,(anonymous_46)
FNDA:1,(anonymous_47)
FNDA:28,getuuid
FNDA:3,collect_sublinedata
FNDA:0,(anonymous_50)
FNDA:6,Validate_Mainlinerecord
FNDA:13,(anonymous_52)
FNDA:12,(anonymous_53)
FNDA:16,(anonymous_54)
FNDA:12,(anonymous_55)
FNDA:4,(anonymous_56)
FNDA:6,collect_mainlinedata
FNDA:3,(anonymous_58)
FNDA:3,Validate_Sublinerecord
FNDA:8,(anonymous_60)
FNDA:6,(anonymous_61)
FNDA:8,(anonymous_62)
FNDA:6,(anonymous_63)
FNDA:2,(anonymous_64)
FNDA:10,validate_data
FNDA:8,(anonymous_66)
FNDA:8,(anonymous_67)
FNDA:5,validate_sublinename
FNDA:5,(anonymous_69)
FNDA:6,get_errormsg
FNDA:7,(anonymous_71)
FNDA:1,(anonymous_72)
FNDA:1,(anonymous_73)
FNDA:1,(anonymous_74)
FNDA:1,(anonymous_75)
FNDA:1,(anonymous_76)
FNDA:1,(anonymous_77)
FNDA:1,(anonymous_78)
FNDA:2,(anonymous_79)
FNDA:1,(anonymous_80)
FNDA:1,(anonymous_81)
FNDA:1,(anonymous_82)
FNDA:1,(anonymous_83)
FNDA:2,(anonymous_84)
FNDA:1,(anonymous_85)
FNDA:1,(anonymous_86)
FNDA:6,update_changelog
FNDA:6,insert_data
FNDA:1,(anonymous_89)
FNDA:2,(anonymous_90)
FNDA:9,mainline_data
FNDA:7,subline_data
FNDA:14,authcheck
FNDA:12,(anonymous_94)
FNDA:35,get_cmsite
FNDA:56,(anonymous_96)
FNDA:28,(anonymous_97)
FNDA:6,AuthorizationCheck
FNDA:4,(anonymous_99)
FNDA:4,(anonymous_100)
FNDA:2,checkifexists
FNDA:8,(anonymous_102)
DA:2,1
DA:3,1
DA:4,1
DA:5,1
DA:6,1
DA:8,1
DA:16,1
DA:17,1
DA:18,1
DA:19,1
DA:20,1
DA:21,1
DA:23,1
DA:24,3
DA:25,3
DA:26,3
DA:27,3
DA:28,3
DA:29,1
DA:30,1
DA:31,1
DA:32,48
DA:33,12
DA:34,0
DA:37,1
DA:40,0
DA:41,0
DA:42,0
DA:49,1
DA:50,3
DA:51,3
DA:52,3
DA:53,3
DA:54,3
DA:55,1
DA:56,1
DA:57,1
DA:58,124
DA:59,31
DA:60,0
DA:63,1
DA:66,0
DA:67,0
DA:68,0
DA:75,1
DA:76,1
DA:77,1
DA:78,1
DA:79,1
DA:80,1
DA:81,1
DA:82,1
DA:83,1
DA:84,12
DA:85,3
DA:86,0
DA:89,1
DA:92,0
DA:93,0
DA:94,0
DA:101,1
DA:102,1
DA:103,1
DA:104,1
DA:105,1
DA:106,1
DA:108,1
DA:109,1
DA:110,1
DA:111,1
DA:112,1
DA:113,1
DA:114,1
DA:115,1
DA:116,1
DA:117,2
DA:118,1
DA:119,1
DA:120,1
DA:121,0
DA:122,0
DA:123,0
DA:126,2
DA:127,1
DA:128,1
DA:129,1
DA:130,0
DA:131,0
DA:132,0
DA:135,1
DA:136,1
DA:137,1
DA:138,1
DA:139,1
DA:140,0
DA:141,0
DA:143,1
DA:148,1
DA:149,0
DA:150,0
DA:151,0
DA:154,1
DA:156,0
DA:157,0
DA:161,1
DA:162,4
DA:163,4
DA:164,4
DA:165,4
DA:166,4
DA:168,4
DA:169,4
DA:170,4
DA:171,4
DA:172,4
DA:173,4
DA:174,4
DA:175,4
DA:176,4
DA:177,4
DA:178,8
DA:179,4
DA:180,4
DA:181,4
DA:182,0
DA:183,0
DA:184,0
DA:187,8
DA:188,4
DA:189,4
DA:190,4
DA:191,0
DA:192,0
DA:193,0
DA:196,4
DA:197,4
DA:198,4
DA:199,4
DA:200,4
DA:201,4
DA:203,4
DA:204,3
DA:205,3
DA:208,1
DA:214,1
DA:215,0
DA:216,0
DA:217,0
DA:220,1
DA:222,3
DA:223,3
DA:227,1
DA:228,3
DA:229,3
DA:230,1
DA:231,0
DA:237,1
DA:238,3
DA:239,3
DA:240,3
DA:242,3
DA:243,3
DA:244,3
DA:245,3
DA:246,3
DA:247,3
DA:248,3
DA:251,3
DA:252,3
DA:253,3
DA:254,3
DA:256,3
DA:257,0
DA:259,3
DA:260,3
DA:263,3
DA:266,6
DA:267,6
DA:270,0
DA:274,3
DA:275,3
DA:276,3
DA:277,3
DA:278,6
DA:279,6
DA:280,2
DA:283,3
DA:284,3
DA:285,3
DA:288,0
DA:289,0
DA:290,0
DA:291,0
DA:295,0
DA:296,0
DA:297,0
DA:303,1
DA:304,3
DA:305,3
DA:306,0
DA:307,0
DA:313,1
DA:314,3
DA:315,3
DA:316,3
DA:318,3
DA:319,3
DA:320,3
DA:321,3
DA:322,3
DA:323,3
DA:324,3
DA:327,3
DA:328,3
DA:329,3
DA:330,3
DA:332,3
DA:333,0
DA:335,3
DA:336,3
DA:339,3
DA:342,3
DA:343,3
DA:346,0
DA:350,3
DA:351,3
DA:352,3
DA:353,3
DA:354,3
DA:355,3
DA:356,1
DA:359,3
DA:360,3
DA:361,3
DA:366,0
DA:367,0
DA:368,0
DA:369,0
DA:375,0
DA:376,0
DA:377,0
DA:382,1
DA:383,11
DA:384,11
DA:385,11
DA:386,11
DA:388,11
DA:389,11
DA:390,11
DA:391,36
DA:392,3
DA:393,0
DA:394,0
DA:397,11
DA:398,60
DA:399,4
DA:400,0
DA:401,0
DA:404,11
DA:405,20
DA:406,4
DA:407,0
DA:408,0
DA:412,0
DA:413,0
DA:417,1
DA:418,11
DA:419,11
DA:420,11
DA:421,11
DA:423,0
DA:424,0
DA:429,11
DA:430,11
DA:431,11
DA:432,11
DA:433,11
DA:434,0
DA:438,11
DA:439,11
DA:440,11
DA:441,0
DA:444,11
DA:445,0
DA:448,11
DA:449,11
DA:453,11
DA:454,0
DA:455,0
DA:456,0
DA:457,0
DA:462,11
DA:464,11
DA:469,11
DA:470,11
DA:471,0
DA:473,11
DA:474,11
DA:475,11
DA:476,11
DA:478,1
DA:479,1
DA:481,1
DA:482,1
DA:484,1
DA:485,1
DA:487,1
DA:488,1
DA:490,1
DA:491,1
DA:493,1
DA:494,1
DA:496,1
DA:497,1
DA:499,1
DA:500,1
DA:502,1
DA:503,1
DA:505,1
DA:506,1
DA:508,1
DA:509,1
DA:511,0
DA:513,11
DA:517,6
DA:518,7
DA:519,6
DA:521,6
DA:525,28
DA:529,3
DA:531,3
DA:546,3
DA:547,0
DA:549,3
DA:550,0
DA:552,3
DA:554,3
DA:558,13
DA:559,12
DA:560,6
DA:561,5
DA:562,1
DA:565,16
DA:566,12
DA:567,6
DA:568,6
DA:569,2
DA:570,1
DA:573,1
DA:577,6
DA:578,6
DA:579,4
DA:584,4
DA:585,2
DA:588,4
DA:590,6
DA:594,6
DA:596,6
DA:610,6
DA:611,3
DA:613,6
DA:614,0
DA:616,6
DA:618,6
DA:622,8
DA:623,6
DA:624,3
DA:625,3
DA:626,1
DA:629,8
DA:630,6
DA:631,3
DA:632,3
DA:633,1
DA:634,1
DA:637,0
DA:641,3
DA:642,3
DA:643,2
DA:649,2
DA:650,1
DA:653,2
DA:654,1
DA:655,1
DA:658,3
DA:662,10
DA:663,8
DA:667,8
DA:668,1
DA:671,8
DA:674,8
DA:675,2
DA:676,1
DA:678,1
DA:683,10
DA:687,5
DA:690,5
DA:691,3
DA:692,2
DA:694,1
DA:698,5
DA:702,6
DA:703,7
DA:704,1
DA:705,1
DA:706,1
DA:707,1
DA:712,1
DA:713,1
DA:714,1
DA:715,1
DA:716,1
DA:717,1
DA:718,1
DA:719,1
DA:720,1
DA:721,1
DA:722,1
DA:723,1
DA:725,0
DA:726,0
DA:730,1
DA:731,1
DA:732,1
DA:733,1
DA:734,1
DA:740,1
DA:741,1
DA:742,1
DA:743,1
DA:744,1
DA:745,1
DA:746,1
DA:747,1
DA:748,1
DA:750,1
DA:751,1
DA:752,1
DA:753,1
DA:754,1
DA:755,1
DA:762,0
DA:763,0
DA:767,1
DA:768,1
DA:769,1
DA:770,1
DA:771,1
DA:773,1
DA:774,1
DA:775,1
DA:776,1
DA:777,1
DA:778,1
DA:779,1
DA:780,1
DA:781,1
DA:782,0
DA:783,0
DA:787,0
DA:788,0
DA:792,1
DA:793,1
DA:794,1
DA:795,1
DA:796,1
DA:798,1
DA:799,1
DA:800,1
DA:801,1
DA:802,1
DA:803,1
DA:804,1
DA:805,1
DA:806,0
DA:807,0
DA:811,0
DA:812,0
DA:816,1
DA:817,2
DA:818,2
DA:819,2
DA:820,2
DA:822,2
DA:823,2
DA:824,2
DA:825,2
DA:826,2
DA:827,2
DA:828,2
DA:829,2
DA:830,2
DA:831,1
DA:832,1
DA:834,1
DA:840,1
DA:841,1
DA:842,1
DA:847,1
DA:848,1
DA:852,1
DA:853,1
DA:854,1
DA:855,1
DA:856,1
DA:861,1
DA:862,1
DA:863,1
DA:864,1
DA:865,1
DA:866,1
DA:867,1
DA:868,1
DA:869,1
DA:871,1
DA:872,1
DA:873,1
DA:874,1
DA:875,1
DA:876,1
DA:883,0
DA:884,0
DA:888,1
DA:889,2
DA:890,2
DA:891,2
DA:892,2
DA:894,2
DA:895,2
DA:896,2
DA:897,2
DA:898,2
DA:899,2
DA:900,2
DA:901,2
DA:902,1
DA:903,1
DA:905,1
DA:910,1
DA:911,1
DA:912,1
DA:917,1
DA:918,1
DA:922,1
DA:923,1
DA:924,1
DA:925,1
DA:926,1
DA:927,1
DA:928,1
DA:929,1
DA:930,1
DA:931,1
DA:932,1
DA:933,1
DA:935,0
DA:936,0
DA:941,6
DA:942,6
DA:943,6
DA:944,6
DA:945,6
DA:946,6
DA:947,6
DA:948,6
DA:949,6
DA:950,6
DA:951,6
DA:952,6
DA:953,6
DA:954,6
DA:955,6
DA:956,6
DA:957,6
DA:958,0
DA:972,6
DA:973,2
DA:974,2
DA:975,2
DA:976,2
DA:977,2
DA:978,1
DA:979,1
DA:980,1
DA:981,1
DA:982,1
DA:983,1
DA:984,1
DA:988,1
DA:989,2
DA:990,2
DA:991,2
DA:992,2
DA:993,2
DA:994,2
DA:997,2
DA:1000,4
DA:1001,4
DA:1006,9
DA:1007,9
DA:1008,5
DA:1009,5
DA:1010,5
DA:1011,5
DA:1012,5
DA:1013,5
DA:1014,5
DA:1015,5
DA:1016,5
DA:1017,5
DA:1018,5
DA:1019,5
DA:1020,5
DA:1022,4
DA:1023,4
DA:1024,4
DA:1025,4
DA:1026,4
DA:1027,4
DA:1028,4
DA:1029,4
DA:1030,4
DA:1031,4
DA:1032,4
DA:1033,4
DA:1034,4
DA:1035,4
DA:1037,9
DA:1041,7
DA:1042,7
DA:1043,4
DA:1044,4
DA:1045,4
DA:1046,4
DA:1047,4
DA:1048,4
DA:1049,4
DA:1050,4
DA:1051,4
DA:1052,4
DA:1053,4
DA:1054,4
DA:1055,4
DA:1056,4
DA:1059,3
DA:1060,3
DA:1061,3
DA:1062,3
DA:1063,3
DA:1064,3
DA:1065,3
DA:1066,3
DA:1067,3
DA:1068,3
DA:1069,3
DA:1070,3
DA:1071,3
DA:1072,3
DA:1073,3
DA:1075,7
DA:1079,14
DA:1080,3
DA:1081,12
DA:1082,3
DA:1083,3
DA:1086,14
DA:1090,35
DA:1091,56
DA:1092,35
DA:1093,28
DA:1094,7
DA:1095,7
DA:1096,28
DA:1100,35
DA:1104,6
DA:1105,6
DA:1106,6
DA:1107,6
DA:1108,6
DA:1109,6
DA:1110,2
DA:1111,2
DA:1114,4
DA:1115,4
DA:1116,4
DA:1117,0
DA:1118,0
DA:1121,4
DA:1122,0
DA:1123,0
DA:1127,6
DA:1131,8
DA:1132,2
DA:1133,2
DA:1135,0
LF:695
LH:595
BRDA:28,0,0,1
BRDA:28,0,1,2
BRDA:29,1,0,1
BRDA:29,1,1,0
BRDA:33,2,0,0
BRDA:33,2,1,12
BRDA:41,3,0,0
BRDA:41,3,1,0
BRDA:54,4,0,1
BRDA:54,4,1,2
BRDA:55,5,0,1
BRDA:55,5,1,0
BRDA:59,6,0,0
BRDA:59,6,1,31
BRDA:67,7,0,0
BRDA:67,7,1,0
BRDA:80,8,0,1
BRDA:80,8,1,0
BRDA:81,9,0,1
BRDA:81,9,1,0
BRDA:85,10,0,0
BRDA:85,10,1,3
BRDA:93,11,0,0
BRDA:93,11,1,0
BRDA:104,12,0,1
BRDA:104,12,1,0
BRDA:119,13,0,1
BRDA:119,13,1,0
BRDA:120,14,0,0
BRDA:120,14,1,1
BRDA:128,15,0,1
BRDA:128,15,1,0
BRDA:129,16,0,0
BRDA:129,16,1,1
BRDA:139,17,0,0
BRDA:139,17,1,1
BRDA:148,18,0,0
BRDA:148,18,1,1
BRDA:164,19,0,4
BRDA:164,19,1,0
BRDA:180,20,0,4
BRDA:180,20,1,0
BRDA:181,21,0,0
BRDA:181,21,1,4
BRDA:189,22,0,4
BRDA:189,22,1,0
BRDA:190,23,0,0
BRDA:190,23,1,4
BRDA:199,24,0,4
BRDA:199,24,1,0
BRDA:199,25,0,4
BRDA:199,25,1,0
BRDA:203,26,0,3
BRDA:203,26,1,1
BRDA:214,27,0,0
BRDA:214,27,1,1
BRDA:230,28,0,0
BRDA:230,28,1,1
BRDA:238,29,0,3
BRDA:238,29,1,0
BRDA:256,30,0,0
BRDA:256,30,1,3
BRDA:275,31,0,3
BRDA:275,31,1,0
BRDA:279,32,0,2
BRDA:279,32,1,4
BRDA:279,33,0,6
BRDA:279,33,1,4
BRDA:306,34,0,0
BRDA:306,34,1,0
BRDA:314,35,0,3
BRDA:314,35,1,0
BRDA:332,36,0,0
BRDA:332,36,1,3
BRDA:351,37,0,3
BRDA:351,37,1,0
BRDA:355,38,0,1
BRDA:355,38,1,2
BRDA:355,39,0,3
BRDA:355,39,1,2
BRDA:384,40,0,11
BRDA:384,40,1,0
BRDA:390,41,0,3
BRDA:390,41,1,8
BRDA:390,42,0,11
BRDA:390,42,1,10
BRDA:390,42,2,9
BRDA:392,43,0,0
BRDA:392,43,1,3
BRDA:397,44,0,4
BRDA:397,44,1,7
BRDA:397,45,0,11
BRDA:397,45,1,10
BRDA:397,45,2,9
BRDA:397,45,3,8
BRDA:399,46,0,0
BRDA:399,46,1,4
BRDA:404,47,0,4
BRDA:404,47,1,7
BRDA:404,48,0,11
BRDA:404,48,1,10
BRDA:404,48,2,9
BRDA:404,48,3,8
BRDA:406,49,0,0
BRDA:406,49,1,4
BRDA:433,50,0,0
BRDA:433,50,1,11
BRDA:440,51,0,0
BRDA:440,51,1,11
BRDA:444,52,0,0
BRDA:444,52,1,11
BRDA:448,53,0,11
BRDA:448,53,1,0
BRDA:448,54,0,11
BRDA:448,54,1,11
BRDA:453,55,0,0
BRDA:453,55,1,11
BRDA:455,56,0,0
BRDA:455,56,1,0
BRDA:456,57,0,0
BRDA:456,57,1,0
BRDA:470,58,0,0
BRDA:470,58,1,11
BRDA:476,59,0,1
BRDA:476,59,1,1
BRDA:476,59,2,1
BRDA:476,59,3,1
BRDA:476,59,4,1
BRDA:476,59,5,1
BRDA:476,59,6,1
BRDA:476,59,7,1
BRDA:476,59,8,1
BRDA:476,59,9,1
BRDA:476,59,10,1
BRDA:476,59,11,0
BRDA:518,60,0,1
BRDA:518,60,1,6
BRDA:529,61,0,3
BRDA:529,61,1,0
BRDA:529,62,0,3
BRDA:529,62,1,3
BRDA:529,62,2,3
BRDA:529,62,3,3
BRDA:540,63,0,0
BRDA:540,63,1,3
BRDA:546,64,0,0
BRDA:546,64,1,3
BRDA:547,65,0,0
BRDA:547,65,1,0
BRDA:547,65,2,0
BRDA:547,65,3,0
BRDA:549,66,0,0
BRDA:549,66,1,3
BRDA:560,67,0,5
BRDA:560,67,1,1
BRDA:561,68,0,1
BRDA:561,68,1,4
BRDA:567,69,0,6
BRDA:567,69,1,0
BRDA:568,70,0,2
BRDA:568,70,1,4
BRDA:569,71,0,1
BRDA:569,71,1,1
BRDA:578,72,0,4
BRDA:578,72,1,2
BRDA:578,73,0,6
BRDA:578,73,1,2
BRDA:584,74,0,2
BRDA:584,74,1,2
BRDA:594,75,0,6
BRDA:594,75,1,0
BRDA:594,76,0,6
BRDA:594,76,1,6
BRDA:594,76,2,6
BRDA:610,77,0,3
BRDA:610,77,1,3
BRDA:611,78,0,3
BRDA:611,78,1,0
BRDA:611,78,2,0
BRDA:613,79,0,0
BRDA:613,79,1,6
BRDA:624,80,0,3
BRDA:624,80,1,0
BRDA:625,81,0,1
BRDA:625,81,1,2
BRDA:631,82,0,3
BRDA:631,82,1,0
BRDA:632,83,0,1
BRDA:632,83,1,2
BRDA:633,84,0,1
BRDA:633,84,1,0
BRDA:642,85,0,2
BRDA:642,85,1,1
BRDA:642,86,0,3
BRDA:642,86,1,1
BRDA:649,87,0,1
BRDA:649,87,1,1
BRDA:653,88,0,1
BRDA:653,88,1,1
BRDA:653,89,0,2
BRDA:653,89,1,1
BRDA:662,90,0,8
BRDA:662,90,1,2
BRDA:662,91,0,10
BRDA:662,91,1,2
BRDA:667,92,0,1
BRDA:667,92,1,7
BRDA:674,93,0,2
BRDA:674,93,1,6
BRDA:675,94,0,1
BRDA:675,94,1,1
BRDA:690,95,0,3
BRDA:690,95,1,2
BRDA:691,96,0,2
BRDA:691,96,1,1
BRDA:705,97,0,1
BRDA:705,97,1,0
BRDA:733,98,0,1
BRDA:733,98,1,0
BRDA:740,99,0,1
BRDA:740,99,1,0
BRDA:745,100,0,1
BRDA:745,100,1,1
BRDA:745,100,2,1
BRDA:745,100,3,1
BRDA:745,100,4,1
BRDA:746,101,0,1
BRDA:746,101,1,0
BRDA:747,102,0,1
BRDA:747,102,1,0
BRDA:769,103,0,1
BRDA:769,103,1,0
BRDA:781,104,0,0
BRDA:781,104,1,1
BRDA:794,105,0,1
BRDA:794,105,1,0
BRDA:805,106,0,0
BRDA:805,106,1,1
BRDA:818,107,0,2
BRDA:818,107,1,0
BRDA:830,108,0,1
BRDA:830,108,1,1
BRDA:840,109,0,1
BRDA:840,109,1,0
BRDA:855,110,0,1
BRDA:855,110,1,0
BRDA:861,111,0,1
BRDA:861,111,1,0
BRDA:866,112,0,1
BRDA:866,112,1,1
BRDA:866,112,2,1
BRDA:866,112,3,1
BRDA:867,113,0,1
BRDA:867,113,1,0
BRDA:868,114,0,1
BRDA:868,114,1,0
BRDA:890,115,0,2
BRDA:890,115,1,0
BRDA:901,116,0,1
BRDA:901,116,1,1
BRDA:910,117,0,1
BRDA:910,117,1,0
BRDA:957,118,0,0
BRDA:957,118,1,6
BRDA:972,119,0,2
BRDA:972,119,1,4
BRDA:977,120,0,1
BRDA:977,120,1,1
BRDA:1007,121,0,5
BRDA:1007,121,1,4
BRDA:1042,122,0,4
BRDA:1042,122,1,3
BRDA:1079,123,0,3
BRDA:1079,123,1,11
BRDA:1082,124,0,3
BRDA:1082,124,1,0
BRDA:1092,125,0,7
BRDA:1092,125,1,28
BRDA:1094,126,0,7
BRDA:1094,126,1,0
BRDA:1095,127,0,35
BRDA:1095,127,1,28
BRDA:1109,128,0,2
BRDA:1109,128,1,4
BRDA:1110,129,0,2
BRDA:1110,129,1,0
BRDA:1116,130,0,0
BRDA:1116,130,1,4
BRDA:1117,131,0,0
BRDA:1117,131,1,0
BRDA:1121,132,0,0
BRDA:1121,132,1,4
BRDA:1122,133,0,0
BRDA:1122,133,1,0
BRDA:1132,134,0,2
BRDA:1132,134,1,0
BRF:296
BRH:200
end_of_record
TN:
SF:srv/server.js
FN:3,(anonymous_0)
FNF:1
FNH:1
FNDA:1,(anonymous_0)
DA:1,1
DA:2,1
DA:3,1
DA:4,1
LF:4
LH:4
BRF:0
BRH:0
end_of_record
