TN:
SF:srv/3dv_service.js
FN:5,(anonymous_0)
FN:18,getuuid
FN:22,(anonymous_2)
FN:71,(anonymous_3)
FN:101,process3DVAnnotationData
FN:110,(anonymous_5)
FN:112,(anonymous_6)
FN:127,(anonymous_7)
FN:138,filterRFIDMovedRecords
FN:141,(anonymous_9)
FN:143,(anonymous_10)
FN:161,(anonymous_11)
FN:162,(anonymous_12)
FN:166,(anonymous_13)
FN:174,updateVerticesXY
FN:184,(anonymous_15)
FN:186,(anonymous_16)
FN:187,(anonymous_17)
FN:196,(anonymous_18)
FN:201,(anonymous_19)
FN:212,(anonymous_20)
FN:214,(anonymous_21)
FN:249,(anonymous_22)
FN:263,update_vertices
FN:267,(anonymous_24)
FN:274,(anonymous_25)
FN:299,compareRfidShapesGuid
FN:303,(anonymous_27)
FN:304,(anonymous_28)
FN:309,(anonymous_29)
FN:324,(anonymous_30)
FN:326,(anonymous_31)
FN:334,(anonymous_32)
FN:340,getRFIDs
FN:368,calculateVertices
FN:407,checkandcallRFIDTag
FN:425,process3DVHeaderData
FN:434,(anonymous_37)
FN:435,(anonymous_38)
FN:465,(anonymous_39)
FN:477,(anonymous_40)
FN:503,(anonymous_41)
FN:521,getRFIDTags
FN:544,checkRFIDIntersect
FN:559,checkPolygonIntersect
FN:583,(anonymous_45)
FN:622,(anonymous_46)
FN:639,(anonymous_47)
FN:670,(anonymous_48)
FN:700,(anonymous_49)
FN:708,(anonymous_50)
FN:710,(anonymous_51)
FN:718,(anonymous_52)
FN:725,(anonymous_53)
FN:752,(anonymous_54)
FN:760,(anonymous_55)
FN:780,validateRecord
FN:806,dbDataFetch
FN:834,checkAuthorization
FN:848,(anonymous_59)
FN:851,(anonymous_60)
FN:856,(anonymous_61)
FN:859,(anonymous_62)
FN:867,authcheck
FN:870,(anonymous_64)
FN:879,get_cmsite
FN:881,(anonymous_66)
FN:883,(anonymous_67)
FN:893,(anonymous_68)
FN:901,(anonymous_69)
FN:902,(anonymous_70)
FN:927,createQueries
FN:937,(anonymous_72)
FN:945,(anonymous_73)
FN:967,(anonymous_74)
FN:976,(anonymous_75)
FN:981,(anonymous_76)
FN:982,(anonymous_77)
FN:983,(anonymous_78)
FN:1036,checkisequal
FN:1043,updateShapes
FN:1045,(anonymous_81)
FN:1046,(anonymous_82)
FN:1072,processHeaderData
FN:1082,(anonymous_84)
FN:1084,(anonymous_85)
FN:1130,processAnnotationData
FN:1166,(anonymous_87)
FN:1174,(anonymous_88)
FN:1175,(anonymous_89)
FN:1196,updateData
FN:1198,(anonymous_91)
FN:1200,(anonymous_92)
FN:1217,fillRecord
FN:1228,(anonymous_94)
FN:1241,getEquipName
FN:1244,(anonymous_96)
FN:1261,getRFIDAnnotationData
FN:1270,(anonymous_98)
FN:1280,processShapeData
FN:1296,(anonymous_100)
FN:1298,(anonymous_101)
FN:1309,filterShapeItems
FN:1310,(anonymous_103)
FN:1316,shapeData
FN:1326,(anonymous_105)
FN:1330,(anonymous_106)
FN:1335,(anonymous_107)
FN:1340,(anonymous_108)
FN:1351,(anonymous_109)
FN:1356,(anonymous_110)
FN:1359,(anonymous_111)
FN:1364,updateShapeData
FN:1369,(anonymous_113)
FN:1370,(anonymous_114)
FN:1408,(anonymous_115)
FN:1423,buildShapeGUIDRange
FN:1425,(anonymous_117)
FN:1431,fillnewShapesVertices
FN:1433,(anonymous_119)
FN:1435,(anonymous_120)
FN:1444,(anonymous_121)
FN:1466,(anonymous_122)
FN:1474,(anonymous_123)
FN:1515,fetchdata
FN:1519,(anonymous_125)
FN:1533,(anonymous_126)
FN:1546,MandatoryValidation
FN:1568,Linetype_Uph_Validation
FN:1570,(anonymous_129)
FN:1582,validate_aqid
FN:1589,(anonymous_131)
FN:1605,validate_program
FN:1609,(anonymous_133)
FN:1622,(anonymous_134)
FN:1643,(anonymous_135)
FN:1648,(anonymous_136)
FN:1657,(anonymous_137)
FN:1662,(anonymous_138)
FN:1677,check_entryexists
FN:1683,AuthorityCheck
FN:1707,update_changelog
FN:1736,rfid_data
FN:1798,(anonymous_143)
FN:1815,(anonymous_144)
FN:1816,(anonymous_145)
FN:1846,(anonymous_146)
FN:1873,check_if_locked
FN:1882,(anonymous_148)
FN:1891,releaselock
FN:1908,updatelockdata
FN:1923,(anonymous_151)
FN:1936,(anonymous_152)
FN:1938,(anonymous_153)
FNF:154
FNH:133
FNDA:1,(anonymous_0)
FNDA:27,getuuid
FNDA:1,(anonymous_2)
FNDA:1,(anonymous_3)
FNDA:1,process3DVAnnotationData
FNDA:1,(anonymous_5)
FNDA:2,(anonymous_6)
FNDA:0,(anonymous_7)
FNDA:1,filterRFIDMovedRecords
FNDA:1,(anonymous_9)
FNDA:1,(anonymous_10)
FNDA:1,(anonymous_11)
FNDA:8021,(anonymous_12)
FNDA:1,(anonymous_13)
FNDA:1,updateVerticesXY
FNDA:3,(anonymous_15)
FNDA:0,(anonymous_16)
FNDA:0,(anonymous_17)
FNDA:4,(anonymous_18)
FNDA:2,(anonymous_19)
FNDA:8,(anonymous_20)
FNDA:0,(anonymous_21)
FNDA:1,(anonymous_22)
FNDA:1,update_vertices
FNDA:4,(anonymous_24)
FNDA:3,(anonymous_25)
FNDA:2,compareRfidShapesGuid
FNDA:2,(anonymous_27)
FNDA:1,(anonymous_28)
FNDA:0,(anonymous_29)
FNDA:0,(anonymous_30)
FNDA:0,(anonymous_31)
FNDA:2,(anonymous_32)
FNDA:2,getRFIDs
FNDA:4,calculateVertices
FNDA:4,checkandcallRFIDTag
FNDA:1,process3DVHeaderData
FNDA:1,(anonymous_37)
FNDA:2,(anonymous_38)
FNDA:0,(anonymous_39)
FNDA:1,(anonymous_40)
FNDA:1,(anonymous_41)
FNDA:2,getRFIDTags
FNDA:2,checkRFIDIntersect
FNDA:3,checkPolygonIntersect
FNDA:12,(anonymous_45)
FNDA:4,(anonymous_46)
FNDA:1,(anonymous_47)
FNDA:3,(anonymous_48)
FNDA:6,(anonymous_49)
FNDA:7000,(anonymous_50)
FNDA:27919,(anonymous_51)
FNDA:0,(anonymous_52)
FNDA:18,(anonymous_53)
FNDA:20,(anonymous_54)
FNDA:20,(anonymous_55)
FNDA:20,validateRecord
FNDA:17,dbDataFetch
FNDA:18,checkAuthorization
FNDA:21,(anonymous_59)
FNDA:4,(anonymous_60)
FNDA:0,(anonymous_61)
FNDA:0,(anonymous_62)
FNDA:0,authcheck
FNDA:0,(anonymous_64)
FNDA:24,get_cmsite
FNDA:30,(anonymous_66)
FNDA:8,(anonymous_67)
FNDA:2,(anonymous_68)
FNDA:2,(anonymous_69)
FNDA:0,(anonymous_70)
FNDA:2,createQueries
FNDA:2,(anonymous_72)
FNDA:4,(anonymous_73)
FNDA:2,(anonymous_74)
FNDA:2,(anonymous_75)
FNDA:0,(anonymous_76)
FNDA:0,(anonymous_77)
FNDA:0,(anonymous_78)
FNDA:0,checkisequal
FNDA:2,updateShapes
FNDA:0,(anonymous_81)
FNDA:0,(anonymous_82)
FNDA:4,processHeaderData
FNDA:4,(anonymous_84)
FNDA:2,(anonymous_85)
FNDA:4,processAnnotationData
FNDA:4,(anonymous_87)
FNDA:2017,(anonymous_88)
FNDA:894358,(anonymous_89)
FNDA:4,updateData
FNDA:2017,(anonymous_91)
FNDA:3015,(anonymous_92)
FNDA:7,fillRecord
FNDA:0,(anonymous_94)
FNDA:4,getEquipName
FNDA:8,(anonymous_96)
FNDA:4,getRFIDAnnotationData
FNDA:2770,(anonymous_98)
FNDA:4,processShapeData
FNDA:4,(anonymous_100)
FNDA:1,(anonymous_101)
FNDA:6,filterShapeItems
FNDA:70,(anonymous_103)
FNDA:3,shapeData
FNDA:14,(anonymous_105)
FNDA:611,(anonymous_106)
FNDA:34,(anonymous_107)
FNDA:14,(anonymous_108)
FNDA:104,(anonymous_109)
FNDA:104,(anonymous_110)
FNDA:14,(anonymous_111)
FNDA:4,updateShapeData
FNDA:7,(anonymous_113)
FNDA:64,(anonymous_114)
FNDA:4,(anonymous_115)
FNDA:3,buildShapeGUIDRange
FNDA:14,(anonymous_117)
FNDA:4,fillnewShapesVertices
FNDA:4,(anonymous_119)
FNDA:8,(anonymous_120)
FNDA:4,(anonymous_121)
FNDA:8,(anonymous_122)
FNDA:7,(anonymous_123)
FNDA:6,fetchdata
FNDA:2,(anonymous_125)
FNDA:70,(anonymous_126)
FNDA:11,MandatoryValidation
FNDA:13,Linetype_Uph_Validation
FNDA:2,(anonymous_129)
FNDA:13,validate_aqid
FNDA:11,(anonymous_131)
FNDA:13,validate_program
FNDA:11,(anonymous_133)
FNDA:2,(anonymous_134)
FNDA:1,(anonymous_135)
FNDA:1,(anonymous_136)
FNDA:1,(anonymous_137)
FNDA:1,(anonymous_138)
FNDA:2,check_entryexists
FNDA:8,AuthorityCheck
FNDA:4,update_changelog
FNDA:6051,rfid_data
FNDA:4,(anonymous_143)
FNDA:2,(anonymous_144)
FNDA:3,(anonymous_145)
FNDA:2,(anonymous_146)
FNDA:18,check_if_locked
FNDA:18,(anonymous_148)
FNDA:6,releaselock
FNDA:1,updatelockdata
FNDA:1,(anonymous_151)
FNDA:1,(anonymous_152)
FNDA:1,(anonymous_153)
DA:2,1
DA:3,1
DA:5,1
DA:13,1
DA:15,1
DA:16,1
DA:19,27
DA:22,1
DA:24,1
DA:25,1
DA:26,1
DA:27,1
DA:28,1
DA:29,1
DA:31,1
DA:32,1
DA:33,1
DA:34,1
DA:36,1
DA:37,1
DA:38,1
DA:39,1
DA:40,1
DA:41,1
DA:42,1
DA:43,1
DA:44,1
DA:46,0
DA:48,1
DA:49,1
DA:51,0
DA:53,1
DA:54,1
DA:55,1
DA:56,1
DA:57,1
DA:58,1
DA:59,1
DA:60,1
DA:61,1
DA:62,1
DA:63,1
DA:64,1
DA:65,1
DA:66,1
DA:67,1
DA:68,1
DA:69,1
DA:71,1
DA:72,1
DA:73,1
DA:74,1
DA:75,1
DA:76,1
DA:77,1
DA:78,1
DA:79,1
DA:80,1
DA:81,1
DA:82,1
DA:84,1
DA:88,1
DA:89,1
DA:90,1
DA:92,1
DA:95,0
DA:96,0
DA:97,0
DA:102,1
DA:103,1
DA:112,2
DA:113,1
DA:114,1
DA:115,1
DA:116,1
DA:117,1
DA:124,1
DA:127,0
DA:128,0
DA:130,1
DA:131,1
DA:133,1
DA:134,1
DA:139,1
DA:141,1
DA:143,1
DA:144,1
DA:145,1
DA:146,1
DA:147,1
DA:148,1
DA:149,1
DA:150,1
DA:151,1
DA:154,1
DA:155,1
DA:161,1
DA:162,8021
DA:163,1
DA:164,1
DA:166,1
DA:167,1
DA:168,1
DA:169,1
DA:171,1
DA:175,1
DA:176,1
DA:177,1
DA:184,3
DA:185,1
DA:186,0
DA:187,0
DA:188,0
DA:189,0
DA:190,0
DA:191,0
DA:193,0
DA:196,4
DA:198,1
DA:199,1
DA:200,1
DA:201,1
DA:202,2
DA:204,1
DA:205,1
DA:210,1
DA:211,1
DA:212,8
DA:213,1
DA:214,0
DA:216,1
DA:217,1
DA:218,1
DA:219,1
DA:220,1
DA:221,1
DA:223,1
DA:224,1
DA:225,0
DA:228,1
DA:231,1
DA:232,1
DA:233,1
DA:234,1
DA:235,1
DA:236,1
DA:237,1
DA:238,1
DA:239,1
DA:240,1
DA:241,1
DA:245,1
DA:249,1
DA:251,1
DA:252,1
DA:253,1
DA:254,1
DA:264,1
DA:265,1
DA:266,1
DA:267,1
DA:268,4
DA:269,4
DA:270,4
DA:271,4
DA:272,4
DA:273,4
DA:274,3
DA:275,2
DA:276,2
DA:277,2
DA:279,2
DA:280,2
DA:281,2
DA:282,2
DA:283,2
DA:284,2
DA:285,2
DA:286,2
DA:287,2
DA:288,2
DA:289,2
DA:292,2
DA:293,2
DA:296,1
DA:300,2
DA:301,2
DA:303,2
DA:304,2
DA:307,1
DA:308,1
DA:309,0
DA:311,1
DA:312,0
DA:313,0
DA:316,1
DA:317,1
DA:324,2
DA:326,0
DA:327,0
DA:328,0
DA:329,0
DA:334,2
DA:335,2
DA:336,0
DA:341,2
DA:342,2
DA:343,2
DA:344,2
DA:345,2
DA:346,2
DA:348,2
DA:349,2
DA:350,2
DA:351,2
DA:352,2
DA:353,2
DA:354,2
DA:355,2
DA:356,2
DA:357,2
DA:358,2
DA:359,2
DA:360,2
DA:361,2
DA:363,2
DA:364,2
DA:373,4
DA:374,4
DA:376,4
DA:377,4
DA:378,4
DA:379,4
DA:382,4
DA:383,0
DA:385,4
DA:386,0
DA:389,4
DA:393,4
DA:394,0
DA:396,4
DA:397,0
DA:400,4
DA:404,4
DA:408,4
DA:409,4
DA:410,1
DA:412,3
DA:413,3
DA:415,3
DA:418,1
DA:419,1
DA:420,1
DA:421,1
DA:426,1
DA:427,1
DA:435,2
DA:437,1
DA:438,1
DA:439,1
DA:465,0
DA:466,0
DA:467,0
DA:469,0
DA:470,0
DA:472,1
DA:473,1
DA:477,1
DA:478,1
DA:479,1
DA:480,1
DA:481,1
DA:483,1
DA:484,1
DA:485,1
DA:486,1
DA:487,1
DA:488,1
DA:489,1
DA:490,1
DA:491,1
DA:492,1
DA:493,1
DA:504,1
DA:505,0
DA:506,0
DA:508,1
DA:512,0
DA:516,0
DA:517,0
DA:522,2
DA:523,2
DA:524,2
DA:525,2
DA:526,2
DA:527,2
DA:528,2
DA:529,2
DA:530,2
DA:531,2
DA:532,2
DA:533,2
DA:534,2
DA:535,2
DA:536,2
DA:537,0
DA:538,0
DA:541,2
DA:546,2
DA:547,8
DA:548,8
DA:549,8
DA:550,8
DA:551,8
DA:552,8
DA:553,0
DA:556,2
DA:561,3
DA:563,3
DA:565,3
DA:566,3
DA:568,3
DA:572,3
DA:577,3
DA:578,3
DA:583,3
DA:584,12
DA:590,3
DA:591,2
DA:594,1
DA:595,1
DA:598,1
DA:600,1
DA:603,1
DA:605,1
DA:606,1
DA:608,1
DA:612,1
DA:617,1
DA:618,1
DA:622,1
DA:623,4
DA:629,1
DA:631,1
DA:632,0
DA:633,0
DA:636,1
DA:639,1
DA:640,1
DA:641,1
DA:642,1
DA:643,1
DA:644,1
DA:645,1
DA:646,1
DA:647,1
DA:648,1
DA:649,1
DA:650,1
DA:651,1
DA:652,1
DA:660,1
DA:663,0
DA:664,0
DA:665,0
DA:670,1
DA:671,3
DA:672,3
DA:673,3
DA:674,3
DA:675,3
DA:676,3
DA:677,3
DA:678,3
DA:679,3
DA:680,3
DA:681,3
DA:682,3
DA:690,3
DA:693,0
DA:694,0
DA:695,0
DA:700,1
DA:701,6
DA:702,6
DA:703,6
DA:704,6
DA:705,6
DA:706,1
DA:707,1
DA:708,1
DA:709,7000
DA:710,27919
DA:711,7000
DA:712,27
DA:715,1
DA:718,0
DA:719,0
DA:720,0
DA:725,1
DA:726,18
DA:727,18
DA:728,18
DA:729,18
DA:730,18
DA:732,18
DA:733,18
DA:734,18
DA:735,0
DA:737,18
DA:742,18
DA:743,18
DA:744,18
DA:745,1
DA:747,17
DA:748,17
DA:749,17
DA:750,17
DA:751,17
DA:752,17
DA:753,20
DA:754,20
DA:755,20
DA:756,20
DA:758,17
DA:759,17
DA:760,17
DA:761,20
DA:762,20
DA:763,20
DA:764,11
DA:767,17
DA:768,11
DA:770,6
DA:773,12
DA:774,1
DA:775,1
DA:781,20
DA:783,20
DA:784,20
DA:785,20
DA:786,11
DA:788,20
DA:789,13
DA:790,13
DA:791,13
DA:792,13
DA:793,13
DA:795,20
DA:796,11
DA:798,9
DA:800,20
DA:801,20
DA:802,20
DA:807,17
DA:808,17
DA:809,17
DA:810,16
DA:816,17
DA:817,16
DA:823,17
DA:824,16
DA:831,17
DA:835,18
DA:836,18
DA:837,18
DA:838,18
DA:839,18
DA:840,18
DA:843,0
DA:846,18
DA:848,21
DA:849,17
DA:851,4
DA:852,1
DA:855,0
DA:856,0
DA:857,0
DA:859,0
DA:860,0
DA:863,0
DA:868,0
DA:869,0
DA:870,0
DA:871,0
DA:872,0
DA:875,0
DA:880,24
DA:881,30
DA:882,24
DA:883,8
DA:884,2
DA:885,2
DA:886,8
DA:890,24
DA:893,1
DA:894,2
DA:895,2
DA:896,2
DA:897,2
DA:898,2
DA:899,2
DA:900,2
DA:901,2
DA:902,2
DA:903,2
DA:904,0
DA:905,0
DA:907,2
DA:908,2
DA:916,2
DA:920,0
DA:921,0
DA:922,0
DA:928,2
DA:930,2
DA:931,0
DA:937,2
DA:938,2
DA:939,2
DA:940,2
DA:941,2
DA:942,2
DA:943,2
DA:944,2
DA:945,2
DA:946,4
DA:947,4
DA:948,4
DA:949,4
DA:950,4
DA:951,4
DA:952,4
DA:954,2
DA:955,2
DA:957,2
DA:958,2
DA:962,2
DA:968,2
DA:971,2
DA:977,2
DA:978,0
DA:979,0
DA:980,0
DA:981,0
DA:982,0
DA:983,0
DA:984,0
DA:985,0
DA:987,0
DA:988,0
DA:989,0
DA:990,0
DA:1011,0
DA:1012,0
DA:1013,0
DA:1014,0
DA:1016,0
DA:1017,0
DA:1018,0
DA:1019,0
DA:1022,0
DA:1023,0
DA:1024,0
DA:1025,0
DA:1026,0
DA:1027,0
DA:1028,0
DA:1029,0
DA:1033,2
DA:1037,0
DA:1038,0
DA:1044,2
DA:1045,2
DA:1046,0
DA:1047,0
DA:1048,0
DA:1070,2
DA:1073,4
DA:1074,4
DA:1075,4
DA:1083,4
DA:1084,2
DA:1085,1
DA:1086,1
DA:1088,1
DA:1089,1
DA:1090,1
DA:1091,1
DA:1092,1
DA:1098,1
DA:1099,1
DA:1103,3
DA:1104,3
DA:1105,3
DA:1112,3
DA:1113,3
DA:1114,3
DA:1116,3
DA:1117,3
DA:1118,3
DA:1122,4
DA:1125,0
DA:1126,0
DA:1132,4
DA:1133,4
DA:1134,4
DA:1135,4
DA:1136,4
DA:1137,4
DA:1138,4
DA:1144,4
DA:1145,4
DA:1146,4
DA:1147,4
DA:1148,4
DA:1149,1
DA:1157,3
DA:1166,4
DA:1167,4
DA:1170,4
DA:1171,4
DA:1172,4
DA:1173,4
DA:1174,4
DA:1175,894358
DA:1176,2017
DA:1177,2017
DA:1178,2017
DA:1179,2017
DA:1180,2017
DA:1182,2017
DA:1183,2017
DA:1184,2017
DA:1185,2017
DA:1188,4
DA:1189,4
DA:1193,4
DA:1197,4
DA:1198,4
DA:1199,2017
DA:1200,3015
DA:1201,2017
DA:1202,7
DA:1205,2010
DA:1206,0
DA:1207,0
DA:1208,0
DA:1209,0
DA:1210,0
DA:1212,2017
DA:1214,4
DA:1219,7
DA:1220,7
DA:1221,7
DA:1222,7
DA:1223,7
DA:1224,7
DA:1225,7
DA:1226,7
DA:1227,7
DA:1228,0
DA:1229,0
DA:1230,0
DA:1233,7
DA:1234,0
DA:1236,7
DA:1237,7
DA:1239,7
DA:1243,4
DA:1244,4
DA:1245,8
DA:1248,4
DA:1249,4
DA:1257,0
DA:1262,4
DA:1269,4
DA:1270,2770
DA:1271,4
DA:1272,1
DA:1275,3
DA:1282,4
DA:1283,4
DA:1284,3
DA:1285,3
DA:1286,3
DA:1288,3
DA:1290,4
DA:1297,4
DA:1298,1
DA:1299,1
DA:1300,1
DA:1303,4
DA:1305,4
DA:1310,70
DA:1311,6
DA:1312,6
DA:1314,6
DA:1318,3
DA:1326,3
DA:1328,14
DA:1330,611
DA:1331,14
DA:1332,0
DA:1334,14
DA:1335,34
DA:1336,14
DA:1337,0
DA:1340,14
DA:1341,14
DA:1343,2
DA:1344,2
DA:1345,2
DA:1346,2
DA:1347,2
DA:1348,2
DA:1349,2
DA:1351,14
DA:1352,104
DA:1353,22
DA:1354,22
DA:1356,104
DA:1358,14
DA:1359,14
DA:1361,3
DA:1365,4
DA:1368,4
DA:1369,3
DA:1370,64
DA:1371,7
DA:1372,1
DA:1375,3
DA:1376,3
DA:1377,3
DA:1378,3
DA:1382,3
DA:1383,3
DA:1387,4
DA:1388,4
DA:1389,4
DA:1390,4
DA:1391,4
DA:1392,1
DA:1400,3
DA:1408,4
DA:1409,4
DA:1410,4
DA:1411,4
DA:1418,0
DA:1419,0
DA:1424,3
DA:1425,3
DA:1426,14
DA:1428,3
DA:1432,4
DA:1433,4
DA:1434,4
DA:1435,8
DA:1436,4
DA:1437,2
DA:1438,2
DA:1439,2
DA:1440,2
DA:1441,2
DA:1443,2
DA:1444,2
DA:1445,4
DA:1446,4
DA:1447,4
DA:1448,4
DA:1449,4
DA:1450,4
DA:1451,4
DA:1453,2
DA:1454,2
DA:1457,4
DA:1460,0
DA:1461,0
DA:1466,1
DA:1467,8
DA:1468,8
DA:1469,1
DA:1474,1
DA:1476,7
DA:1477,7
DA:1478,7
DA:1479,7
DA:1480,7
DA:1482,7
DA:1483,6
DA:1485,6
DA:1486,6
DA:1488,1
DA:1489,1
DA:1491,1
DA:1492,1
DA:1494,1
DA:1495,1
DA:1497,1
DA:1498,1
DA:1500,1
DA:1501,1
DA:1503,1
DA:1504,1
DA:1506,0
DA:1508,6
DA:1511,1
DA:1516,6
DA:1517,6
DA:1518,6
DA:1519,2
DA:1520,2
DA:1521,2
DA:1525,0
DA:1529,4
DA:1532,6
DA:1533,6
DA:1534,70
DA:1535,68
DA:1536,12
DA:1541,0
DA:1543,6
DA:1547,11
DA:1548,2
DA:1551,11
DA:1552,3
DA:1553,2
DA:1555,1
DA:1558,11
DA:1559,4
DA:1560,1
DA:1562,3
DA:1565,11
DA:1569,13
DA:1570,12
DA:1571,12
DA:1572,10
DA:1573,5
DA:1575,5
DA:1579,13
DA:1583,13
DA:1584,13
DA:1585,13
DA:1586,13
DA:1587,13
DA:1588,13
DA:1589,11
DA:1591,13
DA:1592,2
DA:1593,2
DA:1595,0
DA:1599,11
DA:1602,13
DA:1606,13
DA:1607,13
DA:1608,13
DA:1609,11
DA:1611,13
DA:1612,2
DA:1613,2
DA:1615,0
DA:1619,13
DA:1622,1
DA:1623,2
DA:1624,2
DA:1625,2
DA:1627,2
DA:1628,2
DA:1629,2
DA:1630,2
DA:1631,2
DA:1632,2
DA:1633,2
DA:1634,2
DA:1635,2
DA:1636,2
DA:1637,2
DA:1638,2
DA:1639,2
DA:1640,2
DA:1641,2
DA:1642,1
DA:1644,1
DA:1647,1
DA:1649,1
DA:1650,1
DA:1651,1
DA:1656,1
DA:1658,1
DA:1661,1
DA:1663,1
DA:1664,1
DA:1670,0
DA:1671,0
DA:1673,2
DA:1678,2
DA:1679,2
DA:1684,8
DA:1685,8
DA:1686,7
DA:1687,7
DA:1690,0
DA:1693,7
DA:1695,0
DA:1697,7
DA:1699,0
DA:1701,7
DA:1703,1
DA:1708,4
DA:1709,4
DA:1710,4
DA:1711,4
DA:1712,4
DA:1713,4
DA:1714,4
DA:1715,4
DA:1716,4
DA:1717,4
DA:1718,4
DA:1719,4
DA:1720,4
DA:1721,4
DA:1722,4
DA:1723,4
DA:1724,4
DA:1737,6051
DA:1738,6051
DA:1739,4034
DA:1740,4034
DA:1741,4034
DA:1742,4034
DA:1743,4034
DA:1744,4034
DA:1745,4034
DA:1746,4034
DA:1747,4034
DA:1748,4034
DA:1749,4034
DA:1750,4034
DA:1751,4034
DA:1752,4034
DA:1753,4034
DA:1754,4034
DA:1755,4034
DA:1756,4034
DA:1757,4034
DA:1758,4034
DA:1759,4034
DA:1760,4034
DA:1761,4034
DA:1762,4034
DA:1763,4034
DA:1764,4034
DA:1767,2017
DA:1768,2017
DA:1769,2017
DA:1770,2017
DA:1771,2017
DA:1772,2017
DA:1773,2017
DA:1774,2017
DA:1775,2017
DA:1776,2017
DA:1777,2017
DA:1778,2017
DA:1779,2017
DA:1780,2017
DA:1781,2017
DA:1782,2017
DA:1783,2017
DA:1784,2017
DA:1785,2017
DA:1786,2017
DA:1787,2017
DA:1788,2017
DA:1789,2017
DA:1790,2017
DA:1791,2017
DA:1792,2017
DA:1793,2017
DA:1795,6051
DA:1798,1
DA:1799,4
DA:1800,4
DA:1801,4
DA:1802,4
DA:1803,4
DA:1805,4
DA:1806,4
DA:1807,4
DA:1808,2
DA:1816,3
DA:1817,2
DA:1818,1
DA:1829,1
DA:1830,1
DA:1831,1
DA:1832,1
DA:1837,2
DA:1847,2
DA:1848,0
DA:1863,3
DA:1866,1
DA:1867,0
DA:1874,18
DA:1883,18
DA:1884,1
DA:1885,0
DA:1892,6
DA:1893,6
DA:1905,6
DA:1909,1
DA:1910,1
DA:1920,1
DA:1923,1
DA:1924,1
DA:1925,1
DA:1926,1
DA:1927,1
DA:1929,1
DA:1930,1
DA:1931,1
DA:1932,1
DA:1933,1
DA:1937,1
DA:1938,1
DA:1939,1
DA:1940,1
DA:1941,1
DA:1942,1
DA:1943,1
DA:1944,1
DA:1959,1
DA:1960,1
DA:1963,0
DA:1964,0
LF:1036
LH:898
BRDA:32,0,0,1
BRDA:32,0,1,0
BRDA:43,1,0,1
BRDA:43,1,1,0
BRDA:48,2,0,1
BRDA:48,2,1,0
BRDA:113,3,0,1
BRDA:113,3,1,0
BRDA:130,4,0,1
BRDA:130,4,1,0
BRDA:144,5,0,1
BRDA:144,5,1,0
BRDA:163,6,0,1
BRDA:163,6,1,0
BRDA:185,7,0,0
BRDA:185,7,1,1
BRDA:200,8,0,1
BRDA:200,8,1,0
BRDA:210,9,0,1
BRDA:210,9,1,0
BRDA:213,10,0,0
BRDA:213,10,1,1
BRDA:224,11,0,0
BRDA:224,11,1,1
BRDA:239,12,0,1
BRDA:239,12,1,0
BRDA:273,13,0,2
BRDA:273,13,1,2
BRDA:273,14,0,4
BRDA:273,14,1,4
BRDA:274,15,0,3
BRDA:274,15,1,2
BRDA:275,16,0,2
BRDA:275,16,1,0
BRDA:308,17,0,0
BRDA:308,17,1,1
BRDA:311,18,0,0
BRDA:311,18,1,1
BRDA:326,19,0,0
BRDA:326,19,1,0
BRDA:326,19,2,0
BRDA:326,19,3,0
BRDA:327,20,0,0
BRDA:327,20,1,0
BRDA:335,21,0,0
BRDA:335,21,1,2
BRDA:382,22,0,0
BRDA:382,22,1,4
BRDA:385,23,0,0
BRDA:385,23,1,4
BRDA:393,24,0,0
BRDA:393,24,1,4
BRDA:396,25,0,0
BRDA:396,25,1,4
BRDA:409,26,0,1
BRDA:409,26,1,2
BRDA:409,27,0,4
BRDA:409,27,1,4
BRDA:437,28,0,1
BRDA:437,28,1,0
BRDA:466,29,0,0
BRDA:466,29,1,0
BRDA:479,30,0,1
BRDA:479,30,1,0
BRDA:492,31,0,1
BRDA:492,31,1,0
BRDA:504,32,0,0
BRDA:504,32,1,1
BRDA:536,33,0,0
BRDA:536,33,1,2
BRDA:551,34,0,8
BRDA:551,34,1,0
BRDA:552,35,0,0
BRDA:552,35,1,8
BRDA:563,36,0,3
BRDA:563,36,1,0
BRDA:590,37,0,2
BRDA:590,37,1,1
BRDA:603,38,0,1
BRDA:603,38,1,0
BRDA:631,39,0,0
BRDA:631,39,1,1
BRDA:705,40,0,1
BRDA:705,40,1,5
BRDA:706,41,0,1
BRDA:706,41,1,0
BRDA:711,42,0,27
BRDA:711,42,1,6973
BRDA:719,43,0,0
BRDA:719,43,1,0
BRDA:728,44,0,18
BRDA:728,44,1,0
BRDA:734,45,0,0
BRDA:734,45,1,18
BRDA:744,46,0,1
BRDA:744,46,1,17
BRDA:763,47,0,11
BRDA:763,47,1,9
BRDA:767,48,0,11
BRDA:767,48,1,6
BRDA:773,49,0,1
BRDA:773,49,1,11
BRDA:785,50,0,11
BRDA:785,50,1,9
BRDA:785,51,0,20
BRDA:785,51,1,11
BRDA:788,52,0,13
BRDA:788,52,1,7
BRDA:795,53,0,11
BRDA:795,53,1,9
BRDA:809,54,0,16
BRDA:809,54,1,1
BRDA:816,55,0,16
BRDA:816,55,1,1
BRDA:823,56,0,16
BRDA:823,56,1,1
BRDA:823,57,0,17
BRDA:823,57,1,16
BRDA:840,58,0,0
BRDA:840,58,1,18
BRDA:840,59,0,18
BRDA:840,59,1,18
BRDA:840,59,2,18
BRDA:840,59,3,18
BRDA:840,59,4,18
BRDA:840,59,5,18
BRDA:846,60,0,18
BRDA:846,60,1,0
BRDA:848,61,0,17
BRDA:848,61,1,1
BRDA:851,62,0,1
BRDA:851,62,1,0
BRDA:855,63,0,0
BRDA:855,63,1,0
BRDA:856,64,0,0
BRDA:856,64,1,0
BRDA:859,65,0,0
BRDA:859,65,1,0
BRDA:868,66,0,0
BRDA:868,66,1,0
BRDA:871,67,0,0
BRDA:871,67,1,0
BRDA:882,68,0,2
BRDA:882,68,1,22
BRDA:884,69,0,2
BRDA:884,69,1,0
BRDA:885,70,0,10
BRDA:885,70,1,8
BRDA:903,71,0,0
BRDA:903,71,1,2
BRDA:930,72,0,0
BRDA:930,72,1,2
BRDA:957,73,0,2
BRDA:957,73,1,0
BRDA:977,74,0,0
BRDA:977,74,1,2
BRDA:984,75,0,0
BRDA:984,75,1,0
BRDA:989,76,0,0
BRDA:989,76,1,0
BRDA:1013,77,0,0
BRDA:1013,77,1,0
BRDA:1022,78,0,0
BRDA:1022,78,1,0
BRDA:1037,79,0,0
BRDA:1037,79,1,0
BRDA:1044,80,0,2
BRDA:1044,80,1,0
BRDA:1047,81,0,0
BRDA:1047,81,1,0
BRDA:1083,82,0,1
BRDA:1083,82,1,3
BRDA:1083,83,0,4
BRDA:1083,83,1,4
BRDA:1085,84,0,1
BRDA:1085,84,1,0
BRDA:1112,85,0,3
BRDA:1112,85,1,0
BRDA:1145,86,0,4
BRDA:1145,86,1,0
BRDA:1145,87,0,4
BRDA:1145,87,1,4
BRDA:1148,88,0,1
BRDA:1148,88,1,3
BRDA:1176,89,0,2017
BRDA:1176,89,1,0
BRDA:1179,90,0,2017
BRDA:1179,90,1,0
BRDA:1188,91,0,4
BRDA:1188,91,1,0
BRDA:1197,92,0,4
BRDA:1197,92,1,0
BRDA:1201,93,0,7
BRDA:1201,93,1,2010
BRDA:1205,94,0,0
BRDA:1205,94,1,2010
BRDA:1227,95,0,0
BRDA:1227,95,1,7
BRDA:1229,96,0,0
BRDA:1229,96,1,0
BRDA:1233,97,0,0
BRDA:1233,97,1,7
BRDA:1236,98,0,7
BRDA:1236,98,1,0
BRDA:1248,99,0,4
BRDA:1248,99,1,0
BRDA:1269,100,0,4
BRDA:1269,100,1,0
BRDA:1270,101,0,1264
BRDA:1270,101,1,1506
BRDA:1271,102,0,1
BRDA:1271,102,1,3
BRDA:1283,103,0,3
BRDA:1283,103,1,1
BRDA:1297,104,0,1
BRDA:1297,104,1,3
BRDA:1299,105,0,1
BRDA:1299,105,1,0
BRDA:1310,106,0,0
BRDA:1310,106,1,70
BRDA:1311,107,0,6
BRDA:1311,107,1,0
BRDA:1331,108,0,0
BRDA:1331,108,1,14
BRDA:1334,109,0,14
BRDA:1334,109,1,0
BRDA:1336,110,0,0
BRDA:1336,110,1,14
BRDA:1341,111,0,2
BRDA:1341,111,1,12
BRDA:1352,112,0,22
BRDA:1352,112,1,82
BRDA:1352,113,0,104
BRDA:1352,113,1,104
BRDA:1368,114,0,3
BRDA:1368,114,1,1
BRDA:1371,115,0,1
BRDA:1371,115,1,6
BRDA:1375,116,0,3
BRDA:1375,116,1,0
BRDA:1388,117,0,4
BRDA:1388,117,1,0
BRDA:1391,118,0,1
BRDA:1391,118,1,3
BRDA:1436,119,0,2
BRDA:1436,119,1,2
BRDA:1468,120,0,1
BRDA:1468,120,1,7
BRDA:1482,121,0,6
BRDA:1482,121,1,0
BRDA:1486,122,0,1
BRDA:1486,122,1,1
BRDA:1486,122,2,1
BRDA:1486,122,3,1
BRDA:1486,122,4,1
BRDA:1486,122,5,1
BRDA:1486,122,6,0
BRDA:1518,123,0,2
BRDA:1518,123,1,4
BRDA:1520,124,0,2
BRDA:1520,124,1,0
BRDA:1532,125,0,6
BRDA:1532,125,1,0
BRDA:1534,126,0,68
BRDA:1534,126,1,2
BRDA:1535,127,0,12
BRDA:1535,127,1,56
BRDA:1547,128,0,2
BRDA:1547,128,1,9
BRDA:1551,129,0,3
BRDA:1551,129,1,8
BRDA:1552,130,0,2
BRDA:1552,130,1,1
BRDA:1558,131,0,4
BRDA:1558,131,1,7
BRDA:1559,132,0,1
BRDA:1559,132,1,3
BRDA:1569,133,0,12
BRDA:1569,133,1,1
BRDA:1569,134,0,13
BRDA:1569,134,1,11
BRDA:1569,134,2,3
BRDA:1570,135,0,2
BRDA:1570,135,1,2
BRDA:1571,136,0,10
BRDA:1571,136,1,2
BRDA:1571,137,0,12
BRDA:1571,137,1,2
BRDA:1572,138,0,5
BRDA:1572,138,1,5
BRDA:1587,139,0,13
BRDA:1587,139,1,0
BRDA:1588,140,0,11
BRDA:1588,140,1,2
BRDA:1591,141,0,2
BRDA:1591,141,1,11
BRDA:1591,142,0,13
BRDA:1591,142,1,13
BRDA:1592,143,0,2
BRDA:1592,143,1,0
BRDA:1607,144,0,13
BRDA:1607,144,1,0
BRDA:1608,145,0,11
BRDA:1608,145,1,2
BRDA:1611,146,0,2
BRDA:1611,146,1,11
BRDA:1611,147,0,13
BRDA:1611,147,1,13
BRDA:1612,148,0,2
BRDA:1612,148,1,0
BRDA:1623,149,0,2
BRDA:1623,149,1,0
BRDA:1631,150,0,2
BRDA:1631,150,1,0
BRDA:1641,151,0,1
BRDA:1641,151,1,1
BRDA:1650,152,0,1
BRDA:1650,152,1,0
BRDA:1663,153,0,1
BRDA:1663,153,1,0
BRDA:1678,154,0,2
BRDA:1678,154,1,0
BRDA:1687,155,0,0
BRDA:1687,155,1,7
BRDA:1687,156,0,7
BRDA:1687,156,1,7
BRDA:1687,156,2,7
BRDA:1687,156,3,7
BRDA:1687,156,4,7
BRDA:1693,157,0,0
BRDA:1693,157,1,7
BRDA:1693,158,0,7
BRDA:1693,158,1,7
BRDA:1697,159,0,0
BRDA:1697,159,1,7
BRDA:1697,160,0,7
BRDA:1697,160,1,7
BRDA:1738,161,0,4034
BRDA:1738,161,1,2017
BRDA:1801,162,0,4
BRDA:1801,162,1,0
BRDA:1807,163,0,2
BRDA:1807,163,1,2
BRDA:1817,164,0,1
BRDA:1817,164,1,1
BRDA:1829,165,0,1
BRDA:1829,165,1,0
BRDA:1847,166,0,0
BRDA:1847,166,1,2
BRDA:1866,167,0,0
BRDA:1866,167,1,1
BRDA:1883,168,0,1
BRDA:1883,168,1,17
BRDA:1884,169,0,0
BRDA:1884,169,1,1
BRDA:1925,170,0,1
BRDA:1925,170,1,0
BRDA:1937,171,0,1
BRDA:1937,171,1,0
BRDA:1943,172,0,1
BRDA:1943,172,1,0
BRF:361
BRH:239
end_of_record
TN:
SF:srv/server.js
FN:3,(anonymous_0)
FNF:1
FNH:1
FNDA:1,(anonymous_0)
DA:1,1
DA:2,1
DA:3,1
DA:4,1
LF:4
LH:4
BRF:0
BRH:0
end_of_record
