TN:
SF:srv/output.js
FN:6,(anonymous_0)
FN:14,(anonymous_1)
FN:24,(anonymous_2)
FN:25,(anonymous_3)
FN:28,(anonymous_4)
FN:40,(anonymous_5)
FN:43,(anonymous_6)
FN:54,(anonymous_7)
FN:74,(anonymous_8)
FN:95,(anonymous_9)
FN:109,(anonymous_10)
FN:115,(anonymous_11)
FN:138,(anonymous_12)
FN:156,fetchdata
FN:166,(anonymous_14)
FN:167,(anonymous_15)
FN:182,(anonymous_16)
FN:195,getDropDownArray
FN:226,(anonymous_18)
FN:237,checkAuthorization
FN:248,validation
FN:274,getuuid
FN:279,output_data
FN:333,update_changelog
FN:362,get_cmsite
FN:364,(anonymous_25)
FN:366,(anonymous_26)
FN:376,AuthorizationCheck
FN:389,(anonymous_28)
FN:390,(anonymous_29)
FN:405,checkifexists
FN:406,(anonymous_31)
FN:408,(anonymous_32)
FNF:33
FNH:32
FNDA:1,(anonymous_0)
FNDA:5,(anonymous_1)
FNDA:9,(anonymous_2)
FNDA:33,(anonymous_3)
FNDA:32,(anonymous_4)
FNDA:1,(anonymous_5)
FNDA:0,(anonymous_6)
FNDA:4,(anonymous_7)
FNDA:4,(anonymous_8)
FNDA:2,(anonymous_9)
FNDA:2,(anonymous_10)
FNDA:3,(anonymous_11)
FNDA:9,(anonymous_12)
FNDA:9,fetchdata
FNDA:9,(anonymous_14)
FNDA:9,(anonymous_15)
FNDA:7,(anonymous_16)
FNDA:9,getDropDownArray
FNDA:9,(anonymous_18)
FNDA:9,checkAuthorization
FNDA:4,validation
FNDA:13,getuuid
FNDA:6,output_data
FNDA:2,update_changelog
FNDA:18,get_cmsite
FNDA:39,(anonymous_25)
FNDA:28,(anonymous_26)
FNDA:4,AuthorizationCheck
FNDA:1,(anonymous_28)
FNDA:1,(anonymous_29)
FNDA:3,checkifexists
FNDA:12,(anonymous_31)
FNDA:6,(anonymous_32)
DA:2,1
DA:3,1
DA:4,1
DA:6,1
DA:10,1
DA:11,1
DA:12,1
DA:14,1
DA:15,5
DA:16,5
DA:17,5
DA:18,5
DA:19,5
DA:20,5
DA:21,4
DA:22,3
DA:23,3
DA:24,3
DA:25,33
DA:26,9
DA:27,9
DA:28,32
DA:29,8
DA:30,8
DA:31,0
DA:34,1
DA:37,3
DA:40,1
DA:41,1
DA:42,1
DA:43,0
DA:44,0
DA:45,0
DA:46,0
DA:54,1
DA:55,4
DA:56,4
DA:57,4
DA:58,4
DA:59,4
DA:61,4
DA:62,4
DA:63,4
DA:64,4
DA:75,4
DA:76,4
DA:77,2
DA:78,2
DA:81,2
DA:82,2
DA:85,0
DA:86,0
DA:89,2
DA:90,2
DA:95,1
DA:96,2
DA:97,2
DA:98,2
DA:99,2
DA:110,2
DA:111,2
DA:112,2
DA:113,2
DA:114,2
DA:115,3
DA:116,2
DA:117,2
DA:118,2
DA:119,2
DA:121,2
DA:122,2
DA:123,2
DA:124,2
DA:125,2
DA:126,2
DA:133,1
DA:134,1
DA:138,1
DA:139,9
DA:140,9
DA:141,9
DA:142,9
DA:144,9
DA:145,9
DA:146,9
DA:147,0
DA:148,0
DA:151,0
DA:152,0
DA:157,9
DA:158,9
DA:159,9
DA:160,9
DA:161,9
DA:162,0
DA:166,9
DA:167,9
DA:168,9
DA:169,0
DA:172,9
DA:173,0
DA:176,9
DA:177,9
DA:181,9
DA:182,1
DA:183,7
DA:184,7
DA:185,0
DA:190,8
DA:192,9
DA:197,9
DA:198,1
DA:200,9
DA:201,9
DA:202,9
DA:203,9
DA:204,9
DA:206,2
DA:208,1
DA:210,1
DA:212,1
DA:214,1
DA:216,1
DA:218,1
DA:220,1
DA:222,0
DA:226,1
DA:227,9
DA:228,9
DA:229,9
DA:230,9
DA:232,0
DA:233,0
DA:238,9
DA:239,9
DA:240,9
DA:243,0
DA:249,4
DA:250,4
DA:251,4
DA:252,4
DA:253,4
DA:254,4
DA:255,4
DA:256,4
DA:257,4
DA:258,4
DA:259,4
DA:260,3
DA:261,3
DA:262,3
DA:263,3
DA:264,0
DA:266,3
DA:267,1
DA:271,4
DA:275,13
DA:276,13
DA:280,6
DA:281,6
DA:282,4
DA:283,4
DA:284,4
DA:285,4
DA:286,4
DA:287,4
DA:288,4
DA:289,4
DA:290,4
DA:291,4
DA:292,4
DA:293,4
DA:294,4
DA:295,4
DA:296,4
DA:297,4
DA:298,4
DA:299,4
DA:300,4
DA:301,4
DA:302,4
DA:303,4
DA:304,4
DA:306,2
DA:307,2
DA:308,2
DA:309,2
DA:310,2
DA:311,2
DA:312,2
DA:313,2
DA:314,2
DA:315,2
DA:316,2
DA:317,2
DA:318,2
DA:319,2
DA:320,2
DA:321,2
DA:322,2
DA:323,2
DA:324,2
DA:325,2
DA:326,2
DA:327,2
DA:328,2
DA:330,6
DA:334,2
DA:335,2
DA:336,2
DA:337,2
DA:338,2
DA:339,2
DA:340,2
DA:341,2
DA:342,2
DA:343,2
DA:344,2
DA:345,2
DA:346,2
DA:347,2
DA:348,2
DA:349,2
DA:350,2
DA:351,2
DA:363,18
DA:364,39
DA:365,18
DA:366,28
DA:367,7
DA:368,7
DA:369,28
DA:373,18
DA:377,4
DA:378,4
DA:379,4
DA:380,4
DA:381,4
DA:382,4
DA:383,4
DA:384,4
DA:385,3
DA:386,1
DA:389,1
DA:390,1
DA:391,1
DA:392,0
DA:393,0
DA:396,1
DA:397,0
DA:398,0
DA:402,4
DA:406,12
DA:407,3
DA:408,6
DA:409,3
DA:410,1
DA:413,2
LF:258
LH:234
BRDA:20,0,0,4
BRDA:20,0,1,1
BRDA:21,1,0,3
BRDA:21,1,1,1
BRDA:27,2,0,8
BRDA:27,2,1,1
BRDA:30,3,0,0
BRDA:30,3,1,8
BRDA:42,4,0,0
BRDA:42,4,1,1
BRDA:45,5,0,0
BRDA:45,5,1,0
BRDA:57,6,0,4
BRDA:57,6,1,0
BRDA:76,7,0,2
BRDA:76,7,1,2
BRDA:81,8,0,2
BRDA:81,8,1,0
BRDA:98,9,0,2
BRDA:98,9,1,0
BRDA:110,10,0,2
BRDA:110,10,1,0
BRDA:115,11,0,3
BRDA:115,11,1,2
BRDA:115,11,2,2
BRDA:115,11,3,2
BRDA:115,11,4,2
BRDA:115,11,5,2
BRDA:115,11,6,2
BRDA:115,11,7,2
BRDA:116,12,0,2
BRDA:116,12,1,0
BRDA:117,13,0,2
BRDA:117,13,1,0
BRDA:140,14,0,9
BRDA:140,14,1,0
BRDA:146,15,0,0
BRDA:146,15,1,9
BRDA:161,16,0,0
BRDA:161,16,1,9
BRDA:168,17,0,0
BRDA:168,17,1,9
BRDA:172,18,0,0
BRDA:172,18,1,9
BRDA:176,19,0,9
BRDA:176,19,1,0
BRDA:176,20,0,9
BRDA:176,20,1,9
BRDA:181,21,0,1
BRDA:181,21,1,8
BRDA:183,22,0,7
BRDA:183,22,1,0
BRDA:184,23,0,0
BRDA:184,23,1,7
BRDA:197,24,0,1
BRDA:197,24,1,8
BRDA:204,25,0,2
BRDA:204,25,1,1
BRDA:204,25,2,1
BRDA:204,25,3,1
BRDA:204,25,4,1
BRDA:204,25,5,1
BRDA:204,25,6,1
BRDA:204,25,7,1
BRDA:204,25,8,0
BRDA:240,26,0,0
BRDA:240,26,1,9
BRDA:240,27,0,9
BRDA:240,27,1,9
BRDA:240,27,2,9
BRDA:240,27,3,9
BRDA:240,27,4,9
BRDA:259,28,0,3
BRDA:259,28,1,1
BRDA:259,29,0,4
BRDA:259,29,1,1
BRDA:260,30,0,3
BRDA:260,30,1,0
BRDA:263,31,0,0
BRDA:263,31,1,3
BRDA:263,32,0,3
BRDA:263,32,1,1
BRDA:266,33,0,1
BRDA:266,33,1,2
BRDA:266,34,0,3
BRDA:266,34,1,2
BRDA:266,34,2,1
BRDA:266,34,3,1
BRDA:266,34,4,3
BRDA:266,34,5,1
BRDA:266,34,6,1
BRDA:266,34,7,3
BRDA:266,34,8,2
BRDA:281,35,0,4
BRDA:281,35,1,2
BRDA:365,36,0,7
BRDA:365,36,1,11
BRDA:367,37,0,7
BRDA:367,37,1,0
BRDA:368,38,0,35
BRDA:368,38,1,28
BRDA:384,39,0,3
BRDA:384,39,1,1
BRDA:385,40,0,1
BRDA:385,40,1,2
BRDA:391,41,0,0
BRDA:391,41,1,1
BRDA:392,42,0,0
BRDA:392,42,1,0
BRDA:396,43,0,0
BRDA:396,43,1,1
BRDA:397,44,0,0
BRDA:397,44,1,0
BRDA:407,45,0,3
BRDA:407,45,1,0
BRDA:409,46,0,1
BRDA:409,46,1,2
BRF:117
BRH:87
end_of_record
TN:
SF:srv/server.js
FN:3,(anonymous_0)
FNF:1
FNH:1
FNDA:1,(anonymous_0)
DA:1,1
DA:2,1
DA:3,1
DA:4,1
LF:4
LH:4
BRF:0
BRH:0
end_of_record
