TN:
SF:srv/npi_program_service.js
FN:7,(anonymous_0)
FN:14,(anonymous_1)
FN:26,(anonymous_2)
FN:37,getDropDownArray
FN:62,fetchdata
FN:83,getuuid
FN:87,npi_program_data
FN:115,update_changelog
FN:123,(anonymous_8)
FN:150,(anonymous_9)
FN:172,(anonymous_10)
FN:181,(anonymous_11)
FN:201,(anonymous_12)
FN:213,(anonymous_13)
FN:227,(anonymous_14)
FN:233,(anonymous_15)
FN:242,(anonymous_16)
FNF:17
FNH:17
FNDA:1,(anonymous_0)
FNDA:2,(anonymous_1)
FNDA:2,(anonymous_2)
FNDA:2,getDropDownArray
FNDA:2,fetchdata
FNDA:4,getuuid
FNDA:4,npi_program_data
FNDA:2,update_changelog
FNDA:2,(anonymous_8)
FNDA:1,(anonymous_9)
FNDA:1,(anonymous_10)
FNDA:1,(anonymous_11)
FNDA:1,(anonymous_12)
FNDA:1,(anonymous_13)
FNDA:1,(anonymous_14)
FNDA:1,(anonymous_15)
FNDA:1,(anonymous_16)
DA:2,1
DA:3,1
DA:4,1
DA:5,1
DA:7,1
DA:11,1
DA:12,1
DA:13,1
DA:14,1
DA:15,2
DA:16,2
DA:17,2
DA:18,2
DA:21,0
DA:22,0
DA:26,1
DA:27,2
DA:28,2
DA:29,2
DA:30,2
DA:32,0
DA:33,0
DA:39,2
DA:40,2
DA:41,0
DA:43,2
DA:46,2
DA:47,2
DA:48,2
DA:49,2
DA:51,1
DA:52,1
DA:54,1
DA:55,1
DA:57,0
DA:59,2
DA:63,2
DA:64,2
DA:65,2
DA:66,0
DA:67,0
DA:68,0
DA:69,0
DA:70,0
DA:72,2
DA:73,0
DA:74,0
DA:77,2
DA:80,2
DA:84,4
DA:88,4
DA:89,4
DA:90,3
DA:91,3
DA:92,3
DA:93,3
DA:94,3
DA:95,3
DA:96,3
DA:97,3
DA:98,3
DA:99,3
DA:101,1
DA:102,1
DA:103,1
DA:104,1
DA:105,1
DA:106,1
DA:107,1
DA:108,1
DA:109,1
DA:110,1
DA:112,4
DA:116,2
DA:117,2
DA:118,2
DA:119,2
DA:120,2
DA:121,2
DA:122,2
DA:123,2
DA:124,2
DA:125,2
DA:126,2
DA:127,2
DA:128,2
DA:129,2
DA:130,2
DA:131,2
DA:132,2
DA:133,2
DA:134,2
DA:135,2
DA:137,2
DA:138,2
DA:150,1
DA:151,1
DA:152,1
DA:153,1
DA:154,1
DA:155,1
DA:156,1
DA:157,1
DA:158,1
DA:159,1
DA:160,1
DA:161,1
DA:162,1
DA:163,1
DA:164,1
DA:165,1
DA:167,0
DA:168,0
DA:172,1
DA:173,1
DA:174,1
DA:175,1
DA:176,1
DA:178,1
DA:179,1
DA:182,1
DA:183,0
DA:184,0
DA:185,0
DA:186,0
DA:187,0
DA:189,1
DA:190,1
DA:191,1
DA:192,1
DA:193,1
DA:196,0
DA:197,0
DA:201,1
DA:202,1
DA:203,1
DA:204,1
DA:205,1
DA:207,1
DA:208,1
DA:209,1
DA:210,1
DA:211,1
DA:214,1
DA:215,1
DA:216,1
DA:221,0
DA:222,0
DA:227,1
DA:228,1
DA:229,1
DA:230,1
DA:231,1
DA:234,1
DA:235,1
DA:236,1
DA:237,1
DA:238,1
DA:239,1
DA:240,1
DA:241,1
DA:242,1
DA:243,1
DA:244,1
DA:245,1
DA:246,1
DA:247,1
DA:248,1
DA:249,1
DA:250,1
DA:256,0
DA:257,0
LF:172
LH:146
BRDA:16,0,0,2
BRDA:16,0,1,0
BRDA:40,1,0,0
BRDA:40,1,1,2
BRDA:48,2,0,0
BRDA:48,2,1,2
BRDA:49,3,0,1
BRDA:49,3,1,1
BRDA:49,3,2,0
BRDA:65,4,0,0
BRDA:65,4,1,2
BRDA:72,5,0,0
BRDA:72,5,1,2
BRDA:89,6,0,3
BRDA:89,6,1,1
BRDA:174,7,0,1
BRDA:174,7,1,0
BRDA:182,8,0,0
BRDA:182,8,1,1
BRDA:203,9,0,1
BRDA:203,9,1,0
BRDA:214,10,0,1
BRDA:214,10,1,0
BRDA:230,11,0,1
BRDA:230,11,1,0
BRDA:234,12,0,1
BRDA:234,12,1,0
BRDA:242,13,0,1
BRDA:242,13,1,1
BRDA:243,14,0,1
BRDA:243,14,1,0
BRF:31
BRH:18
end_of_record
TN:
SF:srv/server.js
FN:3,(anonymous_0)
FNF:1
FNH:1
FNDA:1,(anonymous_0)
DA:1,1
DA:2,1
DA:3,1
DA:4,1
LF:4
LH:4
BRF:0
BRH:0
end_of_record
