TN:
SF:srv/rfid_unscannable.js
FN:7,(anonymous_0)
FN:21,(anonymous_1)
FN:30,(anonymous_2)
FN:47,(anonymous_3)
FN:48,(anonymous_4)
FN:55,get_cmsite
FN:57,(anonymous_6)
FN:59,(anonymous_7)
FN:69,(anonymous_8)
FN:87,getuuid
FN:91,checkAuthorization
FN:102,(anonymous_11)
FN:113,getDropDownArray
FN:140,fetchdata
FN:167,build_filter
FN:176,build_final_filter
FN:182,(anonymous_16)
FN:183,(anonymous_17)
FN:196,build_cm_site_filter
FN:198,(anonymous_19)
FN:202,(anonymous_20)
FN:209,(anonymous_21)
FN:211,(anonymous_22)
FN:211,(anonymous_23)
FN:221,waitFor
FN:222,(anonymous_25)
FN:224,(anonymous_26)
FN:229,(anonymous_27)
FN:267,(anonymous_28)
FN:270,(anonymous_29)
FN:276,(anonymous_30)
FN:277,(anonymous_31)
FN:308,collect_Unscannable
FN:347,(anonymous_33)
FN:389,containsOnlyNumbers
FN:393,checkiflimitexceeds
FN:409,get_dbdata
FN:441,get_GHSITE_data
FN:450,push_temp_data
FN:460,delete_temp_data
FN:472,fill_dbdata
FN:474,(anonymous_41)
FN:486,validate_data
FN:494,validate_GH_SITE
FN:495,(anonymous_44)
FN:506,validate_PROGRAM
FN:507,(anonymous_46)
FN:514,AuthorizationCheck
FN:523,(anonymous_48)
FN:524,(anonymous_49)
FN:536,data_validation
FN:542,(anonymous_51)
FN:544,(anonymous_52)
FN:564,get_qty
FN:565,(anonymous_54)
FN:572,get_output_recs
FN:573,(anonymous_56)
FN:580,get_totbalQTY
FN:589,compare_BalQTY_QTY
FN:599,fill_error
FN:601,(anonymous_60)
FN:615,get_update_recs
FN:632,fill_data_bydb
FN:672,Push_ErrRecs
FN:679,update_data_into_db
FN:692,(anonymous_65)
FN:693,(anonymous_66)
FN:728,insert_into_db
FN:734,get_output_array
FN:736,(anonymous_69)
FN:747,delete_via_id
FN:759,push_changelog
FN:768,Unscannable_data
FN:844,deleteInChunk
FN:855,changeObjArrayToQuery
FN:883,update_changelog
FN:890,(anonymous_76)
FN:917,output_data
FN:983,add_to_output
FN:984,(anonymous_79)
FN:997,reset_qty
FN:1001,(anonymous_81)
FN:1003,(anonymous_82)
FN:1031,(anonymous_83)
FN:1040,push_to_changelog_array
FN:1045,create_new_co_op
FN:1091,get_upd_qty
FN:1102,sub_from_output
FN:1103,(anonymous_88)
FN:1116,(anonymous_89)
FN:1144,(anonymous_90)
FN:1158,split
FN:1183,(anonymous_92)
FN:1200,create_new_record
FN:1240,delete_split
FN:1249,(anonymous_95)
FN:1279,(anonymous_96)
FN:1280,(anonymous_97)
FN:1306,(anonymous_98)
FN:1328,(anonymous_99)
FN:1363,check_and_reject
FN:1369,selectall_action
FN:1408,(anonymous_102)
FN:1422,(anonymous_103)
FN:1435,(anonymous_104)
FN:1448,(anonymous_105)
FN:1462,(anonymous_106)
FN:1498,get_final_objects
FN:1511,validate_record_op
FN:1524,update_editabe_fields
FN:1544,selectall_range
FN:1547,(anonymous_111)
FN:1565,fill_cm_site
FN:1578,approve_records
FN:1582,(anonymous_114)
FN:1616,delete_unwanted_fields
FN:1628,reject_records
FN:1631,(anonymous_117)
FN:1658,cancel_records
FN:1662,(anonymous_119)
FN:1703,reset_records
FN:1707,(anonymous_121)
FN:1741,save_records
FN:1745,(anonymous_123)
FN:1778,selectall_save
FN:1782,(anonymous_125)
FN:1811,check_mand_fields
FN:1821,block_mass_update
FN:1860,(anonymous_128)
FN:1875,(anonymous_129)
FN:1889,(anonymous_130)
FN:1903,(anonymous_131)
FN:1917,(anonymous_132)
FN:1954,build_range
FN:1955,(anonymous_134)
FN:1975,Append_IfUnique
FN:1976,(anonymous_136)
FN:1983,checkifexists
FN:1984,(anonymous_138)
FN:1986,(anonymous_139)
FN:1994,get_msg
FN:2017,(anonymous_141)
FN:2028,(anonymous_142)
FN:2046,(anonymous_143)
FN:2049,(anonymous_144)
FN:2063,(anonymous_145)
FN:2067,(anonymous_146)
FN:2082,get_sync_data
FN:2100,(anonymous_148)
FN:2101,(anonymous_149)
FN:2120,(anonymous_150)
FN:2126,send_response
FN:2136,update_sync_table
FN:2150,UpdateSyncTable
FN:2152,(anonymous_154)
FN:2168,Update_Unscannables
FN:2191,(anonymous_156)
FN:2193,(anonymous_157)
FN:2195,(anonymous_158)
FN:2225,update_existing_recs
FN:2234,(anonymous_160)
FN:2239,(anonymous_161)
FN:2244,(anonymous_162)
FN:2268,update_if_approved
FN:2287,upd_projected_qty
FN:2294,get_status_comment
FNF:166
FNH:148
FNDA:1,(anonymous_0)
FNDA:1,(anonymous_1)
FNDA:4,(anonymous_2)
FNDA:1,(anonymous_3)
FNDA:0,(anonymous_4)
FNDA:37,get_cmsite
FNDA:255,(anonymous_6)
FNDA:254,(anonymous_7)
FNDA:13,(anonymous_8)
FNDA:68,getuuid
FNDA:37,checkAuthorization
FNDA:13,(anonymous_11)
FNDA:13,getDropDownArray
FNDA:13,fetchdata
FNDA:22,build_filter
FNDA:22,build_final_filter
FNDA:1,(anonymous_16)
FNDA:1,(anonymous_17)
FNDA:21,build_cm_site_filter
FNDA:117,(anonymous_19)
FNDA:12,(anonymous_20)
FNDA:1,(anonymous_21)
FNDA:3,(anonymous_22)
FNDA:1,(anonymous_23)
FNDA:1,waitFor
FNDA:3,(anonymous_25)
FNDA:2,(anonymous_26)
FNDA:1,(anonymous_27)
FNDA:4,(anonymous_28)
FNDA:1,(anonymous_29)
FNDA:4,(anonymous_30)
FNDA:0,(anonymous_31)
FNDA:4,collect_Unscannable
FNDA:6,(anonymous_33)
FNDA:7,containsOnlyNumbers
FNDA:1,checkiflimitexceeds
FNDA:23,get_dbdata
FNDA:23,get_GHSITE_data
FNDA:24,push_temp_data
FNDA:24,delete_temp_data
FNDA:4,fill_dbdata
FNDA:2,(anonymous_41)
FNDA:10,validate_data
FNDA:7,validate_GH_SITE
FNDA:7,(anonymous_44)
FNDA:7,validate_PROGRAM
FNDA:7,(anonymous_46)
FNDA:17,AuthorizationCheck
FNDA:0,(anonymous_48)
FNDA:0,(anonymous_49)
FNDA:13,data_validation
FNDA:9,(anonymous_51)
FNDA:9,(anonymous_52)
FNDA:19,get_qty
FNDA:19,(anonymous_54)
FNDA:10,get_output_recs
FNDA:33,(anonymous_56)
FNDA:9,get_totbalQTY
FNDA:9,compare_BalQTY_QTY
FNDA:13,fill_error
FNDA:0,(anonymous_60)
FNDA:4,get_update_recs
FNDA:6,fill_data_bydb
FNDA:4,Push_ErrRecs
FNDA:1,update_data_into_db
FNDA:0,(anonymous_65)
FNDA:0,(anonymous_66)
FNDA:71,insert_into_db
FNDA:0,get_output_array
FNDA:0,(anonymous_69)
FNDA:24,delete_via_id
FNDA:89,push_changelog
FNDA:40,Unscannable_data
FNDA:23,deleteInChunk
FNDA:9,changeObjArrayToQuery
FNDA:20,update_changelog
FNDA:30,(anonymous_76)
FNDA:68,output_data
FNDA:5,add_to_output
FNDA:0,(anonymous_79)
FNDA:10,reset_qty
FNDA:0,(anonymous_81)
FNDA:33,(anonymous_82)
FNDA:27,(anonymous_83)
FNDA:33,push_to_changelog_array
FNDA:1,create_new_co_op
FNDA:33,get_upd_qty
FNDA:5,sub_from_output
FNDA:0,(anonymous_88)
FNDA:4,(anonymous_89)
FNDA:2,(anonymous_90)
FNDA:1,split
FNDA:1,(anonymous_92)
FNDA:1,create_new_record
FNDA:1,delete_split
FNDA:1,(anonymous_95)
FNDA:1,(anonymous_96)
FNDA:1,(anonymous_97)
FNDA:22,(anonymous_98)
FNDA:22,(anonymous_99)
FNDA:22,check_and_reject
FNDA:9,selectall_action
FNDA:1,(anonymous_102)
FNDA:1,(anonymous_103)
FNDA:1,(anonymous_104)
FNDA:2,(anonymous_105)
FNDA:3,(anonymous_106)
FNDA:21,get_final_objects
FNDA:5,validate_record_op
FNDA:3,update_editabe_fields
FNDA:9,selectall_range
FNDA:8,(anonymous_111)
FNDA:3,fill_cm_site
FNDA:5,approve_records
FNDA:5,(anonymous_114)
FNDA:19,delete_unwanted_fields
FNDA:2,reject_records
FNDA:2,(anonymous_117)
FNDA:2,cancel_records
FNDA:2,(anonymous_119)
FNDA:3,reset_records
FNDA:3,(anonymous_121)
FNDA:6,save_records
FNDA:5,(anonymous_123)
FNDA:3,selectall_save
FNDA:3,(anonymous_125)
FNDA:9,check_mand_fields
FNDA:13,block_mass_update
FNDA:4,(anonymous_128)
FNDA:1,(anonymous_129)
FNDA:1,(anonymous_130)
FNDA:1,(anonymous_131)
FNDA:6,(anonymous_132)
FNDA:13,build_range
FNDA:13,(anonymous_134)
FNDA:50,Append_IfUnique
FNDA:4,(anonymous_136)
FNDA:14,checkifexists
FNDA:109,(anonymous_138)
FNDA:48,(anonymous_139)
FNDA:23,get_msg
FNDA:1,(anonymous_141)
FNDA:1,(anonymous_142)
FNDA:1,(anonymous_143)
FNDA:1,(anonymous_144)
FNDA:1,(anonymous_145)
FNDA:0,(anonymous_146)
FNDA:1,get_sync_data
FNDA:1,(anonymous_148)
FNDA:1,(anonymous_149)
FNDA:1,(anonymous_150)
FNDA:1,send_response
FNDA:1,update_sync_table
FNDA:1,UpdateSyncTable
FNDA:1,(anonymous_154)
FNDA:1,Update_Unscannables
FNDA:1034,(anonymous_156)
FNDA:0,(anonymous_157)
FNDA:1,(anonymous_158)
FNDA:1,update_existing_recs
FNDA:1,(anonymous_160)
FNDA:0,(anonymous_161)
FNDA:1,(anonymous_162)
FNDA:0,update_if_approved
FNDA:0,upd_projected_qty
FNDA:0,get_status_comment
DA:2,1
DA:3,1
DA:4,1
DA:5,1
DA:7,1
DA:15,1
DA:16,1
DA:17,1
DA:18,1
DA:19,1
DA:21,1
DA:22,1
DA:23,1
DA:24,1
DA:25,1
DA:26,1
DA:27,1
DA:28,1
DA:29,1
DA:30,1
DA:31,4
DA:32,3
DA:34,4
DA:35,4
DA:36,4
DA:37,4
DA:38,4
DA:39,4
DA:40,4
DA:41,4
DA:43,1
DA:47,1
DA:48,1
DA:49,0
DA:50,0
DA:56,37
DA:57,255
DA:58,37
DA:59,254
DA:60,36
DA:61,36
DA:62,254
DA:66,37
DA:69,1
DA:70,13
DA:71,13
DA:72,13
DA:73,13
DA:75,13
DA:76,13
DA:77,13
DA:78,0
DA:79,0
DA:82,0
DA:83,0
DA:88,68
DA:92,37
DA:93,37
DA:94,37
DA:97,0
DA:102,1
DA:103,13
DA:104,13
DA:105,13
DA:106,13
DA:108,0
DA:109,0
DA:115,13
DA:116,13
DA:117,0
DA:119,13
DA:120,13
DA:121,13
DA:124,13
DA:125,13
DA:126,13
DA:127,13
DA:129,13
DA:130,2
DA:131,2
DA:132,11
DA:133,1
DA:135,10
DA:137,13
DA:141,13
DA:142,13
DA:143,13
DA:144,13
DA:145,13
DA:148,13
DA:149,13
DA:150,0
DA:151,0
DA:152,0
DA:153,0
DA:154,0
DA:156,13
DA:157,12
DA:158,12
DA:161,1
DA:164,13
DA:168,22
DA:169,3
DA:171,19
DA:173,22
DA:178,22
DA:179,21
DA:180,21
DA:182,1
DA:183,1
DA:184,1
DA:185,0
DA:186,0
DA:188,1
DA:189,0
DA:190,0
DA:193,22
DA:197,21
DA:198,18
DA:199,117
DA:202,3
DA:203,12
DA:206,21
DA:209,1
DA:210,1
DA:211,3
DA:212,1
DA:213,1
DA:214,0
DA:216,1
DA:222,1
DA:223,3
DA:224,2
DA:226,1
DA:229,1
DA:230,1
DA:231,1
DA:232,1
DA:233,1
DA:235,1
DA:236,1
DA:237,1
DA:238,1
DA:239,1
DA:240,1
DA:241,1
DA:242,1
DA:243,1
DA:244,1
DA:245,1
DA:246,1
DA:247,1
DA:248,1
DA:249,1
DA:250,1
DA:251,1
DA:252,1
DA:253,1
DA:254,1
DA:258,1
DA:259,1
DA:260,0
DA:262,1
DA:263,1
DA:265,1
DA:268,4
DA:271,1
DA:272,1
DA:273,1
DA:274,1
DA:275,1
DA:276,1
DA:277,4
DA:278,4
DA:279,0
DA:280,0
DA:282,4
DA:283,4
DA:284,4
DA:285,4
DA:286,4
DA:287,4
DA:288,4
DA:289,4
DA:290,4
DA:293,1
DA:294,1
DA:295,1
DA:296,1
DA:300,0
DA:301,0
DA:302,0
DA:309,4
DA:311,4
DA:346,4
DA:347,6
DA:355,4
DA:356,1
DA:358,3
DA:359,3
DA:360,3
DA:361,3
DA:362,3
DA:363,3
DA:364,3
DA:365,3
DA:366,3
DA:367,3
DA:368,3
DA:369,3
DA:370,3
DA:371,3
DA:372,3
DA:373,3
DA:375,4
DA:376,0
DA:378,4
DA:379,1
DA:381,4
DA:382,4
DA:385,0
DA:390,7
DA:394,1
DA:395,0
DA:396,0
DA:398,1
DA:399,0
DA:400,0
DA:401,0
DA:402,0
DA:403,0
DA:406,1
DA:410,23
DA:411,23
DA:412,23
DA:416,23
DA:417,23
DA:425,23
DA:437,23
DA:438,23
DA:442,23
DA:443,23
DA:447,23
DA:451,24
DA:452,24
DA:453,24
DA:454,24
DA:456,0
DA:461,24
DA:462,24
DA:463,24
DA:464,24
DA:465,24
DA:468,0
DA:473,4
DA:474,2
DA:475,2
DA:476,1
DA:478,1
DA:479,1
DA:480,1
DA:483,4
DA:487,10
DA:488,7
DA:489,7
DA:491,10
DA:495,7
DA:496,7
DA:497,0
DA:499,7
DA:500,7
DA:501,7
DA:503,7
DA:507,7
DA:508,7
DA:509,0
DA:511,7
DA:515,17
DA:516,14
DA:519,14
DA:520,14
DA:521,14
DA:523,0
DA:524,0
DA:525,0
DA:526,0
DA:528,0
DA:529,0
DA:533,17
DA:537,13
DA:538,13
DA:539,9
DA:540,9
DA:541,9
DA:542,9
DA:543,9
DA:544,9
DA:546,9
DA:547,9
DA:548,9
DA:549,9
DA:552,0
DA:553,0
DA:557,9
DA:558,9
DA:559,9
DA:561,13
DA:565,19
DA:566,19
DA:567,19
DA:573,10
DA:574,33
DA:575,33
DA:581,9
DA:582,3
DA:584,6
DA:586,9
DA:590,9
DA:591,9
DA:592,9
DA:593,1
DA:594,1
DA:596,9
DA:600,13
DA:601,1
DA:602,1
DA:603,1
DA:604,1
DA:605,1
DA:606,1
DA:607,1
DA:608,1
DA:609,1
DA:612,13
DA:616,4
DA:617,0
DA:618,0
DA:619,0
DA:620,0
DA:621,0
DA:622,0
DA:623,0
DA:624,0
DA:625,0
DA:626,0
DA:627,0
DA:629,4
DA:633,6
DA:634,6
DA:635,6
DA:636,6
DA:637,6
DA:638,6
DA:639,6
DA:640,6
DA:641,6
DA:642,6
DA:643,6
DA:644,6
DA:645,6
DA:646,6
DA:647,6
DA:648,6
DA:649,6
DA:650,6
DA:651,6
DA:652,6
DA:653,6
DA:654,6
DA:655,6
DA:656,6
DA:657,6
DA:658,6
DA:659,6
DA:660,6
DA:661,6
DA:662,6
DA:663,6
DA:664,6
DA:665,6
DA:666,6
DA:667,6
DA:668,6
DA:669,6
DA:673,4
DA:674,4
DA:676,4
DA:680,1
DA:681,1
DA:682,1
DA:683,1
DA:684,1
DA:685,1
DA:686,1
DA:687,0
DA:688,0
DA:689,0
DA:690,0
DA:691,0
DA:692,0
DA:693,0
DA:694,0
DA:695,0
DA:696,0
DA:697,0
DA:698,0
DA:700,0
DA:701,0
DA:702,0
DA:703,0
DA:704,0
DA:705,0
DA:706,0
DA:707,0
DA:709,0
DA:712,0
DA:713,0
DA:714,0
DA:715,0
DA:717,0
DA:718,0
DA:719,0
DA:720,0
DA:722,1
DA:723,1
DA:724,0
DA:729,71
DA:730,54
DA:735,0
DA:736,0
DA:737,0
DA:738,0
DA:739,0
DA:740,0
DA:741,0
DA:744,0
DA:748,24
DA:749,21
DA:751,21
DA:752,21
DA:753,21
DA:756,24
DA:760,89
DA:761,30
DA:762,30
DA:763,30
DA:765,89
DA:769,40
DA:770,40
DA:771,39
DA:772,39
DA:773,39
DA:774,39
DA:775,39
DA:776,39
DA:777,39
DA:778,39
DA:779,39
DA:780,39
DA:781,39
DA:782,39
DA:783,39
DA:784,39
DA:785,39
DA:786,39
DA:787,39
DA:788,39
DA:789,39
DA:790,39
DA:791,39
DA:792,39
DA:793,39
DA:794,39
DA:795,39
DA:796,39
DA:797,39
DA:798,39
DA:799,39
DA:800,39
DA:801,39
DA:802,39
DA:803,39
DA:804,39
DA:806,1
DA:807,1
DA:808,1
DA:809,1
DA:810,1
DA:811,1
DA:812,1
DA:813,1
DA:814,1
DA:815,1
DA:816,1
DA:817,1
DA:818,1
DA:819,1
DA:820,1
DA:821,1
DA:822,1
DA:823,1
DA:824,1
DA:825,1
DA:826,1
DA:827,1
DA:828,1
DA:829,1
DA:830,1
DA:831,1
DA:832,1
DA:833,1
DA:834,1
DA:835,1
DA:836,1
DA:837,1
DA:838,1
DA:839,1
DA:841,40
DA:845,23
DA:846,23
DA:847,23
DA:848,9
DA:849,9
DA:850,9
DA:852,23
DA:856,9
DA:857,9
DA:858,9
DA:859,33
DA:860,33
DA:861,33
DA:862,33
DA:863,33
DA:864,264
DA:865,33
DA:868,231
DA:871,33
DA:872,33
DA:873,9
DA:876,24
DA:879,9
DA:884,20
DA:885,20
DA:886,20
DA:887,20
DA:888,20
DA:889,20
DA:890,20
DA:891,30
DA:892,30
DA:893,30
DA:894,30
DA:895,30
DA:896,30
DA:897,30
DA:898,30
DA:899,30
DA:900,30
DA:901,30
DA:902,30
DA:904,20
DA:905,20
DA:918,68
DA:919,68
DA:920,67
DA:921,67
DA:922,67
DA:923,67
DA:924,67
DA:925,67
DA:926,67
DA:927,67
DA:928,67
DA:929,67
DA:930,67
DA:931,67
DA:932,67
DA:933,67
DA:934,67
DA:935,67
DA:936,67
DA:937,67
DA:938,67
DA:939,67
DA:940,67
DA:941,67
DA:942,67
DA:943,67
DA:944,67
DA:945,67
DA:946,67
DA:947,67
DA:948,67
DA:950,1
DA:951,1
DA:952,1
DA:953,1
DA:954,1
DA:955,1
DA:956,1
DA:957,1
DA:958,1
DA:959,1
DA:960,1
DA:961,1
DA:962,1
DA:963,1
DA:964,1
DA:965,1
DA:966,1
DA:967,1
DA:968,1
DA:969,1
DA:970,1
DA:971,1
DA:972,1
DA:973,1
DA:974,1
DA:975,1
DA:976,1
DA:977,1
DA:978,1
DA:980,68
DA:984,5
DA:985,5
DA:986,0
DA:989,5
DA:990,5
DA:991,5
DA:992,5
DA:994,5
DA:998,10
DA:999,10
DA:1000,10
DA:1001,10
DA:1002,10
DA:1003,10
DA:1004,33
DA:1005,33
DA:1006,33
DA:1007,33
DA:1008,33
DA:1009,33
DA:1010,33
DA:1011,33
DA:1012,33
DA:1013,33
DA:1014,33
DA:1015,33
DA:1016,33
DA:1017,33
DA:1018,33
DA:1019,33
DA:1020,33
DA:1021,33
DA:1022,33
DA:1023,33
DA:1024,33
DA:1025,33
DA:1026,33
DA:1027,33
DA:1028,33
DA:1031,27
DA:1032,10
DA:1033,1
DA:1034,1
DA:1035,1
DA:1037,10
DA:1041,33
DA:1042,33
DA:1046,1
DA:1047,1
DA:1049,1
DA:1083,1
DA:1084,1
DA:1085,1
DA:1086,1
DA:1087,1
DA:1088,1
DA:1092,33
DA:1093,9
DA:1094,4
DA:1096,5
DA:1099,33
DA:1103,5
DA:1104,5
DA:1105,0
DA:1108,5
DA:1109,5
DA:1110,5
DA:1111,5
DA:1113,5
DA:1116,1
DA:1117,4
DA:1118,4
DA:1119,4
DA:1120,4
DA:1121,4
DA:1123,4
DA:1124,1
DA:1126,3
DA:1127,1
DA:1129,2
DA:1130,0
DA:1132,2
DA:1133,2
DA:1134,2
DA:1135,0
DA:1136,0
DA:1139,2
DA:1140,2
DA:1144,1
DA:1145,2
DA:1146,2
DA:1147,2
DA:1148,1
DA:1150,1
DA:1153,0
DA:1154,0
DA:1159,1
DA:1160,1
DA:1161,1
DA:1162,1
DA:1163,1
DA:1164,1
DA:1165,1
DA:1175,1
DA:1176,1
DA:1177,0
DA:1179,1
DA:1181,0
DA:1183,1
DA:1184,1
DA:1185,1
DA:1186,1
DA:1187,1
DA:1188,1
DA:1189,1
DA:1190,1
DA:1192,1
DA:1193,1
DA:1194,1
DA:1195,1
DA:1196,1
DA:1201,1
DA:1202,1
DA:1203,1
DA:1204,1
DA:1205,1
DA:1206,1
DA:1207,1
DA:1208,1
DA:1209,1
DA:1210,1
DA:1211,1
DA:1212,1
DA:1213,1
DA:1214,1
DA:1215,1
DA:1216,1
DA:1217,1
DA:1218,1
DA:1219,1
DA:1220,1
DA:1221,1
DA:1222,1
DA:1223,1
DA:1224,1
DA:1225,1
DA:1226,1
DA:1227,1
DA:1228,1
DA:1229,1
DA:1230,1
DA:1231,1
DA:1232,1
DA:1233,1
DA:1234,1
DA:1235,1
DA:1236,1
DA:1241,1
DA:1242,1
DA:1243,1
DA:1244,1
DA:1245,1
DA:1246,1
DA:1247,1
DA:1248,1
DA:1249,1
DA:1250,1
DA:1251,1
DA:1252,1
DA:1253,1
DA:1254,1
DA:1255,1
DA:1256,1
DA:1257,1
DA:1258,1
DA:1259,1
DA:1260,1
DA:1261,1
DA:1264,1
DA:1265,1
DA:1277,1
DA:1279,1
DA:1280,1
DA:1281,1
DA:1282,1
DA:1283,0
DA:1284,0
DA:1285,1
DA:1286,0
DA:1287,0
DA:1289,1
DA:1294,1
DA:1295,1
DA:1297,1
DA:1298,1
DA:1300,1
DA:1301,1
DA:1302,0
DA:1306,1
DA:1307,22
DA:1308,22
DA:1309,22
DA:1310,22
DA:1311,22
DA:1313,22
DA:1314,0
DA:1316,22
DA:1317,22
DA:1318,22
DA:1319,0
DA:1320,0
DA:1323,0
DA:1324,0
DA:1328,1
DA:1329,22
DA:1330,22
DA:1331,22
DA:1332,22
DA:1333,22
DA:1334,22
DA:1335,22
DA:1336,22
DA:1337,22
DA:1338,9
DA:1339,0
DA:1341,9
DA:1342,9
DA:1343,9
DA:1344,9
DA:1345,9
DA:1346,9
DA:1347,9
DA:1348,9
DA:1349,9
DA:1350,9
DA:1352,13
DA:1353,13
DA:1354,13
DA:1355,13
DA:1358,0
DA:1359,0
DA:1364,22
DA:1365,0
DA:1370,9
DA:1371,9
DA:1372,9
DA:1373,9
DA:1374,9
DA:1375,9
DA:1376,9
DA:1377,9
DA:1378,9
DA:1379,9
DA:1380,9
DA:1381,9
DA:1382,9
DA:1383,9
DA:1384,9
DA:1385,9
DA:1386,9
DA:1387,9
DA:1388,9
DA:1389,9
DA:1390,9
DA:1391,9
DA:1392,9
DA:1393,9
DA:1394,9
DA:1395,9
DA:1396,9
DA:1397,9
DA:1398,9
DA:1399,9
DA:1400,9
DA:1401,9
DA:1402,9
DA:1403,9
DA:1404,9
DA:1405,9
DA:1406,9
DA:1408,2
DA:1409,1
DA:1410,1
DA:1411,1
DA:1412,1
DA:1413,1
DA:1414,1
DA:1415,1
DA:1416,1
DA:1417,1
DA:1418,1
DA:1420,2
DA:1422,1
DA:1423,1
DA:1424,1
DA:1425,1
DA:1426,1
DA:1427,1
DA:1428,1
DA:1429,1
DA:1430,1
DA:1431,1
DA:1433,1
DA:1435,1
DA:1436,1
DA:1437,1
DA:1438,1
DA:1439,1
DA:1440,1
DA:1441,1
DA:1442,1
DA:1443,1
DA:1444,1
DA:1446,1
DA:1448,2
DA:1449,2
DA:1450,2
DA:1451,2
DA:1452,2
DA:1453,2
DA:1454,2
DA:1455,2
DA:1456,2
DA:1457,2
DA:1459,2
DA:1461,3
DA:1462,3
DA:1463,3
DA:1464,3
DA:1465,3
DA:1466,3
DA:1467,3
DA:1468,3
DA:1469,3
DA:1470,3
DA:1471,3
DA:1472,3
DA:1473,3
DA:1474,3
DA:1475,3
DA:1476,3
DA:1478,3
DA:1480,9
DA:1481,9
DA:1482,9
DA:1483,7
DA:1485,9
DA:1486,9
DA:1487,9
DA:1488,9
DA:1489,9
DA:1490,9
DA:1491,9
DA:1492,9
DA:1493,7
DA:1495,9
DA:1499,21
DA:1500,16
DA:1501,16
DA:1502,16
DA:1503,16
DA:1506,5
DA:1508,21
DA:1512,5
DA:1513,0
DA:1515,5
DA:1516,0
DA:1518,5
DA:1519,0
DA:1521,5
DA:1525,3
DA:1526,3
DA:1527,3
DA:1528,3
DA:1529,3
DA:1530,3
DA:1531,3
DA:1532,3
DA:1533,3
DA:1534,3
DA:1535,3
DA:1536,3
DA:1537,3
DA:1538,3
DA:1539,3
DA:1540,3
DA:1541,3
DA:1545,9
DA:1546,9
DA:1547,9
DA:1548,8
DA:1549,8
DA:1550,8
DA:1551,8
DA:1552,8
DA:1553,8
DA:1554,8
DA:1555,8
DA:1556,8
DA:1557,8
DA:1558,8
DA:1559,8
DA:1560,8
DA:1562,9
DA:1566,3
DA:1567,3
DA:1568,3
DA:1570,0
DA:1572,3
DA:1573,0
DA:1575,3
DA:1579,5
DA:1580,5
DA:1581,5
DA:1582,5
DA:1583,5
DA:1584,5
DA:1585,5
DA:1586,5
DA:1587,5
DA:1588,5
DA:1590,5
DA:1591,5
DA:1592,5
DA:1593,5
DA:1594,5
DA:1595,5
DA:1596,5
DA:1597,5
DA:1598,5
DA:1599,5
DA:1600,5
DA:1601,5
DA:1602,5
DA:1603,5
DA:1604,5
DA:1605,5
DA:1606,5
DA:1609,0
DA:1613,5
DA:1617,19
DA:1618,19
DA:1619,19
DA:1620,19
DA:1621,19
DA:1622,19
DA:1623,19
DA:1624,19
DA:1625,19
DA:1629,2
DA:1630,2
DA:1631,2
DA:1632,2
DA:1633,2
DA:1634,2
DA:1635,2
DA:1636,2
DA:1637,2
DA:1638,2
DA:1639,2
DA:1640,2
DA:1641,2
DA:1642,2
DA:1643,2
DA:1644,2
DA:1645,2
DA:1646,2
DA:1647,2
DA:1648,2
DA:1649,2
DA:1650,2
DA:1652,0
DA:1655,2
DA:1659,2
DA:1660,2
DA:1661,2
DA:1662,2
DA:1663,2
DA:1664,2
DA:1665,1
DA:1666,1
DA:1667,1
DA:1668,1
DA:1669,1
DA:1670,1
DA:1671,1
DA:1672,1
DA:1673,1
DA:1674,1
DA:1675,1
DA:1676,1
DA:1677,1
DA:1678,1
DA:1679,1
DA:1680,1
DA:1681,1
DA:1682,1
DA:1683,1
DA:1684,1
DA:1685,1
DA:1686,1
DA:1687,1
DA:1688,1
DA:1689,1
DA:1690,1
DA:1691,1
DA:1692,1
DA:1693,1
DA:1694,1
DA:1696,1
DA:1700,2
DA:1704,3
DA:1705,3
DA:1706,3
DA:1707,3
DA:1708,3
DA:1709,3
DA:1710,3
DA:1711,3
DA:1712,3
DA:1713,3
DA:1715,3
DA:1716,3
DA:1717,3
DA:1718,3
DA:1719,3
DA:1720,3
DA:1721,3
DA:1722,3
DA:1723,3
DA:1724,3
DA:1725,3
DA:1726,3
DA:1727,3
DA:1728,3
DA:1729,3
DA:1730,3
DA:1731,3
DA:1734,0
DA:1738,3
DA:1742,6
DA:1743,6
DA:1744,6
DA:1745,5
DA:1746,5
DA:1747,5
DA:1748,0
DA:1749,0
DA:1750,0
DA:1751,0
DA:1753,5
DA:1754,5
DA:1755,5
DA:1756,5
DA:1757,5
DA:1758,5
DA:1759,5
DA:1760,5
DA:1761,5
DA:1762,5
DA:1763,5
DA:1764,5
DA:1765,5
DA:1766,5
DA:1767,5
DA:1768,5
DA:1769,5
DA:1772,0
DA:1775,6
DA:1779,3
DA:1780,3
DA:1781,3
DA:1782,3
DA:1783,3
DA:1784,3
DA:1785,1
DA:1786,1
DA:1787,1
DA:1788,1
DA:1790,3
DA:1791,3
DA:1792,3
DA:1793,3
DA:1794,3
DA:1795,3
DA:1796,3
DA:1797,3
DA:1798,3
DA:1799,3
DA:1800,3
DA:1801,3
DA:1802,3
DA:1803,3
DA:1804,3
DA:1805,3
DA:1808,3
DA:1812,9
DA:1816,0
DA:1818,9
DA:1822,13
DA:1823,13
DA:1824,13
DA:1825,13
DA:1826,13
DA:1827,13
DA:1828,13
DA:1829,13
DA:1830,13
DA:1831,13
DA:1832,13
DA:1833,13
DA:1834,13
DA:1835,13
DA:1836,13
DA:1837,13
DA:1838,13
DA:1839,13
DA:1840,13
DA:1841,13
DA:1842,13
DA:1843,13
DA:1844,13
DA:1845,13
DA:1846,13
DA:1847,13
DA:1848,13
DA:1849,13
DA:1850,13
DA:1851,13
DA:1852,13
DA:1853,13
DA:1854,13
DA:1855,13
DA:1856,13
DA:1857,13
DA:1858,13
DA:1860,4
DA:1861,4
DA:1862,4
DA:1863,4
DA:1864,4
DA:1865,4
DA:1866,4
DA:1867,4
DA:1868,4
DA:1869,4
DA:1870,4
DA:1871,4
DA:1873,4
DA:1875,1
DA:1876,1
DA:1877,1
DA:1878,1
DA:1879,1
DA:1880,1
DA:1881,1
DA:1882,1
DA:1883,1
DA:1884,1
DA:1885,1
DA:1887,1
DA:1889,1
DA:1890,1
DA:1891,1
DA:1892,1
DA:1893,1
DA:1894,1
DA:1895,1
DA:1896,1
DA:1897,1
DA:1898,1
DA:1899,1
DA:1901,1
DA:1903,1
DA:1904,1
DA:1905,1
DA:1906,1
DA:1907,1
DA:1908,1
DA:1909,1
DA:1910,1
DA:1911,1
DA:1912,1
DA:1913,1
DA:1915,1
DA:1917,6
DA:1918,6
DA:1919,6
DA:1920,6
DA:1921,6
DA:1922,6
DA:1923,6
DA:1924,6
DA:1925,6
DA:1926,6
DA:1927,6
DA:1928,6
DA:1929,6
DA:1930,6
DA:1931,6
DA:1932,6
DA:1934,6
DA:1936,13
DA:1937,13
DA:1938,13
DA:1939,12
DA:1941,13
DA:1942,13
DA:1943,13
DA:1944,13
DA:1945,13
DA:1946,13
DA:1947,13
DA:1948,13
DA:1949,12
DA:1951,13
DA:1955,13
DA:1956,13
DA:1957,13
DA:1958,13
DA:1959,13
DA:1960,13
DA:1961,13
DA:1962,13
DA:1963,13
DA:1964,13
DA:1965,13
DA:1966,13
DA:1967,13
DA:1968,13
DA:1969,13
DA:1970,13
DA:1972,13
DA:1976,50
DA:1977,50
DA:1978,48
DA:1980,50
DA:1984,109
DA:1985,14
DA:1986,48
DA:1987,12
DA:1988,1
DA:1991,13
DA:1995,23
DA:1996,6
DA:1998,17
DA:2000,0
DA:2002,5
DA:2004,6
DA:2006,3
DA:2008,2
DA:2010,1
DA:2012,0
DA:2017,1
DA:2018,1
DA:2019,1
DA:2020,1
DA:2021,1
DA:2023,1
DA:2024,0
DA:2028,1
DA:2029,1
DA:2030,1
DA:2031,1
DA:2032,1
DA:2033,1
DA:2034,1
DA:2035,1
DA:2036,1
DA:2037,1
DA:2038,1
DA:2039,1
DA:2040,1
DA:2041,1
DA:2042,1
DA:2043,1
DA:2045,1
DA:2046,1
DA:2047,1
DA:2048,1
DA:2050,1
DA:2051,1
DA:2053,0
DA:2058,0
DA:2063,1
DA:2064,1
DA:2065,1
DA:2066,1
DA:2068,0
DA:2069,0
DA:2070,0
DA:2073,0
DA:2076,0
DA:2077,0
DA:2078,0
DA:2083,1
DA:2084,1
DA:2085,1
DA:2086,1
DA:2087,1
DA:2088,1
DA:2089,1
DA:2090,0
DA:2091,0
DA:2093,1
DA:2094,1
DA:2095,1
DA:2098,1
DA:2100,1
DA:2101,1
DA:2102,1
DA:2103,0
DA:2104,0
DA:2105,0
DA:2106,0
DA:2107,0
DA:2109,1
DA:2110,1
DA:2111,1
DA:2112,1
DA:2113,1
DA:2114,1
DA:2115,1
DA:2116,1
DA:2117,1
DA:2120,1
DA:2121,1
DA:2123,1
DA:2127,1
DA:2128,0
DA:2129,0
DA:2131,0
DA:2137,1
DA:2138,1
DA:2139,1
DA:2140,1
DA:2145,1
DA:2146,1
DA:2151,1
DA:2152,1
DA:2153,1
DA:2155,1
DA:2156,1
DA:2165,0
DA:2169,1
DA:2170,1
DA:2171,1
DA:2172,1
DA:2173,1
DA:2174,1
DA:2175,1
DA:2176,1
DA:2179,1
DA:2184,1
DA:2191,1
DA:2192,1034
DA:2193,1
DA:2194,1
DA:2195,1
DA:2196,1
DA:2197,1
DA:2198,1
DA:2199,1
DA:2201,0
DA:2202,0
DA:2203,0
DA:2204,0
DA:2205,0
DA:2206,0
DA:2207,0
DA:2208,0
DA:2209,0
DA:2210,0
DA:2215,1
DA:2216,1
DA:2217,1
DA:2218,1
DA:2220,1
DA:2221,1
DA:2222,1
DA:2226,1
DA:2227,1
DA:2228,1
DA:2229,1
DA:2230,1
DA:2231,1
DA:2232,1
DA:2234,1
DA:2235,1
DA:2236,1
DA:2238,1
DA:2239,0
DA:2240,0
DA:2242,0
DA:2244,1
DA:2245,1
DA:2246,1
DA:2247,1
DA:2248,1
DA:2250,1
DA:2251,0
DA:2252,0
DA:2253,0
DA:2254,0
DA:2255,0
DA:2256,0
DA:2257,0
DA:2258,0
DA:2259,0
DA:2261,1
DA:2262,1
DA:2263,1
DA:2265,1
DA:2269,0
DA:2270,0
DA:2271,0
DA:2272,0
DA:2273,0
DA:2274,0
DA:2275,0
DA:2276,0
DA:2277,0
DA:2278,0
DA:2279,0
DA:2280,0
DA:2281,0
DA:2282,0
DA:2284,0
DA:2288,0
DA:2289,0
DA:2291,0
DA:2295,0
DA:2296,0
DA:2297,0
LF:1557
LH:1358
BRDA:26,0,0,1
BRDA:26,0,1,0
BRDA:31,1,0,3
BRDA:31,1,1,1
BRDA:49,2,0,0
BRDA:49,2,1,0
BRDA:58,3,0,36
BRDA:58,3,1,1
BRDA:60,4,0,36
BRDA:60,4,1,0
BRDA:61,5,0,290
BRDA:61,5,1,254
BRDA:71,6,0,13
BRDA:71,6,1,0
BRDA:77,7,0,0
BRDA:77,7,1,13
BRDA:94,8,0,0
BRDA:94,8,1,37
BRDA:94,9,0,37
BRDA:94,9,1,37
BRDA:94,9,2,37
BRDA:94,9,3,37
BRDA:94,9,4,37
BRDA:116,10,0,0
BRDA:116,10,1,13
BRDA:126,11,0,13
BRDA:126,11,1,0
BRDA:127,12,0,0
BRDA:127,12,1,13
BRDA:129,13,0,2
BRDA:129,13,1,11
BRDA:129,14,0,13
BRDA:129,14,1,12
BRDA:132,15,0,1
BRDA:132,15,1,10
BRDA:144,16,0,3
BRDA:144,16,1,10
BRDA:144,17,0,13
BRDA:144,17,1,12
BRDA:144,17,2,11
BRDA:149,18,0,0
BRDA:149,18,1,13
BRDA:154,19,0,0
BRDA:154,19,1,0
BRDA:156,20,0,12
BRDA:156,20,1,1
BRDA:168,21,0,3
BRDA:168,21,1,19
BRDA:178,22,0,21
BRDA:178,22,1,1
BRDA:180,23,0,9
BRDA:180,23,1,12
BRDA:184,24,0,0
BRDA:184,24,1,1
BRDA:186,25,0,0
BRDA:186,25,1,0
BRDA:188,26,0,0
BRDA:188,26,1,1
BRDA:190,27,0,0
BRDA:190,27,1,0
BRDA:197,28,0,18
BRDA:197,28,1,3
BRDA:199,29,0,99
BRDA:199,29,1,18
BRDA:203,30,0,9
BRDA:203,30,1,3
BRDA:213,31,0,0
BRDA:213,31,1,1
BRDA:223,32,0,1
BRDA:223,32,1,2
BRDA:231,33,0,1
BRDA:231,33,1,0
BRDA:259,34,0,0
BRDA:259,34,1,1
BRDA:273,35,0,1
BRDA:273,35,1,0
BRDA:277,36,0,0
BRDA:277,36,1,0
BRDA:277,36,2,0
BRDA:277,36,3,0
BRDA:278,37,0,0
BRDA:278,37,1,4
BRDA:342,38,0,4
BRDA:342,38,1,0
BRDA:346,39,0,3
BRDA:346,39,1,1
BRDA:347,40,0,6
BRDA:347,40,1,3
BRDA:347,40,2,3
BRDA:347,40,3,3
BRDA:347,40,4,3
BRDA:347,40,5,0
BRDA:355,41,0,1
BRDA:355,41,1,3
BRDA:355,42,0,4
BRDA:355,42,1,3
BRDA:355,42,2,3
BRDA:355,42,3,3
BRDA:355,42,4,3
BRDA:356,43,0,0
BRDA:356,43,1,1
BRDA:358,44,0,3
BRDA:358,44,1,0
BRDA:375,45,0,0
BRDA:375,45,1,4
BRDA:378,46,0,1
BRDA:378,46,1,3
BRDA:378,47,0,4
BRDA:378,47,1,3
BRDA:378,47,2,3
BRDA:378,47,3,3
BRDA:378,47,4,3
BRDA:378,47,5,3
BRDA:378,47,6,3
BRDA:379,48,0,0
BRDA:379,48,1,1
BRDA:394,49,0,0
BRDA:394,49,1,1
BRDA:398,50,0,0
BRDA:398,50,1,1
BRDA:411,51,0,23
BRDA:411,51,1,0
BRDA:442,52,0,23
BRDA:442,52,1,0
BRDA:463,53,0,24
BRDA:463,53,1,0
BRDA:473,54,0,2
BRDA:473,54,1,2
BRDA:473,55,0,4
BRDA:473,55,1,2
BRDA:474,56,0,2
BRDA:474,56,1,2
BRDA:474,56,2,2
BRDA:474,56,3,2
BRDA:474,56,4,2
BRDA:474,56,5,1
BRDA:475,57,0,1
BRDA:475,57,1,1
BRDA:487,58,0,7
BRDA:487,58,1,3
BRDA:487,59,0,10
BRDA:487,59,1,3
BRDA:496,60,0,0
BRDA:496,60,1,7
BRDA:497,61,0,0
BRDA:497,61,1,0
BRDA:508,62,0,0
BRDA:508,62,1,7
BRDA:509,63,0,0
BRDA:509,63,1,0
BRDA:515,64,0,14
BRDA:515,64,1,3
BRDA:515,65,0,17
BRDA:515,65,1,3
BRDA:516,66,0,14
BRDA:516,66,1,0
BRDA:525,67,0,0
BRDA:525,67,1,0
BRDA:528,68,0,0
BRDA:528,68,1,0
BRDA:538,69,0,9
BRDA:538,69,1,4
BRDA:543,70,0,9
BRDA:543,70,1,0
BRDA:543,71,0,9
BRDA:543,71,1,9
BRDA:543,71,2,9
BRDA:543,71,3,9
BRDA:544,72,0,9
BRDA:544,72,1,9
BRDA:544,72,2,9
BRDA:544,72,3,9
BRDA:544,72,4,9
BRDA:544,72,5,9
BRDA:546,73,0,9
BRDA:546,73,1,0
BRDA:566,74,0,19
BRDA:566,74,1,0
BRDA:566,75,0,19
BRDA:566,75,1,19
BRDA:566,75,2,19
BRDA:566,75,3,19
BRDA:566,75,4,19
BRDA:574,76,0,33
BRDA:574,76,1,0
BRDA:574,77,0,33
BRDA:574,77,1,33
BRDA:574,77,2,33
BRDA:581,78,0,3
BRDA:581,78,1,6
BRDA:592,79,0,1
BRDA:592,79,1,8
BRDA:600,80,0,1
BRDA:600,80,1,12
BRDA:601,81,0,0
BRDA:601,81,1,0
BRDA:601,81,2,0
BRDA:601,81,3,0
BRDA:602,82,0,1
BRDA:602,82,1,0
BRDA:616,83,0,0
BRDA:616,83,1,4
BRDA:616,84,0,4
BRDA:616,84,1,4
BRDA:634,85,0,6
BRDA:634,85,1,0
BRDA:638,86,0,6
BRDA:638,86,1,0
BRDA:639,87,0,0
BRDA:639,87,1,6
BRDA:642,88,0,0
BRDA:642,88,1,6
BRDA:653,89,0,6
BRDA:653,89,1,0
BRDA:654,90,0,5
BRDA:654,90,1,1
BRDA:655,91,0,5
BRDA:655,91,1,1
BRDA:656,92,0,6
BRDA:656,92,1,0
BRDA:657,93,0,6
BRDA:657,93,1,0
BRDA:658,94,0,6
BRDA:658,94,1,0
BRDA:659,95,0,6
BRDA:659,95,1,0
BRDA:660,96,0,6
BRDA:660,96,1,0
BRDA:661,97,0,6
BRDA:661,97,1,0
BRDA:668,98,0,0
BRDA:668,98,1,6
BRDA:673,99,0,4
BRDA:673,99,1,0
BRDA:686,100,0,0
BRDA:686,100,1,1
BRDA:693,101,0,0
BRDA:693,101,1,0
BRDA:693,101,2,0
BRDA:693,101,3,0
BRDA:693,101,4,0
BRDA:693,101,5,0
BRDA:693,101,6,0
BRDA:694,102,0,0
BRDA:694,102,1,0
BRDA:714,103,0,0
BRDA:714,103,1,0
BRDA:723,104,0,0
BRDA:723,104,1,1
BRDA:729,105,0,54
BRDA:729,105,1,17
BRDA:735,106,0,0
BRDA:735,106,1,0
BRDA:736,107,0,0
BRDA:736,107,1,0
BRDA:736,107,2,0
BRDA:736,107,3,0
BRDA:736,107,4,0
BRDA:736,107,5,0
BRDA:736,107,6,0
BRDA:736,107,7,0
BRDA:737,108,0,0
BRDA:737,108,1,0
BRDA:748,109,0,21
BRDA:748,109,1,3
BRDA:760,110,0,30
BRDA:760,110,1,59
BRDA:770,111,0,39
BRDA:770,111,1,1
BRDA:864,112,0,33
BRDA:864,112,1,231
BRDA:872,113,0,9
BRDA:872,113,1,24
BRDA:919,114,0,67
BRDA:919,114,1,1
BRDA:984,115,0,0
BRDA:984,115,1,0
BRDA:984,115,2,0
BRDA:984,115,3,0
BRDA:984,115,4,0
BRDA:984,115,5,0
BRDA:985,116,0,0
BRDA:985,116,1,5
BRDA:1001,117,0,0
BRDA:1001,117,1,0
BRDA:1001,117,2,0
BRDA:1002,118,0,10
BRDA:1002,118,1,0
BRDA:1015,119,0,1
BRDA:1015,119,1,32
BRDA:1015,120,0,33
BRDA:1015,120,1,33
BRDA:1017,121,0,16
BRDA:1017,121,1,17
BRDA:1031,122,0,27
BRDA:1031,122,1,27
BRDA:1031,122,2,27
BRDA:1031,122,3,27
BRDA:1031,122,4,15
BRDA:1031,122,5,9
BRDA:1032,123,0,1
BRDA:1032,123,1,9
BRDA:1032,124,0,10
BRDA:1032,124,1,1
BRDA:1041,125,0,16
BRDA:1041,125,1,17
BRDA:1092,126,0,9
BRDA:1092,126,1,24
BRDA:1092,127,0,33
BRDA:1092,127,1,33
BRDA:1092,127,2,33
BRDA:1092,127,3,33
BRDA:1092,127,4,17
BRDA:1092,127,5,9
BRDA:1093,128,0,4
BRDA:1093,128,1,5
BRDA:1096,129,0,0
BRDA:1096,129,1,5
BRDA:1103,130,0,0
BRDA:1103,130,1,0
BRDA:1103,130,2,0
BRDA:1103,130,3,0
BRDA:1103,130,4,0
BRDA:1103,130,5,0
BRDA:1104,131,0,0
BRDA:1104,131,1,5
BRDA:1105,132,0,0
BRDA:1105,132,1,0
BRDA:1119,133,0,4
BRDA:1119,133,1,0
BRDA:1123,134,0,1
BRDA:1123,134,1,3
BRDA:1123,135,0,4
BRDA:1123,135,1,1
BRDA:1126,136,0,1
BRDA:1126,136,1,2
BRDA:1129,137,0,0
BRDA:1129,137,1,2
BRDA:1134,138,0,0
BRDA:1134,138,1,2
BRDA:1147,139,0,1
BRDA:1147,139,1,1
BRDA:1175,140,0,1
BRDA:1175,140,1,0
BRDA:1176,141,0,0
BRDA:1176,141,1,1
BRDA:1179,142,0,1
BRDA:1179,142,1,0
BRDA:1195,143,0,1
BRDA:1195,143,1,0
BRDA:1206,144,0,1
BRDA:1206,144,1,0
BRDA:1207,145,0,0
BRDA:1207,145,1,1
BRDA:1280,146,0,1
BRDA:1280,146,1,1
BRDA:1280,146,2,1
BRDA:1280,146,3,1
BRDA:1280,146,4,1
BRDA:1280,146,5,1
BRDA:1281,147,0,1
BRDA:1281,147,1,0
BRDA:1282,148,0,0
BRDA:1282,148,1,1
BRDA:1285,149,0,0
BRDA:1285,149,1,1
BRDA:1294,150,0,1
BRDA:1294,150,1,0
BRDA:1297,151,0,1
BRDA:1297,151,1,0
BRDA:1301,152,0,0
BRDA:1301,152,1,1
BRDA:1309,153,0,22
BRDA:1309,153,1,0
BRDA:1313,154,0,0
BRDA:1313,154,1,22
BRDA:1313,155,0,22
BRDA:1313,155,1,9
BRDA:1313,155,2,13
BRDA:1318,156,0,0
BRDA:1318,156,1,22
BRDA:1337,157,0,9
BRDA:1337,157,1,13
BRDA:1338,158,0,0
BRDA:1338,158,1,9
BRDA:1338,159,0,9
BRDA:1338,159,1,3
BRDA:1364,160,0,0
BRDA:1364,160,1,22
BRDA:1406,161,0,2
BRDA:1406,161,1,1
BRDA:1406,161,2,1
BRDA:1406,161,3,2
BRDA:1406,161,4,3
BRDA:1482,162,0,7
BRDA:1482,162,1,2
BRDA:1492,163,0,7
BRDA:1492,163,1,2
BRDA:1499,164,0,16
BRDA:1499,164,1,5
BRDA:1512,165,0,0
BRDA:1512,165,1,5
BRDA:1513,166,0,0
BRDA:1513,166,1,0
BRDA:1515,167,0,0
BRDA:1515,167,1,5
BRDA:1516,168,0,0
BRDA:1516,168,1,0
BRDA:1518,169,0,0
BRDA:1518,169,1,5
BRDA:1519,170,0,0
BRDA:1519,170,1,0
BRDA:1525,171,0,3
BRDA:1525,171,1,0
BRDA:1526,172,0,3
BRDA:1526,172,1,0
BRDA:1527,173,0,3
BRDA:1527,173,1,0
BRDA:1528,174,0,3
BRDA:1528,174,1,0
BRDA:1529,175,0,3
BRDA:1529,175,1,0
BRDA:1530,176,0,3
BRDA:1530,176,1,0
BRDA:1531,177,0,3
BRDA:1531,177,1,0
BRDA:1532,178,0,3
BRDA:1532,178,1,0
BRDA:1533,179,0,3
BRDA:1533,179,1,0
BRDA:1566,180,0,3
BRDA:1566,180,1,0
BRDA:1572,181,0,0
BRDA:1572,181,1,3
BRDA:1581,182,0,5
BRDA:1581,182,1,0
BRDA:1582,183,0,5
BRDA:1582,183,1,5
BRDA:1582,183,2,5
BRDA:1582,183,3,5
BRDA:1582,183,4,5
BRDA:1582,183,5,5
BRDA:1583,184,0,5
BRDA:1583,184,1,0
BRDA:1584,185,0,5
BRDA:1584,185,1,0
BRDA:1631,186,0,2
BRDA:1631,186,1,2
BRDA:1631,186,2,2
BRDA:1631,186,3,2
BRDA:1631,186,4,2
BRDA:1631,186,5,2
BRDA:1632,187,0,2
BRDA:1632,187,1,0
BRDA:1633,188,0,2
BRDA:1633,188,1,0
BRDA:1661,189,0,2
BRDA:1661,189,1,0
BRDA:1662,190,0,2
BRDA:1662,190,1,2
BRDA:1662,190,2,2
BRDA:1662,190,3,2
BRDA:1662,190,4,2
BRDA:1662,190,5,2
BRDA:1663,191,0,2
BRDA:1663,191,1,0
BRDA:1664,192,0,1
BRDA:1664,192,1,1
BRDA:1706,193,0,3
BRDA:1706,193,1,0
BRDA:1707,194,0,3
BRDA:1707,194,1,3
BRDA:1707,194,2,3
BRDA:1707,194,3,3
BRDA:1707,194,4,3
BRDA:1707,194,5,3
BRDA:1708,195,0,3
BRDA:1708,195,1,0
BRDA:1709,196,0,3
BRDA:1709,196,1,0
BRDA:1744,197,0,5
BRDA:1744,197,1,1
BRDA:1745,198,0,5
BRDA:1745,198,1,5
BRDA:1745,198,2,5
BRDA:1745,198,3,5
BRDA:1745,198,4,5
BRDA:1746,199,0,5
BRDA:1746,199,1,0
BRDA:1747,200,0,0
BRDA:1747,200,1,5
BRDA:1781,201,0,3
BRDA:1781,201,1,0
BRDA:1782,202,0,3
BRDA:1782,202,1,3
BRDA:1782,202,2,3
BRDA:1782,202,3,3
BRDA:1782,202,4,3
BRDA:1782,202,5,3
BRDA:1783,203,0,3
BRDA:1783,203,1,0
BRDA:1784,204,0,1
BRDA:1784,204,1,2
BRDA:1812,205,0,0
BRDA:1812,205,1,9
BRDA:1812,206,0,9
BRDA:1812,206,1,9
BRDA:1812,206,2,9
BRDA:1812,206,3,9
BRDA:1812,206,4,9
BRDA:1812,206,5,9
BRDA:1812,206,6,9
BRDA:1812,206,7,9
BRDA:1812,206,8,9
BRDA:1812,206,9,9
BRDA:1812,206,10,9
BRDA:1812,206,11,9
BRDA:1812,206,12,9
BRDA:1812,206,13,9
BRDA:1812,206,14,9
BRDA:1812,206,15,9
BRDA:1812,206,16,9
BRDA:1812,206,17,9
BRDA:1858,207,0,4
BRDA:1858,207,1,1
BRDA:1858,207,2,1
BRDA:1858,207,3,1
BRDA:1858,207,4,6
BRDA:1938,208,0,12
BRDA:1938,208,1,1
BRDA:1948,209,0,12
BRDA:1948,209,1,1
BRDA:1977,210,0,48
BRDA:1977,210,1,2
BRDA:1985,211,0,12
BRDA:1985,211,1,2
BRDA:1987,212,0,1
BRDA:1987,212,1,11
BRDA:1995,213,0,6
BRDA:1995,213,1,17
BRDA:1998,214,0,0
BRDA:1998,214,1,5
BRDA:1998,214,2,6
BRDA:1998,214,3,3
BRDA:1998,214,4,2
BRDA:1998,214,5,1
BRDA:1998,214,6,0
BRDA:2019,215,0,1
BRDA:2019,215,1,0
BRDA:2023,216,0,0
BRDA:2023,216,1,1
BRDA:2023,217,0,1
BRDA:2023,217,1,1
BRDA:2040,218,0,1
BRDA:2040,218,1,0
BRDA:2050,219,0,1
BRDA:2050,219,1,0
BRDA:2089,220,0,0
BRDA:2089,220,1,1
BRDA:2101,221,0,1
BRDA:2101,221,1,1
BRDA:2102,222,0,0
BRDA:2102,222,1,1
BRDA:2127,223,0,0
BRDA:2127,223,1,1
BRDA:2128,224,0,0
BRDA:2128,224,1,0
BRDA:2137,225,0,1
BRDA:2137,225,1,0
BRDA:2139,226,0,1
BRDA:2139,226,1,0
BRDA:2192,227,0,1
BRDA:2192,227,1,1033
BRDA:2192,228,0,1034
BRDA:2192,228,1,1034
BRDA:2192,228,2,1
BRDA:2192,228,3,1
BRDA:2193,229,0,0
BRDA:2193,229,1,0
BRDA:2193,229,2,0
BRDA:2193,229,3,0
BRDA:2193,229,4,0
BRDA:2194,230,0,1
BRDA:2194,230,1,0
BRDA:2195,231,0,1
BRDA:2195,231,1,1
BRDA:2195,231,2,1
BRDA:2195,231,3,1
BRDA:2195,231,4,1
BRDA:2196,232,0,1
BRDA:2196,232,1,0
BRDA:2217,233,0,1
BRDA:2217,233,1,0
BRDA:2235,234,0,1
BRDA:2235,234,1,0
BRDA:2238,235,0,0
BRDA:2238,235,1,1
BRDA:2250,236,0,0
BRDA:2250,236,1,1
BRDA:2258,237,0,0
BRDA:2258,237,1,0
BRDA:2259,238,0,0
BRDA:2259,238,1,0
BRDA:2269,239,0,0
BRDA:2269,239,1,0
BRDA:2274,240,0,0
BRDA:2274,240,1,0
BRDA:2288,241,0,0
BRDA:2288,241,1,0
BRDA:2295,242,0,0
BRDA:2295,242,1,0
BRDA:2296,243,0,0
BRDA:2296,243,1,0
BRF:613
BRH:401
end_of_record
TN:
SF:srv/server.js
FN:3,(anonymous_0)
FNF:1
FNH:1
FNDA:1,(anonymous_0)
DA:1,1
DA:2,1
DA:3,1
DA:4,1
LF:4
LH:4
BRF:0
BRH:0
end_of_record
