{"/home/user/projects/220914-coa-platform-api/coa-rfid-unscannable/srv/server.js":{"path":"/home/user/projects/220914-coa-platform-api/coa-rfid-unscannable/srv/server.js","statementMap":{"0":{"start":{"line":1,"column":12},"end":{"line":1,"column":31}},"1":{"start":{"line":2,"column":14},"end":{"line":2,"column":56}},"2":{"start":{"line":3,"column":0},"end":{"line":3,"column":45}},"3":{"start":{"line":3,"column":27},"end":{"line":3,"column":43}},"4":{"start":{"line":4,"column":0},"end":{"line":4,"column":28}}},"fnMap":{"0":{"name":"(anonymous_0)","decl":{"start":{"line":3,"column":20},"end":{"line":3,"column":21}},"loc":{"start":{"line":3,"column":27},"end":{"line":3,"column":43}},"line":3}},"branchMap":{},"s":{"0":1,"1":1,"2":1,"3":1,"4":1},"f":{"0":1},"b":{},"_coverageSchema":"1a1c01bbd47fc00a2c39e90264f33305004495a9","hash":"e7820e677cc0264cab5ca90ed87df9cdd341ec10","contentHash":"685cad7b2dc34778fad6f913c73c0b921fcabe845b13d8f8de6f41761eaae4bb"},"/home/user/projects/220914-coa-platform-api/coa-rfid-unscannable/srv/rfid_unscannable.js":{"path":"/home/user/projects/220914-coa-platform-api/coa-rfid-unscannable/srv/rfid_unscannable.js","statementMap":{"0":{"start":{"line":2,"column":12},"end":{"line":2,"column":31}},"1":{"start":{"line":3,"column":18},"end":{"line":3,"column":39}},"2":{"start":{"line":4,"column":12},"end":{"line":4,"column":33}},"3":{"start":{"line":5,"column":11},"end":{"line":5,"column":24}},"4":{"start":{"line":7,"column":0},"end":{"line":2302,"column":1}},"5":{"start":{"line":15,"column":12},"end":{"line":15,"column":24}},"6":{"start":{"line":16,"column":14},"end":{"line":16,"column":40}},"7":{"start":{"line":17,"column":22},"end":{"line":17,"column":24}},"8":{"start":{"line":18,"column":20},"end":{"line":18,"column":25}},"9":{"start":{"line":19,"column":28},"end":{"line":19,"column":33}},"10":{"start":{"line":21,"column":4},"end":{"line":45,"column":7}},"11":{"start":{"line":22,"column":28},"end":{"line":22,"column":82}},"12":{"start":{"line":23,"column":34},"end":{"line":23,"column":66}},"13":{"start":{"line":24,"column":29},"end":{"line":24,"column":31}},"14":{"start":{"line":25,"column":8},"end":{"line":25,"column":55}},"15":{"start":{"line":26,"column":8},"end":{"line":44,"column":9}},"16":{"start":{"line":27,"column":12},"end":{"line":27,"column":48}},"17":{"start":{"line":28,"column":24},"end":{"line":28,"column":25}},"18":{"start":{"line":29,"column":24},"end":{"line":29,"column":26}},"19":{"start":{"line":30,"column":12},"end":{"line":42,"column":14}},"20":{"start":{"line":31,"column":16},"end":{"line":33,"column":17}},"21":{"start":{"line":32,"column":20},"end":{"line":32,"column":37}},"22":{"start":{"line":34,"column":16},"end":{"line":34,"column":34}},"23":{"start":{"line":35,"column":16},"end":{"line":35,"column":53}},"24":{"start":{"line":36,"column":16},"end":{"line":36,"column":32}},"25":{"start":{"line":37,"column":16},"end":{"line":37,"column":39}},"26":{"start":{"line":38,"column":16},"end":{"line":38,"column":33}},"27":{"start":{"line":39,"column":16},"end":{"line":39,"column":56}},"28":{"start":{"line":40,"column":16},"end":{"line":40,"column":32}},"29":{"start":{"line":41,"column":16},"end":{"line":41,"column":39}},"30":{"start":{"line":43,"column":12},"end":{"line":43,"column":57}},"31":{"start":{"line":47,"column":4},"end":{"line":53,"column":7}},"32":{"start":{"line":48,"column":8},"end":{"line":52,"column":11}},"33":{"start":{"line":49,"column":12},"end":{"line":51,"column":13}},"34":{"start":{"line":50,"column":16},"end":{"line":50,"column":36}},"35":{"start":{"line":56,"column":29},"end":{"line":56,"column":31}},"36":{"start":{"line":57,"column":23},"end":{"line":57,"column":83}},"37":{"start":{"line":57,"column":60},"end":{"line":57,"column":82}},"38":{"start":{"line":58,"column":8},"end":{"line":65,"column":9}},"39":{"start":{"line":59,"column":27},"end":{"line":59,"column":89}},"40":{"start":{"line":59,"column":66},"end":{"line":59,"column":88}},"41":{"start":{"line":60,"column":12},"end":{"line":64,"column":13}},"42":{"start":{"line":61,"column":16},"end":{"line":63,"column":17}},"43":{"start":{"line":61,"column":33},"end":{"line":61,"column":34}},"44":{"start":{"line":62,"column":20},"end":{"line":62,"column":107}},"45":{"start":{"line":66,"column":8},"end":{"line":66,"column":30}},"46":{"start":{"line":69,"column":4},"end":{"line":85,"column":7}},"47":{"start":{"line":70,"column":8},"end":{"line":84,"column":9}},"48":{"start":{"line":71,"column":12},"end":{"line":74,"column":13}},"49":{"start":{"line":72,"column":29},"end":{"line":72,"column":38}},"50":{"start":{"line":73,"column":16},"end":{"line":73,"column":79}},"51":{"start":{"line":75,"column":12},"end":{"line":75,"column":127}},"52":{"start":{"line":76,"column":29},"end":{"line":76,"column":84}},"53":{"start":{"line":77,"column":12},"end":{"line":80,"column":13}},"54":{"start":{"line":78,"column":16},"end":{"line":78,"column":131}},"55":{"start":{"line":79,"column":16},"end":{"line":79,"column":104}},"56":{"start":{"line":82,"column":12},"end":{"line":82,"column":116}},"57":{"start":{"line":83,"column":12},"end":{"line":83,"column":54}},"58":{"start":{"line":88,"column":8},"end":{"line":88,"column":32}},"59":{"start":{"line":92,"column":28},"end":{"line":92,"column":64}},"60":{"start":{"line":93,"column":34},"end":{"line":93,"column":66}},"61":{"start":{"line":94,"column":8},"end":{"line":99,"column":9}},"62":{"start":{"line":97,"column":12},"end":{"line":97,"column":24}},"63":{"start":{"line":102,"column":4},"end":{"line":111,"column":7}},"64":{"start":{"line":103,"column":8},"end":{"line":103,"column":95}},"65":{"start":{"line":104,"column":8},"end":{"line":110,"column":9}},"66":{"start":{"line":105,"column":35},"end":{"line":105,"column":106}},"67":{"start":{"line":106,"column":12},"end":{"line":106,"column":45}},"68":{"start":{"line":108,"column":12},"end":{"line":108,"column":78}},"69":{"start":{"line":109,"column":12},"end":{"line":109,"column":54}},"70":{"start":{"line":115,"column":27},"end":{"line":115,"column":29}},"71":{"start":{"line":116,"column":8},"end":{"line":118,"column":9}},"72":{"start":{"line":117,"column":12},"end":{"line":117,"column":62}},"73":{"start":{"line":119,"column":23},"end":{"line":119,"column":61}},"74":{"start":{"line":120,"column":28},"end":{"line":120,"column":85}},"75":{"start":{"line":121,"column":34},"end":{"line":121,"column":66}},"76":{"start":{"line":124,"column":8},"end":{"line":124,"column":41}},"77":{"start":{"line":125,"column":8},"end":{"line":125,"column":43}},"78":{"start":{"line":126,"column":8},"end":{"line":128,"column":9}},"79":{"start":{"line":127,"column":12},"end":{"line":127,"column":56}},"80":{"start":{"line":129,"column":8},"end":{"line":136,"column":9}},"81":{"start":{"line":130,"column":26},"end":{"line":130,"column":55}},"82":{"start":{"line":131,"column":12},"end":{"line":131,"column":135}},"83":{"start":{"line":132,"column":15},"end":{"line":136,"column":9}},"84":{"start":{"line":133,"column":12},"end":{"line":133,"column":122}},"85":{"start":{"line":135,"column":12},"end":{"line":135,"column":125}},"86":{"start":{"line":137,"column":8},"end":{"line":137,"column":28}},"87":{"start":{"line":141,"column":29},"end":{"line":141,"column":31}},"88":{"start":{"line":142,"column":29},"end":{"line":142,"column":31}},"89":{"start":{"line":143,"column":26},"end":{"line":143,"column":28}},"90":{"start":{"line":144,"column":17},"end":{"line":144,"column":105}},"91":{"start":{"line":145,"column":8},"end":{"line":145,"column":55}},"92":{"start":{"line":148,"column":8},"end":{"line":148,"column":87}},"93":{"start":{"line":149,"column":8},"end":{"line":155,"column":9}},"94":{"start":{"line":150,"column":24},"end":{"line":150,"column":30}},"95":{"start":{"line":151,"column":12},"end":{"line":151,"column":48}},"96":{"start":{"line":152,"column":12},"end":{"line":152,"column":24}},"97":{"start":{"line":153,"column":12},"end":{"line":153,"column":50}},"98":{"start":{"line":154,"column":12},"end":{"line":154,"column":155}},"99":{"start":{"line":156,"column":8},"end":{"line":163,"column":9}},"100":{"start":{"line":157,"column":32},"end":{"line":157,"column":66}},"101":{"start":{"line":158,"column":12},"end":{"line":159,"column":14}},"102":{"start":{"line":161,"column":12},"end":{"line":162,"column":14}},"103":{"start":{"line":164,"column":8},"end":{"line":164,"column":30}},"104":{"start":{"line":168,"column":8},"end":{"line":172,"column":9}},"105":{"start":{"line":169,"column":12},"end":{"line":169,"column":97}},"106":{"start":{"line":171,"column":12},"end":{"line":171,"column":123}},"107":{"start":{"line":173,"column":8},"end":{"line":173,"column":23}},"108":{"start":{"line":178,"column":8},"end":{"line":192,"column":9}},"109":{"start":{"line":179,"column":12},"end":{"line":179,"column":110}},"110":{"start":{"line":180,"column":12},"end":{"line":180,"column":88}},"111":{"start":{"line":182,"column":27},"end":{"line":182,"column":87}},"112":{"start":{"line":182,"column":64},"end":{"line":182,"column":86}},"113":{"start":{"line":183,"column":27},"end":{"line":183,"column":89}},"114":{"start":{"line":183,"column":66},"end":{"line":183,"column":88}},"115":{"start":{"line":184,"column":12},"end":{"line":187,"column":13}},"116":{"start":{"line":185,"column":16},"end":{"line":185,"column":105}},"117":{"start":{"line":186,"column":16},"end":{"line":186,"column":92}},"118":{"start":{"line":188,"column":12},"end":{"line":191,"column":13}},"119":{"start":{"line":189,"column":16},"end":{"line":189,"column":111}},"120":{"start":{"line":190,"column":16},"end":{"line":190,"column":92}},"121":{"start":{"line":193,"column":8},"end":{"line":193,"column":23}},"122":{"start":{"line":197,"column":8},"end":{"line":205,"column":9}},"123":{"start":{"line":198,"column":12},"end":{"line":200,"column":15}},"124":{"start":{"line":199,"column":16},"end":{"line":199,"column":159}},"125":{"start":{"line":202,"column":12},"end":{"line":204,"column":15}},"126":{"start":{"line":203,"column":16},"end":{"line":203,"column":115}},"127":{"start":{"line":206,"column":8},"end":{"line":206,"column":30}},"128":{"start":{"line":209,"column":4},"end":{"line":219,"column":7}},"129":{"start":{"line":210,"column":8},"end":{"line":210,"column":92}},"130":{"start":{"line":211,"column":8},"end":{"line":218,"column":11}},"131":{"start":{"line":211,"column":28},"end":{"line":211,"column":46}},"132":{"start":{"line":212,"column":12},"end":{"line":212,"column":80}},"133":{"start":{"line":213,"column":12},"end":{"line":217,"column":13}},"134":{"start":{"line":214,"column":16},"end":{"line":214,"column":84}},"135":{"start":{"line":216,"column":16},"end":{"line":216,"column":95}},"136":{"start":{"line":222,"column":21},"end":{"line":225,"column":9}},"137":{"start":{"line":223,"column":12},"end":{"line":224,"column":55}},"138":{"start":{"line":223,"column":37},"end":{"line":223,"column":47}},"139":{"start":{"line":224,"column":17},"end":{"line":224,"column":55}},"140":{"start":{"line":224,"column":35},"end":{"line":224,"column":48}},"141":{"start":{"line":226,"column":8},"end":{"line":226,"column":33}},"142":{"start":{"line":229,"column":4},"end":{"line":306,"column":7}},"143":{"start":{"line":230,"column":28},"end":{"line":230,"column":85}},"144":{"start":{"line":231,"column":8},"end":{"line":234,"column":9}},"145":{"start":{"line":232,"column":25},"end":{"line":232,"column":34}},"146":{"start":{"line":233,"column":12},"end":{"line":233,"column":173}},"147":{"start":{"line":235,"column":8},"end":{"line":235,"column":135}},"148":{"start":{"line":236,"column":19},"end":{"line":236,"column":27}},"149":{"start":{"line":237,"column":34},"end":{"line":237,"column":66}},"150":{"start":{"line":238,"column":29},"end":{"line":238,"column":31}},"151":{"start":{"line":239,"column":8},"end":{"line":239,"column":55}},"152":{"start":{"line":240,"column":8},"end":{"line":240,"column":26}},"153":{"start":{"line":241,"column":8},"end":{"line":241,"column":107}},"154":{"start":{"line":242,"column":33},"end":{"line":242,"column":35}},"155":{"start":{"line":243,"column":27},"end":{"line":243,"column":29}},"156":{"start":{"line":244,"column":21},"end":{"line":244,"column":23}},"157":{"start":{"line":245,"column":8},"end":{"line":245,"column":28}},"158":{"start":{"line":246,"column":8},"end":{"line":246,"column":28}},"159":{"start":{"line":247,"column":8},"end":{"line":247,"column":25}},"160":{"start":{"line":248,"column":8},"end":{"line":248,"column":32}},"161":{"start":{"line":249,"column":22},"end":{"line":249,"column":24}},"162":{"start":{"line":250,"column":8},"end":{"line":250,"column":29}},"163":{"start":{"line":251,"column":8},"end":{"line":251,"column":29}},"164":{"start":{"line":252,"column":8},"end":{"line":252,"column":33}},"165":{"start":{"line":253,"column":8},"end":{"line":253,"column":28}},"166":{"start":{"line":254,"column":26},"end":{"line":254,"column":28}},"167":{"start":{"line":258,"column":12},"end":{"line":258,"column":29}},"168":{"start":{"line":259,"column":8},"end":{"line":264,"column":9}},"169":{"start":{"line":260,"column":12},"end":{"line":260,"column":55}},"170":{"start":{"line":262,"column":27},"end":{"line":262,"column":115}},"171":{"start":{"line":263,"column":12},"end":{"line":263,"column":53}},"172":{"start":{"line":265,"column":8},"end":{"line":305,"column":14}},"173":{"start":{"line":268,"column":16},"end":{"line":268,"column":70}},"174":{"start":{"line":271,"column":16},"end":{"line":303,"column":17}},"175":{"start":{"line":272,"column":31},"end":{"line":272,"column":67}},"176":{"start":{"line":273,"column":20},"end":{"line":297,"column":21}},"177":{"start":{"line":274,"column":24},"end":{"line":274,"column":49}},"178":{"start":{"line":275,"column":24},"end":{"line":275,"column":81}},"179":{"start":{"line":276,"column":24},"end":{"line":292,"column":28}},"180":{"start":{"line":277,"column":46},"end":{"line":277,"column":196}},"181":{"start":{"line":277,"column":75},"end":{"line":277,"column":195}},"182":{"start":{"line":278,"column":28},"end":{"line":291,"column":29}},"183":{"start":{"line":279,"column":32},"end":{"line":279,"column":77}},"184":{"start":{"line":280,"column":32},"end":{"line":280,"column":80}},"185":{"start":{"line":282,"column":47},"end":{"line":282,"column":84}},"186":{"start":{"line":283,"column":32},"end":{"line":283,"column":57}},"187":{"start":{"line":284,"column":32},"end":{"line":284,"column":72}},"188":{"start":{"line":285,"column":32},"end":{"line":285,"column":109}},"189":{"start":{"line":286,"column":44},"end":{"line":286,"column":112}},"190":{"start":{"line":287,"column":32},"end":{"line":287,"column":59}},"191":{"start":{"line":288,"column":32},"end":{"line":288,"column":87}},"192":{"start":{"line":289,"column":32},"end":{"line":289,"column":106}},"193":{"start":{"line":290,"column":32},"end":{"line":290,"column":80}},"194":{"start":{"line":293,"column":24},"end":{"line":293,"column":92}},"195":{"start":{"line":294,"column":24},"end":{"line":294,"column":41}},"196":{"start":{"line":295,"column":38},"end":{"line":295,"column":73}},"197":{"start":{"line":296,"column":24},"end":{"line":296,"column":61}},"198":{"start":{"line":300,"column":20},"end":{"line":300,"column":39}},"199":{"start":{"line":301,"column":20},"end":{"line":301,"column":124}},"200":{"start":{"line":302,"column":20},"end":{"line":302,"column":62}},"201":{"start":{"line":309,"column":8},"end":{"line":386,"column":9}},"202":{"start":{"line":311,"column":12},"end":{"line":343,"column":13}},"203":{"start":{"line":346,"column":12},"end":{"line":354,"column":13}},"204":{"start":{"line":347,"column":16},"end":{"line":353,"column":18}},"205":{"start":{"line":347,"column":60},"end":{"line":352,"column":71}},"206":{"start":{"line":355,"column":12},"end":{"line":374,"column":13}},"207":{"start":{"line":356,"column":16},"end":{"line":356,"column":137}},"208":{"start":{"line":358,"column":17},"end":{"line":374,"column":13}},"209":{"start":{"line":359,"column":16},"end":{"line":359,"column":88}},"210":{"start":{"line":360,"column":16},"end":{"line":360,"column":89}},"211":{"start":{"line":361,"column":27},"end":{"line":361,"column":29}},"212":{"start":{"line":362,"column":16},"end":{"line":362,"column":36}},"213":{"start":{"line":363,"column":16},"end":{"line":363,"column":52}},"214":{"start":{"line":364,"column":16},"end":{"line":364,"column":51}},"215":{"start":{"line":365,"column":16},"end":{"line":365,"column":51}},"216":{"start":{"line":366,"column":16},"end":{"line":366,"column":71}},"217":{"start":{"line":367,"column":16},"end":{"line":367,"column":45}},"218":{"start":{"line":368,"column":16},"end":{"line":368,"column":59}},"219":{"start":{"line":369,"column":16},"end":{"line":369,"column":55}},"220":{"start":{"line":370,"column":16},"end":{"line":370,"column":57}},"221":{"start":{"line":371,"column":16},"end":{"line":371,"column":59}},"222":{"start":{"line":372,"column":16},"end":{"line":372,"column":63}},"223":{"start":{"line":373,"column":16},"end":{"line":373,"column":39}},"224":{"start":{"line":375,"column":12},"end":{"line":377,"column":13}},"225":{"start":{"line":376,"column":16},"end":{"line":376,"column":68}},"226":{"start":{"line":378,"column":12},"end":{"line":380,"column":13}},"227":{"start":{"line":379,"column":16},"end":{"line":379,"column":151}},"228":{"start":{"line":381,"column":12},"end":{"line":381,"column":49}},"229":{"start":{"line":382,"column":12},"end":{"line":382,"column":26}},"230":{"start":{"line":385,"column":12},"end":{"line":385,"column":114}},"231":{"start":{"line":390,"column":8},"end":{"line":390,"column":33}},"232":{"start":{"line":394,"column":8},"end":{"line":405,"column":9}},"233":{"start":{"line":395,"column":12},"end":{"line":395,"column":87}},"234":{"start":{"line":396,"column":12},"end":{"line":396,"column":25}},"235":{"start":{"line":398,"column":12},"end":{"line":404,"column":13}},"236":{"start":{"line":399,"column":16},"end":{"line":399,"column":106}},"237":{"start":{"line":400,"column":16},"end":{"line":400,"column":42}},"238":{"start":{"line":401,"column":16},"end":{"line":401,"column":33}},"239":{"start":{"line":402,"column":16},"end":{"line":402,"column":65}},"240":{"start":{"line":403,"column":16},"end":{"line":403,"column":29}},"241":{"start":{"line":406,"column":8},"end":{"line":406,"column":20}},"242":{"start":{"line":410,"column":8},"end":{"line":410,"column":61}},"243":{"start":{"line":411,"column":8},"end":{"line":415,"column":9}},"244":{"start":{"line":412,"column":12},"end":{"line":414,"column":16}},"245":{"start":{"line":416,"column":8},"end":{"line":416,"column":42}},"246":{"start":{"line":417,"column":8},"end":{"line":423,"column":99}},"247":{"start":{"line":425,"column":8},"end":{"line":435,"column":99}},"248":{"start":{"line":437,"column":8},"end":{"line":437,"column":56}},"249":{"start":{"line":438,"column":8},"end":{"line":438,"column":23}},"250":{"start":{"line":442,"column":8},"end":{"line":446,"column":9}},"251":{"start":{"line":443,"column":12},"end":{"line":445,"column":16}},"252":{"start":{"line":447,"column":8},"end":{"line":447,"column":23}},"253":{"start":{"line":451,"column":20},"end":{"line":451,"column":28}},"254":{"start":{"line":452,"column":8},"end":{"line":457,"column":9}},"255":{"start":{"line":453,"column":12},"end":{"line":453,"column":72}},"256":{"start":{"line":454,"column":12},"end":{"line":454,"column":31}},"257":{"start":{"line":456,"column":12},"end":{"line":456,"column":33}},"258":{"start":{"line":461,"column":20},"end":{"line":461,"column":28}},"259":{"start":{"line":462,"column":8},"end":{"line":469,"column":9}},"260":{"start":{"line":463,"column":12},"end":{"line":466,"column":13}},"261":{"start":{"line":464,"column":16},"end":{"line":464,"column":93}},"262":{"start":{"line":465,"column":16},"end":{"line":465,"column":35}},"263":{"start":{"line":468,"column":12},"end":{"line":468,"column":33}},"264":{"start":{"line":473,"column":8},"end":{"line":482,"column":9}},"265":{"start":{"line":474,"column":27},"end":{"line":474,"column":270}},"266":{"start":{"line":474,"column":63},"end":{"line":474,"column":269}},"267":{"start":{"line":475,"column":12},"end":{"line":481,"column":13}},"268":{"start":{"line":476,"column":16},"end":{"line":476,"column":53}},"269":{"start":{"line":478,"column":16},"end":{"line":478,"column":77}},"270":{"start":{"line":479,"column":16},"end":{"line":479,"column":75}},"271":{"start":{"line":480,"column":16},"end":{"line":480,"column":62}},"272":{"start":{"line":483,"column":8},"end":{"line":483,"column":26}},"273":{"start":{"line":487,"column":8},"end":{"line":490,"column":9}},"274":{"start":{"line":488,"column":12},"end":{"line":488,"column":55}},"275":{"start":{"line":489,"column":12},"end":{"line":489,"column":55}},"276":{"start":{"line":491,"column":8},"end":{"line":491,"column":22}},"277":{"start":{"line":495,"column":22},"end":{"line":495,"column":86}},"278":{"start":{"line":495,"column":54},"end":{"line":495,"column":85}},"279":{"start":{"line":496,"column":8},"end":{"line":502,"column":9}},"280":{"start":{"line":497,"column":12},"end":{"line":497,"column":133}},"281":{"start":{"line":499,"column":12},"end":{"line":499,"column":53}},"282":{"start":{"line":500,"column":12},"end":{"line":500,"column":57}},"283":{"start":{"line":501,"column":12},"end":{"line":501,"column":72}},"284":{"start":{"line":503,"column":8},"end":{"line":503,"column":22}},"285":{"start":{"line":507,"column":22},"end":{"line":507,"column":87}},"286":{"start":{"line":507,"column":54},"end":{"line":507,"column":86}},"287":{"start":{"line":508,"column":8},"end":{"line":510,"column":9}},"288":{"start":{"line":509,"column":12},"end":{"line":509,"column":113}},"289":{"start":{"line":511,"column":8},"end":{"line":511,"column":22}},"290":{"start":{"line":515,"column":8},"end":{"line":532,"column":9}},"291":{"start":{"line":516,"column":12},"end":{"line":531,"column":13}},"292":{"start":{"line":519,"column":30},"end":{"line":519,"column":59}},"293":{"start":{"line":520,"column":33},"end":{"line":520,"column":68}},"294":{"start":{"line":521,"column":16},"end":{"line":521,"column":106}},"295":{"start":{"line":523,"column":31},"end":{"line":523,"column":91}},"296":{"start":{"line":523,"column":68},"end":{"line":523,"column":90}},"297":{"start":{"line":524,"column":31},"end":{"line":524,"column":93}},"298":{"start":{"line":524,"column":70},"end":{"line":524,"column":92}},"299":{"start":{"line":525,"column":16},"end":{"line":527,"column":17}},"300":{"start":{"line":526,"column":20},"end":{"line":526,"column":103}},"301":{"start":{"line":528,"column":16},"end":{"line":530,"column":17}},"302":{"start":{"line":529,"column":20},"end":{"line":529,"column":109}},"303":{"start":{"line":533,"column":8},"end":{"line":533,"column":28}},"304":{"start":{"line":537,"column":18},"end":{"line":537,"column":23}},"305":{"start":{"line":538,"column":8},"end":{"line":560,"column":9}},"306":{"start":{"line":539,"column":25},"end":{"line":539,"column":26}},"307":{"start":{"line":539,"column":40},"end":{"line":539,"column":41}},"308":{"start":{"line":540,"column":26},"end":{"line":540,"column":48}},"309":{"start":{"line":541,"column":26},"end":{"line":541,"column":57}},"310":{"start":{"line":542,"column":12},"end":{"line":556,"column":15}},"311":{"start":{"line":543,"column":16},"end":{"line":555,"column":17}},"312":{"start":{"line":544,"column":40},"end":{"line":545,"column":128}},"313":{"start":{"line":544,"column":65},"end":{"line":545,"column":127}},"314":{"start":{"line":546,"column":20},"end":{"line":554,"column":21}},"315":{"start":{"line":547,"column":24},"end":{"line":547,"column":50}},"316":{"start":{"line":548,"column":24},"end":{"line":548,"column":99}},"317":{"start":{"line":549,"column":24},"end":{"line":549,"column":57}},"318":{"start":{"line":552,"column":24},"end":{"line":552,"column":50}},"319":{"start":{"line":553,"column":24},"end":{"line":553,"column":55}},"320":{"start":{"line":557,"column":23},"end":{"line":557,"column":60}},"321":{"start":{"line":558,"column":12},"end":{"line":558,"column":38}},"322":{"start":{"line":559,"column":12},"end":{"line":559,"column":27}},"323":{"start":{"line":561,"column":8},"end":{"line":561,"column":55}},"324":{"start":{"line":565,"column":8},"end":{"line":569,"column":11}},"325":{"start":{"line":566,"column":12},"end":{"line":568,"column":13}},"326":{"start":{"line":567,"column":16},"end":{"line":567,"column":26}},"327":{"start":{"line":573,"column":8},"end":{"line":577,"column":11}},"328":{"start":{"line":574,"column":12},"end":{"line":576,"column":13}},"329":{"start":{"line":575,"column":16},"end":{"line":575,"column":26}},"330":{"start":{"line":581,"column":8},"end":{"line":585,"column":9}},"331":{"start":{"line":582,"column":12},"end":{"line":582,"column":49}},"332":{"start":{"line":584,"column":12},"end":{"line":584,"column":71}},"333":{"start":{"line":586,"column":8},"end":{"line":586,"column":25}},"334":{"start":{"line":590,"column":21},"end":{"line":590,"column":23}},"335":{"start":{"line":591,"column":8},"end":{"line":591,"column":26}},"336":{"start":{"line":592,"column":8},"end":{"line":595,"column":9}},"337":{"start":{"line":593,"column":12},"end":{"line":593,"column":74}},"338":{"start":{"line":594,"column":12},"end":{"line":594,"column":30}},"339":{"start":{"line":596,"column":8},"end":{"line":596,"column":22}},"340":{"start":{"line":600,"column":8},"end":{"line":611,"column":9}},"341":{"start":{"line":601,"column":26},"end":{"line":601,"column":176}},"342":{"start":{"line":601,"column":55},"end":{"line":601,"column":175}},"343":{"start":{"line":602,"column":12},"end":{"line":610,"column":13}},"344":{"start":{"line":603,"column":33},"end":{"line":603,"column":35}},"345":{"start":{"line":604,"column":16},"end":{"line":604,"column":52}},"346":{"start":{"line":605,"column":16},"end":{"line":605,"column":52}},"347":{"start":{"line":606,"column":16},"end":{"line":606,"column":50}},"348":{"start":{"line":607,"column":16},"end":{"line":607,"column":46}},"349":{"start":{"line":608,"column":16},"end":{"line":608,"column":82}},"350":{"start":{"line":609,"column":16},"end":{"line":609,"column":46}},"351":{"start":{"line":612,"column":8},"end":{"line":612,"column":28}},"352":{"start":{"line":616,"column":8},"end":{"line":628,"column":9}},"353":{"start":{"line":617,"column":12},"end":{"line":617,"column":30}},"354":{"start":{"line":618,"column":12},"end":{"line":618,"column":38}},"355":{"start":{"line":619,"column":12},"end":{"line":619,"column":57}},"356":{"start":{"line":620,"column":12},"end":{"line":620,"column":48}},"357":{"start":{"line":621,"column":12},"end":{"line":621,"column":66}},"358":{"start":{"line":622,"column":12},"end":{"line":622,"column":66}},"359":{"start":{"line":623,"column":12},"end":{"line":623,"column":36}},"360":{"start":{"line":624,"column":12},"end":{"line":624,"column":38}},"361":{"start":{"line":625,"column":12},"end":{"line":625,"column":41}},"362":{"start":{"line":626,"column":12},"end":{"line":626,"column":41}},"363":{"start":{"line":627,"column":12},"end":{"line":627,"column":44}},"364":{"start":{"line":629,"column":8},"end":{"line":629,"column":34}},"365":{"start":{"line":633,"column":21},"end":{"line":633,"column":23}},"366":{"start":{"line":634,"column":8},"end":{"line":634,"column":56}},"367":{"start":{"line":635,"column":8},"end":{"line":635,"column":41}},"368":{"start":{"line":636,"column":8},"end":{"line":636,"column":31}},"369":{"start":{"line":637,"column":8},"end":{"line":637,"column":35}},"370":{"start":{"line":638,"column":8},"end":{"line":638,"column":64}},"371":{"start":{"line":639,"column":8},"end":{"line":639,"column":94}},"372":{"start":{"line":640,"column":8},"end":{"line":640,"column":35}},"373":{"start":{"line":641,"column":8},"end":{"line":641,"column":49}},"374":{"start":{"line":642,"column":8},"end":{"line":642,"column":75}},"375":{"start":{"line":643,"column":8},"end":{"line":643,"column":53}},"376":{"start":{"line":644,"column":8},"end":{"line":644,"column":53}},"377":{"start":{"line":645,"column":8},"end":{"line":645,"column":45}},"378":{"start":{"line":646,"column":8},"end":{"line":646,"column":45}},"379":{"start":{"line":647,"column":8},"end":{"line":647,"column":55}},"380":{"start":{"line":648,"column":8},"end":{"line":648,"column":55}},"381":{"start":{"line":649,"column":8},"end":{"line":649,"column":47}},"382":{"start":{"line":650,"column":8},"end":{"line":650,"column":47}},"383":{"start":{"line":651,"column":8},"end":{"line":651,"column":57}},"384":{"start":{"line":652,"column":8},"end":{"line":652,"column":57}},"385":{"start":{"line":653,"column":8},"end":{"line":653,"column":79}},"386":{"start":{"line":654,"column":8},"end":{"line":654,"column":63}},"387":{"start":{"line":655,"column":8},"end":{"line":655,"column":71}},"388":{"start":{"line":656,"column":8},"end":{"line":656,"column":83}},"389":{"start":{"line":657,"column":8},"end":{"line":657,"column":103}},"390":{"start":{"line":658,"column":8},"end":{"line":658,"column":95}},"391":{"start":{"line":659,"column":8},"end":{"line":659,"column":79}},"392":{"start":{"line":660,"column":8},"end":{"line":660,"column":71}},"393":{"start":{"line":661,"column":8},"end":{"line":661,"column":55}},"394":{"start":{"line":662,"column":8},"end":{"line":662,"column":61}},"395":{"start":{"line":663,"column":8},"end":{"line":663,"column":68}},"396":{"start":{"line":664,"column":8},"end":{"line":664,"column":49}},"397":{"start":{"line":665,"column":8},"end":{"line":665,"column":49}},"398":{"start":{"line":666,"column":8},"end":{"line":666,"column":59}},"399":{"start":{"line":667,"column":8},"end":{"line":667,"column":59}},"400":{"start":{"line":668,"column":8},"end":{"line":668,"column":52}},"401":{"start":{"line":669,"column":8},"end":{"line":669,"column":22}},"402":{"start":{"line":673,"column":8},"end":{"line":675,"column":9}},"403":{"start":{"line":674,"column":12},"end":{"line":674,"column":37}},"404":{"start":{"line":676,"column":8},"end":{"line":676,"column":27}},"405":{"start":{"line":680,"column":31},"end":{"line":680,"column":33}},"406":{"start":{"line":681,"column":31},"end":{"line":681,"column":33}},"407":{"start":{"line":682,"column":31},"end":{"line":682,"column":33}},"408":{"start":{"line":683,"column":27},"end":{"line":683,"column":29}},"409":{"start":{"line":684,"column":27},"end":{"line":684,"column":29}},"410":{"start":{"line":685,"column":28},"end":{"line":685,"column":30}},"411":{"start":{"line":686,"column":8},"end":{"line":721,"column":9}},"412":{"start":{"line":687,"column":12},"end":{"line":687,"column":46}},"413":{"start":{"line":688,"column":12},"end":{"line":688,"column":46}},"414":{"start":{"line":689,"column":12},"end":{"line":689,"column":46}},"415":{"start":{"line":690,"column":12},"end":{"line":690,"column":46}},"416":{"start":{"line":691,"column":26},"end":{"line":691,"column":28}},"417":{"start":{"line":692,"column":12},"end":{"line":711,"column":14}},"418":{"start":{"line":693,"column":30},"end":{"line":693,"column":314}},"419":{"start":{"line":693,"column":58},"end":{"line":693,"column":313}},"420":{"start":{"line":694,"column":16},"end":{"line":708,"column":17}},"421":{"start":{"line":695,"column":34},"end":{"line":695,"column":152}},"422":{"start":{"line":696,"column":20},"end":{"line":696,"column":56}},"423":{"start":{"line":697,"column":20},"end":{"line":697,"column":64}},"424":{"start":{"line":698,"column":20},"end":{"line":698,"column":58}},"425":{"start":{"line":700,"column":37},"end":{"line":700,"column":39}},"426":{"start":{"line":701,"column":37},"end":{"line":701,"column":39}},"427":{"start":{"line":702,"column":20},"end":{"line":702,"column":70}},"428":{"start":{"line":703,"column":20},"end":{"line":703,"column":66}},"429":{"start":{"line":704,"column":20},"end":{"line":704,"column":49}},"430":{"start":{"line":705,"column":20},"end":{"line":705,"column":60}},"431":{"start":{"line":706,"column":20},"end":{"line":706,"column":66}},"432":{"start":{"line":707,"column":20},"end":{"line":707,"column":51}},"433":{"start":{"line":709,"column":16},"end":{"line":709,"column":60}},"434":{"start":{"line":712,"column":12},"end":{"line":712,"column":59}},"435":{"start":{"line":713,"column":12},"end":{"line":713,"column":89}},"436":{"start":{"line":714,"column":12},"end":{"line":716,"column":13}},"437":{"start":{"line":715,"column":16},"end":{"line":715,"column":38}},"438":{"start":{"line":717,"column":12},"end":{"line":717,"column":93}},"439":{"start":{"line":718,"column":12},"end":{"line":718,"column":82}},"440":{"start":{"line":719,"column":12},"end":{"line":719,"column":108}},"441":{"start":{"line":720,"column":12},"end":{"line":720,"column":121}},"442":{"start":{"line":722,"column":8},"end":{"line":722,"column":26}},"443":{"start":{"line":723,"column":8},"end":{"line":725,"column":9}},"444":{"start":{"line":724,"column":12},"end":{"line":724,"column":56}},"445":{"start":{"line":729,"column":8},"end":{"line":731,"column":9}},"446":{"start":{"line":730,"column":12},"end":{"line":730,"column":63}},"447":{"start":{"line":735,"column":8},"end":{"line":743,"column":9}},"448":{"start":{"line":736,"column":26},"end":{"line":736,"column":332}},"449":{"start":{"line":736,"column":57},"end":{"line":736,"column":331}},"450":{"start":{"line":737,"column":12},"end":{"line":742,"column":13}},"451":{"start":{"line":738,"column":30},"end":{"line":738,"column":125}},"452":{"start":{"line":739,"column":16},"end":{"line":739,"column":60}},"453":{"start":{"line":740,"column":16},"end":{"line":740,"column":54}},"454":{"start":{"line":741,"column":16},"end":{"line":741,"column":52}},"455":{"start":{"line":744,"column":8},"end":{"line":744,"column":65}},"456":{"start":{"line":748,"column":8},"end":{"line":755,"column":9}},"457":{"start":{"line":749,"column":28},"end":{"line":749,"column":32}},"458":{"start":{"line":751,"column":12},"end":{"line":754,"column":13}},"459":{"start":{"line":752,"column":38},"end":{"line":752,"column":74}},"460":{"start":{"line":753,"column":16},"end":{"line":753,"column":124}},"461":{"start":{"line":756,"column":8},"end":{"line":756,"column":23}},"462":{"start":{"line":760,"column":8},"end":{"line":764,"column":9}},"463":{"start":{"line":761,"column":12},"end":{"line":761,"column":43}},"464":{"start":{"line":762,"column":12},"end":{"line":762,"column":41}},"465":{"start":{"line":763,"column":12},"end":{"line":763,"column":50}},"466":{"start":{"line":765,"column":8},"end":{"line":765,"column":32}},"467":{"start":{"line":769,"column":21},"end":{"line":769,"column":23}},"468":{"start":{"line":770,"column":8},"end":{"line":840,"column":9}},"469":{"start":{"line":771,"column":12},"end":{"line":771,"column":28}},"470":{"start":{"line":772,"column":12},"end":{"line":772,"column":28}},"471":{"start":{"line":773,"column":12},"end":{"line":773,"column":28}},"472":{"start":{"line":774,"column":12},"end":{"line":774,"column":28}},"473":{"start":{"line":775,"column":12},"end":{"line":775,"column":28}},"474":{"start":{"line":776,"column":12},"end":{"line":776,"column":41}},"475":{"start":{"line":777,"column":12},"end":{"line":777,"column":36}},"476":{"start":{"line":778,"column":12},"end":{"line":778,"column":38}},"477":{"start":{"line":779,"column":12},"end":{"line":779,"column":41}},"478":{"start":{"line":780,"column":12},"end":{"line":780,"column":51}},"479":{"start":{"line":781,"column":12},"end":{"line":781,"column":38}},"480":{"start":{"line":782,"column":12},"end":{"line":782,"column":45}},"481":{"start":{"line":783,"column":12},"end":{"line":783,"column":47}},"482":{"start":{"line":784,"column":12},"end":{"line":784,"column":47}},"483":{"start":{"line":785,"column":12},"end":{"line":785,"column":43}},"484":{"start":{"line":786,"column":12},"end":{"line":786,"column":47}},"485":{"start":{"line":787,"column":12},"end":{"line":787,"column":43}},"486":{"start":{"line":788,"column":12},"end":{"line":788,"column":39}},"487":{"start":{"line":789,"column":12},"end":{"line":789,"column":41}},"488":{"start":{"line":790,"column":12},"end":{"line":790,"column":44}},"489":{"start":{"line":791,"column":12},"end":{"line":791,"column":49}},"490":{"start":{"line":792,"column":12},"end":{"line":792,"column":37}},"491":{"start":{"line":793,"column":12},"end":{"line":793,"column":40}},"492":{"start":{"line":794,"column":12},"end":{"line":794,"column":45}},"493":{"start":{"line":795,"column":12},"end":{"line":795,"column":45}},"494":{"start":{"line":796,"column":12},"end":{"line":796,"column":28}},"495":{"start":{"line":797,"column":12},"end":{"line":797,"column":28}},"496":{"start":{"line":798,"column":12},"end":{"line":798,"column":28}},"497":{"start":{"line":799,"column":12},"end":{"line":799,"column":28}},"498":{"start":{"line":800,"column":12},"end":{"line":800,"column":50}},"499":{"start":{"line":801,"column":12},"end":{"line":801,"column":50}},"500":{"start":{"line":802,"column":12},"end":{"line":802,"column":45}},"501":{"start":{"line":803,"column":12},"end":{"line":803,"column":48}},"502":{"start":{"line":804,"column":12},"end":{"line":804,"column":41}},"503":{"start":{"line":806,"column":12},"end":{"line":806,"column":28}},"504":{"start":{"line":807,"column":12},"end":{"line":807,"column":28}},"505":{"start":{"line":808,"column":12},"end":{"line":808,"column":28}},"506":{"start":{"line":809,"column":12},"end":{"line":809,"column":28}},"507":{"start":{"line":810,"column":12},"end":{"line":810,"column":28}},"508":{"start":{"line":811,"column":12},"end":{"line":811,"column":28}},"509":{"start":{"line":812,"column":12},"end":{"line":812,"column":28}},"510":{"start":{"line":813,"column":12},"end":{"line":813,"column":28}},"511":{"start":{"line":814,"column":12},"end":{"line":814,"column":28}},"512":{"start":{"line":815,"column":12},"end":{"line":815,"column":28}},"513":{"start":{"line":816,"column":12},"end":{"line":816,"column":28}},"514":{"start":{"line":817,"column":12},"end":{"line":817,"column":28}},"515":{"start":{"line":818,"column":12},"end":{"line":818,"column":27}},"516":{"start":{"line":819,"column":12},"end":{"line":819,"column":27}},"517":{"start":{"line":820,"column":12},"end":{"line":820,"column":28}},"518":{"start":{"line":821,"column":12},"end":{"line":821,"column":28}},"519":{"start":{"line":822,"column":12},"end":{"line":822,"column":28}},"520":{"start":{"line":823,"column":12},"end":{"line":823,"column":28}},"521":{"start":{"line":824,"column":12},"end":{"line":824,"column":28}},"522":{"start":{"line":825,"column":12},"end":{"line":825,"column":28}},"523":{"start":{"line":826,"column":12},"end":{"line":826,"column":28}},"524":{"start":{"line":827,"column":12},"end":{"line":827,"column":27}},"525":{"start":{"line":828,"column":12},"end":{"line":828,"column":28}},"526":{"start":{"line":829,"column":12},"end":{"line":829,"column":28}},"527":{"start":{"line":830,"column":12},"end":{"line":830,"column":28}},"528":{"start":{"line":831,"column":12},"end":{"line":831,"column":28}},"529":{"start":{"line":832,"column":12},"end":{"line":832,"column":28}},"530":{"start":{"line":833,"column":12},"end":{"line":833,"column":28}},"531":{"start":{"line":834,"column":12},"end":{"line":834,"column":28}},"532":{"start":{"line":835,"column":12},"end":{"line":835,"column":28}},"533":{"start":{"line":836,"column":12},"end":{"line":836,"column":28}},"534":{"start":{"line":837,"column":12},"end":{"line":837,"column":28}},"535":{"start":{"line":838,"column":12},"end":{"line":838,"column":28}},"536":{"start":{"line":839,"column":12},"end":{"line":839,"column":28}},"537":{"start":{"line":841,"column":8},"end":{"line":841,"column":22}},"538":{"start":{"line":845,"column":24},"end":{"line":845,"column":28}},"539":{"start":{"line":846,"column":16},"end":{"line":846,"column":17}},"540":{"start":{"line":847,"column":8},"end":{"line":851,"column":9}},"541":{"start":{"line":848,"column":30},"end":{"line":848,"column":62}},"542":{"start":{"line":849,"column":23},"end":{"line":849,"column":57}},"543":{"start":{"line":850,"column":12},"end":{"line":850,"column":57}},"544":{"start":{"line":852,"column":8},"end":{"line":852,"column":23}},"545":{"start":{"line":856,"column":16},"end":{"line":856,"column":17}},"546":{"start":{"line":857,"column":24},"end":{"line":857,"column":26}},"547":{"start":{"line":858,"column":8},"end":{"line":878,"column":9}},"548":{"start":{"line":859,"column":26},"end":{"line":859,"column":32}},"549":{"start":{"line":860,"column":30},"end":{"line":860,"column":50}},"550":{"start":{"line":861,"column":20},"end":{"line":861,"column":21}},"551":{"start":{"line":862,"column":28},"end":{"line":862,"column":30}},"552":{"start":{"line":863,"column":12},"end":{"line":870,"column":13}},"553":{"start":{"line":864,"column":16},"end":{"line":869,"column":17}},"554":{"start":{"line":865,"column":20},"end":{"line":865,"column":80}},"555":{"start":{"line":868,"column":20},"end":{"line":868,"column":97}},"556":{"start":{"line":871,"column":12},"end":{"line":871,"column":41}},"557":{"start":{"line":872,"column":12},"end":{"line":877,"column":13}},"558":{"start":{"line":873,"column":16},"end":{"line":873,"column":38}},"559":{"start":{"line":876,"column":16},"end":{"line":876,"column":59}},"560":{"start":{"line":879,"column":8},"end":{"line":879,"column":25}},"561":{"start":{"line":884,"column":8},"end":{"line":884,"column":121}},"562":{"start":{"line":885,"column":21},"end":{"line":885,"column":51}},"563":{"start":{"line":886,"column":22},"end":{"line":886,"column":43}},"564":{"start":{"line":887,"column":8},"end":{"line":887,"column":24}},"565":{"start":{"line":888,"column":33},"end":{"line":888,"column":46}},"566":{"start":{"line":889,"column":23},"end":{"line":889,"column":25}},"567":{"start":{"line":890,"column":8},"end":{"line":903,"column":11}},"568":{"start":{"line":891,"column":25},"end":{"line":891,"column":27}},"569":{"start":{"line":892,"column":12},"end":{"line":892,"column":45}},"570":{"start":{"line":893,"column":12},"end":{"line":893,"column":36}},"571":{"start":{"line":894,"column":12},"end":{"line":894,"column":36}},"572":{"start":{"line":895,"column":12},"end":{"line":895,"column":53}},"573":{"start":{"line":896,"column":12},"end":{"line":896,"column":53}},"574":{"start":{"line":897,"column":12},"end":{"line":897,"column":47}},"575":{"start":{"line":898,"column":12},"end":{"line":898,"column":34}},"576":{"start":{"line":899,"column":12},"end":{"line":899,"column":60}},"577":{"start":{"line":900,"column":12},"end":{"line":900,"column":65}},"578":{"start":{"line":901,"column":12},"end":{"line":901,"column":66}},"579":{"start":{"line":902,"column":12},"end":{"line":902,"column":34}},"580":{"start":{"line":904,"column":26},"end":{"line":904,"column":62}},"581":{"start":{"line":905,"column":8},"end":{"line":914,"column":10}},"582":{"start":{"line":918,"column":21},"end":{"line":918,"column":23}},"583":{"start":{"line":919,"column":8},"end":{"line":979,"column":9}},"584":{"start":{"line":920,"column":12},"end":{"line":920,"column":28}},"585":{"start":{"line":921,"column":12},"end":{"line":921,"column":28}},"586":{"start":{"line":922,"column":12},"end":{"line":922,"column":28}},"587":{"start":{"line":923,"column":12},"end":{"line":923,"column":28}},"588":{"start":{"line":924,"column":12},"end":{"line":924,"column":41}},"589":{"start":{"line":925,"column":12},"end":{"line":925,"column":43}},"590":{"start":{"line":926,"column":12},"end":{"line":926,"column":46}},"591":{"start":{"line":927,"column":12},"end":{"line":927,"column":38}},"592":{"start":{"line":928,"column":12},"end":{"line":928,"column":39}},"593":{"start":{"line":929,"column":12},"end":{"line":929,"column":41}},"594":{"start":{"line":930,"column":12},"end":{"line":930,"column":44}},"595":{"start":{"line":931,"column":12},"end":{"line":931,"column":45}},"596":{"start":{"line":932,"column":12},"end":{"line":932,"column":43}},"597":{"start":{"line":933,"column":12},"end":{"line":933,"column":51}},"598":{"start":{"line":934,"column":12},"end":{"line":934,"column":49}},"599":{"start":{"line":935,"column":12},"end":{"line":935,"column":41}},"600":{"start":{"line":936,"column":12},"end":{"line":936,"column":37}},"601":{"start":{"line":937,"column":12},"end":{"line":937,"column":42}},"602":{"start":{"line":938,"column":12},"end":{"line":938,"column":48}},"603":{"start":{"line":939,"column":12},"end":{"line":939,"column":45}},"604":{"start":{"line":940,"column":12},"end":{"line":940,"column":45}},"605":{"start":{"line":941,"column":12},"end":{"line":941,"column":40}},"606":{"start":{"line":942,"column":12},"end":{"line":942,"column":41}},"607":{"start":{"line":943,"column":12},"end":{"line":943,"column":45}},"608":{"start":{"line":944,"column":12},"end":{"line":944,"column":48}},"609":{"start":{"line":945,"column":12},"end":{"line":945,"column":28}},"610":{"start":{"line":946,"column":12},"end":{"line":946,"column":28}},"611":{"start":{"line":947,"column":12},"end":{"line":947,"column":50}},"612":{"start":{"line":948,"column":12},"end":{"line":948,"column":50}},"613":{"start":{"line":950,"column":12},"end":{"line":950,"column":28}},"614":{"start":{"line":951,"column":12},"end":{"line":951,"column":28}},"615":{"start":{"line":952,"column":12},"end":{"line":952,"column":28}},"616":{"start":{"line":953,"column":12},"end":{"line":953,"column":28}},"617":{"start":{"line":954,"column":12},"end":{"line":954,"column":28}},"618":{"start":{"line":955,"column":12},"end":{"line":955,"column":28}},"619":{"start":{"line":956,"column":12},"end":{"line":956,"column":28}},"620":{"start":{"line":957,"column":12},"end":{"line":957,"column":28}},"621":{"start":{"line":958,"column":12},"end":{"line":958,"column":28}},"622":{"start":{"line":959,"column":12},"end":{"line":959,"column":28}},"623":{"start":{"line":960,"column":12},"end":{"line":960,"column":28}},"624":{"start":{"line":961,"column":12},"end":{"line":961,"column":28}},"625":{"start":{"line":962,"column":12},"end":{"line":962,"column":28}},"626":{"start":{"line":963,"column":12},"end":{"line":963,"column":28}},"627":{"start":{"line":964,"column":12},"end":{"line":964,"column":28}},"628":{"start":{"line":965,"column":12},"end":{"line":965,"column":28}},"629":{"start":{"line":966,"column":12},"end":{"line":966,"column":28}},"630":{"start":{"line":967,"column":12},"end":{"line":967,"column":27}},"631":{"start":{"line":968,"column":12},"end":{"line":968,"column":27}},"632":{"start":{"line":969,"column":12},"end":{"line":969,"column":28}},"633":{"start":{"line":970,"column":12},"end":{"line":970,"column":28}},"634":{"start":{"line":971,"column":12},"end":{"line":971,"column":28}},"635":{"start":{"line":972,"column":12},"end":{"line":972,"column":28}},"636":{"start":{"line":973,"column":12},"end":{"line":973,"column":28}},"637":{"start":{"line":974,"column":12},"end":{"line":974,"column":28}},"638":{"start":{"line":975,"column":12},"end":{"line":975,"column":28}},"639":{"start":{"line":976,"column":12},"end":{"line":976,"column":28}},"640":{"start":{"line":977,"column":12},"end":{"line":977,"column":28}},"641":{"start":{"line":978,"column":12},"end":{"line":978,"column":28}},"642":{"start":{"line":980,"column":8},"end":{"line":980,"column":22}},"643":{"start":{"line":984,"column":34},"end":{"line":984,"column":269}},"644":{"start":{"line":984,"column":63},"end":{"line":984,"column":268}},"645":{"start":{"line":985,"column":8},"end":{"line":993,"column":9}},"646":{"start":{"line":986,"column":12},"end":{"line":986,"column":115}},"647":{"start":{"line":989,"column":26},"end":{"line":989,"column":115}},"648":{"start":{"line":990,"column":12},"end":{"line":990,"column":50}},"649":{"start":{"line":991,"column":12},"end":{"line":991,"column":52}},"650":{"start":{"line":992,"column":12},"end":{"line":992,"column":48}},"651":{"start":{"line":994,"column":8},"end":{"line":994,"column":63}},"652":{"start":{"line":998,"column":25},"end":{"line":998,"column":27}},"653":{"start":{"line":999,"column":25},"end":{"line":999,"column":27}},"654":{"start":{"line":1000,"column":25},"end":{"line":1000,"column":59}},"655":{"start":{"line":1001,"column":23},"end":{"line":1001,"column":155}},"656":{"start":{"line":1001,"column":52},"end":{"line":1001,"column":154}},"657":{"start":{"line":1002,"column":8},"end":{"line":1030,"column":9}},"658":{"start":{"line":1003,"column":12},"end":{"line":1029,"column":15}},"659":{"start":{"line":1004,"column":16},"end":{"line":1004,"column":44}},"660":{"start":{"line":1005,"column":16},"end":{"line":1005,"column":93}},"661":{"start":{"line":1006,"column":16},"end":{"line":1006,"column":84}},"662":{"start":{"line":1007,"column":16},"end":{"line":1007,"column":56}},"663":{"start":{"line":1008,"column":16},"end":{"line":1008,"column":47}},"664":{"start":{"line":1009,"column":16},"end":{"line":1009,"column":45}},"665":{"start":{"line":1010,"column":16},"end":{"line":1010,"column":37}},"666":{"start":{"line":1011,"column":16},"end":{"line":1011,"column":35}},"667":{"start":{"line":1012,"column":16},"end":{"line":1012,"column":37}},"668":{"start":{"line":1013,"column":16},"end":{"line":1013,"column":40}},"669":{"start":{"line":1014,"column":16},"end":{"line":1014,"column":40}},"670":{"start":{"line":1015,"column":16},"end":{"line":1015,"column":95}},"671":{"start":{"line":1016,"column":16},"end":{"line":1016,"column":44}},"672":{"start":{"line":1017,"column":16},"end":{"line":1017,"column":144}},"673":{"start":{"line":1018,"column":16},"end":{"line":1018,"column":38}},"674":{"start":{"line":1019,"column":33},"end":{"line":1019,"column":35}},"675":{"start":{"line":1020,"column":16},"end":{"line":1020,"column":47}},"676":{"start":{"line":1021,"column":16},"end":{"line":1021,"column":51}},"677":{"start":{"line":1022,"column":16},"end":{"line":1022,"column":57}},"678":{"start":{"line":1023,"column":16},"end":{"line":1023,"column":41}},"679":{"start":{"line":1024,"column":16},"end":{"line":1024,"column":43}},"680":{"start":{"line":1025,"column":16},"end":{"line":1025,"column":47}},"681":{"start":{"line":1026,"column":16},"end":{"line":1026,"column":53}},"682":{"start":{"line":1027,"column":16},"end":{"line":1027,"column":47}},"683":{"start":{"line":1028,"column":16},"end":{"line":1028,"column":46}},"684":{"start":{"line":1031,"column":22},"end":{"line":1031,"column":254}},"685":{"start":{"line":1031,"column":48},"end":{"line":1031,"column":253}},"686":{"start":{"line":1032,"column":8},"end":{"line":1036,"column":9}},"687":{"start":{"line":1033,"column":26},"end":{"line":1033,"column":90}},"688":{"start":{"line":1034,"column":12},"end":{"line":1034,"column":50}},"689":{"start":{"line":1035,"column":12},"end":{"line":1035,"column":52}},"690":{"start":{"line":1037,"column":8},"end":{"line":1037,"column":63}},"691":{"start":{"line":1041,"column":8},"end":{"line":1041,"column":136}},"692":{"start":{"line":1042,"column":8},"end":{"line":1042,"column":31}},"693":{"start":{"line":1046,"column":25},"end":{"line":1046,"column":27}},"694":{"start":{"line":1047,"column":25},"end":{"line":1047,"column":27}},"695":{"start":{"line":1049,"column":8},"end":{"line":1082,"column":9}},"696":{"start":{"line":1083,"column":8},"end":{"line":1083,"column":37}},"697":{"start":{"line":1084,"column":8},"end":{"line":1084,"column":71}},"698":{"start":{"line":1085,"column":8},"end":{"line":1085,"column":41}},"699":{"start":{"line":1086,"column":8},"end":{"line":1086,"column":71}},"700":{"start":{"line":1087,"column":8},"end":{"line":1087,"column":35}},"701":{"start":{"line":1088,"column":8},"end":{"line":1088,"column":49}},"702":{"start":{"line":1092,"column":8},"end":{"line":1098,"column":9}},"703":{"start":{"line":1093,"column":12},"end":{"line":1097,"column":13}},"704":{"start":{"line":1094,"column":16},"end":{"line":1094,"column":34}},"705":{"start":{"line":1096,"column":16},"end":{"line":1096,"column":55}},"706":{"start":{"line":1099,"column":8},"end":{"line":1099,"column":20}},"707":{"start":{"line":1103,"column":30},"end":{"line":1103,"column":265}},"708":{"start":{"line":1103,"column":59},"end":{"line":1103,"column":264}},"709":{"start":{"line":1104,"column":8},"end":{"line":1112,"column":9}},"710":{"start":{"line":1105,"column":12},"end":{"line":1105,"column":174}},"711":{"start":{"line":1108,"column":26},"end":{"line":1108,"column":120}},"712":{"start":{"line":1109,"column":12},"end":{"line":1109,"column":50}},"713":{"start":{"line":1110,"column":12},"end":{"line":1110,"column":52}},"714":{"start":{"line":1111,"column":12},"end":{"line":1111,"column":48}},"715":{"start":{"line":1113,"column":8},"end":{"line":1113,"column":63}},"716":{"start":{"line":1116,"column":4},"end":{"line":1142,"column":7}},"717":{"start":{"line":1117,"column":8},"end":{"line":1141,"column":9}},"718":{"start":{"line":1118,"column":32},"end":{"line":1118,"column":89}},"719":{"start":{"line":1119,"column":12},"end":{"line":1122,"column":13}},"720":{"start":{"line":1120,"column":29},"end":{"line":1120,"column":38}},"721":{"start":{"line":1121,"column":16},"end":{"line":1121,"column":177}},"722":{"start":{"line":1123,"column":12},"end":{"line":1125,"column":13}},"723":{"start":{"line":1124,"column":16},"end":{"line":1124,"column":100}},"724":{"start":{"line":1126,"column":12},"end":{"line":1128,"column":13}},"725":{"start":{"line":1127,"column":16},"end":{"line":1127,"column":73}},"726":{"start":{"line":1129,"column":12},"end":{"line":1131,"column":13}},"727":{"start":{"line":1130,"column":16},"end":{"line":1130,"column":86}},"728":{"start":{"line":1132,"column":12},"end":{"line":1132,"column":164}},"729":{"start":{"line":1133,"column":29},"end":{"line":1133,"column":84}},"730":{"start":{"line":1134,"column":12},"end":{"line":1137,"column":13}},"731":{"start":{"line":1135,"column":16},"end":{"line":1135,"column":131}},"732":{"start":{"line":1136,"column":16},"end":{"line":1136,"column":104}},"733":{"start":{"line":1139,"column":12},"end":{"line":1139,"column":111}},"734":{"start":{"line":1140,"column":12},"end":{"line":1140,"column":54}},"735":{"start":{"line":1144,"column":4},"end":{"line":1156,"column":7}},"736":{"start":{"line":1145,"column":19},"end":{"line":1145,"column":27}},"737":{"start":{"line":1146,"column":8},"end":{"line":1155,"column":9}},"738":{"start":{"line":1147,"column":12},"end":{"line":1151,"column":13}},"739":{"start":{"line":1148,"column":16},"end":{"line":1148,"column":41}},"740":{"start":{"line":1150,"column":16},"end":{"line":1150,"column":48}},"741":{"start":{"line":1153,"column":12},"end":{"line":1153,"column":116}},"742":{"start":{"line":1154,"column":12},"end":{"line":1154,"column":54}},"743":{"start":{"line":1159,"column":26},"end":{"line":1159,"column":28}},"744":{"start":{"line":1160,"column":31},"end":{"line":1160,"column":33}},"745":{"start":{"line":1161,"column":29},"end":{"line":1161,"column":31}},"746":{"start":{"line":1162,"column":8},"end":{"line":1162,"column":40}},"747":{"start":{"line":1163,"column":8},"end":{"line":1163,"column":40}},"748":{"start":{"line":1164,"column":21},"end":{"line":1164,"column":23}},"749":{"start":{"line":1165,"column":8},"end":{"line":1174,"column":44}},"750":{"start":{"line":1175,"column":8},"end":{"line":1182,"column":9}},"751":{"start":{"line":1176,"column":12},"end":{"line":1178,"column":13}},"752":{"start":{"line":1177,"column":16},"end":{"line":1177,"column":93}},"753":{"start":{"line":1179,"column":12},"end":{"line":1179,"column":160}},"754":{"start":{"line":1181,"column":12},"end":{"line":1181,"column":57}},"755":{"start":{"line":1183,"column":8},"end":{"line":1191,"column":11}},"756":{"start":{"line":1184,"column":12},"end":{"line":1184,"column":86}},"757":{"start":{"line":1185,"column":29},"end":{"line":1185,"column":31}},"758":{"start":{"line":1186,"column":29},"end":{"line":1186,"column":31}},"759":{"start":{"line":1187,"column":12},"end":{"line":1187,"column":46}},"760":{"start":{"line":1188,"column":12},"end":{"line":1188,"column":56}},"761":{"start":{"line":1189,"column":12},"end":{"line":1189,"column":51}},"762":{"start":{"line":1190,"column":12},"end":{"line":1190,"column":56}},"763":{"start":{"line":1192,"column":8},"end":{"line":1192,"column":89}},"764":{"start":{"line":1193,"column":8},"end":{"line":1193,"column":26}},"765":{"start":{"line":1194,"column":8},"end":{"line":1194,"column":115}},"766":{"start":{"line":1195,"column":8},"end":{"line":1197,"column":9}},"767":{"start":{"line":1196,"column":12},"end":{"line":1196,"column":56}},"768":{"start":{"line":1201,"column":21},"end":{"line":1201,"column":23}},"769":{"start":{"line":1202,"column":8},"end":{"line":1202,"column":30}},"770":{"start":{"line":1203,"column":8},"end":{"line":1203,"column":41}},"771":{"start":{"line":1204,"column":8},"end":{"line":1204,"column":31}},"772":{"start":{"line":1205,"column":8},"end":{"line":1205,"column":35}},"773":{"start":{"line":1206,"column":8},"end":{"line":1206,"column":64}},"774":{"start":{"line":1207,"column":8},"end":{"line":1207,"column":94}},"775":{"start":{"line":1208,"column":8},"end":{"line":1208,"column":35}},"776":{"start":{"line":1209,"column":8},"end":{"line":1209,"column":52}},"777":{"start":{"line":1210,"column":8},"end":{"line":1210,"column":53}},"778":{"start":{"line":1211,"column":8},"end":{"line":1211,"column":52}},"779":{"start":{"line":1212,"column":8},"end":{"line":1212,"column":62}},"780":{"start":{"line":1213,"column":8},"end":{"line":1213,"column":62}},"781":{"start":{"line":1214,"column":8},"end":{"line":1214,"column":44}},"782":{"start":{"line":1215,"column":8},"end":{"line":1215,"column":53}},"783":{"start":{"line":1216,"column":8},"end":{"line":1216,"column":61}},"784":{"start":{"line":1217,"column":8},"end":{"line":1217,"column":61}},"785":{"start":{"line":1218,"column":8},"end":{"line":1218,"column":43}},"786":{"start":{"line":1219,"column":8},"end":{"line":1219,"column":52}},"787":{"start":{"line":1220,"column":8},"end":{"line":1220,"column":30}},"788":{"start":{"line":1221,"column":8},"end":{"line":1221,"column":26}},"789":{"start":{"line":1222,"column":8},"end":{"line":1222,"column":28}},"790":{"start":{"line":1223,"column":8},"end":{"line":1223,"column":31}},"791":{"start":{"line":1224,"column":8},"end":{"line":1224,"column":36}},"792":{"start":{"line":1225,"column":8},"end":{"line":1225,"column":34}},"793":{"start":{"line":1226,"column":8},"end":{"line":1226,"column":30}},"794":{"start":{"line":1227,"column":8},"end":{"line":1227,"column":24}},"795":{"start":{"line":1228,"column":8},"end":{"line":1228,"column":28}},"796":{"start":{"line":1229,"column":8},"end":{"line":1229,"column":59}},"797":{"start":{"line":1230,"column":8},"end":{"line":1230,"column":35}},"798":{"start":{"line":1231,"column":8},"end":{"line":1231,"column":32}},"799":{"start":{"line":1232,"column":8},"end":{"line":1232,"column":34}},"800":{"start":{"line":1233,"column":8},"end":{"line":1233,"column":37}},"801":{"start":{"line":1234,"column":8},"end":{"line":1234,"column":37}},"802":{"start":{"line":1235,"column":8},"end":{"line":1235,"column":33}},"803":{"start":{"line":1236,"column":8},"end":{"line":1236,"column":27}},"804":{"start":{"line":1241,"column":27},"end":{"line":1241,"column":29}},"805":{"start":{"line":1242,"column":19},"end":{"line":1242,"column":21}},"806":{"start":{"line":1243,"column":29},"end":{"line":1243,"column":31}},"807":{"start":{"line":1244,"column":8},"end":{"line":1244,"column":40}},"808":{"start":{"line":1245,"column":8},"end":{"line":1245,"column":40}},"809":{"start":{"line":1246,"column":26},"end":{"line":1246,"column":28}},"810":{"start":{"line":1247,"column":22},"end":{"line":1247,"column":24}},"811":{"start":{"line":1248,"column":30},"end":{"line":1248,"column":32}},"812":{"start":{"line":1249,"column":8},"end":{"line":1262,"column":11}},"813":{"start":{"line":1250,"column":23},"end":{"line":1250,"column":25}},"814":{"start":{"line":1251,"column":12},"end":{"line":1251,"column":32}},"815":{"start":{"line":1252,"column":12},"end":{"line":1252,"column":48}},"816":{"start":{"line":1253,"column":12},"end":{"line":1253,"column":43}},"817":{"start":{"line":1254,"column":12},"end":{"line":1254,"column":43}},"818":{"start":{"line":1255,"column":12},"end":{"line":1255,"column":40}},"819":{"start":{"line":1256,"column":12},"end":{"line":1256,"column":37}},"820":{"start":{"line":1257,"column":12},"end":{"line":1257,"column":47}},"821":{"start":{"line":1258,"column":12},"end":{"line":1258,"column":49}},"822":{"start":{"line":1259,"column":12},"end":{"line":1259,"column":51}},"823":{"start":{"line":1260,"column":12},"end":{"line":1260,"column":55}},"824":{"start":{"line":1261,"column":12},"end":{"line":1261,"column":28}},"825":{"start":{"line":1264,"column":8},"end":{"line":1264,"column":35}},"826":{"start":{"line":1265,"column":8},"end":{"line":1274,"column":99}},"827":{"start":{"line":1277,"column":8},"end":{"line":1277,"column":56}},"828":{"start":{"line":1279,"column":8},"end":{"line":1292,"column":11}},"829":{"start":{"line":1280,"column":26},"end":{"line":1280,"column":260}},"830":{"start":{"line":1280,"column":54},"end":{"line":1280,"column":259}},"831":{"start":{"line":1281,"column":12},"end":{"line":1291,"column":13}},"832":{"start":{"line":1282,"column":16},"end":{"line":1290,"column":17}},"833":{"start":{"line":1283,"column":20},"end":{"line":1283,"column":71}},"834":{"start":{"line":1284,"column":20},"end":{"line":1284,"column":50}},"835":{"start":{"line":1285,"column":23},"end":{"line":1290,"column":17}},"836":{"start":{"line":1286,"column":20},"end":{"line":1286,"column":72}},"837":{"start":{"line":1287,"column":20},"end":{"line":1287,"column":50}},"838":{"start":{"line":1289,"column":20},"end":{"line":1289,"column":61}},"839":{"start":{"line":1294,"column":8},"end":{"line":1296,"column":9}},"840":{"start":{"line":1295,"column":12},"end":{"line":1295,"column":58}},"841":{"start":{"line":1297,"column":8},"end":{"line":1299,"column":9}},"842":{"start":{"line":1298,"column":12},"end":{"line":1298,"column":34}},"843":{"start":{"line":1300,"column":8},"end":{"line":1300,"column":26}},"844":{"start":{"line":1301,"column":8},"end":{"line":1303,"column":9}},"845":{"start":{"line":1302,"column":12},"end":{"line":1302,"column":57}},"846":{"start":{"line":1306,"column":4},"end":{"line":1326,"column":7}},"847":{"start":{"line":1307,"column":8},"end":{"line":1325,"column":9}},"848":{"start":{"line":1308,"column":32},"end":{"line":1308,"column":89}},"849":{"start":{"line":1309,"column":12},"end":{"line":1312,"column":13}},"850":{"start":{"line":1310,"column":29},"end":{"line":1310,"column":38}},"851":{"start":{"line":1311,"column":16},"end":{"line":1311,"column":177}},"852":{"start":{"line":1313,"column":12},"end":{"line":1315,"column":13}},"853":{"start":{"line":1314,"column":16},"end":{"line":1314,"column":77}},"854":{"start":{"line":1316,"column":12},"end":{"line":1316,"column":165}},"855":{"start":{"line":1317,"column":29},"end":{"line":1317,"column":84}},"856":{"start":{"line":1318,"column":12},"end":{"line":1321,"column":13}},"857":{"start":{"line":1319,"column":16},"end":{"line":1319,"column":131}},"858":{"start":{"line":1320,"column":16},"end":{"line":1320,"column":104}},"859":{"start":{"line":1323,"column":12},"end":{"line":1323,"column":116}},"860":{"start":{"line":1324,"column":12},"end":{"line":1324,"column":54}},"861":{"start":{"line":1328,"column":4},"end":{"line":1361,"column":7}},"862":{"start":{"line":1329,"column":8},"end":{"line":1329,"column":114}},"863":{"start":{"line":1330,"column":19},"end":{"line":1330,"column":27}},"864":{"start":{"line":1331,"column":25},"end":{"line":1331,"column":27}},"865":{"start":{"line":1332,"column":21},"end":{"line":1332,"column":23}},"866":{"start":{"line":1333,"column":8},"end":{"line":1360,"column":9}},"867":{"start":{"line":1334,"column":32},"end":{"line":1334,"column":89}},"868":{"start":{"line":1335,"column":38},"end":{"line":1335,"column":70}},"869":{"start":{"line":1336,"column":33},"end":{"line":1336,"column":62}},"870":{"start":{"line":1337,"column":12},"end":{"line":1356,"column":13}},"871":{"start":{"line":1338,"column":16},"end":{"line":1340,"column":17}},"872":{"start":{"line":1339,"column":20},"end":{"line":1339,"column":55}},"873":{"start":{"line":1341,"column":30},"end":{"line":1341,"column":46}},"874":{"start":{"line":1342,"column":16},"end":{"line":1342,"column":181}},"875":{"start":{"line":1343,"column":28},"end":{"line":1343,"column":56}},"876":{"start":{"line":1344,"column":16},"end":{"line":1344,"column":69}},"877":{"start":{"line":1345,"column":16},"end":{"line":1345,"column":87}},"878":{"start":{"line":1346,"column":16},"end":{"line":1346,"column":111}},"879":{"start":{"line":1347,"column":16},"end":{"line":1347,"column":62}},"880":{"start":{"line":1348,"column":16},"end":{"line":1348,"column":73}},"881":{"start":{"line":1349,"column":26},"end":{"line":1349,"column":66}},"882":{"start":{"line":1350,"column":16},"end":{"line":1350,"column":49}},"883":{"start":{"line":1352,"column":16},"end":{"line":1352,"column":79}},"884":{"start":{"line":1353,"column":16},"end":{"line":1353,"column":101}},"885":{"start":{"line":1354,"column":26},"end":{"line":1354,"column":66}},"886":{"start":{"line":1355,"column":16},"end":{"line":1355,"column":49}},"887":{"start":{"line":1358,"column":12},"end":{"line":1358,"column":116}},"888":{"start":{"line":1359,"column":12},"end":{"line":1359,"column":54}},"889":{"start":{"line":1364,"column":8},"end":{"line":1366,"column":9}},"890":{"start":{"line":1365,"column":12},"end":{"line":1365,"column":81}},"891":{"start":{"line":1370,"column":30},"end":{"line":1370,"column":32}},"892":{"start":{"line":1371,"column":22},"end":{"line":1371,"column":24}},"893":{"start":{"line":1372,"column":26},"end":{"line":1372,"column":28}},"894":{"start":{"line":1373,"column":26},"end":{"line":1373,"column":28}},"895":{"start":{"line":1374,"column":8},"end":{"line":1374,"column":39}},"896":{"start":{"line":1375,"column":8},"end":{"line":1375,"column":44}},"897":{"start":{"line":1376,"column":22},"end":{"line":1376,"column":24}},"898":{"start":{"line":1377,"column":31},"end":{"line":1377,"column":33}},"899":{"start":{"line":1378,"column":29},"end":{"line":1378,"column":31}},"900":{"start":{"line":1379,"column":8},"end":{"line":1379,"column":47}},"901":{"start":{"line":1380,"column":8},"end":{"line":1380,"column":47}},"902":{"start":{"line":1381,"column":8},"end":{"line":1381,"column":47}},"903":{"start":{"line":1382,"column":8},"end":{"line":1382,"column":47}},"904":{"start":{"line":1383,"column":8},"end":{"line":1383,"column":59}},"905":{"start":{"line":1384,"column":8},"end":{"line":1384,"column":59}},"906":{"start":{"line":1385,"column":8},"end":{"line":1385,"column":59}},"907":{"start":{"line":1386,"column":8},"end":{"line":1386,"column":59}},"908":{"start":{"line":1387,"column":8},"end":{"line":1387,"column":59}},"909":{"start":{"line":1388,"column":8},"end":{"line":1388,"column":59}},"910":{"start":{"line":1389,"column":8},"end":{"line":1389,"column":59}},"911":{"start":{"line":1390,"column":8},"end":{"line":1390,"column":59}},"912":{"start":{"line":1391,"column":25},"end":{"line":1391,"column":27}},"913":{"start":{"line":1392,"column":8},"end":{"line":1392,"column":37}},"914":{"start":{"line":1393,"column":8},"end":{"line":1393,"column":37}},"915":{"start":{"line":1394,"column":22},"end":{"line":1394,"column":24}},"916":{"start":{"line":1395,"column":8},"end":{"line":1395,"column":29}},"917":{"start":{"line":1396,"column":8},"end":{"line":1396,"column":29}},"918":{"start":{"line":1397,"column":8},"end":{"line":1397,"column":33}},"919":{"start":{"line":1398,"column":8},"end":{"line":1398,"column":28}},"920":{"start":{"line":1399,"column":20},"end":{"line":1399,"column":22}},"921":{"start":{"line":1400,"column":8},"end":{"line":1400,"column":27}},"922":{"start":{"line":1401,"column":8},"end":{"line":1401,"column":27}},"923":{"start":{"line":1402,"column":8},"end":{"line":1402,"column":24}},"924":{"start":{"line":1403,"column":27},"end":{"line":1403,"column":29}},"925":{"start":{"line":1404,"column":8},"end":{"line":1404,"column":56}},"926":{"start":{"line":1405,"column":8},"end":{"line":1405,"column":64}},"927":{"start":{"line":1406,"column":8},"end":{"line":1479,"column":9}},"928":{"start":{"line":1408,"column":16},"end":{"line":1419,"column":19}},"929":{"start":{"line":1409,"column":20},"end":{"line":1409,"column":33}},"930":{"start":{"line":1410,"column":20},"end":{"line":1410,"column":37}},"931":{"start":{"line":1411,"column":20},"end":{"line":1411,"column":33}},"932":{"start":{"line":1412,"column":20},"end":{"line":1412,"column":52}},"933":{"start":{"line":1413,"column":20},"end":{"line":1413,"column":136}},"934":{"start":{"line":1414,"column":20},"end":{"line":1414,"column":121}},"935":{"start":{"line":1415,"column":20},"end":{"line":1415,"column":56}},"936":{"start":{"line":1416,"column":20},"end":{"line":1416,"column":64}},"937":{"start":{"line":1417,"column":20},"end":{"line":1417,"column":58}},"938":{"start":{"line":1418,"column":20},"end":{"line":1418,"column":66}},"939":{"start":{"line":1420,"column":16},"end":{"line":1420,"column":22}},"940":{"start":{"line":1422,"column":16},"end":{"line":1432,"column":19}},"941":{"start":{"line":1423,"column":20},"end":{"line":1423,"column":33}},"942":{"start":{"line":1424,"column":20},"end":{"line":1424,"column":37}},"943":{"start":{"line":1425,"column":20},"end":{"line":1425,"column":33}},"944":{"start":{"line":1426,"column":20},"end":{"line":1426,"column":119}},"945":{"start":{"line":1427,"column":20},"end":{"line":1427,"column":121}},"946":{"start":{"line":1428,"column":20},"end":{"line":1428,"column":56}},"947":{"start":{"line":1429,"column":20},"end":{"line":1429,"column":64}},"948":{"start":{"line":1430,"column":20},"end":{"line":1430,"column":58}},"949":{"start":{"line":1431,"column":20},"end":{"line":1431,"column":66}},"950":{"start":{"line":1433,"column":16},"end":{"line":1433,"column":22}},"951":{"start":{"line":1435,"column":16},"end":{"line":1445,"column":19}},"952":{"start":{"line":1436,"column":20},"end":{"line":1436,"column":33}},"953":{"start":{"line":1437,"column":20},"end":{"line":1437,"column":37}},"954":{"start":{"line":1438,"column":20},"end":{"line":1438,"column":33}},"955":{"start":{"line":1439,"column":20},"end":{"line":1439,"column":135}},"956":{"start":{"line":1440,"column":20},"end":{"line":1440,"column":121}},"957":{"start":{"line":1441,"column":20},"end":{"line":1441,"column":56}},"958":{"start":{"line":1442,"column":20},"end":{"line":1442,"column":64}},"959":{"start":{"line":1443,"column":20},"end":{"line":1443,"column":58}},"960":{"start":{"line":1444,"column":20},"end":{"line":1444,"column":66}},"961":{"start":{"line":1446,"column":16},"end":{"line":1446,"column":22}},"962":{"start":{"line":1448,"column":16},"end":{"line":1458,"column":19}},"963":{"start":{"line":1449,"column":20},"end":{"line":1449,"column":33}},"964":{"start":{"line":1450,"column":20},"end":{"line":1450,"column":37}},"965":{"start":{"line":1451,"column":20},"end":{"line":1451,"column":33}},"966":{"start":{"line":1452,"column":20},"end":{"line":1452,"column":134}},"967":{"start":{"line":1453,"column":20},"end":{"line":1453,"column":121}},"968":{"start":{"line":1454,"column":20},"end":{"line":1454,"column":56}},"969":{"start":{"line":1455,"column":20},"end":{"line":1455,"column":64}},"970":{"start":{"line":1456,"column":20},"end":{"line":1456,"column":58}},"971":{"start":{"line":1457,"column":20},"end":{"line":1457,"column":66}},"972":{"start":{"line":1459,"column":16},"end":{"line":1459,"column":22}},"973":{"start":{"line":1461,"column":16},"end":{"line":1461,"column":57}},"974":{"start":{"line":1462,"column":16},"end":{"line":1477,"column":19}},"975":{"start":{"line":1463,"column":20},"end":{"line":1463,"column":33}},"976":{"start":{"line":1464,"column":20},"end":{"line":1464,"column":37}},"977":{"start":{"line":1465,"column":20},"end":{"line":1465,"column":33}},"978":{"start":{"line":1466,"column":20},"end":{"line":1466,"column":63}},"979":{"start":{"line":1467,"column":20},"end":{"line":1467,"column":51}},"980":{"start":{"line":1468,"column":32},"end":{"line":1468,"column":97}},"981":{"start":{"line":1469,"column":20},"end":{"line":1469,"column":42}},"982":{"start":{"line":1470,"column":20},"end":{"line":1470,"column":70}},"983":{"start":{"line":1471,"column":20},"end":{"line":1471,"column":135}},"984":{"start":{"line":1472,"column":20},"end":{"line":1472,"column":121}},"985":{"start":{"line":1473,"column":20},"end":{"line":1473,"column":56}},"986":{"start":{"line":1474,"column":20},"end":{"line":1474,"column":64}},"987":{"start":{"line":1475,"column":20},"end":{"line":1475,"column":58}},"988":{"start":{"line":1476,"column":20},"end":{"line":1476,"column":66}},"989":{"start":{"line":1478,"column":16},"end":{"line":1478,"column":22}},"990":{"start":{"line":1480,"column":8},"end":{"line":1480,"column":66}},"991":{"start":{"line":1481,"column":8},"end":{"line":1481,"column":96}},"992":{"start":{"line":1482,"column":8},"end":{"line":1484,"column":9}},"993":{"start":{"line":1483,"column":12},"end":{"line":1483,"column":34}},"994":{"start":{"line":1485,"column":8},"end":{"line":1485,"column":90}},"995":{"start":{"line":1486,"column":8},"end":{"line":1486,"column":108}},"996":{"start":{"line":1487,"column":8},"end":{"line":1487,"column":26}},"997":{"start":{"line":1488,"column":8},"end":{"line":1488,"column":121}},"998":{"start":{"line":1489,"column":8},"end":{"line":1489,"column":121}},"999":{"start":{"line":1490,"column":8},"end":{"line":1490,"column":134}},"1000":{"start":{"line":1491,"column":8},"end":{"line":1491,"column":134}},"1001":{"start":{"line":1492,"column":8},"end":{"line":1494,"column":9}},"1002":{"start":{"line":1493,"column":12},"end":{"line":1493,"column":56}},"1003":{"start":{"line":1495,"column":8},"end":{"line":1495,"column":31}},"1004":{"start":{"line":1499,"column":8},"end":{"line":1507,"column":9}},"1005":{"start":{"line":1500,"column":12},"end":{"line":1500,"column":44}},"1006":{"start":{"line":1501,"column":12},"end":{"line":1501,"column":52}},"1007":{"start":{"line":1502,"column":12},"end":{"line":1502,"column":29}},"1008":{"start":{"line":1503,"column":12},"end":{"line":1503,"column":46}},"1009":{"start":{"line":1506,"column":12},"end":{"line":1506,"column":36}},"1010":{"start":{"line":1508,"column":8},"end":{"line":1508,"column":77}},"1011":{"start":{"line":1512,"column":8},"end":{"line":1514,"column":9}},"1012":{"start":{"line":1513,"column":12},"end":{"line":1513,"column":118}},"1013":{"start":{"line":1515,"column":8},"end":{"line":1517,"column":9}},"1014":{"start":{"line":1516,"column":12},"end":{"line":1516,"column":117}},"1015":{"start":{"line":1518,"column":8},"end":{"line":1520,"column":9}},"1016":{"start":{"line":1519,"column":12},"end":{"line":1519,"column":116}},"1017":{"start":{"line":1521,"column":8},"end":{"line":1521,"column":28}},"1018":{"start":{"line":1525,"column":8},"end":{"line":1525,"column":68}},"1019":{"start":{"line":1526,"column":8},"end":{"line":1526,"column":52}},"1020":{"start":{"line":1527,"column":8},"end":{"line":1527,"column":60}},"1021":{"start":{"line":1528,"column":8},"end":{"line":1528,"column":72}},"1022":{"start":{"line":1529,"column":8},"end":{"line":1529,"column":92}},"1023":{"start":{"line":1530,"column":8},"end":{"line":1530,"column":84}},"1024":{"start":{"line":1531,"column":8},"end":{"line":1531,"column":68}},"1025":{"start":{"line":1532,"column":8},"end":{"line":1532,"column":60}},"1026":{"start":{"line":1533,"column":8},"end":{"line":1533,"column":44}},"1027":{"start":{"line":1534,"column":8},"end":{"line":1534,"column":53}},"1028":{"start":{"line":1535,"column":8},"end":{"line":1535,"column":25}},"1029":{"start":{"line":1536,"column":8},"end":{"line":1536,"column":29}},"1030":{"start":{"line":1537,"column":8},"end":{"line":1537,"column":32}},"1031":{"start":{"line":1538,"column":8},"end":{"line":1538,"column":23}},"1032":{"start":{"line":1539,"column":8},"end":{"line":1539,"column":23}},"1033":{"start":{"line":1540,"column":8},"end":{"line":1540,"column":24}},"1034":{"start":{"line":1541,"column":8},"end":{"line":1541,"column":17}},"1035":{"start":{"line":1545,"column":8},"end":{"line":1545,"column":79}},"1036":{"start":{"line":1546,"column":8},"end":{"line":1546,"column":80}},"1037":{"start":{"line":1547,"column":8},"end":{"line":1561,"column":11}},"1038":{"start":{"line":1548,"column":23},"end":{"line":1548,"column":25}},"1039":{"start":{"line":1549,"column":12},"end":{"line":1549,"column":48}},"1040":{"start":{"line":1550,"column":12},"end":{"line":1550,"column":32}},"1041":{"start":{"line":1551,"column":12},"end":{"line":1551,"column":37}},"1042":{"start":{"line":1552,"column":12},"end":{"line":1552,"column":37}},"1043":{"start":{"line":1553,"column":12},"end":{"line":1553,"column":40}},"1044":{"start":{"line":1554,"column":12},"end":{"line":1554,"column":31}},"1045":{"start":{"line":1555,"column":12},"end":{"line":1555,"column":45}},"1046":{"start":{"line":1556,"column":12},"end":{"line":1556,"column":41}},"1047":{"start":{"line":1557,"column":12},"end":{"line":1557,"column":43}},"1048":{"start":{"line":1558,"column":12},"end":{"line":1558,"column":45}},"1049":{"start":{"line":1559,"column":12},"end":{"line":1559,"column":49}},"1050":{"start":{"line":1560,"column":12},"end":{"line":1560,"column":34}},"1051":{"start":{"line":1562,"column":8},"end":{"line":1562,"column":21}},"1052":{"start":{"line":1566,"column":8},"end":{"line":1571,"column":9}},"1053":{"start":{"line":1567,"column":12},"end":{"line":1567,"column":55}},"1054":{"start":{"line":1568,"column":12},"end":{"line":1568,"column":59}},"1055":{"start":{"line":1570,"column":12},"end":{"line":1570,"column":64}},"1056":{"start":{"line":1572,"column":8},"end":{"line":1574,"column":9}},"1057":{"start":{"line":1573,"column":12},"end":{"line":1573,"column":54}},"1058":{"start":{"line":1575,"column":8},"end":{"line":1575,"column":23}},"1059":{"start":{"line":1579,"column":25},"end":{"line":1579,"column":27}},"1060":{"start":{"line":1580,"column":25},"end":{"line":1580,"column":27}},"1061":{"start":{"line":1581,"column":8},"end":{"line":1612,"column":9}},"1062":{"start":{"line":1582,"column":26},"end":{"line":1582,"column":244}},"1063":{"start":{"line":1582,"column":53},"end":{"line":1582,"column":243}},"1064":{"start":{"line":1583,"column":12},"end":{"line":1611,"column":13}},"1065":{"start":{"line":1584,"column":16},"end":{"line":1610,"column":17}},"1066":{"start":{"line":1585,"column":34},"end":{"line":1585,"column":152}},"1067":{"start":{"line":1586,"column":20},"end":{"line":1586,"column":70}},"1068":{"start":{"line":1587,"column":20},"end":{"line":1587,"column":60}},"1069":{"start":{"line":1588,"column":20},"end":{"line":1588,"column":67}},"1070":{"start":{"line":1590,"column":20},"end":{"line":1590,"column":70}},"1071":{"start":{"line":1591,"column":20},"end":{"line":1591,"column":83}},"1072":{"start":{"line":1592,"column":20},"end":{"line":1592,"column":46}},"1073":{"start":{"line":1593,"column":20},"end":{"line":1593,"column":45}},"1074":{"start":{"line":1594,"column":20},"end":{"line":1594,"column":64}},"1075":{"start":{"line":1595,"column":20},"end":{"line":1595,"column":55}},"1076":{"start":{"line":1596,"column":20},"end":{"line":1596,"column":73}},"1077":{"start":{"line":1597,"column":20},"end":{"line":1597,"column":73}},"1078":{"start":{"line":1598,"column":20},"end":{"line":1598,"column":63}},"1079":{"start":{"line":1599,"column":20},"end":{"line":1599,"column":54}},"1080":{"start":{"line":1600,"column":20},"end":{"line":1600,"column":72}},"1081":{"start":{"line":1601,"column":20},"end":{"line":1601,"column":72}},"1082":{"start":{"line":1602,"column":20},"end":{"line":1602,"column":56}},"1083":{"start":{"line":1603,"column":20},"end":{"line":1603,"column":62}},"1084":{"start":{"line":1604,"column":20},"end":{"line":1604,"column":56}},"1085":{"start":{"line":1605,"column":20},"end":{"line":1605,"column":83}},"1086":{"start":{"line":1606,"column":20},"end":{"line":1606,"column":72}},"1087":{"start":{"line":1609,"column":20},"end":{"line":1609,"column":72}},"1088":{"start":{"line":1613,"column":8},"end":{"line":
[...]
{"start":{"line":2258,"column":57},"end":{"line":2258,"column":78}},{"start":{"line":2258,"column":81},"end":{"line":2258,"column":95}}],"line":2258},"238":{"loc":{"start":{"line":2259,"column":34},"end":{"line":2259,"column":99}},"type":"cond-expr","locations":[{"start":{"line":2259,"column":59},"end":{"line":2259,"column":81}},{"start":{"line":2259,"column":84},"end":{"line":2259,"column":99}}],"line":2259},"239":{"loc":{"start":{"line":2269,"column":8},"end":{"line":2283,"column":9}},"type":"if","locations":[{"start":{"line":2269,"column":8},"end":{"line":2283,"column":9}},{"start":{"line":2269,"column":8},"end":{"line":2283,"column":9}}],"line":2269},"240":{"loc":{"start":{"line":2274,"column":21},"end":{"line":2274,"column":48}},"type":"cond-expr","locations":[{"start":{"line":2274,"column":30},"end":{"line":2274,"column":36}},{"start":{"line":2274,"column":39},"end":{"line":2274,"column":48}}],"line":2274},"241":{"loc":{"start":{"line":2288,"column":8},"end":{"line":2290,"column":9}},"type":"if","locations":[{"start":{"line":2288,"column":8},"end":{"line":2290,"column":9}},{"start":{"line":2288,"column":8},"end":{"line":2290,"column":9}}],"line":2288},"242":{"loc":{"start":{"line":2295,"column":32},"end":{"line":2295,"column":79}},"type":"cond-expr","locations":[{"start":{"line":2295,"column":67},"end":{"line":2295,"column":74}},{"start":{"line":2295,"column":77},"end":{"line":2295,"column":79}}],"line":2295},"243":{"loc":{"start":{"line":2296,"column":33},"end":{"line":2296,"column":115}},"type":"cond-expr","locations":[{"start":{"line":2296,"column":68},"end":{"line":2296,"column":110}},{"start":{"line":2296,"column":113},"end":{"line":2296,"column":115}}],"line":2296}},"s":{"0":1,"1":1,"2":1,"3":1,"4":1,"5":1,"6":1,"7":1,"8":1,"9":1,"10":1,"11":1,"12":1,"13":1,"14":1,"15":1,"16":1,"17":1,"18":1,"19":1,"20":4,"21":3,"22":4,"23":4,"24":4,"25":4,"26":4,"27":4,"28":4,"29":4,"30":1,"31":1,"32":1,"33":0,"34":0,"35":37,"36":37,"37":255,"38":37,"39":36,"40":254,"41":36,"42":36,"43":36,"44":254,"45":37,"46":1,"47":13,"48":13,"49":13,"50":13,"51":13,"52":13,"53":13,"54":0,"55":0,"56":0,"57":0,"58":68,"59":37,"60":37,"61":37,"62":0,"63":1,"64":13,"65":13,"66":13,"67":13,"68":0,"69":0,"70":13,"71":13,"72":0,"73":13,"74":13,"75":13,"76":13,"77":13,"78":13,"79":13,"80":13,"81":2,"82":2,"83":11,"84":1,"85":10,"86":13,"87":13,"88":13,"89":13,"90":13,"91":13,"92":13,"93":13,"94":0,"95":0,"96":0,"97":0,"98":0,"99":13,"100":12,"101":12,"102":1,"103":13,"104":22,"105":3,"106":19,"107":22,"108":22,"109":21,"110":21,"111":1,"112":1,"113":1,"114":1,"115":1,"116":0,"117":0,"118":1,"119":0,"120":0,"121":22,"122":21,"123":18,"124":117,"125":3,"126":12,"127":21,"128":1,"129":1,"130":1,"131":3,"132":1,"133":1,"134":0,"135":1,"136":1,"137":3,"138":1,"139":2,"140":2,"141":1,"142":1,"143":1,"144":1,"145":1,"146":1,"147":1,"148":1,"149":1,"150":1,"151":1,"152":1,"153":1,"154":1,"155":1,"156":1,"157":1,"158":1,"159":1,"160":1,"161":1,"162":1,"163":1,"164":1,"165":1,"166":1,"167":1,"168":1,"169":0,"170":1,"171":1,"172":1,"173":4,"174":1,"175":1,"176":1,"177":1,"178":1,"179":1,"180":4,"181":0,"182":4,"183":0,"184":0,"185":4,"186":4,"187":4,"188":4,"189":4,"190":4,"191":4,"192":4,"193":4,"194":1,"195":1,"196":1,"197":1,"198":0,"199":0,"200":0,"201":4,"202":4,"203":4,"204":3,"205":6,"206":4,"207":1,"208":3,"209":3,"210":3,"211":3,"212":3,"213":3,"214":3,"215":3,"216":3,"217":3,"218":3,"219":3,"220":3,"221":3,"222":3,"223":3,"224":4,"225":0,"226":4,"227":1,"228":4,"229":4,"230":0,"231":7,"232":1,"233":0,"234":0,"235":1,"236":0,"237":0,"238":0,"239":0,"240":0,"241":1,"242":23,"243":23,"244":23,"245":23,"246":23,"247":23,"248":23,"249":23,"250":23,"251":23,"252":23,"253":24,"254":24,"255":24,"256":24,"257":0,"258":24,"259":24,"260":24,"261":24,"262":24,"263":0,"264":4,"265":2,"266":2,"267":2,"268":1,"269":1,"270":1,"271":1,"272":4,"273":10,"274":7,"275":7,"276":10,"277":7,"278":7,"279":7,"280":0,"281":7,"282":7,"283":7,"284":7,"285":7,"286":7,"287":7,"288":0,"289":7,"290":17,"291":14,"292":14,"293":14,"294":14,"295":0,"296":0,"297":0,"298":0,"299":0,"300":0,"301":0,"302":0,"303":17,"304":13,"305":13,"306":9,"307":9,"308":9,"309":9,"310":9,"311":9,"312":9,"313":9,"314":9,"315":9,"316":9,"317":9,"318":0,"319":0,"320":9,"321":9,"322":9,"323":13,"324":19,"325":19,"326":19,"327":10,"328":33,"329":33,"330":9,"331":3,"332":6,"333":9,"334":9,"335":9,"336":9,"337":1,"338":1,"339":9,"340":13,"341":1,"342":0,"343":1,"344":1,"345":1,"346":1,"347":1,"348":1,"349":1,"350":1,"351":13,"352":4,"353":0,"354":0,"355":0,"356":0,"357":0,"358":0,"359":0,"360":0,"361":0,"362":0,"363":0,"364":4,"365":6,"366":6,"367":6,"368":6,"369":6,"370":6,"371":6,"372":6,"373":6,"374":6,"375":6,"376":6,"377":6,"378":6,"379":6,"380":6,"381":6,"382":6,"383":6,"384":6,"385":6,"386":6,"387":6,"388":6,"389":6,"390":6,"391":6,"392":6,"393":6,"394":6,"395":6,"396":6,"397":6,"398":6,"399":6,"400":6,"401":6,"402":4,"403":4,"404":4,"405":1,"406":1,"407":1,"408":1,"409":1,"410":1,"411":1,"412":0,"413":0,"414":0,"415":0,"416":0,"417":0,"418":0,"419":0,"420":0,"421":0,"422":0,"423":0,"424":0,"425":0,"426":0,"427":0,"428":0,"429":0,"430":0,"431":0,"432":0,"433":0,"434":0,"435":0,"436":0,"437":0,"438":0,"439":0,"440":0,"441":0,"442":1,"443":1,"444":0,"445":71,"446":54,"447":0,"448":0,"449":0,"450":0,"451":0,"452":0,"453":0,"454":0,"455":0,"456":24,"457":21,"458":21,"459":21,"460":21,"461":24,"462":89,"463":30,"464":30,"465":30,"466":89,"467":40,"468":40,"469":39,"470":39,"471":39,"472":39,"473":39,"474":39,"475":39,"476":39,"477":39,"478":39,"479":39,"480":39,"481":39,"482":39,"483":39,"484":39,"485":39,"486":39,"487":39,"488":39,"489":39,"490":39,"491":39,"492":39,"493":39,"494":39,"495":39,"496":39,"497":39,"498":39,"499":39,"500":39,"501":39,"502":39,"503":1,"504":1,"505":1,"506":1,"507":1,"508":1,"509":1,"510":1,"511":1,"512":1,"513":1,"514":1,"515":1,"516":1,"517":1,"518":1,"519":1,"520":1,"521":1,"522":1,"523":1,"524":1,"525":1,"526":1,"527":1,"528":1,"529":1,"530":1,"531":1,"532":1,"533":1,"534":1,"535":1,"536":1,"537":40,"538":23,"539":23,"540":23,"541":9,"542":9,"543":9,"544":23,"545":9,"546":9,"547":9,"548":33,"549":33,"550":33,"551":33,"552":33,"553":264,"554":33,"555":231,"556":33,"557":33,"558":9,"559":24,"560":9,"561":20,"562":20,"563":20,"564":20,"565":20,"566":20,"567":20,"568":30,"569":30,"570":30,"571":30,"572":30,"573":30,"574":30,"575":30,"576":30,"577":30,"578":30,"579":30,"580":20,"581":20,"582":68,"583":68,"584":67,"585":67,"586":67,"587":67,"588":67,"589":67,"590":67,"591":67,"592":67,"593":67,"594":67,"595":67,"596":67,"597":67,"598":67,"599":67,"600":67,"601":67,"602":67,"603":67,"604":67,"605":67,"606":67,"607":67,"608":67,"609":67,"610":67,"611":67,"612":67,"613":1,"614":1,"615":1,"616":1,"617":1,"618":1,"619":1,"620":1,"621":1,"622":1,"623":1,"624":1,"625":1,"626":1,"627":1,"628":1,"629":1,"630":1,"631":1,"632":1,"633":1,"634":1,"635":1,"636":1,"637":1,"638":1,"639":1,"640":1,"641":1,"642":68,"643":5,"644":0,"645":5,"646":0,"647":5,"648":5,"649":5,"650":5,"651":5,"652":10,"653":10,"654":10,"655":10,"656":0,"657":10,"658":10,"659":33,"660":33,"661":33,"662":33,"663":33,"664":33,"665":33,"666":33,"667":33,"668":33,"669":33,"670":33,"671":33,"672":33,"673":33,"674":33,"675":33,"676":33,"677":33,"678":33,"679":33,"680":33,"681":33,"682":33,"683":33,"684":10,"685":27,"686":10,"687":1,"688":1,"689":1,"690":10,"691":33,"692":33,"693":1,"694":1,"695":1,"696":1,"697":1,"698":1,"699":1,"700":1,"701":1,"702":33,"703":9,"704":4,"705":5,"706":33,"707":5,"708":0,"709":5,"710":0,"711":5,"712":5,"713":5,"714":5,"715":5,"716":1,"717":4,"718":4,"719":4,"720":4,"721":4,"722":4,"723":1,"724":3,"725":1,"726":2,"727":0,"728":2,"729":2,"730":2,"731":0,"732":0,"733":2,"734":2,"735":1,"736":2,"737":2,"738":2,"739":1,"740":1,"741":0,"742":0,"743":1,"744":1,"745":1,"746":1,"747":1,"748":1,"749":1,"750":1,"751":1,"752":0,"753":1,"754":0,"755":1,"756":1,"757":1,"758":1,"759":1,"760":1,"761":1,"762":1,"763":1,"764":1,"765":1,"766":1,"767":1,"768":1,"769":1,"770":1,"771":1,"772":1,"773":1,"774":1,"775":1,"776":1,"777":1,"778":1,"779":1,"780":1,"781":1,"782":1,"783":1,"784":1,"785":1,"786":1,"787":1,"788":1,"789":1,"790":1,"791":1,"792":1,"793":1,"794":1,"795":1,"796":1,"797":1,"798":1,"799":1,"800":1,"801":1,"802":1,"803":1,"804":1,"805":1,"806":1,"807":1,"808":1,"809":1,"810":1,"811":1,"812":1,"813":1,"814":1,"815":1,"816":1,"817":1,"818":1,"819":1,"820":1,"821":1,"822":1,"823":1,"824":1,"825":1,"826":1,"827":1,"828":1,"829":1,"830":1,"831":1,"832":1,"833":0,"834":0,"835":1,"836":0,"837":0,"838":1,"839":1,"840":1,"841":1,"842":1,"843":1,"844":1,"845":0,"846":1,"847":22,"848":22,"849":22,"850":22,"851":22,"852":22,"853":0,"854":22,"855":22,"856":22,"857":0,"858":0,"859":0,"860":0,"861":1,"862":22,"863":22,"864":22,"865":22,"866":22,"867":22,"868":22,"869":22,"870":22,"871":9,"872":0,"873":9,"874":9,"875":9,"876":9,"877":9,"878":9,"879":9,"880":9,"881":9,"882":9,"883":13,"884":13,"885":13,"886":13,"887":0,"888":0,"889":22,"890":0,"891":9,"892":9,"893":9,"894":9,"895":9,"896":9,"897":9,"898":9,"899":9,"900":9,"901":9,"902":9,"903":9,"904":9,"905":9,"906":9,"907":9,"908":9,"909":9,"910":9,"911":9,"912":9,"913":9,"914":9,"915":9,"916":9,"917":9,"918":9,"919":9,"920":9,"921":9,"922":9,"923":9,"924":9,"925":9,"926":9,"927":9,"928":2,"929":1,"930":1,"931":1,"932":1,"933":1,"934":1,"935":1,"936":1,"937":1,"938":1,"939":2,"940":1,"941":1,"942":1,"943":1,"944":1,"945":1,"946":1,"947":1,"948":1,"949":1,"950":1,"951":1,"952":1,"953":1,"954":1,"955":1,"956":1,"957":1,"958":1,"959":1,"960":1,"961":1,"962":2,"963":2,"964":2,"965":2,"966":2,"967":2,"968":2,"969":2,"970":2,"971":2,"972":2,"973":3,"974":3,"975":3,"976":3,"977":3,"978":3,"979":3,"980":3,"981":3,"982":3,"983":3,"984":3,"985":3,"986":3,"987":3,"988":3,"989":3,"990":9,"991":9,"992":9,"993":7,"994":9,"995":9,"996":9,"997":9,"998":9,"999":9,"1000":9,"1001":9,"1002":7,"1003":9,"1004":21,"1005":16,"1006":16,"1007":16,"1008":16,"1009":5,"1010":21,"1011":5,"1012":0,"1013":5,"1014":0,"1015":5,"1016":0,"1017":5,"1018":3,"1019":3,"1020":3,"1021":3,"1022":3,"1023":3,"1024":3,"1025":3,"1026":3,"1027":3,"1028":3,"1029":3,"1030":3,"1031":3,"1032":3,"1033":3,"1034":3,"1035":9,"1036":9,"1037":9,"1038":8,"1039":8,"1040":8,"1041":8,"1042":8,"1043":8,"1044":8,"1045":8,"1046":8,"1047":8,"1048":8,"1049":8,"1050":8,"1051":9,"1052":3,"1053":3,"1054":3,"1055":0,"1056":3,"1057":0,"1058":3,"1059":5,"1060":5,"1061":5,"1062":5,"1063":5,"1064":5,"1065":5,"1066":5,"1067":5,"1068":5,"1069":5,"1070":5,"1071":5,"1072":5,"1073":5,"1074":5,"1075":5,"1076":5,"1077":5,"1078":5,"1079":5,"1080":5,"1081":5,"1082":5,"1083":5,"1084":5,"1085":5,"1086":5,"1087":0,"1088":5,"1089":19,"1090":19,"1091":19,"1092":19,"1093":19,"1094":19,"1095":19,"1096":19,"1097":19,"1098":2,"1099":2,"1100":2,"1101":2,"1102":2,"1103":2,"1104":2,"1105":2,"1106":2,"1107":2,"1108":2,"1109":2,"1110":2,"1111":2,"1112":2,"1113":2,"1114":2,"1115":2,"1116":2,"1117":2,"1118":2,"1119":2,"1120":2,"1121":0,"1122":2,"1123":2,"1124":2,"1125":2,"1126":2,"1127":2,"1128":2,"1129":2,"1130":1,"1131":1,"1132":1,"1133":1,"1134":1,"1135":1,"1136":1,"1137":1,"1138":1,"1139":1,"1140":1,"1141":1,"1142":1,"1143":1,"1144":1,"1145":1,"1146":1,"1147":1,"1148":1,"1149":1,"1150":1,"1151":1,"1152":1,"1153":1,"1154":1,"1155":1,"1156":1,"1157":1,"1158":1,"1159":1,"1160":1,"1161":2,"1162":3,"1163":3,"1164":3,"1165":3,"1166":3,"1167":3,"1168":3,"1169":3,"1170":3,"1171":3,"1172":3,"1173":3,"1174":3,"1175":3,"1176":3,"1177":3,"1178":3,"1179":3,"1180":3,"1181":3,"1182":3,"1183":3,"1184":3,"1185":3,"1186":3,"1187":3,"1188":3,"1189":3,"1190":0,"1191":3,"1192":6,"1193":6,"1194":6,"1195":5,"1196":5,"1197":5,"1198":5,"1199":0,"1200":0,"1201":0,"1202":0,"1203":5,"1204":5,"1205":5,"1206":5,"1207":5,"1208":5,"1209":5,"1210":5,"1211":5,"1212":5,"1213":5,"1214":5,"1215":5,"1216":5,"1217":5,"1218":5,"1219":5,"1220":0,"1221":6,"1222":3,"1223":3,"1224":3,"1225":3,"1226":3,"1227":3,"1228":3,"1229":1,"1230":1,"1231":1,"1232":1,"1233":3,"1234":3,"1235":3,"1236":3,"1237":3,"1238":3,"1239":3,"1240":3,"1241":3,"1242":3,"1243":3,"1244":3,"1245":3,"1246":3,"1247":3,"1248":3,"1249":3,"1250":9,"1251":0,"1252":9,"1253":13,"1254":13,"1255":13,"1256":13,"1257":13,"1258":13,"1259":13,"1260":13,"1261":13,"1262":13,"1263":13,"1264":13,"1265":13,"1266":13,"1267":13,"1268":13,"1269":13,"1270":13,"1271":13,"1272":13,"1273":13,"1274":13,"1275":13,"1276":13,"1277":13,"1278":13,"1279":13,"1280":13,"1281":13,"1282":13,"1283":13,"1284":13,"1285":13,"1286":13,"1287":13,"1288":13,"1289":13,"1290":4,"1291":4,"1292":4,"1293":4,"1294":4,"1295":4,"1296":4,"1297":4,"1298":4,"1299":4,"1300":4,"1301":4,"1302":4,"1303":1,"1304":1,"1305":1,"1306":1,"1307":1,"1308":1,"1309":1,"1310":1,"1311":1,"1312":1,"1313":1,"1314":1,"1315":1,"1316":1,"1317":1,"1318":1,"1319":1,"1320":1,"1321":1,"1322":1,"1323":1,"1324":1,"1325":1,"1326":1,"1327":1,"1328":1,"1329":1,"1330":1,"1331":1,"1332":1,"1333":1,"1334":1,"1335":1,"1336":1,"1337":1,"1338":1,"1339":6,"1340":6,"1341":6,"1342":6,"1343":6,"1344":6,"1345":6,"1346":6,"1347":6,"1348":6,"1349":6,"1350":6,"1351":6,"1352":6,"1353":6,"1354":6,"1355":6,"1356":13,"1357":13,"1358":13,"1359":12,"1360":13,"1361":13,"1362":13,"1363":13,"1364":13,"1365":13,"1366":13,"1367":13,"1368":12,"1369":13,"1370":13,"1371":13,"1372":13,"1373":13,"1374":13,"1375":13,"1376":13,"1377":13,"1378":13,"1379":13,"1380":13,"1381":13,"1382":13,"1383":13,"1384":13,"1385":13,"1386":13,"1387":50,"1388":4,"1389":50,"1390":48,"1391":50,"1392":14,"1393":109,"1394":14,"1395":12,"1396":48,"1397":12,"1398":1,"1399":13,"1400":23,"1401":6,"1402":17,"1403":0,"1404":5,"1405":6,"1406":3,"1407":2,"1408":1,"1409":0,"1410":1,"1411":1,"1412":1,"1413":1,"1414":1,"1415":1,"1416":0,"1417":1,"1418":1,"1419":1,"1420":1,"1421":1,"1422":1,"1423":1,"1424":1,"1425":1,"1426":1,"1427":1,"1428":1,"1429":1,"1430":1,"1431":1,"1432":1,"1433":1,"1434":1,"1435":1,"1436":1,"1437":1,"1438":1,"1439":0,"1440":0,"1441":1,"1442":1,"1443":1,"1444":1,"1445":0,"1446":0,"1447":0,"1448":0,"1449":0,"1450":0,"1451":0,"1452":1,"1453":1,"1454":1,"1455":1,"1456":1,"1457":1,"1458":1,"1459":0,"1460":0,"1461":1,"1462":1,"1463":1,"1464":1,"1465":1,"1466":1,"1467":1,"1468":1,"1469":0,"1470":0,"1471":0,"1472":0,"1473":0,"1474":1,"1475":1,"1476":1,"1477":1,"1478":1,"1479":1,"1480":1,"1481":1,"1482":1,"1483":1,"1484":1,"1485":1,"1486":1,"1487":0,"1488":0,"1489":0,"1490":1,"1491":1,"1492":1,"1493":1,"1494":1,"1495":1,"1496":1,"1497":1,"1498":1,"1499":1,"1500":1,"1501":0,"1502":1,"1503":1,"1504":1,"1505":1,"1506":1,"1507":1,"1508":1,"1509":1,"1510":1,"1511":1,"1512":1,"1513":1034,"1514":1,"1515":0,"1516":1,"1517":1,"1518":1,"1519":1,"1520":1,"1521":1,"1522":1,"1523":0,"1524":0,"1525":0,"1526":0,"1527":0,"1528":0,"1529":0,"1530":0,"1531":0,"1532":0,"1533":1,"1534":1,"1535":1,"1536":1,"1537":1,"1538":1,"1539":1,"1540":1,"1541":1,"1542":1,"1543":1,"1544":1,"1545":1,"1546":1,"1547":1,"1548":1,"1549":1,"1550":1,"1551":1,"1552":0,"1553":0,"1554":0,"1555":1,"1556":1,"1557":1,"1558":1,"1559":1,"1560":1,"1561":0,"1562":0,"1563":0,"1564":0,"1565":0,"1566":0,"1567":0,"1568":0,"1569":0,"1570":1,"1571":1,"1572":1,"1573":1,"1574":0,"1575":0,"1576":0,"1577":0,"1578":0,"1579":0,"1580":0,"1581":0,"1582":0,"1583":0,"1584":0,"1585":0,"1586":0,"1587":0,"1588":0,"1589":0,"1590":0,"1591":0,"1592":0,"1593":0,"1594":0},"f":{"0":1,"1":1,"2":4,"3":1,"4":0,"5":37,"6":255,"7":254,"8":13,"9":68,"10":37,"11":13,"12":13,"13":13,"14":22,"15":22,"16":1,"17":1,"18":21,"19":117,"20":12,"21":1,"22":3,"23":1,"24":1,"25":3,"26":2,"27":1,"28":4,"29":1,"30":4,"31":0,"32":4,"33":6,"34":7,"35":1,"36":23,"37":23,"38":24,"39":24,"40":4,"41":2,"42":10,"43":7,"44":7,"45":7,"46":7,"47":17,"48":0,"49":0,"50":13,"51":9,"52":9,"53":19,"54":19,"55":10,"56":33,"57":9,"58":9,"59":13,"60":0,"61":4,"62":6,"63":4,"64":1,"65":0,"66":0,"67":71,"68":0,"69":0,"70":24,"71":89,"72":40,"73":23,"74":9,"75":20,"76":30,"77":68,"78":5,"79":0,"80":10,"81":0,"82":33,"83":27,"84":33,"85":1,"86":33,"87":5,"88":0,"89":4,"90":2,"91":1,"92":1,"93":1,"94":1,"95":1,"96":1,"97":1,"98":22,"99":22,"100":22,"101":9,"102":1,"103":1,"104":1,"105":2,"106":3,"107":21,"108":5,"109":3,"110":9,"111":8,"112":3,"113":5,"114":5,"115":19,"116":2,"117":2,"118":2,"119":2,"120":3,"121":3,"122":6,"123":5,"124":3,"125":3,"126":9,"127":13,"128":4,"129":1,"130":1,"131":1,"132":6,"133":13,"134":13,"135":50,"136":4,"137":14,"138":109,"139":48,"140":23,"141":1,"142":1,"143":1,"144":1,"145":1,"146":0,"147":1,"148":1,"149":1,"150":1,"151":1,"152":1,"153":1,"154":1,"155":1,"156":1034,"157":0,"158":1,"159":1,"160":1,"161":0,"162":1,"163":0,"164":0,"165":0},"b":{"0":[1,0],"1":[3,1],"2":[0,0],"3":[36,1],"4":[36,0],"5":[290,254],"6":[13,0],"7":[0,13],"8":[0,37],"9":[37,37,37,37,37],"10":[0,13],"11":[13,0],"12":[0,13],"13":[2,11],"14":[13,12],"15":[1,10],"16":[3,10],"17":[13,12,11],"18":[0,13],"19":[0,0],"20":[12,1],"21":[3,19],"22":[21,1],"23":[9,12],"24":[0,1],"25":[0,0],"26":[0,1],"27":[0,0],"28":[18,3],"29":[99,18],"30":[9,3],"31":[0,1],"32":[1,2],"33":[1,0],"34":[0,1],"35":[1,0],"36":[0,0,0,0],"37":[0,4],"38":[4,0],"39":[3,1],"40":[6,3,3,3,3,0],"41":[1,3],"42":[4,3,3,3,3],"43":[0,1],"44":[3,0],"45":[0,4],"46":[1,3],"47":[4,3,3,3,3,3,3],"48":[0,1],"49":[0,1],"50":[0,1],"51":[23,0],"52":[23,0],"53":[24,0],"54":[2,2],"55":[4,2],"56":[2,2,2,2,2,1],"57":[1,1],"58":[7,3],"59":[10,3],"60":[0,7],"61":[0,0],"62":[0,7],"63":[0,0],"64":[14,3],"65":[17,3],"66":[14,0],"67":[0,0],"68":[0,0],"69":[9,4],"70":[9,0],"71":[9,9,9,9],"72":[9,9,9,9,9,9],"73":[9,0],"74":[19,0],"75":[19,19,19,19,19],"76":[33,0],"77":[33,33,33],"78":[3,6],"79":[1,8],"80":[1,12],"81":[0,0,0,0],"82":[1,0],"83":[0,4],"84":[4,4],"85":[6,0],"86":[6,0],"87":[0,6],"88":[0,6],"89":[6,0],"90":[5,1],"91":[5,1],"92":[6,0],"93":[6,0],"94":[6,0],"95":[6,0],"96":[6,0],"97":[6,0],"98":[0,6],"99":[4,0],"100":[0,1],"101":[0,0,0,0,0,0,0],"102":[0,0],"103":[0,0],"104":[0,1],"105":[54,17],"106":[0,0],"107":[0,0,0,0,0,0,0,0],"108":[0,0],"109":[21,3],"110":[30,59],"111":[39,1],"112":[33,231],"113":[9,24],"114":[67,1],"115":[0,0,0,0,0,0],"116":[0,5],"117":[0,0,0],"118":[10,0],"119":[1,32],"120":[33,33],"121":[16,17],"122":[27,27,27,27,15,9],"123":[1,9],"124":[10,1],"125":[16,17],"126":[9,24],"127":[33,33,33,33,17,9],"128":[4,5],"129":[0,5],"130":[0,0,0,0,0,0],"131":[0,5],"132":[0,0],"133":[4,0],"134":[1,3],"135":[4,1],"136":[1,2],"137":[0,2],"138":[0,2],"139":[1,1],"140":[1,0],"141":[0,1],"142":[1,0],"143":[1,0],"144":[1,0],"145":[0,1],"146":[1,1,1,1,1,1],"147":[1,0],"148":[0,1],"149":[0,1],"150":[1,0],"151":[1,0],"152":[0,1],"153":[22,0],"154":[0,22],"155":[22,9,13],"156":[0,22],"157":[9,13],"158":[0,9],"159":[9,3],"160":[0,22],"161":[2,1,1,2,3],"162":[7,2],"163":[7,2],"164":[16,5],"165":[0,5],"166":[0,0],"167":[0,5],"168":[0,0],"169":[0,5],"170":[0,0],"171":[3,0],"172":[3,0],"173":[3,0],"174":[3,0],"175":[3,0],"176":[3,0],"177":[3,0],"178":[3,0],"179":[3,0],"180":[3,0],"181":[0,3],"182":[5,0],"183":[5,5,5,5,5,5],"184":[5,0],"185":[5,0],"186":[2,2,2,2,2,2],"187":[2,0],"188":[2,0],"189":[2,0],"190":[2,2,2,2,2,2],"191":[2,0],"192":[1,1],"193":[3,0],"194":[3,3,3,3,3,3],"195":[3,0],"196":[3,0],"197":[5,1],"198":[5,5,5,5,5],"199":[5,0],"200":[0,5],"201":[3,0],"202":[3,3,3,3,3,3],"203":[3,0],"204":[1,2],"205":[0,9],"206":[9,9,9,9,9,9,9,9,9,9,9,9,9,9,9,9,9,9],"207":[4,1,1,1,6],"208":[12,1],"209":[12,1],"210":[48,2],"211":[12,2],"212":[1,11],"213":[6,17],"214":[0,5,6,3,2,1,0],"215":[1,0],"216":[0,1],"217":[1,1],"218":[1,0],"219":[1,0],"220":[0,1],"221":[1,1],"222":[0,1],"223":[0,1],"224":[0,0],"225":[1,0],"226":[1,0],"227":[1,1033],"228":[1034,1034,1,1],"229":[0,0,0,0,0],"230":[1,0],"231":[1,1,1,1,1],"232":[1,0],"233":[1,0],"234":[1,0],"235":[0,1],"236":[0,1],"237":[0,0],"238":[0,0],"239":[0,0],"240":[0,0],"241":[0,0],"242":[0,0],"243":[0,0]},"_coverageSchema":"1a1c01bbd47fc00a2c39e90264f33305004495a9","hash":"9df2997f670e2752d9ea64b13028a9b76126289d","contentHash":"80d3c067b8af9a8d9fea63dcfa562411974086b266a5f5ba48f257eb7fa780d4"}}