TN:
SF:srv/nonRfid_service.js
FN:6,(anonymous_0)
FN:18,(anonymous_1)
FN:64,(anonymous_2)
FN:85,(anonymous_3)
FN:105,(anonymous_4)
FN:108,(anonymous_5)
FN:122,(anonymous_6)
FN:126,(anonymous_7)
FN:137,getAllowedAttributes
FN:194,setAccessFlag
FN:197,(anonymous_10)
FN:204,UpdateSyncTable
FN:221,cal_Projection_per_Program
FN:274,(anonymous_13)
FN:281,(anonymous_14)
FN:287,(anonymous_15)
FN:303,(anonymous_16)
FN:315,(anonymous_17)
FN:331,(anonymous_18)
FN:387,prepareProjectionBalanceQty
FN:390,(anonymous_20)
FN:403,(anonymous_21)
FN:423,getTotalTransferQuantity
FN:434,prepareCOOutputChanges
FN:454,TransferQuantityValidation
FN:464,AppendSplitRecords
FN:472,prepareNonRFIDTTRecord
FN:543,(anonymous_27)
FN:551,(anonymous_28)
FN:561,insertIntoTable
FN:615,fillMultilevel
FN:631,getMultiLevelValue
FN:643,fillMultimap
FN:651,(anonymous_33)
FN:683,check_split_auth
FN:692,(anonymous_35)
FN:719,(anonymous_36)
FN:740,(anonymous_37)
FN:745,(anonymous_38)
FN:756,(anonymous_39)
FN:767,(anonymous_40)
FN:773,data_validation
FN:779,(anonymous_42)
FN:783,(anonymous_43)
FN:803,get_QTY
FN:804,(anonymous_45)
FN:813,get_totbalQTY
FN:822,compare_BalQTY_QTY
FN:832,fill_error
FN:834,(anonymous_49)
FN:853,save_records
FN:895,append_record
FN:909,deleteInChunk
FN:921,delete_via_id
FN:936,changeObjArrayToQuery
FN:963,update_changelog
FN:970,(anonymous_56)
FN:1004,(anonymous_57)
FN:1017,getuuid
FN:1021,(anonymous_59)
FN:1032,getDropDownArray
FN:1060,fetchdata
FN:1082,get_msg
FN:1090,split_non_rfid
FN:1144,delete_split_non_rfid
FN:1162,(anonymous_65)
FN:1185,(anonymous_66)
FN:1221,process_non_rfid
FN:1254,check_and_reject
FN:1263,block_mass_update
FN:1305,(anonymous_70)
FN:1320,(anonymous_71)
FN:1333,(anonymous_72)
FN:1347,(anonymous_73)
FN:1361,(anonymous_74)
FN:1410,check_mand_fields
FN:1419,validate_data
FN:1435,validate_GH_SITE
FN:1436,(anonymous_78)
FN:1447,validate_PROGRAM
FN:1448,(anonymous_80)
FN:1455,validate_MappedAqid
FN:1462,AuthorizationCheck
FN:1478,build_range
FN:1479,(anonymous_84)
FN:1502,Append_IfUnique
FN:1503,(anonymous_86)
FN:1510,get_dbdata
FN:1524,get_nonrfid_output_dbdata
FN:1557,convert_nonrfid_to_camel
FN:1560,(anonymous_90)
FN:1611,convert_output_to_camel
FN:1613,(anonymous_92)
FN:1630,get_GHSite_data
FN:1639,approve_records
FN:1680,Nonrfid_data
FN:1796,output_data
FN:1862,ValidationCheckForApproval
FN:1875,containsOnlyNumbers
FN:1879,reject_records
FN:1909,cancel_records
FN:1955,push_changelog
FN:1964,reset_records
FN:2000,selectall_action
FN:2045,(anonymous_104)
FN:2059,(anonymous_105)
FN:2071,(anonymous_106)
FN:2084,(anonymous_107)
FN:2097,(anonymous_108)
FN:2153,get_final_objects
FN:2166,selectall_save
FN:2210,selectall_range
FN:2213,(anonymous_112)
FN:2234,fill_cm_site
FN:2247,push_temp_data
FN:2259,delete_temp_data
FN:2271,fill_data_bydb
FN:2338,delete_mass_non_rfid
FN:2345,(anonymous_118)
FN:2375,add_to_output
FN:2376,(anonymous_120)
FN:2391,reset_qty
FN:2396,(anonymous_122)
FN:2398,(anonymous_123)
FN:2426,(anonymous_124)
FN:2435,push_to_changelog_array
FN:2440,get_op_status
FN:2450,create_new_co_op
FN:2497,get_upd_qty
FN:2508,sub_from_output
FN:2509,(anonymous_130)
FN:2523,get_output_recs
FN:2524,(anonymous_132)
FN:2531,getAllowedAttributesCommon
FN:2535,(anonymous_134)
FN:2567,(anonymous_135)
FN:2580,getFilterString
FN:2583,(anonymous_137)
FN:2604,augmentArray
FN:2608,augment
FN:2612,merge
FN:2616,set_filter_arr
FNF:142
FNH:130
FNDA:1,(anonymous_0)
FNDA:1,(anonymous_1)
FNDA:0,(anonymous_2)
FNDA:1,(anonymous_3)
FNDA:1,(anonymous_4)
FNDA:1,(anonymous_5)
FNDA:1,(anonymous_6)
FNDA:0,(anonymous_7)
FNDA:1,getAllowedAttributes
FNDA:1,setAccessFlag
FNDA:0,(anonymous_10)
FNDA:1,UpdateSyncTable
FNDA:1,cal_Projection_per_Program
FNDA:20802,(anonymous_13)
FNDA:432723204,(anonymous_14)
FNDA:216351201,(anonymous_15)
FNDA:76674156,(anonymous_16)
FNDA:216372003,(anonymous_17)
FNDA:172229251,(anonymous_18)
FNDA:1,prepareProjectionBalanceQty
FNDA:258751606,(anonymous_20)
FNDA:532759,(anonymous_21)
FNDA:20802,getTotalTransferQuantity
FNDA:0,prepareCOOutputChanges
FNDA:655,TransferQuantityValidation
FNDA:20802,AppendSplitRecords
FNDA:20802,prepareNonRFIDTTRecord
FNDA:0,(anonymous_27)
FNDA:216351201,(anonymous_28)
FNDA:1,insertIntoTable
FNDA:885,fillMultilevel
FNDA:738,getMultiLevelValue
FNDA:15,fillMultimap
FNDA:16,(anonymous_33)
FNDA:2,check_split_auth
FNDA:16,(anonymous_35)
FNDA:1,(anonymous_36)
FNDA:1,(anonymous_37)
FNDA:5000,(anonymous_38)
FNDA:1,(anonymous_39)
FNDA:1,(anonymous_40)
FNDA:149,data_validation
FNDA:140,(anonymous_42)
FNDA:252,(anonymous_43)
FNDA:168,get_QTY
FNDA:23658,(anonymous_45)
FNDA:140,get_totbalQTY
FNDA:84,compare_BalQTY_QTY
FNDA:149,fill_error
FNDA:45,(anonymous_49)
FNDA:3,save_records
FNDA:581,append_record
FNDA:13,deleteInChunk
FNDA:17,delete_via_id
FNDA:6,changeObjArrayToQuery
FNDA:12,update_changelog
FNDA:36,(anonymous_56)
FNDA:3,(anonymous_57)
FNDA:907,getuuid
FNDA:3,(anonymous_59)
FNDA:3,getDropDownArray
FNDA:3,fetchdata
FNDA:14,get_msg
FNDA:2,split_non_rfid
FNDA:1,delete_split_non_rfid
FNDA:1,(anonymous_65)
FNDA:1,(anonymous_66)
FNDA:14,process_non_rfid
FNDA:14,check_and_reject
FNDA:8,block_mass_update
FNDA:2,(anonymous_70)
FNDA:1,(anonymous_71)
FNDA:1,(anonymous_72)
FNDA:1,(anonymous_73)
FNDA:3,(anonymous_74)
FNDA:74,check_mand_fields
FNDA:149,validate_data
FNDA:149,validate_GH_SITE
FNDA:149,(anonymous_78)
FNDA:149,validate_PROGRAM
FNDA:149,(anonymous_80)
FNDA:149,validate_MappedAqid
FNDA:11,AuthorizationCheck
FNDA:8,build_range
FNDA:8,(anonymous_84)
FNDA:28,Append_IfUnique
FNDA:0,(anonymous_86)
FNDA:14,get_dbdata
FNDA:15,get_nonrfid_output_dbdata
FNDA:17,convert_nonrfid_to_camel
FNDA:892,(anonymous_90)
FNDA:15,convert_output_to_camel
FNDA:13,(anonymous_92)
FNDA:14,get_GHSite_data
FNDA:148,approve_records
FNDA:164,Nonrfid_data
FNDA:12,output_data
FNDA:148,ValidationCheckForApproval
FNDA:153,containsOnlyNumbers
FNDA:147,reject_records
FNDA:147,cancel_records
FNDA:36,push_changelog
FNDA:147,reset_records
FNDA:6,selectall_action
FNDA:146,(anonymous_104)
FNDA:146,(anonymous_105)
FNDA:146,(anonymous_106)
FNDA:146,(anonymous_107)
FNDA:146,(anonymous_108)
FNDA:663,get_final_objects
FNDA:71,selectall_save
FNDA:6,selectall_range
FNDA:876,(anonymous_112)
FNDA:1,fill_cm_site
FNDA:15,push_temp_data
FNDA:15,delete_temp_data
FNDA:82,fill_data_bydb
FNDA:1,delete_mass_non_rfid
FNDA:146,(anonymous_118)
FNDA:3,add_to_output
FNDA:0,(anonymous_120)
FNDA:6,reset_qty
FNDA:0,(anonymous_122)
FNDA:6,(anonymous_123)
FNDA:6,(anonymous_124)
FNDA:6,push_to_changelog_array
FNDA:6,get_op_status
FNDA:0,create_new_co_op
FNDA:6,get_upd_qty
FNDA:3,sub_from_output
FNDA:0,(anonymous_130)
FNDA:6,get_output_recs
FNDA:6,(anonymous_132)
FNDA:22,getAllowedAttributesCommon
FNDA:66,(anonymous_134)
FNDA:126,(anonymous_135)
FNDA:10,getFilterString
FNDA:0,(anonymous_137)
FNDA:63,augmentArray
FNDA:63,augment
FNDA:4,merge
FNDA:0,set_filter_arr
DA:1,1
DA:2,1
DA:3,1
DA:4,1
DA:6,1
DA:11,1
DA:12,1
DA:17,1
DA:18,1
DA:19,1
DA:20,1
DA:21,1
DA:22,1
DA:23,1
DA:24,0
DA:27,1
DA:28,1
DA:29,1
DA:31,1
DA:32,1
DA:33,1
DA:35,0
DA:36,0
DA:39,0
DA:44,1
DA:45,1
DA:51,0
DA:57,1
DA:60,1
DA:61,1
DA:62,1
DA:63,1
DA:64,1
DA:65,1
DA:66,1
DA:67,1
DA:68,1
DA:69,1
DA:70,1
DA:71,1
DA:72,1
DA:73,1
DA:74,1
DA:75,1
DA:78,1
DA:79,1
DA:80,1
DA:85,1
DA:86,1
DA:87,0
DA:88,0
DA:90,1
DA:98,1
DA:99,1
DA:100,1
DA:101,1
DA:104,1
DA:105,1
DA:106,1
DA:107,1
DA:109,1
DA:110,1
DA:112,0
DA:116,0
DA:122,1
DA:123,1
DA:124,1
DA:125,1
DA:127,0
DA:128,0
DA:129,0
DA:132,0
DA:138,1
DA:139,1
DA:140,2
DA:141,2
DA:142,1
DA:145,1
DA:146,1
DA:147,1
DA:148,1
DA:149,1
DA:150,1
DA:152,0
DA:153,0
DA:155,0
DA:157,0
DA:158,0
DA:159,0
DA:160,0
DA:161,0
DA:162,0
DA:164,0
DA:169,0
DA:170,0
DA:171,0
DA:172,0
DA:173,0
DA:174,0
DA:178,1
DA:179,23
DA:180,2
DA:181,1
DA:186,0
DA:187,0
DA:191,1
DA:196,1
DA:197,1
DA:198,1
DA:199,1
DA:202,1
DA:205,1
DA:206,1
DA:207,1
DA:215,1
DA:217,0
DA:222,1
DA:223,1
DA:224,1
DA:226,1
DA:235,1
DA:236,0
DA:239,1
DA:248,1
DA:251,1
DA:264,1
DA:274,20802
DA:275,1
DA:276,1
DA:277,20802
DA:278,16694
DA:281,432723204
DA:286,20802
DA:287,216351201
DA:300,0
DA:302,20802
DA:303,76674156
DA:311,7502
DA:312,7430
DA:315,216372003
DA:328,20802
DA:329,19413
DA:331,172229251
DA:335,19413
DA:336,17726
DA:337,17726
DA:338,17726
DA:339,17726
DA:340,17726
DA:341,17726
DA:342,17726
DA:343,870
DA:345,17726
DA:346,17726
DA:347,17726
DA:348,17726
DA:349,17726
DA:350,17726
DA:351,17726
DA:352,17726
DA:353,17726
DA:354,17726
DA:355,57
DA:356,57
DA:358,17726
DA:359,17726
DA:362,1687
DA:363,333
DA:365,1687
DA:367,1687
DA:368,4
DA:370,1687
DA:374,20802
DA:376,20802
DA:377,20802
DA:381,1
DA:384,1
DA:385,1
DA:388,1
DA:389,17726
DA:390,258751606
DA:399,17726
DA:400,17726
DA:402,17726
DA:403,532759
DA:413,17726
DA:414,49
DA:415,49
DA:416,49
DA:421,1
DA:424,20802
DA:425,20802
DA:426,0
DA:428,20802
DA:429,20802
DA:432,20802
DA:436,0
DA:437,0
DA:438,0
DA:439,0
DA:441,0
DA:442,0
DA:443,0
DA:444,0
DA:445,0
DA:446,0
DA:447,0
DA:452,0
DA:455,655
DA:456,0
DA:457,0
DA:458,655
DA:459,655
DA:460,655
DA:462,655
DA:465,20802
DA:466,20802
DA:467,0
DA:470,20802
DA:473,20802
DA:508,20802
DA:509,20802
DA:510,20802
DA:511,20802
DA:512,20802
DA:513,20802
DA:514,20802
DA:515,20802
DA:516,20802
DA:517,20802
DA:518,20802
DA:519,20802
DA:520,20802
DA:521,20802
DA:522,20802
DA:523,20802
DA:524,20802
DA:525,20802
DA:526,20802
DA:527,20802
DA:528,20802
DA:529,20802
DA:530,20802
DA:531,20802
DA:532,20802
DA:533,20802
DA:534,20802
DA:535,20802
DA:536,20802
DA:537,20802
DA:538,20802
DA:539,20802
DA:540,20802
DA:541,20802
DA:542,20802
DA:543,0
DA:545,0
DA:547,20802
DA:548,655
DA:550,20802
DA:551,216351201
DA:552,20802
DA:553,20802
DA:557,20802
DA:558,20802
DA:562,1
DA:563,1
DA:564,1
DA:565,1
DA:567,1
DA:568,1
DA:569,1
DA:573,1
DA:574,1
DA:576,1
DA:577,1
DA:578,1
DA:579,1
DA:585,1
DA:587,1
DA:591,1
DA:594,0
DA:598,1
DA:599,0
DA:600,0
DA:601,0
DA:604,1
DA:608,0
DA:609,0
DA:616,885
DA:617,885
DA:618,885
DA:619,7965
DA:620,7080
DA:621,3672
DA:623,7080
DA:626,885
DA:632,738
DA:633,738
DA:634,738
DA:635,6642
DA:636,0
DA:638,6642
DA:640,738
DA:644,15
DA:645,15
DA:646,885
DA:651,1
DA:652,16
DA:653,16
DA:657,16
DA:658,16
DA:659,16
DA:660,16
DA:663,16
DA:664,2
DA:665,0
DA:667,2
DA:668,0
DA:670,2
DA:671,0
DA:673,2
DA:674,2
DA:678,0
DA:679,0
DA:684,2
DA:685,2
DA:686,2
DA:687,2
DA:688,0
DA:692,1
DA:693,16
DA:695,16
DA:696,16
DA:697,16
DA:698,2
DA:700,16
DA:701,1
DA:703,16
DA:704,8
DA:706,16
DA:707,5
DA:708,5
DA:712,0
DA:713,0
DA:715,15
DA:719,1
DA:720,1
DA:721,1
DA:722,1
DA:723,1
DA:724,1
DA:725,0
DA:726,0
DA:727,0
DA:728,0
DA:729,0
DA:730,0
DA:733,0
DA:734,0
DA:735,0
DA:740,1
DA:741,1
DA:742,1
DA:743,1
DA:744,1
DA:745,1
DA:746,5000
DA:747,5000
DA:749,5000
DA:756,1
DA:757,1
DA:758,1
DA:759,1
DA:760,1
DA:762,0
DA:763,0
DA:767,1
DA:768,1
DA:769,1
DA:770,1
DA:774,149
DA:775,149
DA:776,84
DA:777,84
DA:778,84
DA:779,84
DA:780,140
DA:783,252
DA:785,140
DA:786,140
DA:787,140
DA:788,140
DA:791,0
DA:792,0
DA:796,84
DA:797,84
DA:798,84
DA:800,149
DA:804,168
DA:805,23658
DA:808,280
DA:814,140
DA:815,137
DA:817,3
DA:819,140
DA:823,84
DA:824,84
DA:825,84
DA:826,10
DA:827,10
DA:829,84
DA:833,149
DA:834,45
DA:836,10
DA:837,10
DA:838,10
DA:839,10
DA:840,10
DA:841,10
DA:842,10
DA:843,10
DA:844,10
DA:845,10
DA:846,10
DA:847,10
DA:850,149
DA:854,3
DA:855,3
DA:856,3
DA:857,3
DA:858,3
DA:859,3
DA:860,3
DA:861,3
DA:862,3
DA:863,3
DA:864,3
DA:865,3
DA:866,3
DA:867,3
DA:868,3
DA:869,3
DA:870,2
DA:871,2
DA:872,2
DA:873,2
DA:875,3
DA:876,3
DA:877,3
DA:878,0
DA:879,0
DA:880,0
DA:881,0
DA:883,3
DA:884,3
DA:885,3
DA:886,3
DA:887,3
DA:888,3
DA:892,3
DA:896,581
DA:897,581
DA:898,581
DA:900,581
DA:902,0
DA:903,0
DA:905,0
DA:910,13
DA:911,6
DA:912,6
DA:913,6
DA:914,6
DA:915,6
DA:916,6
DA:919,13
DA:922,17
DA:923,15
DA:925,17
DA:926,16
DA:928,16
DA:929,24
DA:930,24
DA:933,17
DA:937,6
DA:938,6
DA:939,6
DA:940,6
DA:941,6
DA:942,6
DA:943,6
DA:944,6
DA:945,48
DA:946,6
DA:949,42
DA:952,6
DA:953,6
DA:954,6
DA:957,0
DA:960,6
DA:964,12
DA:965,12
DA:966,12
DA:967,12
DA:968,12
DA:969,12
DA:970,12
DA:971,36
DA:972,36
DA:973,36
DA:974,36
DA:975,36
DA:976,36
DA:977,36
DA:978,36
DA:979,36
DA:980,36
DA:981,36
DA:982,36
DA:984,12
DA:985,12
DA:986,12
DA:996,12
DA:999,0
DA:1000,0
DA:1004,1
DA:1005,3
DA:1006,3
DA:1007,3
DA:1008,3
DA:1010,3
DA:1012,0
DA:1013,0
DA:1018,907
DA:1021,1
DA:1022,3
DA:1023,3
DA:1024,3
DA:1025,3
DA:1027,0
DA:1028,0
DA:1034,3
DA:1035,3
DA:1036,0
DA:1038,3
DA:1039,3
DA:1040,3
DA:1041,3
DA:1044,3
DA:1045,3
DA:1046,3
DA:1047,3
DA:1049,3
DA:1050,0
DA:1051,0
DA:1052,3
DA:1053,1
DA:1055,2
DA:1057,3
DA:1061,3
DA:1062,3
DA:1063,3
DA:1064,3
DA:1065,0
DA:1066,0
DA:1067,0
DA:1068,0
DA:1069,0
DA:1071,3
DA:1072,0
DA:1073,0
DA:1076,3
DA:1079,3
DA:1083,14
DA:1084,4
DA:1086,10
DA:1091,2
DA:1092,2
DA:1094,2
DA:1095,2
DA:1104,2
DA:1105,2
DA:1106,2
DA:1107,1
DA:1108,1
DA:1109,0
DA:1112,1
DA:1113,1
DA:1114,1
DA:1118,1
DA:1119,1
DA:1120,1
DA:1121,1
DA:1122,1
DA:1123,1
DA:1124,1
DA:1125,1
DA:1126,1
DA:1127,1
DA:1128,1
DA:1132,0
DA:1133,0
DA:1135,1
DA:1138,1
DA:1139,1
DA:1140,1
DA:1145,1
DA:1146,1
DA:1147,1
DA:1148,1
DA:1149,1
DA:1150,1
DA:1151,1
DA:1152,1
DA:1153,1
DA:1154,1
DA:1155,1
DA:1156,1
DA:1157,1
DA:1158,1
DA:1159,1
DA:1160,1
DA:1162,1
DA:1163,1
DA:1164,1
DA:1165,1
DA:1166,1
DA:1167,1
DA:1168,1
DA:1169,1
DA:1170,1
DA:1171,1
DA:1172,1
DA:1173,1
DA:1174,1
DA:1175,1
DA:1176,1
DA:1177,1
DA:1178,1
DA:1180,1
DA:1181,1
DA:1182,1
DA:1183,1
DA:1185,1
DA:1186,1
DA:1187,1
DA:1188,1
DA:1189,0
DA:1190,0
DA:1191,1
DA:1192,0
DA:1193,0
DA:1194,1
DA:1195,0
DA:1196,0
DA:1198,1
DA:1202,0
DA:1203,0
DA:1207,1
DA:1208,1
DA:1210,1
DA:1211,1
DA:1213,1
DA:1216,0
DA:1217,0
DA:1222,14
DA:1223,14
DA:1225,14
DA:1226,14
DA:1227,14
DA:1228,6
DA:1229,0
DA:1231,6
DA:1232,6
DA:1233,6
DA:1234,6
DA:1235,6
DA:1236,6
DA:1237,6
DA:1238,6
DA:1239,6
DA:1240,6
DA:1241,4
DA:1243,8
DA:1244,8
DA:1245,8
DA:1247,12
DA:1249,0
DA:1250,0
DA:1255,14
DA:1256,0
DA:1258,14
DA:1259,0
DA:1264,8
DA:1265,8
DA:1266,8
DA:1267,8
DA:1268,8
DA:1269,8
DA:1270,8
DA:1271,8
DA:1272,8
DA:1273,8
DA:1274,8
DA:1275,8
DA:1276,8
DA:1277,8
DA:1278,8
DA:1279,8
DA:1280,8
DA:1281,8
DA:1282,8
DA:1283,8
DA:1284,8
DA:1285,8
DA:1286,8
DA:1287,8
DA:1288,8
DA:1289,8
DA:1290,8
DA:1291,8
DA:1292,8
DA:1293,8
DA:1294,8
DA:1295,8
DA:1296,8
DA:1297,8
DA:1298,8
DA:1299,8
DA:1300,8
DA:1301,8
DA:1302,8
DA:1303,8
DA:1305,2
DA:1306,2
DA:1307,2
DA:1308,2
DA:1309,2
DA:1310,2
DA:1311,2
DA:1312,2
DA:1313,2
DA:1314,2
DA:1315,2
DA:1316,2
DA:1318,2
DA:1320,1
DA:1321,1
DA:1322,1
DA:1323,1
DA:1324,1
DA:1325,1
DA:1326,1
DA:1327,1
DA:1328,1
DA:1329,1
DA:1331,1
DA:1333,1
DA:1334,1
DA:1335,1
DA:1336,1
DA:1337,1
DA:1338,1
DA:1339,1
DA:1340,1
DA:1341,1
DA:1342,1
DA:1343,1
DA:1345,1
DA:1347,1
DA:1348,1
DA:1349,1
DA:1350,1
DA:1351,1
DA:1352,1
DA:1353,1
DA:1354,1
DA:1355,1
DA:1356,1
DA:1357,1
DA:1359,1
DA:1361,3
DA:1362,3
DA:1363,3
DA:1364,3
DA:1365,3
DA:1366,3
DA:1367,3
DA:1368,3
DA:1369,3
DA:1370,3
DA:1371,3
DA:1372,3
DA:1373,3
DA:1374,3
DA:1375,3
DA:1376,3
DA:1377,3
DA:1379,0
DA:1382,3
DA:1384,8
DA:1385,8
DA:1386,8
DA:1387,8
DA:1389,8
DA:1390,4
DA:1392,8
DA:1393,8
DA:1395,8
DA:1396,8
DA:1397,8
DA:1398,8
DA:1399,8
DA:1400,8
DA:1402,8
DA:1404,0
DA:1405,0
DA:1406,0
DA:1411,74
DA:1414,0
DA:1416,74
DA:1420,149
DA:1421,149
DA:1422,149
DA:1423,149
DA:1425,149
DA:1426,0
DA:1428,149
DA:1429,0
DA:1432,149
DA:1436,149
DA:1437,149
DA:1438,0
DA:1440,149
DA:1441,149
DA:1442,149
DA:1444,149
DA:1448,149
DA:1449,149
DA:1450,0
DA:1452,149
DA:1456,149
DA:1457,65
DA:1459,149
DA:1463,11
DA:1464,11
DA:1465,9
DA:1468,2
DA:1469,1
DA:1475,11
DA:1479,8
DA:1480,8
DA:1481,8
DA:1482,8
DA:1483,8
DA:1484,8
DA:1485,8
DA:1486,8
DA:1487,8
DA:1488,8
DA:1489,8
DA:1490,8
DA:1491,8
DA:1492,8
DA:1493,8
DA:1494,8
DA:1495,8
DA:1496,8
DA:1497,8
DA:1499,8
DA:1503,28
DA:1504,28
DA:1505,28
DA:1507,28
DA:1511,14
DA:1512,14
DA:1513,14
DA:1517,14
DA:1518,14
DA:1519,14
DA:1520,14
DA:1521,14
DA:1525,15
DA:1539,15
DA:1541,15
DA:1552,15
DA:1554,15
DA:1559,17
DA:1561,892
DA:1608,17
DA:1612,15
DA:1614,13
DA:1628,15
DA:1631,14
DA:1632,14
DA:1636,14
DA:1640,148
DA:1641,148
DA:1642,148
DA:1643,76
DA:1644,76
DA:1645,76
DA:1646,3
DA:1647,3
DA:1648,3
DA:1649,3
DA:1650,3
DA:1651,3
DA:1652,3
DA:1653,3
DA:1654,3
DA:1655,3
DA:1656,3
DA:1657,3
DA:1658,3
DA:1659,3
DA:1660,3
DA:1661,3
DA:1662,3
DA:1663,3
DA:1664,3
DA:1665,3
DA:1666,3
DA:1667,3
DA:1668,3
DA:1670,73
DA:1674,0
DA:1677,148
DA:1681,164
DA:1682,164
DA:1683,164
DA:1684,164
DA:1685,164
DA:1686,164
DA:1687,164
DA:1688,164
DA:1689,164
DA:1690,164
DA:1691,164
DA:1692,164
DA:1693,164
DA:1694,164
DA:1695,164
DA:1696,164
DA:1697,164
DA:1698,164
DA:1699,164
DA:1700,164
DA:1701,164
DA:1702,164
DA:1703,164
DA:1704,164
DA:1705,164
DA:1706,164
DA:1707,164
DA:1708,164
DA:1709,164
DA:1710,164
DA:1711,164
DA:1712,164
DA:1713,164
DA:1714,164
DA:1715,164
DA:1716,164
DA:1717,164
DA:1718,164
DA:1719,164
DA:1720,164
DA:1721,164
DA:1722,164
DA:1723,164
DA:1724,164
DA:1725,164
DA:1726,164
DA:1727,164
DA:1728,164
DA:1729,164
DA:1730,164
DA:1731,164
DA:1732,164
DA:1733,164
DA:1734,164
DA:1735,164
DA:1736,164
DA:1793,164
DA:1797,12
DA:1798,12
DA:1799,12
DA:1800,12
DA:1801,12
DA:1802,12
DA:1803,12
DA:1804,12
DA:1805,12
DA:1806,12
DA:1807,12
DA:1808,12
DA:1809,12
DA:1810,12
DA:1811,12
DA:1812,12
DA:1813,12
DA:1814,12
DA:1815,12
DA:1816,12
DA:1817,12
DA:1818,12
DA:1819,12
DA:1820,12
DA:1821,12
DA:1822,12
DA:1823,12
DA:1824,12
DA:1825,12
DA:1826,12
DA:1827,12
DA:1859,12
DA:1863,148
DA:1864,7
DA:1866,148
DA:1867,0
DA:1869,148
DA:1870,65
DA:1872,148
DA:1876,153
DA:1880,147
DA:1881,147
DA:1882,147
DA:1883,147
DA:1884,147
DA:1885,1
DA:1886,1
DA:1887,1
DA:1888,1
DA:1889,1
DA:1890,1
DA:1891,1
DA:1892,1
DA:1893,1
DA:1894,1
DA:1895,1
DA:1896,1
DA:1897,1
DA:1898,1
DA:1899,1
DA:1900,1
DA:1901,1
DA:1903,146
DA:1906,147
DA:1910,147
DA:1911,147
DA:1912,147
DA:1913,147
DA:1914,147
DA:1915,147
DA:1916,2
DA:1917,2
DA:1918,2
DA:1919,2
DA:1920,2
DA:1921,2
DA:1922,2
DA:1923,2
DA:1924,2
DA:1925,2
DA:1926,2
DA:1927,2
DA:1928,2
DA:1929,2
DA:1930,2
DA:1931,2
DA:1932,2
DA:1933,2
DA:1934,2
DA:1935,2
DA:1936,2
DA:1937,2
DA:1938,2
DA:1939,2
DA:1940,2
DA:1941,2
DA:1942,1
DA:1943,1
DA:1944,1
DA:1945,1
DA:1948,145
DA:1952,147
DA:1956,36
DA:1957,36
DA:1958,36
DA:1959,36
DA:1961,36
DA:1965,147
DA:1966,147
DA:1967,147
DA:1968,147
DA:1969,147
DA:1970,147
DA:1971,2
DA:1972,2
DA:1973,2
DA:1974,2
DA:1975,2
DA:1976,2
DA:1977,2
DA:1978,2
DA:1979,2
DA:1980,2
DA:1981,2
DA:1982,2
DA:1983,2
DA:1984,2
DA:1985,2
DA:1986,2
DA:1987,2
DA:1988,2
DA:1989,2
DA:1990,2
DA:1991,2
DA:1993,145
DA:1997,147
DA:2001,6
DA:2002,6
DA:2003,6
DA:2004,6
DA:2005,6
DA:2006,6
DA:2007,6
DA:2008,6
DA:2009,6
DA:2010,6
DA:2011,6
DA:2012,6
DA:2013,6
DA:2014,6
DA:2015,6
DA:2016,6
DA:2017,6
DA:2018,6
DA:2019,6
DA:2020,6
DA:2021,6
DA:2022,6
DA:2023,6
DA:2024,6
DA:2025,6
DA:2026,6
DA:2027,6
DA:2028,6
DA:2029,6
DA:2030,6
DA:2031,6
DA:2032,6
DA:2033,6
DA:2034,6
DA:2035,6
DA:2036,6
DA:2037,6
DA:2038,6
DA:2039,6
DA:2040,6
DA:2041,1
DA:2043,6
DA:2045,1
DA:2046,146
DA:2047,146
DA:2048,146
DA:2049,146
DA:2050,146
DA:2051,146
DA:2052,146
DA:2053,146
DA:2054,146
DA:2055,146
DA:2057,1
DA:2059,1
DA:2060,146
DA:2061,146
DA:2062,146
DA:2063,146
DA:2064,146
DA:2065,146
DA:2066,146
DA:2067,146
DA:2069,1
DA:2071,1
DA:2072,146
DA:2073,146
DA:2074,146
DA:2075,146
DA:2076,146
DA:2077,146
DA:2078,146
DA:2079,146
DA:2080,146
DA:2082,1
DA:2084,1
DA:2085,146
DA:2086,146
DA:2087,146
DA:2088,146
DA:2089,146
DA:2090,146
DA:2091,146
DA:2092,146
DA:2093,146
DA:2095,1
DA:2097,1
DA:2098,146
DA:2099,146
DA:2100,146
DA:2101,146
DA:2102,146
DA:2103,146
DA:2104,146
DA:2105,146
DA:2106,146
DA:2107,146
DA:2108,146
DA:2109,146
DA:2110,146
DA:2111,146
DA:2112,71
DA:2113,71
DA:2114,71
DA:2115,71
DA:2116,71
DA:2117,71
DA:2119,75
DA:2122,1
DA:2124,1
DA:2126,5
DA:2127,5
DA:2128,5
DA:2129,4
DA:2131,4
DA:2132,2
DA:2134,4
DA:2135,3
DA:2137,4
DA:2138,4
DA:2139,4
DA:2140,4
DA:2141,4
DA:2142,4
DA:2144,4
DA:2147,0
DA:2148,0
DA:2149,0
DA:2154,663
DA:2155,82
DA:2156,82
DA:2157,82
DA:2158,82
DA:2161,581
DA:2163,663
DA:2167,71
DA:2168,71
DA:2169,71
DA:2170,71
DA:2171,71
DA:2172,71
DA:2173,71
DA:2174,71
DA:2175,71
DA:2176,71
DA:2177,71
DA:2178,71
DA:2179,71
DA:2180,71
DA:2181,71
DA:2182,71
DA:2183,71
DA:2184,71
DA:2185,71
DA:2186,71
DA:2187,71
DA:2189,71
DA:2190,71
DA:2191,71
DA:2192,71
DA:2193,0
DA:2194,0
DA:2195,0
DA:2196,0
DA:2198,71
DA:2199,71
DA:2200,71
DA:2201,71
DA:2202,71
DA:2203,71
DA:2206,71
DA:2211,6
DA:2212,6
DA:2213,6
DA:2214,876
DA:2215,876
DA:2216,876
DA:2217,876
DA:2218,876
DA:2219,876
DA:2220,876
DA:2221,876
DA:2222,876
DA:2223,876
DA:2224,876
DA:2225,876
DA:2226,876
DA:2227,876
DA:2228,876
DA:2229,876
DA:2231,6
DA:2235,1
DA:2236,1
DA:2237,1
DA:2239,0
DA:2241,1
DA:2242,0
DA:2244,1
DA:2248,15
DA:2249,15
DA:2250,15
DA:2251,15
DA:2252,15
DA:2255,0
DA:2260,15
DA:2261,15
DA:2262,15
DA:2263,15
DA:2264,15
DA:2267,0
DA:2272,82
DA:2273,82
DA:2274,82
DA:2275,82
DA:2276,82
DA:2277,82
DA:2278,82
DA:2279,82
DA:2280,82
DA:2281,82
DA:2282,82
DA:2283,82
DA:2284,82
DA:2285,82
DA:2286,82
DA:2287,82
DA:2288,82
DA:2289,82
DA:2290,82
DA:2291,82
DA:2292,82
DA:2293,82
DA:2294,82
DA:2295,82
DA:2296,82
DA:2297,82
DA:2298,82
DA:2299,82
DA:2300,82
DA:2301,82
DA:2302,82
DA:2303,82
DA:2304,82
DA:2305,82
DA:2306,82
DA:2307,82
DA:2308,82
DA:2309,82
DA:2310,82
DA:2311,82
DA:2312,82
DA:2314,82
DA:2315,82
DA:2317,0
DA:2318,0
DA:2321,0
DA:2323,82
DA:2324,82
DA:2325,82
DA:2326,82
DA:2327,82
DA:2328,82
DA:2329,82
DA:2330,82
DA:2331,82
DA:2332,82
DA:2333,82
DA:2334,82
DA:2335,82
DA:2339,1
DA:2340,1
DA:2341,1
DA:2342,1
DA:2343,1
DA:2344,1
DA:2345,1
DA:2346,146
DA:2347,146
DA:2348,146
DA:2349,139
DA:2350,139
DA:2351,7
DA:2352,0
DA:2353,0
DA:2355,7
DA:2359,0
DA:2360,0
DA:2364,1
DA:2365,1
DA:2367,1
DA:2368,1
DA:2370,0
DA:2371,0
DA:2372,0
DA:2376,3
DA:2377,3
DA:2379,3
DA:2380,0
DA:2383,3
DA:2384,3
DA:2385,3
DA:2386,3
DA:2388,3
DA:2392,6
DA:2393,6
DA:2394,6
DA:2395,6
DA:2396,6
DA:2397,6
DA:2398,6
DA:2399,6
DA:2400,6
DA:2401,6
DA:2402,6
DA:2403,6
DA:2404,6
DA:2405,6
DA:2406,6
DA:2407,6
DA:2408,6
DA:2409,6
DA:2410,6
DA:2411,6
DA:2412,6
DA:2413,6
DA:2414,6
DA:2415,6
DA:2416,6
DA:2417,6
DA:2418,6
DA:2419,6
DA:2420,6
DA:2421,6
DA:2422,6
DA:2423,6
DA:2426,6
DA:2427,6
DA:2428,0
DA:2429,0
DA:2430,0
DA:2432,6
DA:2436,6
DA:2437,6
DA:2441,6
DA:2442,1
DA:2445,5
DA:2447,6
DA:2451,0
DA:2452,0
DA:2453,0
DA:2455,0
DA:2489,0
DA:2490,0
DA:2491,0
DA:2492,0
DA:2493,0
DA:2494,0
DA:2498,6
DA:2499,6
DA:2500,3
DA:2502,3
DA:2505,6
DA:2509,3
DA:2510,3
DA:2511,3
DA:2512,0
DA:2515,3
DA:2516,3
DA:2517,3
DA:2518,3
DA:2520,3
DA:2524,6
DA:2525,6
DA:2526,6
DA:2532,22
DA:2533,22
DA:2534,22
DA:2535,22
DA:2536,66
DA:2538,22
DA:2540,22
DA:2541,21
DA:2543,1
DA:2544,1
DA:2545,1
DA:2546,1
DA:2547,2
DA:2548,2
DA:2549,1
DA:2550,1
DA:2552,1
DA:2556,1
DA:2557,1
DA:2558,1
DA:2559,1
DA:2560,1
DA:2561,1
DA:2565,22
DA:2566,485
DA:2567,42
DA:2568,126
DA:2572,22
DA:2575,0
DA:2576,0
DA:2581,10
DA:2582,10
DA:2583,0
DA:2584,0
DA:2585,0
DA:2586,0
DA:2587,0
DA:2588,0
DA:2589,0
DA:2590,0
DA:2591,0
DA:2594,0
DA:2595,0
DA:2596,0
DA:2597,0
DA:2600,0
DA:2605,63
DA:2609,63
DA:2613,4
DA:2617,0
DA:2618,0
DA:2619,0
DA:2620,0
DA:2621,0
LF:1549
LH:1359
BRDA:23,0,0,0
BRDA:23,0,1,1
BRDA:33,1,0,0
BRDA:33,1,1,1
BRDA:35,2,0,0
BRDA:35,2,1,0
BRDA:44,3,0,1
BRDA:44,3,1,0
BRDA:61,4,0,1
BRDA:61,4,1,0
BRDA:65,5,0,1
BRDA:65,5,1,0
BRDA:78,6,0,1
BRDA:78,6,1,0
BRDA:86,7,0,0
BRDA:86,7,1,1
BRDA:99,8,0,1
BRDA:99,8,1,0
BRDA:109,9,0,1
BRDA:109,9,1,0
BRDA:141,10,0,1
BRDA:141,10,1,1
BRDA:149,11,0,1
BRDA:149,11,1,0
BRDA:160,12,0,0
BRDA:160,12,1,0
BRDA:179,13,0,2
BRDA:179,13,1,21
BRDA:179,14,0,23
BRDA:179,14,1,23
BRDA:180,15,0,1
BRDA:180,15,1,1
BRDA:180,16,0,2
BRDA:180,16,1,1
BRDA:198,17,0,1
BRDA:198,17,1,0
BRDA:235,18,0,0
BRDA:235,18,1,1
BRDA:277,19,0,16694
BRDA:277,19,1,4108
BRDA:281,20,0,432723204
BRDA:281,20,1,0
BRDA:281,20,2,0
BRDA:281,20,3,0
BRDA:281,20,4,0
BRDA:281,20,5,0
BRDA:281,20,6,0
BRDA:281,20,7,0
BRDA:281,20,8,0
BRDA:281,20,9,0
BRDA:281,20,10,0
BRDA:281,20,11,0
BRDA:287,21,0,0
BRDA:287,21,1,20802
BRDA:287,22,0,216351201
BRDA:287,22,1,216351201
BRDA:287,22,2,216351201
BRDA:287,22,3,216351201
BRDA:287,22,4,4072988
BRDA:287,22,5,44249
BRDA:287,22,6,44175
BRDA:287,22,7,44175
BRDA:287,22,8,0
BRDA:287,22,9,0
BRDA:287,22,10,0
BRDA:287,22,11,0
BRDA:287,22,12,0
BRDA:302,23,0,7502
BRDA:302,23,1,13300
BRDA:303,24,0,76674156
BRDA:303,24,1,76674156
BRDA:303,24,2,76674156
BRDA:303,24,3,76674156
BRDA:303,24,4,1190767
BRDA:303,24,5,25353
BRDA:303,24,6,25353
BRDA:303,24,7,9848
BRDA:311,25,0,7430
BRDA:311,25,1,72
BRDA:315,26,0,216372003
BRDA:315,26,1,216372003
BRDA:315,26,2,216372003
BRDA:315,26,3,216372003
BRDA:315,26,4,4093790
BRDA:315,26,5,65051
BRDA:315,26,6,65051
BRDA:315,26,7,64977
BRDA:315,26,8,30467
BRDA:315,26,9,24081
BRDA:315,26,10,20932
BRDA:315,26,11,20802
BRDA:328,27,0,19413
BRDA:328,27,1,1389
BRDA:328,28,0,20802
BRDA:328,28,1,4194
BRDA:328,28,2,4194
BRDA:328,28,3,4194
BRDA:328,28,4,3624
BRDA:331,29,0,172229251
BRDA:331,29,1,501886
BRDA:331,29,2,501886
BRDA:331,29,3,36100
BRDA:331,29,4,36026
BRDA:331,29,5,6539
BRDA:331,29,6,1809
BRDA:335,30,0,17726
BRDA:335,30,1,1687
BRDA:342,31,0,870
BRDA:342,31,1,16856
BRDA:342,32,0,17726
BRDA:342,32,1,17726
BRDA:342,32,2,17726
BRDA:354,33,0,57
BRDA:354,33,1,17669
BRDA:362,34,0,333
BRDA:362,34,1,1354
BRDA:362,35,0,1687
BRDA:362,35,1,1687
BRDA:362,35,2,1687
BRDA:367,36,0,4
BRDA:367,36,1,1683
BRDA:390,37,0,258751606
BRDA:390,37,1,258751606
BRDA:390,37,2,258751606
BRDA:390,37,3,258751606
BRDA:390,37,4,4081907
BRDA:390,37,5,50626
BRDA:390,37,6,22354
BRDA:390,37,7,17993
BRDA:390,37,8,17993
BRDA:400,38,0,0
BRDA:400,38,1,17726
BRDA:402,39,0,17726
BRDA:402,39,1,0
BRDA:403,40,0,532759
BRDA:403,40,1,0
BRDA:403,40,2,0
BRDA:403,40,3,0
BRDA:403,40,4,0
BRDA:403,40,5,0
BRDA:403,40,6,0
BRDA:403,40,7,0
BRDA:403,40,8,0
BRDA:413,41,0,49
BRDA:413,41,1,17677
BRDA:413,42,0,17726
BRDA:413,42,1,49
BRDA:428,43,0,20802
BRDA:428,43,1,0
BRDA:436,44,0,0
BRDA:436,44,1,0
BRDA:438,45,0,0
BRDA:438,45,1,0
BRDA:438,46,0,0
BRDA:438,46,1,0
BRDA:438,46,2,0
BRDA:455,47,0,0
BRDA:455,47,1,655
BRDA:458,48,0,655
BRDA:458,48,1,0
BRDA:465,49,0,20802
BRDA:465,49,1,0
BRDA:474,50,0,20802
BRDA:474,50,1,0
BRDA:484,51,0,0
BRDA:484,51,1,20802
BRDA:484,52,0,20802
BRDA:484,52,1,20802
BRDA:489,53,0,0
BRDA:489,53,1,20802
BRDA:489,54,0,20802
BRDA:489,54,1,20802
BRDA:490,55,0,20802
BRDA:490,55,1,0
BRDA:490,56,0,20802
BRDA:490,56,1,20802
BRDA:508,57,0,20802
BRDA:508,57,1,0
BRDA:542,58,0,0
BRDA:542,58,1,20802
BRDA:543,59,0,0
BRDA:543,59,1,0
BRDA:543,59,2,0
BRDA:543,59,3,0
BRDA:543,59,4,0
BRDA:543,59,5,0
BRDA:547,60,0,655
BRDA:547,60,1,20147
BRDA:550,61,0,20802
BRDA:550,61,1,0
BRDA:550,62,0,20802
BRDA:550,62,1,0
BRDA:552,63,0,20802
BRDA:552,63,1,0
BRDA:565,64,0,1
BRDA:565,64,1,0
BRDA:568,65,0,1
BRDA:568,65,1,0
BRDA:573,66,0,1
BRDA:573,66,1,0
BRDA:576,67,0,1
BRDA:576,67,1,0
BRDA:585,68,0,1
BRDA:585,68,1,0
BRDA:591,69,0,0
BRDA:591,69,1,1
BRDA:598,70,0,0
BRDA:598,70,1,1
BRDA:600,71,0,0
BRDA:600,71,1,0
BRDA:619,72,0,7080
BRDA:619,72,1,885
BRDA:620,73,0,3672
BRDA:620,73,1,3408
BRDA:635,74,0,0
BRDA:635,74,1,6642
BRDA:658,75,0,16
BRDA:658,75,1,0
BRDA:663,76,0,2
BRDA:663,76,1,14
BRDA:663,77,0,16
BRDA:663,77,1,14
BRDA:664,78,0,0
BRDA:664,78,1,2
BRDA:664,79,0,2
BRDA:664,79,1,0
BRDA:667,80,0,0
BRDA:667,80,1,2
BRDA:670,81,0,0
BRDA:670,81,1,2
BRDA:673,82,0,2
BRDA:673,82,1,0
BRDA:687,83,0,0
BRDA:687,83,1,2
BRDA:697,84,0,2
BRDA:697,84,1,14
BRDA:700,85,0,1
BRDA:700,85,1,15
BRDA:703,86,0,8
BRDA:703,86,1,8
BRDA:703,87,0,16
BRDA:703,87,1,13
BRDA:703,87,2,11
BRDA:703,87,3,10
BRDA:703,87,4,9
BRDA:706,88,0,5
BRDA:706,88,1,11
BRDA:706,89,0,16
BRDA:706,89,1,15
BRDA:706,89,2,14
BRDA:706,89,3,13
BRDA:706,89,4,12
BRDA:724,90,0,0
BRDA:724,90,1,1
BRDA:725,91,0,0
BRDA:725,91,1,0
BRDA:727,92,0,0
BRDA:727,92,1,0
BRDA:746,93,0,5000
BRDA:746,93,1,0
BRDA:749,94,0,5000
BRDA:749,94,1,0
BRDA:749,95,0,5000
BRDA:749,95,1,5000
BRDA:749,95,2,5000
BRDA:749,95,3,5000
BRDA:749,95,4,5000
BRDA:749,95,5,5000
BRDA:749,95,6,5000
BRDA:775,96,0,84
BRDA:775,96,1,65
BRDA:780,97,0,140
BRDA:780,97,1,0
BRDA:780,98,0,140
BRDA:780,98,1,140
BRDA:780,98,2,140
BRDA:780,98,3,140
BRDA:780,98,4,140
BRDA:780,98,5,140
BRDA:780,98,6,140
BRDA:780,98,7,140
BRDA:783,99,0,252
BRDA:783,99,1,252
BRDA:783,99,2,252
BRDA:783,99,3,252
BRDA:783,99,4,252
BRDA:783,99,5,252
BRDA:783,99,6,252
BRDA:783,99,7,252
BRDA:783,99,8,252
BRDA:785,100,0,140
BRDA:785,100,1,0
BRDA:805,101,0,280
BRDA:805,101,1,23378
BRDA:805,102,0,23658
BRDA:805,102,1,23658
BRDA:805,102,2,23658
BRDA:805,102,3,23658
BRDA:805,102,4,424
BRDA:805,102,5,424
BRDA:805,102,6,424
BRDA:805,102,7,280
BRDA:814,103,0,137
BRDA:814,103,1,3
BRDA:825,104,0,10
BRDA:825,104,1,74
BRDA:833,105,0,10
BRDA:833,105,1,139
BRDA:834,106,0,45
BRDA:834,106,1,45
BRDA:834,106,2,45
BRDA:834,106,3,45
BRDA:834,106,4,5
BRDA:834,106,5,5
BRDA:834,106,6,5
BRDA:834,106,7,0
BRDA:836,107,0,10
BRDA:836,107,1,0
BRDA:856,108,0,3
BRDA:856,108,1,0
BRDA:858,109,0,3
BRDA:858,109,1,0
BRDA:869,110,0,2
BRDA:869,110,1,1
BRDA:869,111,0,3
BRDA:869,111,1,1
BRDA:875,112,0,3
BRDA:875,112,1,0
BRDA:877,113,0,0
BRDA:877,113,1,3
BRDA:896,114,0,581
BRDA:896,114,1,0
BRDA:897,115,0,581
BRDA:897,115,1,0
BRDA:902,116,0,0
BRDA:902,116,1,0
BRDA:902,117,0,0
BRDA:902,117,1,0
BRDA:902,117,2,0
BRDA:910,118,0,6
BRDA:910,118,1,7
BRDA:922,119,0,15
BRDA:922,119,1,2
BRDA:925,120,0,16
BRDA:925,120,1,1
BRDA:945,121,0,6
BRDA:945,121,1,42
BRDA:953,122,0,6
BRDA:953,122,1,0
BRDA:1006,123,0,3
BRDA:1006,123,1,0
BRDA:1035,124,0,0
BRDA:1035,124,1,3
BRDA:1046,125,0,3
BRDA:1046,125,1,0
BRDA:1047,126,0,0
BRDA:1047,126,1,3
BRDA:1049,127,0,0
BRDA:1049,127,1,3
BRDA:1049,128,0,3
BRDA:1049,128,1,3
BRDA:1052,129,0,1
BRDA:1052,129,1,2
BRDA:1062,130,0,1
BRDA:1062,130,1,2
BRDA:1062,131,0,3
BRDA:1062,131,1,2
BRDA:1062,131,2,2
BRDA:1064,132,0,0
BRDA:1064,132,1,3
BRDA:1069,133,0,0
BRDA:1069,133,1,0
BRDA:1071,134,0,0
BRDA:1071,134,1,3
BRDA:1083,135,0,4
BRDA:1083,135,1,10
BRDA:1086,136,0,2
BRDA:1086,136,1,8
BRDA:1107,137,0,1
BRDA:1107,137,1,0
BRDA:1108,138,0,0
BRDA:1108,138,1,1
BRDA:1187,139,0,1
BRDA:1187,139,1,0
BRDA:1188,140,0,0
BRDA:1188,140,1,1
BRDA:1191,141,0,0
BRDA:1191,141,1,1
BRDA:1191,142,0,1
BRDA:1191,142,1,0
BRDA:1191,142,2,0
BRDA:1194,143,0,0
BRDA:1194,143,1,1
BRDA:1207,144,0,1
BRDA:1207,144,1,0
BRDA:1210,145,0,1
BRDA:1210,145,1,0
BRDA:1213,146,0,0
BRDA:1213,146,1,1
BRDA:1227,147,0,6
BRDA:1227,147,1,8
BRDA:1228,148,0,0
BRDA:1228,148,1,6
BRDA:1228,149,0,6
BRDA:1228,149,1,1
BRDA:1235,150,0,1
BRDA:1235,150,1,5
BRDA:1236,151,0,0
BRDA:1236,151,1,6
BRDA:1245,152,0,8
BRDA:1245,152,1,0
BRDA:1255,153,0,0
BRDA:1255,153,1,14
BRDA:1258,154,0,0
BRDA:1258,154,1,14
BRDA:1302,155,0,2
BRDA:1302,155,1,6
BRDA:1303,156,0,2
BRDA:1303,156,1,1
BRDA:1303,156,2,1
BRDA:1303,156,3,1
BRDA:1303,156,4,3
BRDA:1371,157,0,3
BRDA:1371,157,1,0
BRDA:1386,158,0,8
BRDA:1386,158,1,0
BRDA:1389,159,0,4
BRDA:1389,159,1,4
BRDA:1392,160,0,8
BRDA:1392,160,1,0
BRDA:1399,161,0,8
BRDA:1399,161,1,0
BRDA:1411,162,0,0
BRDA:1411,162,1,74
BRDA:1411,163,0,74
BRDA:1411,163,1,74
BRDA:1411,163,2,74
BRDA:1411,163,3,74
BRDA:1411,163,4,74
BRDA:1411,163,5,74
BRDA:1411,163,6,74
BRDA:1411,163,7,74
BRDA:1411,163,8,74
BRDA:1411,163,9,74
BRDA:1411,163,10,74
BRDA:1411,163,11,74
BRDA:1420,164,0,149
BRDA:1420,164,1,0
BRDA:1420,165,0,149
BRDA:1420,165,1,0
BRDA:1425,166,0,0
BRDA:1425,166,1,149
BRDA:1425,167,0,149
BRDA:1425,167,1,7
BRDA:1426,168,0,0
BRDA:1426,168,1,0
BRDA:1428,169,0,0
BRDA:1428,169,1,149
BRDA:1428,170,0,149
BRDA:1428,170,1,149
BRDA:1429,171,0,0
BRDA:1429,171,1,0
BRDA:1437,172,0,0
BRDA:1437,172,1,149
BRDA:1438,173,0,0
BRDA:1438,173,1,0
BRDA:1449,174,0,0
BRDA:1449,174,1,149
BRDA:1450,175,0,0
BRDA:1450,175,1,0
BRDA:1456,176,0,65
BRDA:1456,176,1,84
BRDA:1456,177,0,149
BRDA:1456,177,1,84
BRDA:1456,177,2,84
BRDA:1457,178,0,65
BRDA:1457,178,1,0
BRDA:1463,179,0,11
BRDA:1463,179,1,0
BRDA:1463,180,0,11
BRDA:1463,180,1,3
BRDA:1464,181,0,9
BRDA:1464,181,1,2
BRDA:1464,182,0,11
BRDA:1464,182,1,10
BRDA:1465,183,0,9
BRDA:1465,183,1,0
BRDA:1465,184,0,9
BRDA:1465,184,1,9
BRDA:1465,184,2,9
BRDA:1465,184,3,9
BRDA:1465,184,4,9
BRDA:1465,184,5,9
BRDA:1465,184,6,9
BRDA:1468,185,0,1
BRDA:1468,185,1,1
BRDA:1469,186,0,1
BRDA:1469,186,1,0
BRDA:1469,187,0,1
BRDA:1469,187,1,1
BRDA:1469,187,2,1
BRDA:1469,187,3,1
BRDA:1504,188,0,28
BRDA:1504,188,1,0
BRDA:1512,189,0,14
BRDA:1512,189,1,0
BRDA:1631,190,0,14
BRDA:1631,190,1,0
BRDA:1642,191,0,76
BRDA:1642,191,1,72
BRDA:1644,192,0,76
BRDA:1644,192,1,0
BRDA:1645,193,0,3
BRDA:1645,193,1,73
BRDA:1682,194,0,164
BRDA:1682,194,1,0
BRDA:1798,195,0,12
BRDA:1798,195,1,0
BRDA:1863,196,0,7
BRDA:1863,196,1,141
BRDA:1863,197,0,148
BRDA:1863,197,1,7
BRDA:1864,198,0,7
BRDA:1864,198,1,0
BRDA:1866,199,0,0
BRDA:1866,199,1,148
BRDA:1866,200,0,148
BRDA:1866,200,1,3
BRDA:1867,201,0,0
BRDA:1867,201,1,0
BRDA:1869,202,0,65
BRDA:1869,202,1,83
BRDA:1869,203,0,148
BRDA:1869,203,1,83
BRDA:1869,203,2,83
BRDA:1870,204,0,65
BRDA:1870,204,1,0
BRDA:1883,205,0,147
BRDA:1883,205,1,0
BRDA:1884,206,0,1
BRDA:1884,206,1,146
BRDA:1912,207,0,147
BRDA:1912,207,1,0
BRDA:1914,208,0,147
BRDA:1914,208,1,0
BRDA:1915,209,0,2
BRDA:1915,209,1,145
BRDA:1915,210,0,147
BRDA:1915,210,1,146
BRDA:1915,210,2,145
BRDA:1941,211,0,1
BRDA:1941,211,1,1
BRDA:1956,212,0,36
BRDA:1956,212,1,0
BRDA:1956,213,0,36
BRDA:1956,213,1,0
BRDA:1967,214,0,147
BRDA:1967,214,1,0
BRDA:1969,215,0,147
BRDA:1969,215,1,0
BRDA:1970,216,0,2
BRDA:1970,216,1,145
BRDA:2040,217,0,1
BRDA:2040,217,1,5
BRDA:2043,218,0,1
BRDA:2043,218,1,1
BRDA:2043,218,2,1
BRDA:2043,218,3,1
BRDA:2043,218,4,1
BRDA:2043,218,5,1
BRDA:2111,219,0,71
BRDA:2111,219,1,75
BRDA:2128,220,0,4
BRDA:2128,220,1,1
BRDA:2131,221,0,2
BRDA:2131,221,1,2
BRDA:2134,222,0,3
BRDA:2134,222,1,1
BRDA:2141,223,0,4
BRDA:2141,223,1,0
BRDA:2154,224,0,82
BRDA:2154,224,1,581
BRDA:2169,225,0,71
BRDA:2169,225,1,0
BRDA:2172,226,0,71
BRDA:2172,226,1,0
BRDA:2183,227,0,71
BRDA:2183,227,1,0
BRDA:2190,228,0,71
BRDA:2190,228,1,0
BRDA:2192,229,0,0
BRDA:2192,229,1,71
BRDA:2235,230,0,1
BRDA:2235,230,1,0
BRDA:2241,231,0,0
BRDA:2241,231,1,1
BRDA:2250,232,0,15
BRDA:2250,232,1,0
BRDA:2262,233,0,15
BRDA:2262,233,1,0
BRDA:2277,234,0,82
BRDA:2277,234,1,0
BRDA:2278,235,0,0
BRDA:2278,235,1,82
BRDA:2280,236,0,7
BRDA:2280,236,1,75
BRDA:2306,237,0,82
BRDA:2306,237,1,0
BRDA:2307,238,0,77
BRDA:2307,238,1,5
BRDA:2308,239,0,77
BRDA:2308,239,1,5
BRDA:2309,240,0,82
BRDA:2309,240,1,0
BRDA:2310,241,0,82
BRDA:2310,241,1,0
BRDA:2311,242,0,82
BRDA:2311,242,1,0
BRDA:2312,243,0,82
BRDA:2312,243,1,0
BRDA:2314,244,0,82
BRDA:2314,244,1,0
BRDA:2317,245,0,0
BRDA:2317,245,1,0
BRDA:2347,246,0,146
BRDA:2347,246,1,0
BRDA:2348,247,0,139
BRDA:2348,247,1,7
BRDA:2351,248,0,0
BRDA:2351,248,1,7
BRDA:2351,249,0,7
BRDA:2351,249,1,0
BRDA:2351,249,2,0
BRDA:2364,250,0,1
BRDA:2364,250,1,0
BRDA:2367,251,0,1
BRDA:2367,251,1,0
BRDA:2371,252,0,0
BRDA:2371,252,1,0
BRDA:2376,253,0,0
BRDA:2376,253,1,0
BRDA:2376,253,2,0
BRDA:2376,253,3,0
BRDA:2376,253,4,0
BRDA:2376,253,5,0
BRDA:2377,254,0,3
BRDA:2377,254,1,0
BRDA:2379,255,0,0
BRDA:2379,255,1,3
BRDA:2394,256,0,6
BRDA:2394,256,1,0
BRDA:2396,257,0,0
BRDA:2396,257,1,0
BRDA:2396,257,2,0
BRDA:2397,258,0,6
BRDA:2397,258,1,0
BRDA:2404,259,0,0
BRDA:2404,259,1,6
BRDA:2412,260,0,3
BRDA:2412,260,1,3
BRDA:2426,261,0,6
BRDA:2426,261,1,6
BRDA:2426,261,2,6
BRDA:2426,261,3,6
BRDA:2426,261,4,6
BRDA:2426,261,5,6
BRDA:2427,262,0,0
BRDA:2427,262,1,6
BRDA:2427,263,0,6
BRDA:2427,263,1,0
BRDA:2436,264,0,3
BRDA:2436,264,1,3
BRDA:2441,265,0,1
BRDA:2441,265,1,5
BRDA:2441,266,0,6
BRDA:2441,266,1,5
BRDA:2442,267,0,1
BRDA:2442,267,1,0
BRDA:2445,268,0,0
BRDA:2445,268,1,5
BRDA:2445,269,0,5
BRDA:2445,269,1,5
BRDA:2453,270,0,0
BRDA:2453,270,1,0
BRDA:2498,271,0,6
BRDA:2498,271,1,0
BRDA:2498,272,0,6
BRDA:2498,272,1,6
BRDA:2498,272,2,6
BRDA:2498,272,3,6
BRDA:2498,272,4,6
BRDA:2498,272,5,6
BRDA:2499,273,0,3
BRDA:2499,273,1,3
BRDA:2502,274,0,0
BRDA:2502,274,1,3
BRDA:2509,275,0,0
BRDA:2509,275,1,0
BRDA:2509,275,2,0
BRDA:2509,275,3,0
BRDA:2509,275,4,0
BRDA:2509,275,5,0
BRDA:2510,276,0,3
BRDA:2510,276,1,0
BRDA:2511,277,0,0
BRDA:2511,277,1,3
BRDA:2512,278,0,0
BRDA:2512,278,1,0
BRDA:2525,279,0,6
BRDA:2525,279,1,0
BRDA:2525,280,0,6
BRDA:2525,280,1,6
BRDA:2525,280,2,6
BRDA:2536,281,0,66
BRDA:2536,281,1,0
BRDA:2540,282,0,21
BRDA:2540,282,1,1
BRDA:2548,283,0,1
BRDA:2548,283,1,1
BRDA:2566,284,0,42
BRDA:2566,284,1,443
BRDA:2566,285,0,485
BRDA:2566,285,1,485
BRDA:2568,286,0,63
BRDA:2568,286,1,63
BRDA:2575,287,0,0
BRDA:2575,287,1,0
BRDA:2575,287,2,0
BRDA:2582,288,0,10
BRDA:2582,288,1,0
BRDA:2582,289,0,10
BRDA:2582,289,1,0
BRDA:2585,290,0,0
BRDA:2585,290,1,0
BRDA:2586,291,0,0
BRDA:2586,291,1,0
BRDA:2587,292,0,0
BRDA:2587,292,1,0
BRDA:2589,293,0,0
BRDA:2589,293,1,0
BRDA:2594,294,0,0
BRDA:2594,294,1,0
BRDA:2600,295,0,0
BRDA:2600,295,1,0
BRDA:2609,296,0,63
BRDA:2609,296,1,0
BRDA:2617,297,0,0
BRDA:2617,297,1,0
BRDA:2618,298,0,0
BRDA:2618,298,1,0
BRDA:2619,299,0,0
BRDA:2619,299,1,0
BRF:752
BRH:491
end_of_record
TN:
SF:srv/server.js
FN:3,(anonymous_0)
FNF:1
FNH:1
FNDA:1,(anonymous_0)
DA:1,1
DA:2,1
DA:3,1
DA:4,1
LF:4
LH:4
BRF:0
BRH:0
end_of_record
