TN:
SF:srv/nonrfid_projection_service.js
FN:10,(anonymous_0)
FN:25,fillMultilevel
FN:46,getMultiLevelValue
FN:61,update_changelog
FN:129,nonrfid_projection_data
FN:163,updateChanges
FN:195,(anonymous_6)
FN:203,(anonymous_7)
FN:217,fetchdata
FN:243,getDropDownArray
FN:295,getuuid
FN:303,compareCMSite
FN:319,chooseFirstDefined
FN:325,(anonymous_13)
FN:349,(anonymous_14)
FN:353,(anonymous_15)
FN:358,(anonymous_16)
FN:379,constructAllowedCMSite
FN:389,(anonymous_18)
FN:391,(anonymous_19)
FN:391,(anonymous_20)
FN:403,restructureDataKeys
FN:451,(anonymous_22)
FN:473,(anonymous_23)
FN:478,(anonymous_24)
FN:495,(anonymous_25)
FN:516,(anonymous_26)
FN:518,(anonymous_27)
FN:518,(anonymous_28)
FN:529,waitFor
FN:530,(anonymous_30)
FN:532,(anonymous_31)
FN:537,fillAllSelectionResultPrefilled
FN:545,massUpdateLengthCheck
FN:553,removeRecordsWithBlankID
FN:555,(anonymous_35)
FN:563,(anonymous_36)
FN:572,generateKeyCollection
FN:579,(anonymous_38)
FN:586,fillMultimap
FN:596,getAllSelection
FN:601,(anonymous_41)
FN:638,prepareCurrRequest
FN:678,nonRFIDProjectionProcessingLoop
FN:687,(anonymous_44)
FN:739,pushToDBandChangelog
FN:744,(anonymous_46)
FN:783,appendAndSendError
FN:799,(anonymous_48)
FN:811,on_NonRFID_Projection_Action
FN:863,before_NonRFID_Projection_Action
FN:878,(anonymous_51)
FN:891,(anonymous_52)
FN:895,constructCMSiteFilterString
FN:925,(anonymous_54)
FN:973,(anonymous_55)
FNF:56
FNH:52
FNDA:1,(anonymous_0)
FNDA:3,fillMultilevel
FNDA:2,getMultiLevelValue
FNDA:2,update_changelog
FNDA:4,nonrfid_projection_data
FNDA:2,updateChanges
FNDA:11,(anonymous_6)
FNDA:11,(anonymous_7)
FNDA:11,fetchdata
FNDA:11,getDropDownArray
FNDA:14,getuuid
FNDA:3,compareCMSite
FNDA:82,chooseFirstDefined
FNDA:1,(anonymous_13)
FNDA:1,(anonymous_14)
FNDA:1,(anonymous_15)
FNDA:1,(anonymous_16)
FNDA:3,constructAllowedCMSite
FNDA:1,(anonymous_18)
FNDA:2,(anonymous_19)
FNDA:0,(anonymous_20)
FNDA:2,restructureDataKeys
FNDA:1,(anonymous_22)
FNDA:1,(anonymous_23)
FNDA:2,(anonymous_24)
FNDA:1,(anonymous_25)
FNDA:1,(anonymous_26)
FNDA:19,(anonymous_27)
FNDA:0,(anonymous_28)
FNDA:2,waitFor
FNDA:21,(anonymous_30)
FNDA:19,(anonymous_31)
FNDA:3,fillAllSelectionResultPrefilled
FNDA:3,massUpdateLengthCheck
FNDA:3,removeRecordsWithBlankID
FNDA:3,(anonymous_35)
FNDA:3,(anonymous_36)
FNDA:3,generateKeyCollection
FNDA:30,(anonymous_38)
FNDA:3,fillMultimap
FNDA:3,getAllSelection
FNDA:2,(anonymous_41)
FNDA:2,prepareCurrRequest
FNDA:3,nonRFIDProjectionProcessingLoop
FNDA:3,(anonymous_44)
FNDA:3,pushToDBandChangelog
FNDA:2,(anonymous_46)
FNDA:3,appendAndSendError
FNDA:1,(anonymous_48)
FNDA:3,on_NonRFID_Projection_Action
FNDA:3,before_NonRFID_Projection_Action
FNDA:0,(anonymous_51)
FNDA:0,(anonymous_52)
FNDA:1,constructCMSiteFilterString
FNDA:1,(anonymous_54)
FNDA:1,(anonymous_55)
DA:1,1
DA:2,1
DA:3,1
DA:4,1
DA:5,1
DA:6,1
DA:10,1
DA:17,1
DA:21,1
DA:22,1
DA:23,1
DA:27,3
DA:28,3
DA:29,3
DA:31,30
DA:33,27
DA:35,27
DA:37,27
DA:41,3
DA:48,2
DA:49,2
DA:50,2
DA:52,20
DA:54,0
DA:56,20
DA:58,2
DA:63,2
DA:64,2
DA:65,2
DA:66,2
DA:67,2
DA:68,2
DA:69,2
DA:70,2
DA:71,2
DA:72,2
DA:73,2
DA:74,2
DA:75,2
DA:76,2
DA:77,2
DA:79,2
DA:81,0
DA:82,0
DA:84,2
DA:86,2
DA:87,2
DA:90,2
DA:92,0
DA:93,0
DA:94,0
DA:95,0
DA:96,0
DA:97,0
DA:98,0
DA:99,0
DA:100,0
DA:101,0
DA:103,2
DA:105,2
DA:106,2
DA:107,2
DA:108,2
DA:109,2
DA:110,2
DA:111,2
DA:112,2
DA:113,2
DA:114,2
DA:116,2
DA:117,2
DA:118,2
DA:131,4
DA:132,4
DA:133,4
DA:134,4
DA:135,4
DA:136,4
DA:137,4
DA:138,4
DA:139,4
DA:140,4
DA:141,4
DA:142,4
DA:143,4
DA:144,4
DA:145,4
DA:146,4
DA:147,4
DA:148,4
DA:149,4
DA:150,4
DA:151,4
DA:152,4
DA:153,4
DA:154,4
DA:155,4
DA:158,0
DA:160,4
DA:165,2
DA:167,2
DA:169,0
DA:170,0
DA:181,2
DA:182,2
DA:195,1
DA:197,11
DA:198,11
DA:203,1
DA:204,11
DA:205,11
DA:206,11
DA:207,11
DA:208,11
DA:210,0
DA:211,0
DA:218,11
DA:219,11
DA:223,11
DA:224,11
DA:225,11
DA:226,11
DA:227,11
DA:228,11
DA:230,11
DA:231,11
DA:232,11
DA:235,0
DA:238,11
DA:245,11
DA:246,11
DA:248,11
DA:251,11
DA:252,11
DA:253,11
DA:254,11
DA:255,11
DA:256,11
DA:259,1
DA:260,1
DA:262,2
DA:263,2
DA:265,1
DA:266,1
DA:268,1
DA:269,1
DA:271,1
DA:272,1
DA:274,1
DA:275,1
DA:277,1
DA:278,1
DA:280,1
DA:281,1
DA:283,1
DA:284,1
DA:286,1
DA:287,1
DA:289,0
DA:290,0
DA:292,11
DA:296,14
DA:305,3
DA:307,0
DA:309,3
DA:311,0
DA:313,3
DA:321,82
DA:325,1
DA:326,1
DA:327,1
DA:330,1
DA:332,1
DA:333,1
DA:334,1
DA:336,1
DA:338,0
DA:339,0
DA:343,1
DA:344,1
DA:346,1
DA:347,1
DA:350,1
DA:351,1
DA:355,1
DA:356,1
DA:357,1
DA:358,1
DA:359,1
DA:361,1
DA:363,1
DA:364,1
DA:365,1
DA:366,1
DA:367,0
DA:371,1
DA:372,1
DA:381,3
DA:382,3
DA:384,6
DA:389,1
DA:390,1
DA:391,2
DA:392,0
DA:393,0
DA:394,0
DA:396,0
DA:405,2
DA:406,2
DA:407,2
DA:408,2
DA:409,2
DA:410,2
DA:411,2
DA:412,2
DA:413,2
DA:414,2
DA:415,2
DA:416,2
DA:417,2
DA:418,2
DA:419,2
DA:420,2
DA:421,2
DA:422,2
DA:423,2
DA:424,2
DA:425,2
DA:426,2
DA:427,2
DA:428,2
DA:429,2
DA:430,2
DA:431,2
DA:432,2
DA:433,2
DA:434,2
DA:435,2
DA:436,2
DA:437,2
DA:438,2
DA:439,2
DA:440,2
DA:441,2
DA:442,2
DA:443,2
DA:444,2
DA:446,20
DA:448,2
DA:451,1
DA:452,1
DA:453,1
DA:456,1
DA:457,1
DA:459,1
DA:460,1
DA:461,1
DA:462,1
DA:463,1
DA:464,0
DA:466,1
DA:467,1
DA:469,1
DA:470,1
DA:471,1
DA:472,1
DA:473,1
DA:475,1
DA:476,1
DA:477,1
DA:478,1
DA:479,2
DA:480,1
DA:481,1
DA:482,1
DA:483,32
DA:484,32
DA:486,5
DA:489,1
DA:494,1
DA:495,1
DA:496,1
DA:498,1
DA:500,1
DA:501,1
DA:502,1
DA:503,1
DA:504,1
DA:508,0
DA:509,0
DA:516,1
DA:517,1
DA:518,19
DA:519,0
DA:520,0
DA:521,0
DA:523,0
DA:530,2
DA:531,21
DA:532,21
DA:534,2
DA:539,3
DA:541,1
DA:547,3
DA:549,0
DA:555,3
DA:556,3
DA:558,0
DA:560,3
DA:562,3
DA:563,3
DA:564,3
DA:566,0
DA:568,3
DA:574,3
DA:575,3
DA:577,3
DA:578,3
DA:579,3
DA:580,30
DA:582,3
DA:588,3
DA:589,3
DA:591,3
DA:598,3
DA:600,2
DA:601,2
DA:602,2
DA:603,2
DA:604,2
DA:606,2
DA:607,2
DA:608,2
DA:609,2
DA:610,2
DA:611,2
DA:612,2
DA:613,2
DA:627,2
DA:628,2
DA:629,2
DA:633,0
DA:640,2
DA:641,2
DA:643,0
DA:644,0
DA:645,0
DA:646,0
DA:648,2
DA:650,0
DA:651,0
DA:655,2
DA:656,2
DA:657,2
DA:658,2
DA:661,2
DA:662,2
DA:663,2
DA:664,2
DA:666,20
DA:668,2
DA:669,2
DA:670,2
DA:671,2
DA:672,2
DA:673,2
DA:674,2
DA:675,2
DA:680,3
DA:681,3
DA:682,3
DA:683,3
DA:685,3
DA:686,3
DA:687,3
DA:689,0
DA:690,0
DA:691,0
DA:692,0
DA:693,0
DA:695,3
DA:697,0
DA:698,0
DA:699,0
DA:700,0
DA:701,0
DA:703,3
DA:704,3
DA:706,1
DA:707,1
DA:708,1
DA:709,1
DA:710,1
DA:712,2
DA:714,2
DA:716,0
DA:717,0
DA:718,0
DA:719,0
DA:720,0
DA:722,2
DA:724,2
DA:726,0
DA:727,0
DA:728,0
DA:729,0
DA:730,0
DA:732,2
DA:733,2
DA:734,2
DA:735,2
DA:741,3
DA:743,2
DA:744,2
DA:745,2
DA:746,2
DA:748,2
DA:749,2
DA:750,2
DA:751,2
DA:753,2
DA:754,2
DA:755,2
DA:757,2
DA:758,2
DA:761,2
DA:762,2
DA:763,2
DA:764,2
DA:765,2
DA:766,2
DA:769,0
DA:770,0
DA:771,0
DA:772,0
DA:774,0
DA:776,0
DA:785,3
DA:786,3
DA:787,3
DA:789,3
DA:790,3
DA:792,1
DA:795,3
DA:797,1
DA:798,1
DA:799,1
DA:800,1
DA:802,0
DA:804,1
DA:806,1
DA:807,1
DA:813,3
DA:814,3
DA:815,3
DA:816,3
DA:817,3
DA:818,3
DA:819,3
DA:820,3
DA:821,3
DA:822,3
DA:823,3
DA:824,3
DA:825,3
DA:826,3
DA:827,3
DA:828,3
DA:829,3
DA:830,3
DA:831,3
DA:832,3
DA:833,3
DA:834,3
DA:835,3
DA:836,3
DA:837,3
DA:838,3
DA:839,3
DA:840,3
DA:841,3
DA:842,3
DA:843,3
DA:844,3
DA:845,3
DA:846,3
DA:847,3
DA:848,3
DA:849,3
DA:850,3
DA:851,3
DA:852,3
DA:853,3
DA:854,3
DA:855,3
DA:856,3
DA:857,3
DA:858,3
DA:859,2
DA:860,2
DA:865,3
DA:867,1
DA:869,3
DA:871,3
DA:872,3
DA:878,1
DA:879,0
DA:881,0
DA:882,0
DA:886,0
DA:887,0
DA:891,1
DA:892,0
DA:897,1
DA:898,1
DA:900,4
DA:901,4
DA:903,4
DA:905,4
DA:907,4
DA:909,0
DA:913,4
DA:916,4
DA:917,4
DA:919,0
DA:921,4
DA:925,1
DA:926,1
DA:927,1
DA:928,1
DA:929,1
DA:930,1
DA:931,1
DA:932,1
DA:933,1
DA:934,1
DA:935,1
DA:938,1
DA:940,0
DA:941,0
DA:943,1
DA:944,1
DA:946,0
DA:947,0
DA:949,1
DA:950,1
DA:952,0
DA:953,0
DA:955,1
DA:956,1
DA:957,1
DA:958,1
DA:959,1
DA:960,1
DA:961,1
DA:962,1
DA:963,1
DA:965,0
DA:967,1
DA:969,0
DA:971,1
DA:972,1
DA:973,1
DA:974,1
DA:975,1
DA:976,1
DA:977,1
DA:979,1
DA:981,1
DA:982,1
DA:983,1
DA:984,1
DA:985,1
DA:986,1
DA:990,0
DA:991,0
LF:576
LH:484
BRDA:31,0,0,27
BRDA:31,0,1,3
BRDA:33,1,0,27
BRDA:33,1,1,0
BRDA:52,2,0,0
BRDA:52,2,1,20
BRDA:65,3,0,0
BRDA:65,3,1,2
BRDA:79,4,0,0
BRDA:79,4,1,2
BRDA:79,5,0,2
BRDA:79,5,1,2
BRDA:84,6,0,2
BRDA:84,6,1,0
BRDA:84,7,0,2
BRDA:84,7,1,2
BRDA:90,8,0,0
BRDA:90,8,1,2
BRDA:103,9,0,2
BRDA:103,9,1,0
BRDA:132,10,0,4
BRDA:132,10,1,0
BRDA:149,11,0,2
BRDA:149,11,1,2
BRDA:167,12,0,0
BRDA:167,12,1,2
BRDA:223,13,0,11
BRDA:223,13,1,0
BRDA:228,14,0,0
BRDA:228,14,1,11
BRDA:230,15,0,11
BRDA:230,15,1,0
BRDA:245,16,0,11
BRDA:245,16,1,0
BRDA:256,17,0,1
BRDA:256,17,1,2
BRDA:256,17,2,1
BRDA:256,17,3,1
BRDA:256,17,4,1
BRDA:256,17,5,1
BRDA:256,17,6,1
BRDA:256,17,7,1
BRDA:256,17,8,1
BRDA:256,17,9,1
BRDA:256,17,10,0
BRDA:305,18,0,0
BRDA:305,18,1,3
BRDA:305,19,0,3
BRDA:305,19,1,0
BRDA:309,20,0,0
BRDA:309,20,1,3
BRDA:309,21,0,3
BRDA:309,21,1,0
BRDA:321,22,0,82
BRDA:321,22,1,70
BRDA:336,23,0,0
BRDA:336,23,1,1
BRDA:382,24,0,9
BRDA:382,24,1,6
BRDA:393,25,0,0
BRDA:393,25,1,0
BRDA:463,26,0,0
BRDA:463,26,1,1
BRDA:476,27,0,0
BRDA:476,27,1,1
BRDA:479,28,0,1
BRDA:479,28,1,1
BRDA:484,29,0,5
BRDA:484,29,1,27
BRDA:520,30,0,0
BRDA:520,30,1,0
BRDA:531,31,0,0
BRDA:531,31,1,21
BRDA:539,32,0,1
BRDA:539,32,1,2
BRDA:547,33,0,0
BRDA:547,33,1,3
BRDA:556,34,0,0
BRDA:556,34,1,3
BRDA:556,35,0,3
BRDA:556,35,1,3
BRDA:564,36,0,0
BRDA:564,36,1,3
BRDA:598,37,0,2
BRDA:598,37,1,1
BRDA:641,38,0,0
BRDA:641,38,1,2
BRDA:641,39,0,2
BRDA:641,39,1,1
BRDA:641,39,2,1
BRDA:648,40,0,0
BRDA:648,40,1,2
BRDA:648,41,0,2
BRDA:648,41,1,0
BRDA:670,42,0,0
BRDA:670,42,1,2
BRDA:673,43,0,2
BRDA:673,43,1,0
BRDA:674,44,0,2
BRDA:674,44,1,0
BRDA:687,45,0,0
BRDA:687,45,1,3
BRDA:695,46,0,0
BRDA:695,46,1,3
BRDA:704,47,0,1
BRDA:704,47,1,2
BRDA:704,48,0,3
BRDA:704,48,1,3
BRDA:704,48,2,3
BRDA:704,49,0,3
BRDA:704,49,1,3
BRDA:714,50,0,0
BRDA:714,50,1,2
BRDA:724,51,0,0
BRDA:724,51,1,2
BRDA:724,52,0,2
BRDA:724,52,1,1
BRDA:724,52,2,1
BRDA:741,53,0,2
BRDA:741,53,1,1
BRDA:751,54,0,2
BRDA:751,54,1,0
BRDA:774,55,0,0
BRDA:774,55,1,0
BRDA:790,56,0,1
BRDA:790,56,1,2
BRDA:795,57,0,1
BRDA:795,57,1,2
BRDA:800,58,0,0
BRDA:800,58,1,1
BRDA:865,59,0,1
BRDA:865,59,1,2
BRDA:869,60,0,3
BRDA:869,60,1,0
BRDA:898,61,0,5
BRDA:898,61,1,4
BRDA:901,62,0,4
BRDA:901,62,1,0
BRDA:905,63,0,4
BRDA:905,63,1,0
BRDA:907,64,0,0
BRDA:907,64,1,4
BRDA:917,65,0,0
BRDA:917,65,1,4
BRDA:938,66,0,0
BRDA:938,66,1,1
BRDA:944,67,0,0
BRDA:944,67,1,1
BRDA:944,68,0,1
BRDA:944,68,1,1
BRDA:944,68,2,1
BRDA:944,69,0,1
BRDA:944,69,1,1
BRDA:950,70,0,0
BRDA:950,70,1,1
BRDA:950,71,0,1
BRDA:950,71,1,1
BRDA:955,72,0,1
BRDA:955,72,1,0
BRDA:963,73,0,0
BRDA:963,73,1,1
BRDA:967,74,0,0
BRDA:967,74,1,1
BRF:163
BRH:109
end_of_record
TN:
SF:srv/server.js
FN:3,(anonymous_0)
FNF:1
FNH:1
FNDA:1,(anonymous_0)
DA:1,1
DA:2,1
DA:3,1
DA:4,1
LF:4
LH:4
BRF:0
BRH:0
end_of_record
