TN:
SF:srv/line_simulation_service.js
FN:5,(anonymous_0)
FN:92,(anonymous_1)
FN:106,(anonymous_2)
FN:119,(anonymous_3)
FN:132,(anonymous_4)
FN:144,(anonymous_5)
FN:159,(anonymous_6)
FN:188,(anonymous_7)
FN:240,(anonymous_8)
FN:315,(anonymous_9)
FN:347,(anonymous_10)
FN:372,(anonymous_11)
FN:380,(anonymous_12)
FN:387,(anonymous_13)
FN:401,(anonymous_14)
FN:415,getDropDownArray
FN:469,fetchdata
FN:495,get_cmsite
FN:497,(anonymous_18)
FN:499,(anonymous_19)
FN:594,getuuid
FN:597,build_filter
FN:600,(anonymous_22)
FN:601,(anonymous_23)
FN:613,build_cm_site_filter
FN:614,(anonymous_25)
FN:622,findResponseIndex
FN:629,findResponseIndexToGHSite
FN:636,findResponseIndexLineId
FN:644,findResponseIndexProgram
FN:651,findResponseIndexToProgram
FNF:31
FNH:30
FNDA:1,(anonymous_0)
FNDA:1,(anonymous_1)
FNDA:10,(anonymous_2)
FNDA:14,(anonymous_3)
FNDA:3,(anonymous_4)
FNDA:2,(anonymous_5)
FNDA:1,(anonymous_6)
FNDA:6,(anonymous_7)
FNDA:179,(anonymous_8)
FNDA:185,(anonymous_9)
FNDA:1,(anonymous_10)
FNDA:1,(anonymous_11)
FNDA:2,(anonymous_12)
FNDA:6,(anonymous_13)
FNDA:6,(anonymous_14)
FNDA:6,getDropDownArray
FNDA:6,fetchdata
FNDA:6,get_cmsite
FNDA:24,(anonymous_18)
FNDA:24,(anonymous_19)
FNDA:6,getuuid
FNDA:6,build_filter
FNDA:24,(anonymous_22)
FNDA:24,(anonymous_23)
FNDA:12,build_cm_site_filter
FNDA:48,(anonymous_25)
FNDA:10,findResponseIndex
FNDA:14,findResponseIndexToGHSite
FNDA:0,findResponseIndexLineId
FNDA:3,findResponseIndexProgram
FNDA:2,findResponseIndexToProgram
DA:2,1
DA:3,1
DA:5,1
DA:16,1
DA:18,1
DA:92,1
DA:93,1
DA:94,1
DA:95,1
DA:96,1
DA:97,1
DA:99,1
DA:100,1
DA:101,1
DA:102,1
DA:103,1
DA:106,10
DA:107,1
DA:108,1
DA:109,1
DA:113,0
DA:117,1
DA:119,14
DA:120,1
DA:121,1
DA:122,1
DA:126,0
DA:130,1
DA:132,3
DA:133,1
DA:134,1
DA:139,0
DA:142,1
DA:144,2
DA:145,1
DA:146,1
DA:151,0
DA:159,1
DA:161,1
DA:163,1
DA:165,1
DA:167,1
DA:169,1
DA:171,1
DA:176,1
DA:183,1
DA:184,1
DA:186,1
DA:188,1
DA:189,6
DA:224,1
DA:225,1
DA:231,1
DA:239,1
DA:240,1
DA:241,179
DA:301,1
DA:303,1
DA:309,1
DA:311,1
DA:315,1
DA:316,185
DA:335,1
DA:336,1
DA:338,0
DA:342,1
DA:343,1
DA:344,1
DA:347,1
DA:351,1
DA:353,1
DA:355,1
DA:356,1
DA:358,1
DA:362,1
DA:364,1
DA:366,1
DA:372,1
DA:373,1
DA:374,1
DA:375,1
DA:376,1
DA:380,1
DA:381,2
DA:382,2
DA:383,2
DA:387,1
DA:388,6
DA:389,6
DA:390,6
DA:391,6
DA:397,6
DA:401,1
DA:404,6
DA:405,6
DA:406,6
DA:407,6
DA:408,5
DA:410,1
DA:411,1
DA:417,6
DA:418,6
DA:419,0
DA:422,6
DA:423,6
DA:424,6
DA:427,6
DA:428,6
DA:431,6
DA:434,1
DA:435,1
DA:437,1
DA:438,1
DA:440,1
DA:441,1
DA:443,1
DA:444,1
DA:446,0
DA:447,0
DA:449,0
DA:450,0
DA:452,0
DA:453,0
DA:455,0
DA:456,0
DA:458,1
DA:459,1
DA:461,1
DA:462,0
DA:464,0
DA:466,5
DA:470,6
DA:471,6
DA:472,6
DA:473,6
DA:476,6
DA:477,6
DA:478,0
DA:479,0
DA:480,0
DA:481,0
DA:482,0
DA:484,6
DA:485,0
DA:486,0
DA:489,6
DA:492,5
DA:496,6
DA:497,24
DA:498,6
DA:499,24
DA:500,6
DA:501,6
DA:502,24
DA:506,6
DA:595,6
DA:600,24
DA:601,24
DA:602,6
DA:603,6
DA:604,6
DA:606,6
DA:607,6
DA:608,6
DA:611,6
DA:614,12
DA:616,48
DA:618,12
DA:623,10
DA:624,1
DA:626,9
DA:630,14
DA:631,1
DA:633,13
DA:637,0
DA:638,0
DA:640,0
DA:645,3
DA:646,1
DA:648,2
DA:652,2
DA:653,1
DA:655,1
LF:183
LH:157
BRDA:107,0,0,1
BRDA:107,0,1,0
BRDA:120,1,0,1
BRDA:120,1,1,0
BRDA:133,2,0,1
BRDA:133,2,1,0
BRDA:145,3,0,1
BRDA:145,3,1,0
BRDA:318,4,0,6
BRDA:318,4,1,179
BRDA:319,5,0,6
BRDA:319,5,1,179
BRDA:322,6,0,116
BRDA:322,6,1,69
BRDA:418,7,0,0
BRDA:418,7,1,6
BRDA:431,8,0,1
BRDA:431,8,1,1
BRDA:431,8,2,1
BRDA:431,8,3,1
BRDA:431,8,4,0
BRDA:431,8,5,0
BRDA:431,8,6,0
BRDA:431,8,7,0
BRDA:431,8,8,1
BRDA:431,8,9,1
BRDA:431,8,10,0
BRDA:477,9,0,0
BRDA:477,9,1,6
BRDA:482,10,0,0
BRDA:482,10,1,0
BRDA:484,11,0,0
BRDA:484,11,1,6
BRDA:498,12,0,6
BRDA:498,12,1,0
BRDA:500,13,0,6
BRDA:500,13,1,0
BRDA:501,14,0,30
BRDA:501,14,1,24
BRDA:602,15,0,6
BRDA:602,15,1,0
BRDA:604,16,0,0
BRDA:604,16,1,6
BRDA:606,17,0,6
BRDA:606,17,1,0
BRDA:608,18,0,0
BRDA:608,18,1,6
BRDA:623,19,0,1
BRDA:623,19,1,9
BRDA:630,20,0,1
BRDA:630,20,1,13
BRDA:637,21,0,0
BRDA:637,21,1,0
BRDA:645,22,0,1
BRDA:645,22,1,2
BRDA:652,23,0,1
BRDA:652,23,1,1
BRF:57
BRH:35
end_of_record
TN:
SF:srv/server.js
FN:3,(anonymous_0)
FNF:1
FNH:1
FNDA:1,(anonymous_0)
DA:1,1
DA:2,1
DA:3,1
DA:4,1
LF:4
LH:4
BRF:0
BRH:0
end_of_record
