TN:
SF:srv/changelog-service.js
FN:38,(anonymous_0)
FN:55,(anonymous_1)
FN:58,(anonymous_2)
FN:99,(anonymous_3)
FN:112,checkAuthorization
FN:123,fetchdata
FN:133,(anonymous_6)
FN:134,(anonymous_7)
FN:152,filter_data
FN:155,(anonymous_9)
FN:168,getDropDownArray
FN:199,(anonymous_11)
FN:218,getTableData
FN:250,(anonymous_13)
FN:267,(anonymous_14)
FN:295,(anonymous_15)
FN:307,(anonymous_16)
FN:331,(anonymous_17)
FN:366,(anonymous_18)
FN:391,(anonymous_19)
FN:443,get_cmsitevalue
FN:445,(anonymous_21)
FN:455,get_cmsite_insert
FN:458,(anonymous_23)
FN:464,(anonymous_24)
FN:470,(anonymous_25)
FN:476,(anonymous_26)
FN:482,(anonymous_27)
FN:488,(anonymous_28)
FN:497,get_cmsite_update
FN:521,get_stringvalue
FN:535,compare
FN:547,(anonymous_32)
FN:549,(anonymous_33)
FN:562,checkifequal
FN:575,getkeyfields_insert
FN:577,(anonymous_36)
FN:591,getkeyfields_update
FN:593,(anonymous_38)
FN:607,(anonymous_39)
FN:615,(anonymous_40)
FN:616,(anonymous_41)
FN:627,filterrecords
FN:630,(anonymous_43)
FN:645,get_cmsite
FN:647,(anonymous_45)
FN:649,(anonymous_46)
FN:659,checkifexists
FN:660,(anonymous_48)
FN:662,(anonymous_49)
FNF:50
FNH:48
FNDA:1,(anonymous_0)
FNDA:3,(anonymous_1)
FNDA:3,(anonymous_2)
FNDA:5,(anonymous_3)
FNDA:5,checkAuthorization
FNDA:5,fetchdata
FNDA:5,(anonymous_6)
FNDA:5,(anonymous_7)
FNDA:5,filter_data
FNDA:0,(anonymous_9)
FNDA:5,getDropDownArray
FNDA:5,(anonymous_11)
FNDA:3,getTableData
FNDA:2,(anonymous_13)
FNDA:2,(anonymous_14)
FNDA:4,(anonymous_15)
FNDA:0,(anonymous_16)
FNDA:2,(anonymous_17)
FNDA:2,(anonymous_18)
FNDA:2,(anonymous_19)
FNDA:3,get_cmsitevalue
FNDA:18,(anonymous_21)
FNDA:6,get_cmsite_insert
FNDA:4,(anonymous_23)
FNDA:4,(anonymous_24)
FNDA:4,(anonymous_25)
FNDA:4,(anonymous_26)
FNDA:4,(anonymous_27)
FNDA:4,(anonymous_28)
FNDA:12,get_cmsite_update
FNDA:12,get_stringvalue
FNDA:6,compare
FNDA:42,(anonymous_32)
FNDA:42,(anonymous_33)
FNDA:42,checkifequal
FNDA:1,getkeyfields_insert
FNDA:1,(anonymous_36)
FNDA:1,getkeyfields_update
FNDA:1,(anonymous_38)
FNDA:2,(anonymous_39)
FNDA:1,(anonymous_40)
FNDA:1,(anonymous_41)
FNDA:1,filterrecords
FNDA:1000,(anonymous_43)
FNDA:7,get_cmsite
FNDA:10,(anonymous_45)
FNDA:4,(anonymous_46)
FNDA:1000,checkifexists
FNDA:3949,(anonymous_48)
FNDA:3932,(anonymous_49)
DA:2,1
DA:3,1
DA:4,1
DA:5,1
DA:38,1
DA:42,1
DA:43,1
DA:44,1
DA:45,1
DA:46,1
DA:47,1
DA:48,1
DA:55,1
DA:56,3
DA:57,3
DA:58,3
DA:59,3
DA:61,3
DA:62,3
DA:63,3
DA:65,3
DA:67,3
DA:68,2
DA:69,0
DA:70,0
DA:72,2
DA:73,2
DA:75,2
DA:77,1
DA:78,1
DA:80,1
DA:81,1
DA:83,0
DA:86,2
DA:87,0
DA:91,0
DA:92,0
DA:99,1
DA:100,5
DA:101,5
DA:102,5
DA:103,5
DA:104,0
DA:105,0
DA:108,0
DA:109,0
DA:113,5
DA:114,5
DA:115,5
DA:118,0
DA:124,5
DA:125,5
DA:126,5
DA:127,5
DA:128,5
DA:129,0
DA:133,5
DA:134,5
DA:135,5
DA:136,0
DA:139,5
DA:140,0
DA:143,5
DA:144,5
DA:148,5
DA:149,5
DA:153,5
DA:154,5
DA:155,0
DA:156,0
DA:157,0
DA:158,0
DA:163,5
DA:165,5
DA:170,5
DA:171,0
DA:173,5
DA:174,5
DA:175,5
DA:176,5
DA:177,5
DA:179,1
DA:180,1
DA:182,1
DA:183,1
DA:185,1
DA:186,1
DA:188,1
DA:189,1
DA:191,1
DA:192,1
DA:194,0
DA:196,5
DA:199,1
DA:200,5
DA:201,5
DA:202,5
DA:203,5
DA:205,0
DA:206,0
DA:219,3
DA:220,3
DA:221,1
DA:224,2
DA:226,2
DA:228,2
DA:229,2
DA:230,2
DA:231,2
DA:232,2
DA:233,2
DA:234,2
DA:235,2
DA:237,2
DA:239,0
DA:240,0
DA:250,1
DA:251,2
DA:252,2
DA:253,2
DA:254,4
DA:255,4
DA:256,4
DA:257,4
DA:258,4
DA:260,2
DA:267,1
DA:268,2
DA:269,2
DA:270,2
DA:271,2
DA:272,2
DA:273,2
DA:274,2
DA:276,0
DA:282,0
DA:283,0
DA:284,0
DA:295,1
DA:296,4
DA:297,4
DA:298,4
DA:299,4
DA:300,4
DA:301,4
DA:303,0
DA:309,0
DA:313,0
DA:314,0
DA:331,1
DA:332,2
DA:333,2
DA:334,0
DA:336,2
DA:337,2
DA:338,2
DA:339,1
DA:340,1
DA:341,0
DA:342,0
DA:344,1
DA:345,1
DA:346,0
DA:347,0
DA:348,0
DA:350,1
DA:351,1
DA:352,0
DA:366,1
DA:367,2
DA:368,2
DA:369,2
DA:370,2
DA:372,2
DA:373,2
DA:375,2
DA:376,2
DA:377,1
DA:380,1
DA:381,1
DA:384,1
DA:388,1
DA:391,1
DA:393,2
DA:394,2
DA:395,2
DA:396,2
DA:397,2
DA:398,2
DA:399,2
DA:401,0
DA:407,2
DA:409,3
DA:410,3
DA:411,3
DA:414,3
DA:416,3
DA:418,3
DA:420,3
DA:422,3
DA:423,3
DA:439,1
DA:440,1
DA:444,3
DA:445,3
DA:446,18
DA:447,6
DA:449,12
DA:452,3
DA:456,6
DA:458,4
DA:459,1
DA:460,0
DA:462,1
DA:464,4
DA:465,1
DA:466,0
DA:468,1
DA:470,4
DA:471,1
DA:472,0
DA:474,1
DA:476,4
DA:477,1
DA:478,0
DA:480,1
DA:482,4
DA:483,1
DA:484,0
DA:486,1
DA:488,4
DA:489,1
DA:490,0
DA:492,1
DA:494,6
DA:498,12
DA:500,2
DA:501,2
DA:503,2
DA:504,2
DA:506,2
DA:507,2
DA:509,2
DA:510,2
DA:512,2
DA:513,2
DA:515,2
DA:516,2
DA:518,12
DA:523,12
DA:525,12
DA:527,12
DA:536,6
DA:537,6
DA:539,6
DA:540,45
DA:541,3
DA:542,0
DA:545,3
DA:546,3
DA:547,42
DA:548,3
DA:549,3
DA:550,42
DA:551,6
DA:554,3
DA:556,42
DA:559,6
DA:563,42
DA:564,0
DA:566,42
DA:567,0
DA:570,42
DA:571,36
DA:573,42
DA:576,1
DA:577,1
DA:579,1
DA:580,4
DA:581,0
DA:583,4
DA:586,1
DA:588,1
DA:592,1
DA:593,1
DA:595,1
DA:596,4
DA:597,3
DA:599,1
DA:602,1
DA:604,1
DA:607,1
DA:608,2
DA:609,2
DA:610,2
DA:611,2
DA:612,2
DA:613,1
DA:615,1
DA:616,1
DA:617,1
DA:618,0
DA:620,1
DA:621,0
DA:628,1
DA:629,1
DA:630,1
DA:631,1000
DA:632,17
DA:635,1
DA:638,0
DA:639,0
DA:642,1
DA:646,7
DA:647,10
DA:648,7
DA:649,4
DA:650,1
DA:651,1
DA:652,4
DA:656,7
DA:660,3949
DA:661,1000
DA:662,3932
DA:663,983
DA:664,983
DA:667,17
LF:327
LH:273
BRDA:68,0,0,0
BRDA:68,0,1,2
BRDA:68,1,0,2
BRDA:68,1,1,2
BRDA:75,2,0,1
BRDA:75,2,1,1
BRDA:75,2,2,0
BRDA:103,3,0,0
BRDA:103,3,1,5
BRDA:115,4,0,0
BRDA:115,4,1,5
BRDA:115,5,0,5
BRDA:115,5,1,5
BRDA:115,5,2,5
BRDA:115,5,3,5
BRDA:115,5,4,5
BRDA:128,6,0,0
BRDA:128,6,1,5
BRDA:135,7,0,0
BRDA:135,7,1,5
BRDA:139,8,0,0
BRDA:139,8,1,5
BRDA:143,9,0,5
BRDA:143,9,1,0
BRDA:143,10,0,5
BRDA:143,10,1,5
BRDA:154,11,0,0
BRDA:154,11,1,5
BRDA:156,12,0,0
BRDA:156,12,1,0
BRDA:157,13,0,0
BRDA:157,13,1,0
BRDA:170,14,0,0
BRDA:170,14,1,5
BRDA:177,15,0,1
BRDA:177,15,1,1
BRDA:177,15,2,1
BRDA:177,15,3,1
BRDA:177,15,4,1
BRDA:177,15,5,0
BRDA:220,16,0,1
BRDA:220,16,1,2
BRDA:220,17,0,3
BRDA:220,17,1,2
BRDA:272,18,0,2
BRDA:272,18,1,0
BRDA:299,19,0,4
BRDA:299,19,1,0
BRDA:333,20,0,0
BRDA:333,20,1,2
BRDA:345,21,0,0
BRDA:345,21,1,1
BRDA:398,22,0,2
BRDA:398,22,1,0
BRDA:407,23,0,4
BRDA:407,23,1,4
BRDA:414,24,0,3
BRDA:414,24,1,0
BRDA:414,25,0,3
BRDA:414,25,1,3
BRDA:414,25,2,3
BRDA:418,26,0,3
BRDA:418,26,1,0
BRDA:418,27,0,3
BRDA:418,27,1,3
BRDA:418,27,2,3
BRDA:446,28,0,6
BRDA:446,28,1,12
BRDA:456,29,0,1
BRDA:456,29,1,1
BRDA:456,29,2,1
BRDA:456,29,3,1
BRDA:456,29,4,1
BRDA:456,29,5,1
BRDA:459,30,0,0
BRDA:459,30,1,1
BRDA:465,31,0,0
BRDA:465,31,1,1
BRDA:471,32,0,0
BRDA:471,32,1,1
BRDA:477,33,0,0
BRDA:477,33,1,1
BRDA:483,34,0,0
BRDA:483,34,1,1
BRDA:489,35,0,0
BRDA:489,35,1,1
BRDA:498,36,0,2
BRDA:498,36,1,2
BRDA:498,36,2,2
BRDA:498,36,3,2
BRDA:498,36,4,2
BRDA:498,36,5,2
BRDA:523,37,0,12
BRDA:523,37,1,0
BRDA:523,38,0,12
BRDA:523,38,1,12
BRDA:523,38,2,12
BRDA:540,39,0,3
BRDA:540,39,1,42
BRDA:540,40,0,45
BRDA:540,40,1,3
BRDA:541,41,0,0
BRDA:541,41,1,3
BRDA:550,42,0,6
BRDA:550,42,1,36
BRDA:563,43,0,0
BRDA:563,43,1,42
BRDA:563,44,0,42
BRDA:563,44,1,42
BRDA:563,44,2,42
BRDA:566,45,0,0
BRDA:566,45,1,42
BRDA:566,46,0,42
BRDA:566,46,1,42
BRDA:566,46,2,42
BRDA:570,47,0,36
BRDA:570,47,1,6
BRDA:580,48,0,0
BRDA:580,48,1,4
BRDA:596,49,0,3
BRDA:596,49,1,1
BRDA:612,50,0,1
BRDA:612,50,1,1
BRDA:617,51,0,0
BRDA:617,51,1,1
BRDA:620,52,0,0
BRDA:620,52,1,1
BRDA:628,53,0,1
BRDA:628,53,1,0
BRDA:631,54,0,17
BRDA:631,54,1,983
BRDA:638,55,0,0
BRDA:638,55,1,0
BRDA:648,56,0,1
BRDA:648,56,1,6
BRDA:650,57,0,1
BRDA:650,57,1,0
BRDA:651,58,0,5
BRDA:651,58,1,4
BRDA:661,59,0,983
BRDA:661,59,1,17
BRDA:663,60,0,983
BRDA:663,60,1,0
BRF:143
BRH:103
end_of_record
TN:
SF:srv/server.js
FN:3,(anonymous_0)
FNF:1
FNH:1
FNDA:1,(anonymous_0)
DA:1,1
DA:2,1
DA:3,1
DA:4,1
LF:4
LH:4
BRF:0
BRH:0
end_of_record
